#
# There is insufficient memory for the Java Runtime Environment to continue.
# Native memory allocation (mmap) failed to map 131072000 bytes for committing reserved memory.
# Possible reasons:
#   The system is out of physical RAM or swap space
#   The process is running with CompressedOops enabled, and the Java Heap may be blocking the growth of the native heap
# Possible solutions:
#   Reduce memory load on the system
#   Increase physical memory or swap space
#   Check if swap backing store is full
#   Decrease Java heap size (-Xmx/-Xms)
#   Decrease number of Java threads
#   Decrease Java thread stack sizes (-Xss)
#   Set larger code cache with -XX:ReservedCodeCacheSize=
#   JVM is running with Unscaled Compressed Oops mode in which the Java heap is
#     placed in the first 4GB address space. The Java Heap base address is the
#     maximum limit for the native heap growth. Please use -XX:HeapBaseMinAddress
#     to set the Java Heap base and to place the Java Heap above 4GB virtual address.
# This output file may be truncated or incomplete.
#
#  Out of Memory Error (os_linux.cpp:2749), pid=19593, tid=0x00007f33e9843700
#
# JRE version: Java(TM) SE Runtime Environment (8.0_211-b12) (build 1.8.0_211-b12)
# Java VM: Java HotSpot(TM) 64-Bit Server VM (25.211-b12 mixed mode linux-amd64 compressed oops)
# Failed to write core dump. Core dumps have been disabled. To enable core dumping, try "ulimit -c unlimited" before starting Java again
#

---------------  T H R E A D  ---------------

Current thread (0x00007f3408081800):  VMThread [stack: 0x00007f33e9744000,0x00007f33e9844000] [id=19606]

Stack: [0x00007f33e9744000,0x00007f33e9844000],  sp=0x00007f33e98423c0,  free space=1016k
Native frames: (J=compiled Java code, j=interpreted, Vv=VM code, C=native code)
V  [libjvm.so+0xad3455]  VMError::report_and_die()+0x2e5
V  [libjvm.so+0x4e0537]  report_vm_out_of_memory(char const*, int, unsigned long, VMErrorType, char const*)+0x67
V  [libjvm.so+0x910320]  os::pd_commit_memory(char*, unsigned long, unsigned long, bool)+0x100
V  [libjvm.so+0x90794f]  os::commit_memory(char*, unsigned long, unsigned long, bool)+0x1f
V  [libjvm.so+0x98c736]  PSVirtualSpace::expand_by(unsigned long)+0x56
V  [libjvm.so+0x98d9c8]  PSYoungGen::resize(unsigned long, unsigned long)+0xd8
V  [libjvm.so+0x98a166]  PSScavenge::invoke_no_policy()+0x1376
V  [libjvm.so+0x982b89]  PSParallelCompact::invoke(bool)+0x49
V  [libjvm.so+0x45cc53]  CollectedHeap::collect_as_vm_thread(GCCause::Cause)+0x153
V  [libjvm.so+0xad44e1]  VM_CollectForMetadataAllocation::doit()+0x161
V  [libjvm.so+0xada1c6]  VM_Operation::evaluate()+0x46
V  [libjvm.so+0xad84fd]  VMThread::evaluate_operation(VM_Operation*) [clone .constprop.44]+0xcd
V  [libjvm.so+0xad8ae3]  VMThread::loop()+0x3a3
V  [libjvm.so+0xad8eb8]  VMThread::run()+0x78
V  [libjvm.so+0x90d952]  java_start(Thread*)+0x102

VM_Operation (0x00007f33e8769cc0): CollectForMetadataAllocation, mode: safepoint, requested by thread 0x00007f34080ca800


---------------  P R O C E S S  ---------------

Java Threads: ( => current thread )
  0x00007f3408775800 JavaThread "process reaper" daemon [_thread_blocked, id=19617, stack(0x00007f33e3fc7000,0x00007f33e4000000)]
  0x00007f34080d5800 JavaThread "Service Thread" daemon [_thread_blocked, id=19614, stack(0x00007f33e856a000,0x00007f33e866b000)]
  0x00007f34080ca800 JavaThread "C1 CompilerThread3" daemon [_thread_blocked, id=19613, stack(0x00007f33e866c000,0x00007f33e876c000)]
  0x00007f34080c8000 JavaThread "C2 CompilerThread2" daemon [_thread_blocked, id=19612, stack(0x00007f33e876d000,0x00007f33e886d000)]
  0x00007f34080c6800 JavaThread "C2 CompilerThread1" daemon [_thread_blocked, id=19611, stack(0x00007f33e886e000,0x00007f33e896e000)]
  0x00007f34080c3800 JavaThread "C2 CompilerThread0" daemon [_thread_in_native, id=19610, stack(0x00007f33e896f000,0x00007f33e8a6f000)]
  0x00007f34080c2000 JavaThread "Signal Dispatcher" daemon [_thread_blocked, id=19609, stack(0x00007f33e8a6f000,0x00007f33e8b70000)]
  0x00007f340808e000 JavaThread "Finalizer" daemon [_thread_blocked, id=19608, stack(0x00007f33e9541000,0x00007f33e9642000)]
  0x00007f340808b800 JavaThread "Reference Handler" daemon [_thread_blocked, id=19607, stack(0x00007f33e9642000,0x00007f33e9743000)]
  0x00007f340800b800 JavaThread "main" [_thread_blocked, id=19597, stack(0x00007f340f25e000,0x00007f340f35e000)]

Other Threads:
=>0x00007f3408081800 VMThread [stack: 0x00007f33e9744000,0x00007f33e9844000] [id=19606]
  0x00007f34080d8000 WatcherThread [stack: 0x00007f33e846a000,0x00007f33e856a000] [id=19615]

VM state:at safepoint (normal execution)

VM Mutex/Monitor currently owned by a thread:  ([mutex/lock_event])
[0x00007f3408007d90] Threads_lock - owner thread: 0x00007f3408081800
[0x00007f3408008290] Heap_lock - owner thread: 0x00007f34080ca800
[0x00007f3408008810] MethodData_lock - owner thread: 0x00007f34080ca800

heap address: 0x0000000084a00000, size: 1974 MB, Compressed Oops mode: 32-bit
Narrow klass base: 0x0000000000000000, Narrow klass shift: 3
Compressed class space size: 1073741824 Address: 0x0000000100000000

Heap:
 PSYoungGen      total 135680K, used 11757K [0x00000000d6e00000, 0x00000000e0100000, 0x0000000100000000)
  eden space 123904K, 0% used [0x00000000d6e00000,0x00000000d6e00000,0x00000000de700000)
  from space 11776K, 99% used [0x00000000de700000,0x00000000df27b680,0x00000000df280000)
  to   space 8704K, 0% used [0x00000000df280000,0x00000000df280000,0x00000000dfb00000)
 ParOldGen       total 84992K, used 16046K [0x0000000084a00000, 0x0000000089d00000, 0x00000000d6e00000)
  object space 84992K, 18% used [0x0000000084a00000,0x00000000859ab898,0x0000000089d00000)
 Metaspace       used 20723K, capacity 21216K, committed 21296K, reserved 1069056K
  class space    used 2430K, capacity 2572K, committed 2608K, reserved 1048576K

Card table byte_map: [0x00007f33f8864000,0x00007f33f8c40000] byte_map_base: 0x00007f33f843f000

Marking Bits: (ParMarkBitMap*) 0x00007f340e70bd80
 Begin Bits: [0x00007f33f0250000, 0x00007f33f2128000)
 End Bits:   [0x00007f33f2128000, 0x00007f33f4000000)

Polling page: 0x00007f340f379000

CodeCache: size=245760Kb used=13856Kb max_used=13856Kb free=231903Kb
 bounds [0x00007f33f9000000, 0x00007f33f9da0000, 0x00007f3408000000]
 total_blobs=4199 nmethods=3824 adapters=288
 compilation: enabled

Compilation events (10 events):
Event: 3,031 Thread 0x00007f34080ca800 nmethod 3833 0x00007f33f9d78dd0 code [0x00007f33f9d78f40, 0x00007f33f9d79148]
Event: 3,031 Thread 0x00007f34080ca800 3836       3       com.sun.tools.javac.comp.MemberEnter::typeAnnotate (24 bytes)
Event: 3,031 Thread 0x00007f34080ca800 nmethod 3836 0x00007f33f9d8dad0 code [0x00007f33f9d8dc60, 0x00007f33f9d8e0e8]
Event: 3,031 Thread 0x00007f34080ca800 3837       3       com.sun.tools.javac.comp.MemberEnter$TypeAnnotate::<init> (26 bytes)
Event: 3,031 Thread 0x00007f34080ca800 nmethod 3837 0x00007f33f9d8e350 code [0x00007f33f9d8e4c0, 0x00007f33f9d8e770]
Event: 3,031 Thread 0x00007f34080ca800 3838       3       com.sun.tools.javac.code.Types$4::visitClassType (99 bytes)
Event: 3,032 Thread 0x00007f34080ca800 nmethod 3838 0x00007f33f9d8e8d0 code [0x00007f33f9d8eb40, 0x00007f33f9d8fa98]
Event: 3,032 Thread 0x00007f34080ca800 3839       1       com.sun.tools.javac.code.Type$MethodType::getTag (4 bytes)
Event: 3,032 Thread 0x00007f34080ca800 nmethod 3839 0x00007f33f9d90010 code [0x00007f33f9d90160, 0x00007f33f9d90270]
Event: 3,032 Thread 0x00007f34080ca800 3834       3       com.sun.tools.javac.code.Scope$CompoundScope::getElementsByName (11 bytes)

GC Heap History (10 events):
Event: 1,068 GC heap after
Heap after GC invocations=2 (full 0):
 PSYoungGen      total 36864K, used 5119K [0x00000000d6e00000, 0x00000000db600000, 0x0000000100000000)
  eden space 31744K, 0% used [0x00000000d6e00000,0x00000000d6e00000,0x00000000d8d00000)
  from space 5120K, 99% used [0x00000000d9200000,0x00000000d96ffc38,0x00000000d9700000)
  to   space 5120K, 0% used [0x00000000d8d00000,0x00000000d8d00000,0x00000000d9200000)
 ParOldGen       total 84992K, used 2300K [0x0000000084a00000, 0x0000000089d00000, 0x00000000d6e00000)
  object space 84992K, 2% used [0x0000000084a00000,0x0000000084c3f138,0x0000000089d00000)
 Metaspace       used 13068K, capacity 13406K, committed 13568K, reserved 1060864K
  class space    used 1605K, capacity 1723K, committed 1792K, reserved 1048576K
}
Event: 1,297 GC heap before
{Heap before GC invocations=3 (full 0):
 PSYoungGen      total 36864K, used 36863K [0x00000000d6e00000, 0x00000000db600000, 0x0000000100000000)
  eden space 31744K, 100% used [0x00000000d6e00000,0x00000000d8d00000,0x00000000d8d00000)
  from space 5120K, 99% used [0x00000000d9200000,0x00000000d96ffc38,0x00000000d9700000)
  to   space 5120K, 0% used [0x00000000d8d00000,0x00000000d8d00000,0x00000000d9200000)
 ParOldGen       total 84992K, used 2300K [0x0000000084a00000, 0x0000000089d00000, 0x00000000d6e00000)
  object space 84992K, 2% used [0x0000000084a00000,0x0000000084c3f138,0x0000000089d00000)
 Metaspace       used 13458K, capacity 13788K, committed 14080K, reserved 1060864K
  class space    used 1628K, capacity 1760K, committed 1792K, reserved 1048576K
Event: 1,302 GC heap after
Heap after GC invocations=3 (full 0):
 PSYoungGen      total 36864K, used 5120K [0x00000000d6e00000, 0x00000000db600000, 0x0000000100000000)
  eden space 31744K, 0% used [0x00000000d6e00000,0x00000000d6e00000,0x00000000d8d00000)
  from space 5120K, 100% used [0x00000000d8d00000,0x00000000d9200000,0x00000000d9200000)
  to   space 5120K, 0% used [0x00000000db100000,0x00000000db100000,0x00000000db600000)
 ParOldGen       total 84992K, used 3399K [0x0000000084a00000, 0x0000000089d00000, 0x00000000d6e00000)
  object space 84992K, 4% used [0x0000000084a00000,0x0000000084d51f00,0x0000000089d00000)
 Metaspace       used 13458K, capacity 13788K, committed 14080K, reserved 1060864K
  class space    used 1628K, capacity 1760K, committed 1792K, reserved 1048576K
}
Event: 1,557 GC heap before
{Heap before GC invocations=4 (full 0):
 PSYoungGen      total 36864K, used 36864K [0x00000000d6e00000, 0x00000000db600000, 0x0000000100000000)
  eden space 31744K, 100% used [0x00000000d6e00000,0x00000000d8d00000,0x00000000d8d00000)
  from space 5120K, 100% used [0x00000000d8d00000,0x00000000d9200000,0x00000000d9200000)
  to   space 5120K, 0% used [0x00000000db100000,0x00000000db100000,0x00000000db600000)
 ParOldGen       total 84992K, used 3399K [0x0000000084a00000, 0x0000000089d00000, 0x00000000d6e00000)
  object space 84992K, 4% used [0x0000000084a00000,0x0000000084d51f00,0x0000000089d00000)
 Metaspace       used 14092K, capacity 14490K, committed 14720K, reserved 1062912K
  class space    used 1697K, capacity 1801K, committed 1920K, reserved 1048576K
Event: 1,563 GC heap after
Heap after GC invocations=4 (full 0):
 PSYoungGen      total 68608K, used 5104K [0x00000000d6e00000, 0x00000000db600000, 0x0000000100000000)
  eden space 63488K, 0% used [0x00000000d6e00000,0x00000000d6e00000,0x00000000dac00000)
  from space 5120K, 99% used [0x00000000db100000,0x00000000db5fc010,0x00000000db600000)
  to   space 5120K, 0% used [0x00000000dac00000,0x00000000dac00000,0x00000000db100000)
 ParOldGen       total 84992K, used 5039K [0x0000000084a00000, 0x0000000089d00000, 0x00000000d6e00000)
  object space 84992K, 5% used [0x0000000084a00000,0x0000000084eebd48,0x0000000089d00000)
 Metaspace       used 14092K, capacity 14490K, committed 14720K, reserved 1062912K
  class space    used 1697K, capacity 1801K, committed 1920K, reserved 1048576K
}
Event: 2,079 GC heap before
{Heap before GC invocations=5 (full 0):
 PSYoungGen      total 68608K, used 68592K [0x00000000d6e00000, 0x00000000db600000, 0x0000000100000000)
  eden space 63488K, 100% used [0x00000000d6e00000,0x00000000dac00000,0x00000000dac00000)
  from space 5120K, 99% used [0x00000000db100000,0x00000000db5fc010,0x00000000db600000)
  to   space 5120K, 0% used [0x00000000dac00000,0x00000000dac00000,0x00000000db100000)
 ParOldGen       total 84992K, used 5039K [0x0000000084a00000, 0x0000000089d00000, 0x00000000d6e00000)
  object space 84992K, 5% used [0x0000000084a00000,0x0000000084eebd48,0x0000000089d00000)
 Metaspace       used 14936K, capacity 15384K, committed 15488K, reserved 1062912K
  class space    used 1759K, capacity 1880K, committed 1920K, reserved 1048576K
Event: 2,095 GC heap after
Heap after GC invocations=5 (full 0):
 PSYoungGen      total 68608K, used 5104K [0x00000000d6e00000, 0x00000000dfb00000, 0x0000000100000000)
  eden space 63488K, 0% used [0x00000000d6e00000,0x00000000d6e00000,0x00000000dac00000)
  from space 5120K, 99% used [0x00000000dac00000,0x00000000db0fc030,0x00000000db100000)
  to   space 8704K, 0% used [0x00000000df280000,0x00000000df280000,0x00000000dfb00000)
 ParOldGen       total 84992K, used 8330K [0x0000000084a00000, 0x0000000089d00000, 0x00000000d6e00000)
  object space 84992K, 9% used [0x0000000084a00000,0x0000000085222958,0x0000000089d00000)
 Metaspace       used 14936K, capacity 15384K, committed 15488K, reserved 1062912K
  class space    used 1759K, capacity 1880K, committed 1920K, reserved 1048576K
}
Event: 2,698 GC heap before
{Heap before GC invocations=6 (full 0):
 PSYoungGen      total 68608K, used 68592K [0x00000000d6e00000, 0x00000000dfb00000, 0x0000000100000000)
  eden space 63488K, 100% used [0x00000000d6e00000,0x00000000dac00000,0x00000000dac00000)
  from space 5120K, 99% used [0x00000000dac00000,0x00000000db0fc030,0x00000000db100000)
  to   space 8704K, 0% used [0x00000000df280000,0x00000000df280000,0x00000000dfb00000)
 ParOldGen       total 84992K, used 8330K [0x0000000084a00000, 0x0000000089d00000, 0x00000000d6e00000)
  object space 84992K, 9% used [0x0000000084a00000,0x0000000085222958,0x0000000089d00000)
 Metaspace       used 19756K, capacity 20320K, committed 20480K, reserved 1067008K
  class space    used 2352K, capacity 2508K, committed 2560K, reserved 1048576K
Event: 2,710 GC heap after
Heap after GC invocations=6 (full 0):
 PSYoungGen      total 132608K, used 8681K [0x00000000d6e00000, 0x00000000e0100000, 0x0000000100000000)
  eden space 123904K, 0% used [0x00000000d6e00000,0x00000000d6e00000,0x00000000de700000)
  from space 8704K, 99% used [0x00000000df280000,0x00000000dfafa7e0,0x00000000dfb00000)
  to   space 11776K, 0% used [0x00000000de700000,0x00000000de700000,0x00000000df280000)
 ParOldGen       total 84992K, used 12335K [0x0000000084a00000, 0x0000000089d00000, 0x00000000d6e00000)
  object space 84992K, 14% used [0x0000000084a00000,0x000000008560bfb8,0x0000000089d00000)
 Metaspace       used 19756K, capacity 20320K, committed 20480K, reserved 1067008K
  class space    used 2352K, capacity 2508K, committed 2560K, reserved 1048576K
}
Event: 3,033 GC heap before
{Heap before GC invocations=7 (full 0):
 PSYoungGen      total 132608K, used 38681K [0x00000000d6e00000, 0x00000000e0100000, 0x0000000100000000)
  eden space 123904K, 24% used [0x00000000d6e00000,0x00000000d8b4bca0,0x00000000de700000)
  from space 8704K, 99% used [0x00000000df280000,0x00000000dfafa7e0,0x00000000dfb00000)
  to   space 11776K, 0% used [0x00000000de700000,0x00000000de700000,0x00000000df280000)
 ParOldGen       total 84992K, used 12335K [0x0000000084a00000, 0x0000000089d00000, 0x00000000d6e00000)
  object space 84992K, 14% used [0x0000000084a00000,0x000000008560bfb8,0x0000000089d00000)
 Metaspace       used 20723K, capacity 21216K, committed 21296K, reserved 1069056K
  class space    used 2430K, capacity 2572K, committed 2608K, reserved 1048576K

Deoptimization events (10 events):
Event: 2,565 Thread 0x00007f340800b800 Uncommon trap: reason=unstable_if action=reinterpret pc=0x00007f33f9316420 method=java.lang.CharacterDataLatin1.isWhitespace(I)Z @ 14
Event: 2,591 Thread 0x00007f340800b800 Uncommon trap: reason=unstable_if action=reinterpret pc=0x00007f33f9b3bb1c method=com.sun.tools.javac.parser.UnicodeReader.scanChar()V @ 37
Event: 2,591 Thread 0x00007f340800b800 Uncommon trap: reason=unstable_if action=reinterpret pc=0x00007f33f9b10e90 method=com.sun.tools.javac.parser.UnicodeReader.scanChar()V @ 37
Event: 2,607 Thread 0x00007f340800b800 Uncommon trap: reason=unstable_if action=reinterpret pc=0x00007f33f9b3bf6c method=com.sun.tools.javac.util.Name$Table.equals([BI[BII)Z @ 22
Event: 2,625 Thread 0x00007f340800b800 Uncommon trap: reason=unstable_if action=reinterpret pc=0x00007f33f9afc9f8 method=java.util.jar.Attributes$Name.isDigit(C)Z @ 3
Event: 3,004 Thread 0x00007f340800b800 Uncommon trap: reason=class_check action=maybe_recompile pc=0x00007f33f9d49278 method=com.sun.tools.javac.util.ListBuffer.next()Ljava/lang/Object; @ 12
Event: 3,004 Thread 0x00007f340800b800 Uncommon trap: reason=class_check action=maybe_recompile pc=0x00007f33f9d49278 method=com.sun.tools.javac.util.ListBuffer.next()Ljava/lang/Object; @ 12
Event: 3,004 Thread 0x00007f340800b800 Uncommon trap: reason=class_check action=maybe_recompile pc=0x00007f33f9d49278 method=com.sun.tools.javac.util.ListBuffer.next()Ljava/lang/Object; @ 12
Event: 3,004 Thread 0x00007f340800b800 Uncommon trap: reason=class_check action=maybe_recompile pc=0x00007f33f9d49278 method=com.sun.tools.javac.util.ListBuffer.next()Ljava/lang/Object; @ 12
Event: 3,014 Thread 0x00007f340800b800 Uncommon trap: reason=unstable_if action=reinterpret pc=0x00007f33f9cde004 method=com.sun.tools.javac.code.Scope.lookup(Lcom/sun/tools/javac/util/Name;Lcom/sun/tools/javac/util/Filter;)Lcom/sun/tools/javac/code/Scope$Entry; @ 54

Classes redefined (0 events):
No events

Internal exceptions (10 events):
Event: 1,036 Thread 0x00007f340800b800 Implicit null exception at 0x00007f33f9312d6f to 0x00007f33f9312dd9
Event: 1,080 Thread 0x00007f340800b800 Implicit null exception at 0x00007f33f94e6b86 to 0x00007f33f94e6ea9
Event: 1,342 Thread 0x00007f340800b800 Implicit null exception at 0x00007f33f9395418 to 0x00007f33f93954a6
Event: 1,393 Thread 0x00007f340800b800 Exception <a 'java/lang/NoClassDefFoundError': org/slf4j/Logger> (0x00000000d772f1f8) thrown at [/HUDSON/workspace/8-2-build-linux-amd64/jdk8u211/12973/hotspot/src/share/vm/oops/constantPool.cpp, line 245]
Event: 1,997 Thread 0x00007f340800b800 Exception <a 'java/lang/NoClassDefFoundError': org/slf4j/Logger> (0x00000000da486f00) thrown at [/HUDSON/workspace/8-2-build-linux-amd64/jdk8u211/12973/hotspot/src/share/vm/oops/constantPool.cpp, line 245]
Event: 2,104 Thread 0x00007f340800b800 Exception <a 'java/lang/NoClassDefFoundError': org/slf4j/Logger> (0x00000000d6ec7828) thrown at [/HUDSON/workspace/8-2-build-linux-amd64/jdk8u211/12973/hotspot/src/share/vm/oops/constantPool.cpp, line 245]
Event: 2,239 Thread 0x00007f340800b800 Exception <a 'java/lang/NoClassDefFoundError': org/slf4j/Logger> (0x00000000d83f95c8) thrown at [/HUDSON/workspace/8-2-build-linux-amd64/jdk8u211/12973/hotspot/src/share/vm/oops/constantPool.cpp, line 245]
Event: 2,295 Thread 0x00007f340800b800 Exception <a 'java/lang/ClassNotFoundException': com/sun/tools/javac/api/JavacTool> (0x00000000d87b0c88) thrown at [/HUDSON/workspace/8-2-build-linux-amd64/jdk8u211/12973/hotspot/src/share/vm/classfile/systemDictionary.cpp, line 210]
Event: 2,691 Thread 0x00007f340800b800 Exception <a 'java/io/FileNotFoundException'> (0x00000000dab34ce8) thrown at [/HUDSON/workspace/8-2-build-linux-amd64/jdk8u211/12973/hotspot/src/share/vm/prims/jni.cpp, line 710]
Event: 2,694 Thread 0x00007f340800b800 Exception <a 'java/io/FileNotFoundException'> (0x00000000dab6a450) thrown at [/HUDSON/workspace/8-2-build-linux-amd64/jdk8u211/12973/hotspot/src/share/vm/prims/jni.cpp, line 710]

Events (10 events):
Event: 3,028 loading class com/sun/tools/javac/comp/DeferredAttr$MethodAnalyzer done
Event: 3,028 loading class com/sun/tools/javac/comp/DeferredAttr$FilterScanner$1
Event: 3,028 loading class com/sun/tools/javac/comp/DeferredAttr$FilterScanner$1 done
Event: 3,029 loading class com/sun/tools/javac/comp/DeferredAttr$DeferredChecker$1
Event: 3,029 loading class com/sun/tools/javac/comp/DeferredAttr$DeferredChecker$1 done
Event: 3,029 loading class com/sun/tools/javac/comp/DeferredAttr$DeferredChecker$3
Event: 3,029 loading class com/sun/tools/javac/comp/DeferredAttr$DeferredChecker$3 done
Event: 3,029 loading class com/sun/tools/javac/comp/DeferredAttr$ArgumentExpressionKind
Event: 3,029 loading class com/sun/tools/javac/comp/DeferredAttr$ArgumentExpressionKind done
Event: 3,032 Executing VM operation: CollectForMetadataAllocation


Dynamic libraries:
00400000-00401000 r-xp 00000000 08:03 427407                             /usr/lib/jvm/jdk1.8.0_211/bin/java
00600000-00601000 r--p 00000000 08:03 427407                             /usr/lib/jvm/jdk1.8.0_211/bin/java
00601000-00602000 rw-p 00001000 08:03 427407                             /usr/lib/jvm/jdk1.8.0_211/bin/java
00de8000-00e09000 rw-p 00000000 00:00 0                                  [heap]
84a00000-89d00000 rw-p 00000000 00:00 0 
89d00000-d6e00000 ---p 00000000 00:00 0 
d6e00000-e0100000 rw-p 00000000 00:00 0 
e7e00000-100000000 ---p 00000000 00:00 0 
100000000-10028c000 rw-p 00000000 00:00 0 
10028c000-140000000 ---p 00000000 00:00 0 
7f3394000000-7f3394021000 rw-p 00000000 00:00 0 
7f3394021000-7f3398000000 ---p 00000000 00:00 0 
7f339c000000-7f339c021000 rw-p 00000000 00:00 0 
7f339c021000-7f33a0000000 ---p 00000000 00:00 0 
7f33a0000000-7f33a0021000 rw-p 00000000 00:00 0 
7f33a0021000-7f33a4000000 ---p 00000000 00:00 0 
7f33a4000000-7f33a5243000 rw-p 00000000 00:00 0 
7f33a5243000-7f33a8000000 ---p 00000000 00:00 0 
7f33a8000000-7f33a9102000 rw-p 00000000 00:00 0 
7f33a9102000-7f33ac000000 ---p 00000000 00:00 0 
7f33ac000000-7f33ad15d000 rw-p 00000000 00:00 0 
7f33ad15d000-7f33b0000000 ---p 00000000 00:00 0 
7f33b0000000-7f33b1ab9000 rw-p 00000000 00:00 0 
7f33b1ab9000-7f33b4000000 ---p 00000000 00:00 0 
7f33b4000000-7f33b4021000 rw-p 00000000 00:00 0 
7f33b4021000-7f33b8000000 ---p 00000000 00:00 0 
7f33b8000000-7f33b8021000 rw-p 00000000 00:00 0 
7f33b8021000-7f33bc000000 ---p 00000000 00:00 0 
7f33bc000000-7f33bc2a3000 rw-p 00000000 00:00 0 
7f33bc2a3000-7f33c0000000 ---p 00000000 00:00 0 
7f33c0000000-7f33c0021000 rw-p 00000000 00:00 0 
7f33c0021000-7f33c4000000 ---p 00000000 00:00 0 
7f33c4000000-7f33c4021000 rw-p 00000000 00:00 0 
7f33c4021000-7f33c8000000 ---p 00000000 00:00 0 
7f33c8000000-7f33c8021000 rw-p 00000000 00:00 0 
7f33c8021000-7f33cc000000 ---p 00000000 00:00 0 
7f33cc000000-7f33cc021000 rw-p 00000000 00:00 0 
7f33cc021000-7f33d0000000 ---p 00000000 00:00 0 
7f33d4000000-7f33d4021000 rw-p 00000000 00:00 0 
7f33d4021000-7f33d8000000 ---p 00000000 00:00 0 
7f33dc000000-7f33dc021000 rw-p 00000000 00:00 0 
7f33dc021000-7f33e0000000 ---p 00000000 00:00 0 
7f33e00e4000-7f33e0124000 rw-p 00000000 00:00 0 
7f33e0124000-7f33e02e4000 ---p 00000000 00:00 0 
7f33e02e4000-7f33e02e7000 r--s 0003b000 08:05 406121                     /home/giorgos/.m2/repository/com/fasterxml/jackson/core/jackson-core/2.7.5/jackson-core-2.7.5.jar
7f33e02e7000-7f33e02ea000 r--s 0000a000 08:05 406119                     /home/giorgos/.m2/repository/com/fasterxml/jackson/core/jackson-annotations/2.7.0/jackson-annotations-2.7.0.jar
7f33e02ea000-7f33e02fc000 r--s 00115000 08:05 147075                     /home/giorgos/.m2/repository/com/fasterxml/jackson/core/jackson-databind/2.7.5/jackson-databind-2.7.5.jar
7f33e02fc000-7f33e0306000 r--s 0005c000 08:05 675083                     /home/giorgos/.m2/repository/javax/servlet/jstl/1.2/jstl-1.2.jar
7f33e0306000-7f33e0308000 r--s 0000b000 08:05 675082                     /home/giorgos/.m2/repository/javax/servlet/jsp/javax.servlet.jsp-api/2.3.1/javax.servlet.jsp-api-2.3.1.jar
7f33e0308000-7f33e030b000 r--s 00015000 08:05 675081                     /home/giorgos/.m2/repository/javax/servlet/javax.servlet-api/3.1.0/javax.servlet-api-3.1.0.jar
7f33e030b000-7f33e030c000 r--s 00009000 08:05 19724                      /home/giorgos/.m2/repository/org/slf4j/slf4j-api/1.7.20/slf4j-api-1.7.20.jar
7f33e030c000-7f33e0316000 r--s 00069000 08:05 591208                     /home/giorgos/.m2/repository/ch/qos/logback/logback-core/1.1.7/logback-core-1.1.7.jar
7f33e0316000-7f33e031d000 r--s 00044000 08:05 591205                     /home/giorgos/.m2/repository/ch/qos/logback/logback-classic/1.1.7/logback-classic-1.1.7.jar
7f33e031d000-7f33e032d000 r--s 0014c000 08:05 147439                     /home/giorgos/.m2/repository/com/google/protobuf/protobuf-java/3.6.1/protobuf-java-3.6.1.jar
7f33e032d000-7f33e0345000 r--s 00218000 08:05 674240                     /home/giorgos/.m2/repository/mysql/mysql-connector-java/8.0.16/mysql-connector-java-8.0.16.jar
7f33e0345000-7f33e0347000 r--s 0000d000 08:05 16260                      /home/giorgos/.m2/repository/com/fasterxml/classmate/1.0.0/classmate-1.0.0.jar
7f33e0347000-7f33e0355000 r--s 0008d000 08:05 405153                     /home/giorgos/.m2/repository/org/hibernate/hibernate-validator/5.1.3.Final/hibernate-validator-5.1.3.Final.jar
7f33e0355000-7f33e0359000 r--s 0000c000 08:05 404217                     /home/giorgos/.m2/repository/javax/validation/validation-api/1.1.0.Final/validation-api-1.1.0.Final.jar
7f33e0359000-7f33e035b000 r--s 00011000 08:05 274493                     /home/giorgos/.m2/repository/org/jboss/jandex/1.1.0.Final/jandex-1.1.0.Final.jar
7f33e035b000-7f33e0360000 r--s 00068000 08:05 15135                      /home/giorgos/.m2/repository/antlr/antlr/2.7.7/antlr-2.7.7.jar
7f33e0360000-7f33e036a000 r--s 000a5000 08:05 143939                     /home/giorgos/.m2/repository/org/javassist/javassist/3.18.1-GA/javassist-3.18.1-GA.jar
7f33e036a000-7f33e036f000 r--s 00017000 08:05 143940                     /home/giorgos/.m2/repository/org/hibernate/javax/persistence/hibernate-jpa-2.1-api/1.0.0.Final/hibernate-jpa-2.1-api-1.0.0.Final.jar
7f33e036f000-7f33e0372000 r--s 00010000 08:05 405053                     /home/giorgos/.m2/repository/org/hibernate/common/hibernate-commons-annotations/4.0.5.Final/hibernate-commons-annotations-4.0.5.Final.jar
7f33e0372000-7f33e0377000 r--s 00048000 08:05 586286                     /home/giorgos/.m2/repository/dom4j/dom4j/1.6.1/dom4j-1.6.1.jar
7f33e0377000-7f33e0378000 r--s 00006000 08:05 403658                     /home/giorgos/.m2/repository/org/jboss/spec/javax/transaction/jboss-transaction-api_1.2_spec/1.0.0.Final/jboss-transaction-api_1.2_spec-1.0.0.Final.jar
7f33e0378000-7f33e0379000 r--s 00002000 08:05 675301                     /home/giorgos/.m2/repository/org/jboss/logging/jboss-logging-annotations/1.2.0.Beta1/jboss-logging-annotations-1.2.0.Beta1.jar
7f33e0379000-7f33e037b000 r--s 0000c000 08:05 675079                     /home/giorgos/.m2/repository/org/jboss/logging/jboss-logging/3.1.3.GA/jboss-logging-3.1.3.GA.jar
7f33e037b000-7f33e03d9000 r--s 004ac000 08:05 406999                     /home/giorgos/.m2/repository/org/hibernate/hibernate-core/4.3.11.Final/hibernate-core-4.3.11.Final.jar
7f33e03d9000-7f33e03dc000 r--s 00012000 08:05 667134                     /home/giorgos/.m2/repository/org/springframework/security/spring-security-acl/4.1.1.RELEASE/spring-security-acl-4.1.1.RELEASE.jar
7f33e03dc000-7f33e03dd000 r--s 00004000 08:05 667130                     /home/giorgos/.m2/repository/org/springframework/security/spring-security-taglibs/4.1.1.RELEASE/spring-security-taglibs-4.1.1.RELEASE.jar
7f33e03dd000-7f33e03e6000 r--s 0007a000 08:05 147073                     /home/giorgos/.m2/repository/org/springframework/security/spring-security-config/4.1.1.RELEASE/spring-security-config-4.1.1.RELEASE.jar
7f33e03e6000-7f33e03f1000 r--s 00051000 08:05 679157                     /home/giorgos/.m2/repository/org/springframework/security/spring-security-core/4.1.1.RELEASE/spring-security-core-4.1.1.RELEASE.jar
7f33e03f1000-7f33e03f3000 r--s 00000000 08:05 144242                     /home/giorgos/.m2/repository/aopalliance/aopalliance/1.0/aopalliance-1.0.jar
7f33e03f3000-7f33e03fd000 r--s 0004e000 08:05 679152                     /home/giorgos/.m2/repository/org/springframework/security/spring-security-web/4.1.1.RELEASE/spring-security-web-4.1.1.RELEASE.jar
7f33e03fd000-7f33e0407000 r--s 00060000 08:05 9288                       /home/giorgos/.m2/repository/org/springframework/spring-jdbc/4.3.24.RELEASE/spring-jdbc-4.3.24.RELEASE.jar
7f33e0407000-7f33e0411000 r--s 0006b000 08:05 147346                     /home/giorgos/.m2/repository/org/springframework/spring-orm/4.3.24.RELEASE/spring-orm-4.3.24.RELEASE.jar
7f33e0411000-7f33e0419000 r--s 0003a000 08:05 9294                       /home/giorgos/.m2/repository/org/springframework/spring-tx/4.3.24.RELEASE/spring-tx-4.3.24.RELEASE.jar
7f33e0419000-7f33e041f000 r--s 0003e000 08:05 679451                     /home/giorgos/.m2/repository/org/springframework/spring-expression/4.3.24.RELEASE/spring-expression-4.3.24.RELEASE.jar
7f33e041f000-7f33e0431000 r--s 000d0000 08:05 277404                     /home/giorgos/.m2/repository/org/springframework/spring-webmvc/4.3.24.RELEASE/spring-webmvc-4.3.24.RELEASE.jar
7f33e0431000-7f33e044b000 r--s 000fe000 08:05 679450                     /home/giorgos/.m2/repository/org/springframework/spring-context/4.3.24.RELEASE/spring-context-4.3.24.RELEASE.jar
7f33e044b000-7f33e0459000 r--s 000ad000 08:05 147341                     /home/giorgos/.m2/repository/org/springframework/spring-beans/4.3.24.RELEASE/spring-beans-4.3.24.RELEASE.jar
7f33e0459000-7f33e0462000 r--s 00054000 08:05 147342                     /home/giorgos/.m2/repository/org/springframework/spring-aop/4.3.24.RELEASE/spring-aop-4.3.24.RELEASE.jar
7f33e0462000-7f33e0474000 r--s 000b9000 08:05 147349                     /home/giorgos/.m2/repository/org/springframework/spring-web/4.3.24.RELEASE/spring-web-4.3.24.RELEASE.jar
7f33e0474000-7f33e0476000 r--s 0000e000 08:05 145033                     /home/giorgos/.m2/repository/commons-logging/commons-logging/1.2/commons-logging-1.2.jar
7f33e0476000-7f33e048d000 r--s 000fe000 08:05 147343                     /home/giorgos/.m2/repository/org/springframework/spring-core/4.3.24.RELEASE/spring-core-4.3.24.RELEASE.jar
7f33e048d000-7f33e068d000 rw-p 00000000 00:00 0 
7f33e068d000-7f33e088d000 rw-p 00000000 00:00 0 
7f33e088d000-7f33e0907000 r--s 010fd000 08:03 427008                     /usr/lib/jvm/jdk1.8.0_211/lib/tools.jar
7f33e0907000-7f33e090a000 r--s 0001b000 08:05 274881                     /home/giorgos/.m2/repository/junit/junit/3.8.2/junit-3.8.2.jar
7f33e090a000-7f33e0918000 r--s 0008f000 08:05 15836                      /home/giorgos/.m2/repository/com/google/collections/google-collections/1.0/google-collections-1.0.jar
7f33e0918000-7f33e0919000 r--s 0000a000 08:05 144862                     /home/giorgos/.m2/repository/commons-logging/commons-logging-api/1.1/commons-logging-api-1.1.jar
7f33e0919000-7f33e0920000 r--s 00051000 08:05 404084                     /home/giorgos/.m2/repository/log4j/log4j/1.2.12/log4j-1.2.12.jar
7f33e0920000-7f33e0924000 r--s 0001d000 08:05 144861                     /home/giorgos/.m2/repository/org/apache/xbean/xbean-reflect/3.4/xbean-reflect-3.4.jar
7f33e0924000-7f33e0925000 r--s 00004000 08:05 274879                     /home/giorgos/.m2/repository/org/codehaus/plexus/plexus-compiler-javac/2.2/plexus-compiler-javac-2.2.jar
7f33e0925000-7f33e0927000 r--s 00000000 08:05 144859                     /home/giorgos/.m2/repository/org/codehaus/plexus/plexus-compiler-manager/2.2/plexus-compiler-manager-2.2.jar
7f33e0927000-7f33e0929000 r--s 00005000 08:05 15831                      /home/giorgos/.m2/repository/org/codehaus/plexus/plexus-compiler-api/2.2/plexus-compiler-api-2.2.jar
7f33e0929000-7f33e092b000 r--s 00002000 08:05 274877                     /home/giorgos/.m2/repository/org/apache/maven/shared/maven-shared-incremental/1.1/maven-shared-incremental-1.1.jar
7f33e092b000-7f33e092d000 r--s 00006000 08:05 15832                      /home/giorgos/.m2/repository/com/google/code/findbugs/jsr305/2.0.1/jsr305-2.0.1.jar
7f33e092d000-7f33e0930000 r--s 00023000 08:05 15830                      /home/giorgos/.m2/repository/org/apache/maven/shared/maven-shared-utils/0.1/maven-shared-utils-0.1.jar
7f33e0930000-7f33e0934000 r--s 00030000 08:05 584124                     /home/giorgos/.m2/repository/org/codehaus/plexus/plexus-utils/1.5.1/plexus-utils-1.5.1.jar
7f33e0934000-7f33e0936000 r--s 00009000 08:05 583649                     /home/giorgos/.m2/repository/org/apache/maven/plugins/maven-compiler-plugin/3.1/maven-compiler-plugin-3.1.jar
7f33e0936000-7f33e0937000 r--s 00001000 08:05 404060                     /home/giorgos/.m2/repository/org/apache/maven/doxia/doxia-sink-api/1.0-alpha-7/doxia-sink-api-1.0-alpha-7.jar
7f33e0937000-7f33e0938000 r--s 00002000 08:05 404059                     /home/giorgos/.m2/repository/org/apache/maven/reporting/maven-reporting-api/2.0.6/maven-reporting-api-2.0.6.jar
7f33e0938000-7f33e093a000 r--s 0000d000 08:05 678102                     /home/giorgos/.m2/repository/org/codehaus/plexus/plexus-interpolation/1.13/plexus-interpolation-1.13.jar
7f33e093a000-7f33e093c000 r--s 00009000 08:05 274835                     /home/giorgos/.m2/repository/org/apache/maven/shared/maven-filtering/1.0/maven-filtering-1.0.jar
7f33e093c000-7f33e093d000 r--s 00001000 08:05 584111                     /home/giorgos/.m2/repository/org/sonatype/plexus/plexus-build-api/0.0.4/plexus-build-api-0.0.4.jar
7f33e093d000-7f33e093f000 r--s 00005000 08:05 583640                     /home/giorgos/.m2/repository/org/apache/maven/plugins/maven-resources-plugin/2.5/maven-resources-plugin-2.5.jar
7f33e093f000-7f33e094d000 r--s 0007f000 08:05 15290                      /home/giorgos/.m2/repository/commons-collections/commons-collections/3.2.1/commons-collections-3.2.1.jar
7f33e094d000-7f33e0952000 r--s 00041000 08:05 144836                     /home/giorgos/.m2/repository/commons-lang/commons-lang/2.6/commons-lang-2.6.jar
7f33e0952000-7f33e0954000 r--s 00006000 08:05 15804                      /home/giorgos/.m2/repository/org/apache/maven/shared/maven-invoker/2.0.11/maven-invoker-2.0.11.jar
7f33e0954000-7f33e0956000 r--s 00006000 08:05 15802                      /home/giorgos/.m2/repository/org/apache/maven/shared/maven-common-artifact-filters/1.4/maven-common-artifact-filters-1.4.jar
7f33e0956000-7f33e0958000 r--s 0000c000 08:05 274828                     /home/giorgos/.m2/repository/org/apache/maven/shared/maven-dependency-tree/2.0/maven-dependency-tree-2.0.jar
7f33e0958000-7f33e095a000 r--s 00000000 08:05 583837                     /home/giorgos/.m2/repository/org/codehaus/plexus/plexus-component-annotations/1.5.5/plexus-component-annotations-1.5.5.jar
7f33e095a000-7f33e095b000 r--s 0000a000 08:05 15801                      /home/giorgos/.m2/repository/asm/asm/3.3.1/asm-3.3.1.jar
7f33e095b000-7f33e095d000 r--s 00005000 08:05 144834                     /home/giorgos/.m2/repository/org/apache/maven/shared/maven-dependency-analyzer/1.3/maven-dependency-analyzer-1.3.jar
7f33e095d000-7f33e0960000 r--s 0000c000 08:05 15797                      /home/giorgos/.m2/repository/org/codehaus/plexus/plexus-io/2.0.6/plexus-io-2.0.6.jar
7f33e0960000-7f33e0963000 r--s 0001b000 08:05 274826                     /home/giorgos/.m2/repository/junit/junit/3.8.1/junit-3.8.1.jar
7f33e0963000-7f33e0965000 r--s 00008000 08:05 144831                     /home/giorgos/.m2/repository/org/apache/maven/shared/maven-shared-io/1.1/maven-shared-io-1.1.jar
7f33e0965000-7f33e0967000 r--s 00008000 08:05 144830                     /home/giorgos/.m2/repository/org/apache/maven/shared/file-management/1.2.1/file-management-1.2.1.jar
7f33e0967000-7f33e096b000 r--s 00035000 08:05 678092                     /home/giorgos/.m2/repository/org/codehaus/plexus/plexus-utils/3.0.9/plexus-utils-3.0.9.jar
7f33e096b000-7f33e0970000 r--s 00029000 08:05 15796                      /home/giorgos/.m2/repository/org/codehaus/plexus/plexus-archiver/2.2/plexus-archiver-2.2.jar
7f33e0970000-7f33e0972000 r--s 00004000 08:05 678090                     /home/giorgos/.m2/repository/org/apache/maven/doxia/doxia-module-xhtml/1.0/doxia-module-xhtml-1.0.jar
7f33e0972000-7f33e0973000 r--s 00006000 08:05 678087                     /home/giorgos/.m2/repository/org/apache/maven/doxia/doxia-module-xdoc/1.0/doxia-module-xdoc-1.0.jar
7f33e0973000-7f33e0974000 r--s 00004000 08:05 678085                     /home/giorgos/.m2/repository/org/apache/maven/doxia/doxia-module-fml/1.0/doxia-module-fml-1.0.jar
7f33e0974000-7f33e0976000 r--s 0000a000 08:05 678084                     /home/giorgos/.m2/repository/org/apache/maven/doxia/doxia-module-apt/1.0/doxia-module-apt-1.0.jar
7f33e0976000-7f33e0977000 r--s 0000b000 08:05 678083                     /home/giorgos/.m2/repository/org/apache/maven/doxia/doxia-decoration-model/1.0/doxia-decoration-model-1.0.jar
7f33e0977000-7f33e097f000 r--s 00058000 08:05 15795                      /home/giorgos/.m2/repository/org/apache/velocity/velocity/1.5/velocity-1.5.jar
7f33e097f000-7f33e0980000 r--s 00001000 08:05 15793                      /home/giorgos/.m2/repository/org/codehaus/plexus/plexus-velocity/1.1.7/plexus-velocity-1.1.7.jar
7f33e0980000-7f33e0981000 r--s 00002000 08:05 15791                      /home/giorgos/.m2/repository/org/codehaus/plexus/plexus-i18n/1.0-beta-7/plexus-i18n-1.0-beta-7.jar
7f33e0981000-7f33e0983000 r--s 0000a000 08:05 583948                     /home/giorgos/.m2/repository/org/apache/maven/doxia/doxia-site-renderer/1.0/doxia-site-renderer-1.0.jar
7f33e0983000-7f33e0988000 r--s 00016000 08:05 404039                     /home/giorgos/.m2/repository/xml-apis/xml-apis/1.0.b2/xml-apis-1.0.b2.jar
7f33e0988000-7f33e098a000 r--s 0000e000 08:05 274822                     /home/giorgos/.m2/repository/oro/oro/2.0.8/oro-2.0.8.jar
7f33e098a000-7f33e098c000 r--s 00008000 08:05 144827                     /home/giorgos/.m2/repository/commons-logging/commons-logging/1.0.4/commons-logging-1.0.4.jar
7f33e098c000-7f33e0990000 r--s 00026000 08:05 274820                     /home/giorgos/.m2/repository/commons-digester/commons-digester/1.6/commons-digester-1.6.jar
7f33e0990000-7f33e0995000 r--s 0002a000 08:05 274819                     /home/giorgos/.m2/repository/commons-beanutils/commons-beanutils/1.7.0/commons-beanutils-1.7.0.jar
7f33e0995000-7f33e0998000 r--s 00014000 08:05 274817                     /home/giorgos/.m2/repository/commons-validator/commons-validator/1.2.0/commons-validator-1.2.0.jar
7f33e0998000-7f33e099b000 r--s 00018000 08:05 144825                     /home/giorgos/.m2/repository/commons-io/commons-io/1.4/commons-io-1.4.jar
7f33e099b000-7f33e099d000 r--s 00009000 08:05 144824                     /home/giorgos/.m2/repository/org/apache/maven/shared/maven-doxia-tools/1.0.2/maven-doxia-tools-1.0.2.jar
7f33e099d000-7f33e0b9d000 rw-p 00000000 00:00 0 
7f33e0b9d000-7f33e0bae000 r-xp 00000000 08:03 529055                     /usr/lib/jvm/jdk1.8.0_211/jre/lib/amd64/libnio.so
7f33e0bae000-7f33e0dad000 ---p 00011000 08:03 529055                     /usr/lib/jvm/jdk1.8.0_211/jre/lib/amd64/libnio.so
7f33e0dad000-7f33e0dae000 r--p 00010000 08:03 529055                     /usr/lib/jvm/jdk1.8.0_211/jre/lib/amd64/libnio.so
7f33e0dae000-7f33e0daf000 rw-p 00011000 08:03 529055                     /usr/lib/jvm/jdk1.8.0_211/jre/lib/amd64/libnio.so
7f33e0daf000-7f33e3db0000 rw-p 00000000 00:00 0 
7f33e3db0000-7f33e3dc6000 r-xp 00000000 08:03 528935                     /usr/lib/jvm/jdk1.8.0_211/jre/lib/amd64/libnet.so
7f33e3dc6000-7f33e3fc5000 ---p 00016000 08:03 528935                     /usr/lib/jvm/jdk1.8.0_211/jre/lib/amd64/libnet.so
7f33e3fc5000-7f33e3fc6000 r--p 00015000 08:03 528935                     /usr/lib/jvm/jdk1.8.0_211/jre/lib/amd64/libnet.so
7f33e3fc6000-7f33e3fc7000 rw-p 00016000 08:03 528935                     /usr/lib/jvm/jdk1.8.0_211/jre/lib/amd64/libnet.so
7f33e3fc7000-7f33e3fca000 ---p 00000000 00:00 0 
7f33e3fca000-7f33e4000000 rw-p 00000000 00:00 0 
7f33e4000000-7f33e4021000 rw-p 00000000 00:00 0 
7f33e4021000-7f33e8000000 ---p 00000000 00:00 0 
7f33e8000000-7f33e8001000 r--s 00002000 08:05 404040                     /home/giorgos/.m2/repository/org/apache/maven/doxia/doxia-sink-api/1.0/doxia-sink-api-1.0.jar
7f33e8001000-7f33e8004000 r--s 0000b000 08:05 584084                     /home/giorgos/.m2/repository/org/apache/maven/doxia/doxia-core/1.0/doxia-core-1.0.jar
7f33e8004000-7f33e8006000 r--s 00004000 08:05 546261                     /home/giorgos/.m2/repository/org/apache/maven/reporting/maven-reporting-impl/2.0.5/maven-reporting-impl-2.0.5.jar
7f33e8006000-7f33e8007000 r--s 00002000 08:05 404037                     /home/giorgos/.m2/repository/org/apache/maven/reporting/maven-reporting-api/3.0/maven-reporting-api-3.0.jar
7f33e8007000-7f33e8009000 r--s 00002000 08:05 15789                      /home/giorgos/.m2/repository/org/codehaus/plexus/plexus-interactivity-api/1.0-alpha-4/plexus-interactivity-api-1.0-alpha-4.jar
7f33e8009000-7f33e800b000 r--s 00006000 08:05 274816                     /home/giorgos/.m2/repository/commons-cli/commons-cli/1.0/commons-cli-1.0.jar
7f33e800b000-7f33e800e000 r--s 00021000 08:05 583656                     /home/giorgos/.m2/repository/org/apache/maven/plugins/maven-dependency-plugin/2.6/maven-dependency-plugin-2.6.jar
7f33e800e000-7f33e8012000 r--s 00033000 08:05 583872                     /home/giorgos/.m2/repository/org/codehaus/plexus/plexus-utils/2.0.5/plexus-utils-2.0.5.jar
7f33e8012000-7f33e8013000 r--s 00005000 08:05 583253                     /home/giorgos/.m2/repository/org/apache/maven/plugins/maven-clean-plugin/2.4.1/maven-clean-plugin-2.4.1.jar
7f33e8013000-7f33e8213000 rw-p 00000000 00:00 0 
7f33e8213000-7f33e8214000 r--p 00000000 00:00 0 
7f33e8214000-7f33e8219000 r--s 000a3000 08:03 427823                     /usr/lib/jvm/jdk1.8.0_211/jre/lib/jsse.jar
7f33e8219000-7f33e8419000 rw-p 00000000 00:00 0 
7f33e8419000-7f33e841b000 r--s 0000d000 08:05 140336                     /home/giorgos/netbeans-8.2/java/maven-nblib/netbeans-eventspy.jar
7f33e841b000-7f33e843a000 r--s 00154000 08:05 140353                     /home/giorgos/netbeans-8.2/java/maven/lib/sisu-guava-0.9.9.jar
7f33e843a000-7f33e8469000 r--s 001c8000 08:05 140324                     /home/giorgos/netbeans-8.2/java/maven/lib/wagon-http-2.10-shaded.jar
7f33e8469000-7f33e846a000 ---p 00000000 00:00 0 
7f33e846a000-7f33e856a000 rw-p 00000000 00:00 0 
7f33e856a000-7f33e856d000 ---p 00000000 00:00 0 
7f33e856d000-7f33e866b000 rw-p 00000000 00:00 0 
7f33e866b000-7f33e866c000 ---p 00000000 00:00 0 
7f33e866c000-7f33e866f000 ---p 00000000 00:00 0 
7f33e866f000-7f33e876c000 rw-p 00000000 00:00 0 
7f33e876c000-7f33e876d000 ---p 00000000 00:00 0 
7f33e876d000-7f33e8770000 ---p 00000000 00:00 0 
7f33e8770000-7f33e886d000 rw-p 00000000 00:00 0 
7f33e886d000-7f33e886e000 ---p 00000000 00:00 0 
7f33e886e000-7f33e8871000 ---p 00000000 00:00 0 
7f33e8871000-7f33e896e000 rw-p 00000000 00:00 0 
7f33e896e000-7f33e896f000 ---p 00000000 00:00 0 
7f33e896f000-7f33e8972000 ---p 00000000 00:00 0 
7f33e8972000-7f33e8a6f000 rw-p 00000000 00:00 0 
7f33e8a6f000-7f33e8a72000 ---p 00000000 00:00 0 
7f33e8a72000-7f33e8b70000 rw-p 00000000 00:00 0 
7f33e8b70000-7f33e9541000 r--p 00000000 08:03 7132                       /usr/lib/locale/locale-archive
7f33e9541000-7f33e9544000 ---p 00000000 00:00 0 
7f33e9544000-7f33e9642000 rw-p 00000000 00:00 0 
7f33e9642000-7f33e9645000 ---p 00000000 00:00 0 
7f33e9645000-7f33e9743000 rw-p 00000000 00:00 0 
7f33e9743000-7f33e9744000 ---p 00000000 00:00 0 
7f33e9744000-7f33ec000000 rw-p 00000000 00:00 0 
7f33ec000000-7f33ec021000 rw-p 00000000 00:00 0 
7f33ec021000-7f33f0000000 ---p 00000000 00:00 0 
7f33f0000000-7f33f01da000 r--s 03d6d000 08:03 427753                     /usr/lib/jvm/jdk1.8.0_211/jre/lib/rt.jar
7f33f01da000-7f33f4000000 rw-p 00000000 00:00 0 
7f33f4000000-7f33f4021000 rw-p 00000000 00:00 0 
7f33f4021000-7f33f8000000 ---p 00000000 00:00 0 
7f33f8000000-7f33f8002000 r--s 00026000 08:05 140345                     /home/giorgos/netbeans-8.2/java/maven/lib/maven-model-3.0.5.jar
7f33f8002000-7f33f8004000 r--s 00006000 08:05 140300                     /home/giorgos/netbeans-8.2/java/maven/lib/aether-connector-wagon-1.13.1.jar
7f33f8004000-7f33f8006000 r--s 0000b000 08:05 140319                     /home/giorgos/netbeans-8.2/java/maven/lib/wagon-provider-api-2.10.jar
7f33f8006000-7f33f800a000 r--s 00021000 08:05 140309                     /home/giorgos/netbeans-8.2/java/maven/lib/maven-model-builder-3.0.5.jar
7f33f800a000-7f33f800c000 r--s 0000b000 08:05 140325                     /home/giorgos/netbeans-8.2/java/maven/lib/maven-plugin-api-3.0.5.jar
7f33f800c000-7f33f800e000 r--s 0000b000 08:05 140330                     /home/giorgos/netbeans-8.2/java/maven/lib/maven-artifact-3.0.5.jar
7f33f800e000-7f33f8010000 r--s 00009000 08:05 140356                     /home/giorgos/netbeans-8.2/java/maven/lib/commons-cli-1.2.jar
7f33f8010000-7f33f8014000 r--s 00013000 08:05 140347                     /home/giorgos/netbeans-8.2/java/maven/lib/aether-api-1.13.1.jar
7f33f8014000-7f33f801a000 r--s 0003f000 08:05 140343                     /home/giorgos/netbeans-8.2/java/maven/lib/maven-compat-3.0.5.jar
7f33f801a000-7f33f805c000 rw-p 00000000 00:00 0 
7f33f805c000-7f33f805d000 ---p 00000000 00:00 0 
7f33f805d000-7f33f815d000 rw-p 00000000 00:00 0 
7f33f815d000-7f33f815e000 ---p 00000000 00:00 0 
7f33f815e000-7f33f825e000 rw-p 00000000 00:00 0 
7f33f825e000-7f33f825f000 ---p 00000000 00:00 0 
7f33f825f000-7f33f835f000 rw-p 00000000 00:00 0 
7f33f835f000-7f33f8360000 ---p 00000000 00:00 0 
7f33f8360000-7f33f8460000 rw-p 00000000 00:00 0 
7f33f8460000-7f33f8461000 ---p 00000000 00:00 0 
7f33f8461000-7f33f8561000 rw-p 00000000 00:00 0 
7f33f8561000-7f33f8562000 ---p 00000000 00:00 0 
7f33f8562000-7f33f8662000 rw-p 00000000 00:00 0 
7f33f8662000-7f33f8663000 ---p 00000000 00:00 0 
7f33f8663000-7f33f8763000 rw-p 00000000 00:00 0 
7f33f8763000-7f33f8764000 ---p 00000000 00:00 0 
7f33f8764000-7f33f888e000 rw-p 00000000 00:00 0 
7f33f888e000-7f33f8af6000 ---p 00000000 00:00 0 
7f33f8af6000-7f33f8b40000 rw-p 00000000 00:00 0 
7f33f8b40000-7f33f8c3f000 ---p 00000000 00:00 0 
7f33f8c3f000-7f33f8c77000 rw-p 00000000 00:00 0 
7f33f8c77000-7f33f9000000 ---p 00000000 00:00 0 
7f33f9000000-7f33f9da0000 rwxp 00000000 00:00 0 
7f33f9da0000-7f3408000000 ---p 00000000 00:00 0 
7f3408000000-7f34091f5000 rw-p 00000000 00:00 0 
7f34091f5000-7f340c000000 ---p 00000000 00:00 0 
7f340c000000-7f340c001000 r--s 0000a000 08:05 140331                     /home/giorgos/netbeans-8.2/java/maven/lib/maven-embedder-3.0.5.jar
7f340c001000-7f340c003000 r--s 0000d000 08:05 140311                     /home/giorgos/netbeans-8.2/java/maven/lib/plexus-interpolation-1.14.jar
7f340c003000-7f340c004000 r--s 00003000 08:05 140348                     /home/giorgos/netbeans-8.2/java/maven/lib/aether-spi-1.13.1.jar
7f340c004000-7f340c006000 r--s 0000a000 08:05 140332                     /home/giorgos/netbeans-8.2/java/maven/lib/maven-settings-3.0.5.jar
7f340c006000-7f340c008000 r--s 00002000 08:05 140346                     /home/giorgos/netbeans-8.2/java/maven/lib/plexus-cipher-1.7.jar
7f340c008000-7f340c00a000 r--s 00006000 08:05 140295                     /home/giorgos/netbeans-8.2/java/maven/lib/maven-repository-metadata-3.0.5.jar
7f340c00a000-7f340c011000 r--s 0003f000 08:05 140326                     /home/giorgos/netbeans-8.2/java/maven/lib/sisu-inject-bean-2.3.0.jar
7f340c011000-7f340c01d000 r--s 0007d000 08:05 140352                     /home/giorgos/netbeans-8.2/java/maven/lib/maven-core-3.0.5.jar
7f340c01d000-7f340c096000 rw-p 00000000 00:00 0 
7f340c096000-7f340c2fe000 ---p 00000000 00:00 0 
7f340c2fe000-7f340c319000 r-xp 00000000 08:03 528981                     /usr/lib/jvm/jdk1.8.0_211/jre/lib/amd64/libzip.so
7f340c319000-7f340c518000 ---p 0001b000 08:03 528981                     /usr/lib/jvm/jdk1.8.0_211/jre/lib/amd64/libzip.so
7f340c518000-7f340c519000 r--p 0001a000 08:03 528981                     /usr/lib/jvm/jdk1.8.0_211/jre/lib/amd64/libzip.so
7f340c519000-7f340c51a000 rw-p 0001b000 08:03 528981                     /usr/lib/jvm/jdk1.8.0_211/jre/lib/amd64/libzip.so
7f340c51a000-7f340c525000 r-xp 00000000 08:03 529911                     /lib/x86_64-linux-gnu/libnss_files-2.27.so
7f340c525000-7f340c724000 ---p 0000b000 08:03 529911                     /lib/x86_64-linux-gnu/libnss_files-2.27.so
7f340c724000-7f340c725000 r--p 0000a000 08:03 529911                     /lib/x86_64-linux-gnu/libnss_files-2.27.so
7f340c725000-7f340c726000 rw-p 0000b000 08:03 529911                     /lib/x86_64-linux-gnu/libnss_files-2.27.so
7f340c726000-7f340c72c000 rw-p 00000000 00:00 0 
7f340c72c000-7f340c743000 r-xp 00000000 08:03 529905                     /lib/x86_64-linux-gnu/libnsl-2.27.so
7f340c743000-7f340c942000 ---p 00017000 08:03 529905                     /lib/x86_64-linux-gnu/libnsl-2.27.so
7f340c942000-7f340c943000 r--p 00016000 08:03 529905                     /lib/x86_64-linux-gnu/libnsl-2.27.so
7f340c943000-7f340c944000 rw-p 00017000 08:03 529905                     /lib/x86_64-linux-gnu/libnsl-2.27.so
7f340c944000-7f340c946000 rw-p 00000000 00:00 0 
7f340c946000-7f340c951000 r-xp 00000000 08:03 529922                     /lib/x86_64-linux-gnu/libnss_nis-2.27.so
7f340c951000-7f340cb50000 ---p 0000b000 08:03 529922                     /lib/x86_64-linux-gnu/libnss_nis-2.27.so
7f340cb50000-7f340cb51000 r--p 0000a000 08:03 529922                     /lib/x86_64-linux-gnu/libnss_nis-2.27.so
7f340cb51000-7f340cb52000 rw-p 0000b000 08:03 529922                     /lib/x86_64-linux-gnu/libnss_nis-2.27.so
7f340cb52000-7f340cb5a000 r-xp 00000000 08:03 529907                     /lib/x86_64-linux-gnu/libnss_compat-2.27.so
7f340cb5a000-7f340cd5a000 ---p 00008000 08:03 529907                     /lib/x86_64-linux-gnu/libnss_compat-2.27.so
7f340cd5a000-7f340cd5b000 r--p 00008000 08:03 529907                     /lib/x86_64-linux-gnu/libnss_compat-2.27.so
7f340cd5b000-7f340cd5c000 rw-p 00009000 08:03 529907                     /lib/x86_64-linux-gnu/libnss_compat-2.27.so
7f340cd5c000-7f340cd88000 r-xp 00000000 08:03 528963                     /usr/lib/jvm/jdk1.8.0_211/jre/lib/amd64/libjava.so
7f340cd88000-7f340cf88000 ---p 0002c000 08:03 528963                     /usr/lib/jvm/jdk1.8.0_211/jre/lib/amd64/libjava.so
7f340cf88000-7f340cf89000 r--p 0002c000 08:03 528963                     /usr/lib/jvm/jdk1.8.0_211/jre/lib/amd64/libjava.so
7f340cf89000-7f340cf8b000 rw-p 0002d000 08:03 528963                     /usr/lib/jvm/jdk1.8.0_211/jre/lib/amd64/libjava.so
7f340cf8b000-7f340cf98000 r-xp 00000000 08:03 528945                     /usr/lib/jvm/jdk1.8.0_211/jre/lib/amd64/libverify.so
7f340cf98000-7f340d197000 ---p 0000d000 08:03 528945                     /usr/lib/jvm/jdk1.8.0_211/jre/lib/amd64/libverify.so
7f340d197000-7f340d199000 r--p 0000c000 08:03 528945                     /usr/lib/jvm/jdk1.8.0_211/jre/lib/amd64/libverify.so
7f340d199000-7f340d19a000 rw-p 0000e000 08:03 528945                     /usr/lib/jvm/jdk1.8.0_211/jre/lib/amd64/libverify.so
7f340d19a000-7f340d1a1000 r-xp 00000000 08:03 529962                     /lib/x86_64-linux-gnu/librt-2.27.so
7f340d1a1000-7f340d3a0000 ---p 00007000 08:03 529962                     /lib/x86_64-linux-gnu/librt-2.27.so
7f340d3a0000-7f340d3a1000 r--p 00006000 08:03 529962                     /lib/x86_64-linux-gnu/librt-2.27.so
7f340d3a1000-7f340d3a2000 rw-p 00007000 08:03 529962                     /lib/x86_64-linux-gnu/librt-2.27.so
7f340d3a2000-7f340d53f000 r-xp 00000000 08:03 529884                     /lib/x86_64-linux-gnu/libm-2.27.so
7f340d53f000-7f340d73e000 ---p 0019d000 08:03 529884                     /lib/x86_64-linux-gnu/libm-2.27.so
7f340d73e000-7f340d73f000 r--p 0019c000 08:03 529884                     /lib/x86_64-linux-gnu/libm-2.27.so
7f340d73f000-7f340d740000 rw-p 0019d000 08:03 529884                     /lib/x86_64-linux-gnu/libm-2.27.so
7f340d740000-7f340e428000 r-xp 00000000 08:03 528977                     /usr/lib/jvm/jdk1.8.0_211/jre/lib/amd64/server/libjvm.so
7f340e428000-7f340e627000 ---p 00ce8000 08:03 528977                     /usr/lib/jvm/jdk1.8.0_211/jre/lib/amd64/server/libjvm.so
7f340e627000-7f340e6bd000 r--p 00ce7000 08:03 528977                     /usr/lib/jvm/jdk1.8.0_211/jre/lib/amd64/server/libjvm.so
7f340e6bd000-7f340e6ee000 rw-p 00d7d000 08:03 528977                     /usr/lib/jvm/jdk1.8.0_211/jre/lib/amd64/server/libjvm.so
7f340e6ee000-7f340e729000 rw-p 00000000 00:00 0 
7f340e729000-7f340e910000 r-xp 00000000 08:03 529821                     /lib/x86_64-linux-gnu/libc-2.27.so
7f340e910000-7f340eb10000 ---p 001e7000 08:03 529821                     /lib/x86_64-linux-gnu/libc-2.27.so
7f340eb10000-7f340eb14000 r--p 001e7000 08:03 529821                     /lib/x86_64-linux-gnu/libc-2.27.so
7f340eb14000-7f340eb16000 rw-p 001eb000 08:03 529821                     /lib/x86_64-linux-gnu/libc-2.27.so
7f340eb16000-7f340eb1a000 rw-p 00000000 00:00 0 
7f340eb1a000-7f340eb1d000 r-xp 00000000 08:03 529844                     /lib/x86_64-linux-gnu/libdl-2.27.so
7f340eb1d000-7f340ed1c000 ---p 00003000 08:03 529844                     /lib/x86_64-linux-gnu/libdl-2.27.so
7f340ed1c000-7f340ed1d000 r--p 00002000 08:03 529844                     /lib/x86_64-linux-gnu/libdl-2.27.so
7f340ed1d000-7f340ed1e000 rw-p 00003000 08:03 529844                     /lib/x86_64-linux-gnu/libdl-2.27.so
7f340ed1e000-7f340ed35000 r-xp 00000000 08:03 427011                     /usr/lib/jvm/jdk1.8.0_211/lib/amd64/jli/libjli.so
7f340ed35000-7f340ef34000 ---p 00017000 08:03 427011                     /usr/lib/jvm/jdk1.8.0_211/lib/amd64/jli/libjli.so
7f340ef34000-7f340ef35000 r--p 00016000 08:03 427011                     /usr/lib/jvm/jdk1.8.0_211/lib/amd64/jli/libjli.so
7f340ef35000-7f340ef36000 rw-p 00017000 08:03 427011                     /usr/lib/jvm/jdk1.8.0_211/lib/amd64/jli/libjli.so
7f340ef36000-7f340ef50000 r-xp 00000000 08:03 529954                     /lib/x86_64-linux-gnu/libpthread-2.27.so
7f340ef50000-7f340f14f000 ---p 0001a000 08:03 529954                     /lib/x86_64-linux-gnu/libpthread-2.27.so
7f340f14f000-7f340f150000 r--p 00019000 08:03 529954                     /lib/x86_64-linux-gnu/libpthread-2.27.so
7f340f150000-7f340f151000 rw-p 0001a000 08:03 529954                     /lib/x86_64-linux-gnu/libpthread-2.27.so
7f340f151000-7f340f155000 rw-p 00000000 00:00 0 
7f340f155000-7f340f17c000 r-xp 00000000 08:03 529793                     /lib/x86_64-linux-gnu/ld-2.27.so
7f340f17c000-7f340f17d000 r--s 00002000 08:05 140327                     /home/giorgos/netbeans-8.2/java/maven/lib/wagon-http-shared-2.10.jar
7f340f17d000-7f340f17f000 r--s 0000c000 08:05 140303                     /home/giorgos/netbeans-8.2/java/maven/lib/maven-aether-provider-3.0.5.jar
7f340f17f000-7f340f182000 r--s 0001d000 08:05 140340                     /home/giorgos/netbeans-8.2/java/maven/lib/aether-impl-1.13.1.jar
7f340f182000-7f340f183000 r--s 00006000 08:05 140310                     /home/giorgos/netbeans-8.2/java/maven/lib/plexus-sec-dispatcher-1.3.jar
7f340f183000-7f340f185000 r--s 00000000 08:05 140292                     /home/giorgos/netbeans-8.2/java/maven/lib/plexus-component-annotations-1.5.5.jar
7f340f185000-7f340f186000 r--s 00002000 08:05 140354                     /home/giorgos/netbeans-8.2/java/maven/lib/wagon-file-2.10.jar
7f340f186000-7f340f18a000 r--s 0001c000 08:05 140342                     /home/giorgos/netbeans-8.2/java/maven/lib/aether-util-1.13.1.jar
7f340f18a000-7f340f192000 r--s 00050000 08:05 140318                     /home/giorgos/netbeans-8.2/java/maven/lib/sisu-guice-3.1.0-no_aop.jar
7f340f192000-7f340f25d000 rw-p 00000000 00:00 0 
7f340f25d000-7f340f25e000 ---p 00000000 00:00 0 
7f340f25e000-7f340f261000 ---p 00000000 00:00 0 
7f340f261000-7f340f360000 rw-p 00000000 00:00 0 
7f340f360000-7f340f367000 r--s 0002b000 08:05 140316                     /home/giorgos/netbeans-8.2/java/maven/lib/sisu-inject-plexus-2.3.0.jar
7f340f367000-7f340f36a000 r--s 00008000 08:05 140301                     /home/giorgos/netbeans-8.2/java/maven/lib/maven-settings-builder-3.0.5.jar
7f340f36a000-7f340f36e000 r--s 00033000 08:05 140339                     /home/giorgos/netbeans-8.2/java/maven/lib/plexus-utils-2.0.6.jar
7f340f36e000-7f340f370000 r--s 0000a000 08:05 140321                     /home/giorgos/netbeans-8.2/java/maven/boot/plexus-classworlds-2.4.jar
7f340f370000-7f340f378000 rw-s 00000000 08:03 9444                       /tmp/hsperfdata_giorgos/19593
7f340f378000-7f340f379000 rw-p 00000000 00:00 0 
7f340f379000-7f340f37a000 ---p 00000000 00:00 0 
7f340f37a000-7f340f37c000 rw-p 00000000 00:00 0 
7f340f37c000-7f340f37d000 r--p 00027000 08:03 529793                     /lib/x86_64-linux-gnu/ld-2.27.so
7f340f37d000-7f340f37e000 rw-p 00028000 08:03 529793                     /lib/x86_64-linux-gnu/ld-2.27.so
7f340f37e000-7f340f37f000 rw-p 00000000 00:00 0 
7fffd7990000-7fffd79b1000 rw-p 00000000 00:00 0                          [stack]
7fffd79ca000-7fffd79cd000 r--p 00000000 00:00 0                          [vvar]
7fffd79cd000-7fffd79cf000 r-xp 00000000 00:00 0                          [vdso]
ffffffffff600000-ffffffffff601000 r-xp 00000000 00:00 0                  [vsyscall]

VM Arguments:
jvm_args: -Dclassworlds.conf=/home/giorgos/netbeans-8.2/java/maven/bin/m2.conf -Dmaven.home=/home/giorgos/netbeans-8.2/java/maven 
java_command: org.codehaus.plexus.classworlds.launcher.Launcher -Dmaven.ext.class.path=/home/giorgos/netbeans-8.2/java/maven-nblib/netbeans-eventspy.jar clean install
java_class_path (initial): /home/giorgos/netbeans-8.2/java/maven/boot/plexus-classworlds-2.4.jar
Launcher Type: SUN_STANDARD

Environment Variables:
JAVA_HOME=/usr/lib/jvm/jdk1.8.0_211
PATH=/home/giorgos/.local/bin:/usr/local/sbin:/usr/local/bin:/usr/sbin:/usr/bin:/sbin:/bin:/usr/games:/usr/local/games:/usr/lib/jvm/jdk1.8.0_211/bin:/usr/lib/jvm/jdk1.8.0_211/db/bin:/usr/lib/jvm/jdk1.8.0_211/jre/bin:/snap/bin
USERNAME=giorgos
LD_LIBRARY_PATH=/usr/lib/jvm/jdk1.8.0_211/jre/lib/amd64:/usr/lib/jvm/jdk1.8.0_211/jre/lib/i386:
SHELL=/bin/bash
DISPLAY=:0

Signal Handlers:
SIGSEGV: [libjvm.so+0xad3d90], sa_mask[0]=11111111011111111101111111111110, sa_flags=SA_RESTART|SA_SIGINFO
SIGBUS: [libjvm.so+0xad3d90], sa_mask[0]=11111111011111111101111111111110, sa_flags=SA_RESTART|SA_SIGINFO
SIGFPE: [libjvm.so+0x90b8b0], sa_mask[0]=11111111011111111101111111111110, sa_flags=SA_RESTART|SA_SIGINFO
SIGPIPE: [libjvm.so+0x90b8b0], sa_mask[0]=11111111011111111101111111111110, sa_flags=SA_RESTART|SA_SIGINFO
SIGXFSZ: [libjvm.so+0x90b8b0], sa_mask[0]=11111111011111111101111111111110, sa_flags=SA_RESTART|SA_SIGINFO
SIGILL: [libjvm.so+0x90b8b0], sa_mask[0]=11111111011111111101111111111110, sa_flags=SA_RESTART|SA_SIGINFO
SIGUSR1: SIG_DFL, sa_mask[0]=00000000000000000000000000000000, sa_flags=none
SIGUSR2: [libjvm.so+0x90b780], sa_mask[0]=00100000000000000000000000000000, sa_flags=SA_RESTART|SA_SIGINFO
SIGHUP: [libjvm.so+0x90bda0], sa_mask[0]=11111111011111111101111111111110, sa_flags=SA_RESTART|SA_SIGINFO
SIGINT: SIG_IGN, sa_mask[0]=00000000000000000000000000000000, sa_flags=none
SIGTERM: [libjvm.so+0x90bda0], sa_mask[0]=11111111011111111101111111111110, sa_flags=SA_RESTART|SA_SIGINFO
SIGQUIT: [libjvm.so+0x90bda0], sa_mask[0]=11111111011111111101111111111110, sa_flags=SA_RESTART|SA_SIGINFO


---------------  S Y S T E M  ---------------

OS:DISTRIB_ID=Ubuntu
DISTRIB_RELEASE=18.04
DISTRIB_CODENAME=bionic
DISTRIB_DESCRIPTION="Ubuntu 18.04.2 LTS"

uname:Linux 4.18.0-25-generic #26~18.04.1-Ubuntu SMP Thu Jun 27 07:28:31 UTC 2019 x86_64
libc:glibc 2.27 NPTL 2.27 
rlimit: STACK 8192k, CORE 0k, NPROC 31394, NOFILE 1048576, AS infinity
load average:1,39 1,09 0,91

/proc/meminfo:
MemTotal:        8082336 kB
MemFree:          122132 kB
MemAvailable:      53884 kB
Buffers:            9636 kB
Cached:           782688 kB
SwapCached:         3116 kB
Active:          6589552 kB
Inactive:         949132 kB
Active(anon):    6543428 kB
Inactive(anon):   908364 kB
Active(file):      46124 kB
Inactive(file):    40768 kB
Unevictable:          80 kB
Mlocked:              80 kB
SwapTotal:       1951740 kB
SwapFree:              0 kB
Dirty:                28 kB
Writeback:            84 kB
AnonPages:       6743520 kB
Mapped:           554688 kB
Shmem:            705628 kB
Slab:             136580 kB
SReclaimable:      54352 kB
SUnreclaim:        82228 kB
KernelStack:       22464 kB
PageTables:       120064 kB
NFS_Unstable:          0 kB
Bounce:                0 kB
WritebackTmp:          0 kB
CommitLimit:     5992908 kB
Committed_AS:   21703208 kB
VmallocTotal:   34359738367 kB
VmallocUsed:           0 kB
VmallocChunk:          0 kB
HardwareCorrupted:     0 kB
AnonHugePages:         0 kB
ShmemHugePages:        0 kB
ShmemPmdMapped:        0 kB
CmaTotal:              0 kB
CmaFree:               0 kB
HugePages_Total:       0
HugePages_Free:        0
HugePages_Rsvd:        0
HugePages_Surp:        0
Hugepagesize:       2048 kB
Hugetlb:               0 kB
DirectMap4k:      398080 kB
DirectMap2M:     7905280 kB
DirectMap1G:     1048576 kB

container (cgroup) information:
container_type: cgroupv1
cpu_cpuset_cpus: 0-7
cpu_memory_nodes: 0
active_processor_count: 8
cpu_quota: -1
cpu_period: 100000
cpu_shares: -1
memory_limit_in_bytes: -1
memory_and_swap_limit_in_bytes: -2
memory_soft_limit_in_bytes: -1
memory_usage_in_bytes: 7718846464
memory_max_usage_in_bytes: 23916544


CPU:total 8 (initial active 8) (4 cores per cpu, 2 threads per core) family 6 model 60 stepping 3, cmov, cx8, fxsr, mmx, sse, sse2, sse3, ssse3, sse4.1, sse4.2, popcnt, avx, avx2, aes, clmul, erms, lzcnt, ht, tsc, tscinvbit, bmi1, bmi2

/proc/cpuinfo:
processor	: 0
vendor_id	: GenuineIntel
cpu family	: 6
model		: 60
model name	: Intel(R) Core(TM) i7-4710HQ CPU @ 2.50GHz
stepping	: 3
microcode	: 0x27
cpu MHz		: 3316.690
cache size	: 6144 KB
physical id	: 0
siblings	: 8
core id		: 0
cpu cores	: 4
apicid		: 0
initial apicid	: 0
fpu		: yes
fpu_exception	: yes
cpuid level	: 13
wp		: yes
flags		: fpu vme de pse tsc msr pae mce cx8 apic sep mtrr pge mca cmov pat pse36 clflush dts acpi mmx fxsr sse sse2 ss ht tm pbe syscall nx pdpe1gb rdtscp lm constant_tsc arch_perfmon pebs bts rep_good nopl xtopology nonstop_tsc cpuid aperfmperf pni pclmulqdq dtes64 monitor ds_cpl vmx est tm2 ssse3 sdbg fma cx16 xtpr pdcm pcid sse4_1 sse4_2 x2apic movbe popcnt tsc_deadline_timer aes xsave avx f16c rdrand lahf_lm abm cpuid_fault epb invpcid_single pti ssbd ibrs ibpb stibp tpr_shadow vnmi flexpriority ept vpid fsgsbase tsc_adjust bmi1 avx2 smep bmi2 erms invpcid xsaveopt dtherm ida arat pln pts md_clear flush_l1d
bugs		: cpu_meltdown spectre_v1 spectre_v2 spec_store_bypass l1tf mds
bogomips	: 4988.58
clflush size	: 64
cache_alignment	: 64
address sizes	: 39 bits physical, 48 bits virtual
power management:

processor	: 1
vendor_id	: GenuineIntel
cpu family	: 6
model		: 60
model name	: Intel(R) Core(TM) i7-4710HQ CPU @ 2.50GHz
stepping	: 3
microcode	: 0x27
cpu MHz		: 3317.765
cache size	: 6144 KB
physical id	: 0
siblings	: 8
core id		: 0
cpu cores	: 4
apicid		: 1
initial apicid	: 1
fpu		: yes
fpu_exception	: yes
cpuid level	: 13
wp		: yes
flags		: fpu vme de pse tsc msr pae mce cx8 apic sep mtrr pge mca cmov pat pse36 clflush dts acpi mmx fxsr sse sse2 ss ht tm pbe syscall nx pdpe1gb rdtscp lm constant_tsc arch_perfmon pebs bts rep_good nopl xtopology nonstop_tsc cpuid aperfmperf pni pclmulqdq dtes64 monitor ds_cpl vmx est tm2 ssse3 sdbg fma cx16 xtpr pdcm pcid sse4_1 sse4_2 x2apic movbe popcnt tsc_deadline_timer aes xsave avx f16c rdrand lahf_lm abm cpuid_fault epb invpcid_single pti ssbd ibrs ibpb stibp tpr_shadow vnmi flexpriority ept vpid fsgsbase tsc_adjust bmi1 avx2 smep bmi2 erms invpcid xsaveopt dtherm ida arat pln pts md_clear flush_l1d
bugs		: cpu_meltdown spectre_v1 spectre_v2 spec_store_bypass l1tf mds
bogomips	: 4988.58
clflush size	: 64
cache_alignment	: 64
address sizes	: 39 bits physical, 48 bits virtual
power management:

processor	: 2
vendor_id	: GenuineIntel
cpu family	: 6
model		: 60
model name	: Intel(R) Core(TM) i7-4710HQ CPU @ 2.50GHz
stepping	: 3
microcode	: 0x27
cpu MHz		: 3316.363
cache size	: 6144 KB
physical id	: 0
siblings	: 8
core id		: 1
cpu cores	: 4
apicid		: 2
initial apicid	: 2
fpu		: yes
fpu_exception	: yes
cpuid level	: 13
wp		: yes
flags		: fpu vme de pse tsc msr pae mce cx8 apic sep mtrr pge mca cmov pat pse36 clflush dts acpi mmx fxsr sse sse2 ss ht tm pbe syscall nx pdpe1gb rdtscp lm constant_tsc arch_perfmon pebs bts rep_good nopl xtopology nonstop_tsc cpuid aperfmperf pni pclmulqdq dtes64 monitor ds_cpl vmx est tm2 ssse3 sdbg fma cx16 xtpr pdcm pcid sse4_1 sse4_2 x2apic movbe popcnt tsc_deadline_timer aes xsave avx f16c rdrand lahf_lm abm cpuid_fault epb invpcid_single pti ssbd ibrs ibpb stibp tpr_shadow vnmi flexpriority ept vpid fsgsbase tsc_adjust bmi1 avx2 smep bmi2 erms invpcid xsaveopt dtherm ida arat pln pts md_clear flush_l1d
bugs		: cpu_meltdown spectre_v1 spectre_v2 spec_store_bypass l1tf mds
bogomips	: 4988.58
clflush size	: 64
cache_alignment	: 64
address sizes	: 39 bits physical, 48 bits virtual
power management:

processor	: 3
vendor_id	: GenuineIntel
cpu family	: 6
model		: 60
model name	: Intel(R) Core(TM) i7-4710HQ CPU @ 2.50GHz
stepping	: 3
microcode	: 0x27
cpu MHz		: 3306.033
cache size	: 6144 KB
physical id	: 0
siblings	: 8
core id		: 1
cpu cores	: 4
apicid		: 3
initial apicid	: 3
fpu		: yes
fpu_exception	: yes
cpuid level	: 13
wp		: yes
flags		: fpu vme de pse tsc msr pae mce cx8 apic sep mtrr pge mca cmov pat pse36 clflush dts acpi mmx fxsr sse sse2 ss ht tm pbe syscall nx pdpe1gb rdtscp lm constant_tsc arch_perfmon pebs bts rep_good nopl xtopology nonstop_tsc cpuid aperfmperf pni pclmulqdq dtes64 monitor ds_cpl vmx est tm2 ssse3 sdbg fma cx16 xtpr pdcm pcid sse4_1 sse4_2 x2apic movbe popcnt tsc_deadline_timer aes xsave avx f16c rdrand lahf_lm abm cpuid_fault epb invpcid_single pti ssbd ibrs ibpb stibp tpr_shadow vnmi flexpriority ept vpid fsgsbase tsc_adjust bmi1 avx2 smep bmi2 erms invpcid xsaveopt dtherm ida arat pln pts md_clear flush_l1d
bugs		: cpu_meltdown spectre_v1 spectre_v2 spec_store_bypass l1tf mds
bogomips	: 4988.58
clflush size	: 64
cache_alignment	: 64
address sizes	: 39 bits physical, 48 bits virtual
power management:

processor	: 4
vendor_id	: GenuineIntel
cpu family	: 6
model		: 60
model name	: Intel(R) Core(TM) i7-4710HQ CPU @ 2.50GHz
stepping	: 3
microcode	: 0x27
cpu MHz		: 3292.467
cache size	: 6144 KB
physical id	: 0
siblings	: 8
core id		: 2
cpu cores	: 4
apicid		: 4
initial apicid	: 4
fpu		: yes
fpu_exception	: yes
cpuid level	: 13
wp		: yes
flags		: fpu vme de pse tsc msr pae mce cx8 apic sep mtrr pge mca cmov pat pse36 clflush dts acpi mmx fxsr sse sse2 ss ht tm pbe syscall nx pdpe1gb rdtscp lm constant_tsc arch_perfmon pebs bts rep_good nopl xtopology nonstop_tsc cpuid aperfmperf pni pclmulqdq dtes64 monitor ds_cpl vmx est tm2 ssse3 sdbg fma cx16 xtpr pdcm pcid sse4_1 sse4_2 x2apic movbe popcnt tsc_deadline_timer aes xsave avx f16c rdrand lahf_lm abm cpuid_fault epb invpcid_single pti ssbd ibrs ibpb stibp tpr_shadow vnmi flexpriority ept vpid fsgsbase tsc_adjust bmi1 avx2 smep bmi2 erms invpcid xsaveopt dtherm ida arat pln pts md_clear flush_l1d
bugs		: cpu_meltdown spectre_v1 spectre_v2 spec_store_bypass l1tf mds
bogomips	: 4988.58
clflush size	: 64
cache_alignment	: 64
address sizes	: 39 bits physical, 48 bits virtual
power management:

processor	: 5
vendor_id	: GenuineIntel
cpu family	: 6
model		: 60
model name	: Intel(R) Core(TM) i7-4710HQ CPU @ 2.50GHz
stepping	: 3
microcode	: 0x27
cpu MHz		: 3292.479
cache size	: 6144 KB
physical id	: 0
siblings	: 8
core id		: 2
cpu cores	: 4
apicid		: 5
initial apicid	: 5
fpu		: yes
fpu_exception	: yes
cpuid level	: 13
wp		: yes
flags		: fpu vme de pse tsc msr pae mce cx8 apic sep mtrr pge mca cmov pat pse36 clflush dts acpi mmx fxsr sse sse2 ss ht tm pbe syscall nx pdpe1gb rdtscp lm constant_tsc arch_perfmon pebs bts rep_good nopl xtopology nonstop_tsc cpuid aperfmperf pni pclmulqdq dtes64 monitor ds_cpl vmx est tm2 ssse3 sdbg fma cx16 xtpr pdcm pcid sse4_1 sse4_2 x2apic movbe popcnt tsc_deadline_timer aes xsave avx f16c rdrand lahf_lm abm cpuid_fault epb invpcid_single pti ssbd ibrs ibpb stibp tpr_shadow vnmi flexpriority ept vpid fsgsbase tsc_adjust bmi1 avx2 smep bmi2 erms invpcid xsaveopt dtherm ida arat pln pts md_clear flush_l1d
bugs		: cpu_meltdown spectre_v1 spectre_v2 spec_store_bypass l1tf mds
bogomips	: 4988.58
clflush size	: 64
cache_alignment	: 64
address sizes	: 39 bits physical, 48 bits virtual
power management:

processor	: 6
vendor_id	: GenuineIntel
cpu family	: 6
model		: 60
model name	: Intel(R) Core(TM) i7-4710HQ CPU @ 2.50GHz
stepping	: 3
microcode	: 0x27
cpu MHz		: 3292.467
cache size	: 6144 KB
physical id	: 0
siblings	: 8
core id		: 3
cpu cores	: 4
apicid		: 6
initial apicid	: 6
fpu		: yes
fpu_exception	: yes
cpuid level	: 13
wp		: yes
flags		: fpu vme de pse tsc msr pae mce cx8 apic sep mtrr pge mca cmov pat pse36 clflush dts acpi mmx fxsr sse sse2 ss ht tm pbe syscall nx pdpe1gb rdtscp lm constant_tsc arch_perfmon pebs bts rep_good nopl xtopology nonstop_tsc cpuid aperfmperf pni pclmulqdq dtes64 monitor ds_cpl vmx est tm2 ssse3 sdbg fma cx16 xtpr pdcm pcid sse4_1 sse4_2 x2apic movbe popcnt tsc_deadline_timer aes xsave avx f16c rdrand lahf_lm abm cpuid_fault epb invpcid_single pti ssbd ibrs ibpb stibp tpr_shadow vnmi flexpriority ept vpid fsgsbase tsc_adjust bmi1 avx2 smep bmi2 erms invpcid xsaveopt dtherm ida arat pln pts md_clear flush_l1d
bugs		: cpu_meltdown spectre_v1 spectre_v2 spec_store_bypass l1tf mds
bogomips	: 4988.58
clflush size	: 64
cache_alignment	: 64
address sizes	: 39 bits physical, 48 bits virtual
power management:

processor	: 7
vendor_id	: GenuineIntel
cpu family	: 6
model		: 60
model name	: Intel(R) Core(TM) i7-4710HQ CPU @ 2.50GHz
stepping	: 3
microcode	: 0x27
cpu MHz		: 3292.468
cache size	: 6144 KB
physical id	: 0
siblings	: 8
core id		: 3
cpu cores	: 4
apicid		: 7
initial apicid	: 7
fpu		: yes
fpu_exception	: yes
cpuid level	: 13
wp		: yes
flags		: fpu vme de pse tsc msr pae mce cx8 apic sep mtrr pge mca cmov pat pse36 clflush dts acpi mmx fxsr sse sse2 ss ht tm pbe syscall nx pdpe1gb rdtscp lm constant_tsc arch_perfmon pebs bts rep_good nopl xtopology nonstop_tsc cpuid aperfmperf pni pclmulqdq dtes64 monitor ds_cpl vmx est tm2 ssse3 sdbg fma cx16 xtpr pdcm pcid sse4_1 sse4_2 x2apic movbe popcnt tsc_deadline_timer aes xsave avx f16c rdrand lahf_lm abm cpuid_fault epb invpcid_single pti ssbd ibrs ibpb stibp tpr_shadow vnmi flexpriority ept vpid fsgsbase tsc_adjust bmi1 avx2 smep bmi2 erms invpcid xsaveopt dtherm ida arat pln pts md_clear flush_l1d
bugs		: cpu_meltdown spectre_v1 spectre_v2 spec_store_bypass l1tf mds
bogomips	: 4988.58
clflush size	: 64
cache_alignment	: 64
address sizes	: 39 bits physical, 48 bits virtual
power management:



Memory: 4k page, physical 8082336k(127952k free), swap 1951740k(36k free)

vm_info: Java HotSpot(TM) 64-Bit Server VM (25.211-b12) for linux-amd64 JRE (1.8.0_211-b12), built on Apr  1 2019 20:39:34 by "java_re" with gcc 7.3.0

time: Sun Jul 28 15:44:50 2019
timezone: EEST
elapsed time: 3 seconds (0d 0h 0m 3s)

