#
# There is insufficient memory for the Java Runtime Environment to continue.
# Native memory allocation (mmap) failed to map 125829120 bytes for committing reserved memory.
# Possible reasons:
#   The system is out of physical RAM or swap space
#   The process is running with CompressedOops enabled, and the Java Heap may be blocking the growth of the native heap
# Possible solutions:
#   Reduce memory load on the system
#   Increase physical memory or swap space
#   Check if swap backing store is full
#   Decrease Java heap size (-Xmx/-Xms)
#   Decrease number of Java threads
#   Decrease Java thread stack sizes (-Xss)
#   Set larger code cache with -XX:ReservedCodeCacheSize=
#   JVM is running with Unscaled Compressed Oops mode in which the Java heap is
#     placed in the first 4GB address space. The Java Heap base address is the
#     maximum limit for the native heap growth. Please use -XX:HeapBaseMinAddress
#     to set the Java Heap base and to place the Java Heap above 4GB virtual address.
# This output file may be truncated or incomplete.
#
#  Out of Memory Error (os_linux.cpp:2749), pid=4603, tid=0x00007f781434d700
#
# JRE version: Java(TM) SE Runtime Environment (8.0_211-b12) (build 1.8.0_211-b12)
# Java VM: Java HotSpot(TM) 64-Bit Server VM (25.211-b12 mixed mode linux-amd64 compressed oops)
# Failed to write core dump. Core dumps have been disabled. To enable core dumping, try "ulimit -c unlimited" before starting Java again
#

---------------  T H R E A D  ---------------

Current thread (0x00007f7828081800):  VMThread [stack: 0x00007f781424e000,0x00007f781434e000] [id=4616]

Stack: [0x00007f781424e000,0x00007f781434e000],  sp=0x00007f781434c3c0,  free space=1016k
Native frames: (J=compiled Java code, j=interpreted, Vv=VM code, C=native code)
V  [libjvm.so+0xad3455]  VMError::report_and_die()+0x2e5
V  [libjvm.so+0x4e0537]  report_vm_out_of_memory(char const*, int, unsigned long, VMErrorType, char const*)+0x67
V  [libjvm.so+0x910320]  os::pd_commit_memory(char*, unsigned long, unsigned long, bool)+0x100
V  [libjvm.so+0x90794f]  os::commit_memory(char*, unsigned long, unsigned long, bool)+0x1f
V  [libjvm.so+0x98c736]  PSVirtualSpace::expand_by(unsigned long)+0x56
V  [libjvm.so+0x98d9c8]  PSYoungGen::resize(unsigned long, unsigned long)+0xd8
V  [libjvm.so+0x98a166]  PSScavenge::invoke_no_policy()+0x1376
V  [libjvm.so+0x982b89]  PSParallelCompact::invoke(bool)+0x49
V  [libjvm.so+0x45cc53]  CollectedHeap::collect_as_vm_thread(GCCause::Cause)+0x153
V  [libjvm.so+0xad44e1]  VM_CollectForMetadataAllocation::doit()+0x161
V  [libjvm.so+0xada1c6]  VM_Operation::evaluate()+0x46
V  [libjvm.so+0xad84fd]  VMThread::evaluate_operation(VM_Operation*) [clone .constprop.44]+0xcd
V  [libjvm.so+0xad8ae3]  VMThread::loop()+0x3a3
V  [libjvm.so+0xad8eb8]  VMThread::run()+0x78
V  [libjvm.so+0x90d952]  java_start(Thread*)+0x102

VM_Operation (0x00007f782e08c4e0): CollectForMetadataAllocation, mode: safepoint, requested by thread 0x00007f782800b800


---------------  P R O C E S S  ---------------

Java Threads: ( => current thread )
  0x00007f7828759800 JavaThread "process reaper" daemon [_thread_blocked, id=4630, stack(0x00007f7806cf1000,0x00007f7806d2a000)]
  0x00007f78280d5800 JavaThread "Service Thread" daemon [_thread_blocked, id=4624, stack(0x00007f780722b000,0x00007f780732c000)]
  0x00007f78280ca800 JavaThread "C1 CompilerThread3" daemon [_thread_blocked, id=4623, stack(0x00007f780732d000,0x00007f780742d000)]
  0x00007f78280c8000 JavaThread "C2 CompilerThread2" daemon [_thread_in_native, id=4622, stack(0x00007f780742e000,0x00007f780752e000)]
  0x00007f78280c6800 JavaThread "C2 CompilerThread1" daemon [_thread_blocked, id=4621, stack(0x00007f780752f000,0x00007f780762f000)]
  0x00007f78280c3800 JavaThread "C2 CompilerThread0" daemon [_thread_blocked, id=4620, stack(0x00007f780c04f000,0x00007f780c14f000)]
  0x00007f78280c2000 JavaThread "Signal Dispatcher" daemon [_thread_blocked, id=4619, stack(0x00007f780c14f000,0x00007f780c250000)]
  0x00007f782808e000 JavaThread "Finalizer" daemon [_thread_blocked, id=4618, stack(0x00007f781404b000,0x00007f781414c000)]
  0x00007f782808b800 JavaThread "Reference Handler" daemon [_thread_blocked, id=4617, stack(0x00007f781414c000,0x00007f781424d000)]
  0x00007f782800b800 JavaThread "main" [_thread_blocked, id=4607, stack(0x00007f782df93000,0x00007f782e093000)]

Other Threads:
=>0x00007f7828081800 VMThread [stack: 0x00007f781424e000,0x00007f781434e000] [id=4616]
  0x00007f78280d8000 WatcherThread [stack: 0x00007f780712b000,0x00007f780722b000] [id=4625]

VM state:at safepoint (normal execution)

VM Mutex/Monitor currently owned by a thread:  ([mutex/lock_event])
[0x00007f7828007d90] Threads_lock - owner thread: 0x00007f7828081800
[0x00007f7828008290] Heap_lock - owner thread: 0x00007f782800b800

heap address: 0x0000000084a00000, size: 1974 MB, Compressed Oops mode: 32-bit
Narrow klass base: 0x0000000000000000, Narrow klass shift: 3
Compressed class space size: 1073741824 Address: 0x0000000100000000

Heap:
 PSYoungGen      total 135680K, used 11740K [0x00000000d6e00000, 0x00000000e0200000, 0x0000000100000000)
  eden space 123392K, 0% used [0x00000000d6e00000,0x00000000d6e00000,0x00000000de680000)
  from space 12288K, 95% used [0x00000000de680000,0x00000000df1f7390,0x00000000df280000)
  to   space 8704K, 0% used [0x00000000df280000,0x00000000df280000,0x00000000dfb00000)
 ParOldGen       total 84992K, used 14948K [0x0000000084a00000, 0x0000000089d00000, 0x00000000d6e00000)
  object space 84992K, 17% used [0x0000000084a00000,0x0000000085899320,0x0000000089d00000)
 Metaspace       used 20583K, capacity 21070K, committed 21296K, reserved 1069056K
  class space    used 2423K, capacity 2569K, committed 2688K, reserved 1048576K

Card table byte_map: [0x00007f78177c0000,0x00007f7817b9c000] byte_map_base: 0x00007f781739b000

Marking Bits: (ParMarkBitMap*) 0x00007f782d440d80
 Begin Bits: [0x00007f780c250000, 0x00007f780e128000)
 End Bits:   [0x00007f780e128000, 0x00007f7810000000)

Polling page: 0x00007f782e0ae000

CodeCache: size=245760Kb used=13493Kb max_used=13493Kb free=232266Kb
 bounds [0x00007f7817f5c000, 0x00007f7818c9c000, 0x00007f7826f5c000]
 total_blobs=4114 nmethods=3739 adapters=288
 compilation: enabled

Compilation events (10 events):
Event: 2,943 Thread 0x00007f78280ca800 nmethod 3749 0x00007f7818c8d710 code [0x00007f7818c8d880, 0x00007f7818c8db08]
Event: 2,943 Thread 0x00007f78280ca800 3750       3       com.sun.tools.javac.code.Types$14::visitClassType (136 bytes)
Event: 2,944 Thread 0x00007f78280ca800 nmethod 3750 0x00007f7818c90190 code [0x00007f7818c90460, 0x00007f7818c91a08]
Event: 2,944 Thread 0x00007f78280ca800 3751       3       com.sun.tools.javac.tree.TreeInfo::isReceiverParam (28 bytes)
Event: 2,944 Thread 0x00007f78280ca800 nmethod 3751 0x00007f7818c8cf50 code [0x00007f7818c8d0e0, 0x00007f7818c8d5c8]
Event: 2,944 Thread 0x00007f78280ca800 3754       3       com.sun.tools.javac.comp.Resolve::resolveIdent (26 bytes)
Event: 2,945 Thread 0x00007f78280ca800 nmethod 3754 0x00007f7818c8c750 code [0x00007f7818c8c8e0, 0x00007f7818c8cc58]
Event: 2,945 Thread 0x00007f78280ca800 3756       1       com.sun.tools.javac.code.Type$MethodType::getTag (4 bytes)
Event: 2,945 Thread 0x00007f78280ca800 nmethod 3756 0x00007f7818c877d0 code [0x00007f7818c87920, 0x00007f7818c87a30]
Event: 2,945 Thread 0x00007f78280ca800 3757       3       com.sun.tools.javac.comp.Resolve::rawInstantiate (488 bytes)

GC Heap History (10 events):
Event: 1,033 GC heap after
Heap after GC invocations=2 (full 0):
 PSYoungGen      total 36864K, used 5093K [0x00000000d6e00000, 0x00000000db600000, 0x0000000100000000)
  eden space 31744K, 0% used [0x00000000d6e00000,0x00000000d6e00000,0x00000000d8d00000)
  from space 5120K, 99% used [0x00000000d9200000,0x00000000d96f94b8,0x00000000d9700000)
  to   space 5120K, 0% used [0x00000000d8d00000,0x00000000d8d00000,0x00000000d9200000)
 ParOldGen       total 84992K, used 1846K [0x0000000084a00000, 0x0000000089d00000, 0x00000000d6e00000)
  object space 84992K, 2% used [0x0000000084a00000,0x0000000084bcdb58,0x0000000089d00000)
 Metaspace       used 13065K, capacity 13406K, committed 13568K, reserved 1060864K
  class space    used 1606K, capacity 1723K, committed 1792K, reserved 1048576K
}
Event: 1,258 GC heap before
{Heap before GC invocations=3 (full 0):
 PSYoungGen      total 36864K, used 36837K [0x00000000d6e00000, 0x00000000db600000, 0x0000000100000000)
  eden space 31744K, 100% used [0x00000000d6e00000,0x00000000d8d00000,0x00000000d8d00000)
  from space 5120K, 99% used [0x00000000d9200000,0x00000000d96f94b8,0x00000000d9700000)
  to   space 5120K, 0% used [0x00000000d8d00000,0x00000000d8d00000,0x00000000d9200000)
 ParOldGen       total 84992K, used 1846K [0x0000000084a00000, 0x0000000089d00000, 0x00000000d6e00000)
  object space 84992K, 2% used [0x0000000084a00000,0x0000000084bcdb58,0x0000000089d00000)
 Metaspace       used 13468K, capacity 13788K, committed 14080K, reserved 1060864K
  class space    used 1627K, capacity 1760K, committed 1792K, reserved 1048576K
Event: 1,263 GC heap after
Heap after GC invocations=3 (full 0):
 PSYoungGen      total 36864K, used 5104K [0x00000000d6e00000, 0x00000000db600000, 0x0000000100000000)
  eden space 31744K, 0% used [0x00000000d6e00000,0x00000000d6e00000,0x00000000d8d00000)
  from space 5120K, 99% used [0x00000000d8d00000,0x00000000d91fc010,0x00000000d9200000)
  to   space 5120K, 0% used [0x00000000db100000,0x00000000db100000,0x00000000db600000)
 ParOldGen       total 84992K, used 2914K [0x0000000084a00000, 0x0000000089d00000, 0x00000000d6e00000)
  object space 84992K, 3% used [0x0000000084a00000,0x0000000084cd8920,0x0000000089d00000)
 Metaspace       used 13468K, capacity 13788K, committed 14080K, reserved 1060864K
  class space    used 1627K, capacity 1760K, committed 1792K, reserved 1048576K
}
Event: 1,550 GC heap before
{Heap before GC invocations=4 (full 0):
 PSYoungGen      total 36864K, used 36848K [0x00000000d6e00000, 0x00000000db600000, 0x0000000100000000)
  eden space 31744K, 100% used [0x00000000d6e00000,0x00000000d8d00000,0x00000000d8d00000)
  from space 5120K, 99% used [0x00000000d8d00000,0x00000000d91fc010,0x00000000d9200000)
  to   space 5120K, 0% used [0x00000000db100000,0x00000000db100000,0x00000000db600000)
 ParOldGen       total 84992K, used 2914K [0x0000000084a00000, 0x0000000089d00000, 0x00000000d6e00000)
  object space 84992K, 3% used [0x0000000084a00000,0x0000000084cd8920,0x0000000089d00000)
 Metaspace       used 14078K, capacity 14420K, committed 14720K, reserved 1062912K
  class space    used 1697K, capacity 1800K, committed 1920K, reserved 1048576K
Event: 1,555 GC heap after
Heap after GC invocations=4 (full 0):
 PSYoungGen      total 68608K, used 5120K [0x00000000d6e00000, 0x00000000db600000, 0x0000000100000000)
  eden space 63488K, 0% used [0x00000000d6e00000,0x00000000d6e00000,0x00000000dac00000)
  from space 5120K, 100% used [0x00000000db100000,0x00000000db600000,0x00000000db600000)
  to   space 5120K, 0% used [0x00000000dac00000,0x00000000dac00000,0x00000000db100000)
 ParOldGen       total 84992K, used 4714K [0x0000000084a00000, 0x0000000089d00000, 0x00000000d6e00000)
  object space 84992K, 5% used [0x0000000084a00000,0x0000000084e9ab30,0x0000000089d00000)
 Metaspace       used 14078K, capacity 14420K, committed 14720K, reserved 1062912K
  class space    used 1697K, capacity 1800K, committed 1920K, reserved 1048576K
}
Event: 2,088 GC heap before
{Heap before GC invocations=5 (full 0):
 PSYoungGen      total 68608K, used 68608K [0x00000000d6e00000, 0x00000000db600000, 0x0000000100000000)
  eden space 63488K, 100% used [0x00000000d6e00000,0x00000000dac00000,0x00000000dac00000)
  from space 5120K, 100% used [0x00000000db100000,0x00000000db600000,0x00000000db600000)
  to   space 5120K, 0% used [0x00000000dac00000,0x00000000dac00000,0x00000000db100000)
 ParOldGen       total 84992K, used 4714K [0x0000000084a00000, 0x0000000089d00000, 0x00000000d6e00000)
  object space 84992K, 5% used [0x0000000084a00000,0x0000000084e9ab30,0x0000000089d00000)
 Metaspace       used 14908K, capacity 15370K, committed 15488K, reserved 1062912K
  class space    used 1761K, capacity 1881K, committed 1920K, reserved 1048576K
Event: 2,095 GC heap after
Heap after GC invocations=5 (full 0):
 PSYoungGen      total 68608K, used 5104K [0x00000000d6e00000, 0x00000000dfb00000, 0x0000000100000000)
  eden space 63488K, 0% used [0x00000000d6e00000,0x00000000d6e00000,0x00000000dac00000)
  from space 5120K, 99% used [0x00000000dac00000,0x00000000db0fc010,0x00000000db100000)
  to   space 8704K, 0% used [0x00000000df280000,0x00000000df280000,0x00000000dfb00000)
 ParOldGen       total 84992K, used 7879K [0x0000000084a00000, 0x0000000089d00000, 0x00000000d6e00000)
  object space 84992K, 9% used [0x0000000084a00000,0x00000000851b1da0,0x0000000089d00000)
 Metaspace       used 14908K, capacity 15370K, committed 15488K, reserved 1062912K
  class space    used 1761K, capacity 1881K, committed 1920K, reserved 1048576K
}
Event: 2,634 GC heap before
{Heap before GC invocations=6 (full 0):
 PSYoungGen      total 68608K, used 68592K [0x00000000d6e00000, 0x00000000dfb00000, 0x0000000100000000)
  eden space 63488K, 100% used [0x00000000d6e00000,0x00000000dac00000,0x00000000dac00000)
  from space 5120K, 99% used [0x00000000dac00000,0x00000000db0fc010,0x00000000db100000)
  to   space 8704K, 0% used [0x00000000df280000,0x00000000df280000,0x00000000dfb00000)
 ParOldGen       total 84992K, used 7879K [0x0000000084a00000, 0x0000000089d00000, 0x00000000d6e00000)
  object space 84992K, 9% used [0x0000000084a00000,0x00000000851b1da0,0x0000000089d00000)
 Metaspace       used 19660K, capacity 20238K, committed 20480K, reserved 1067008K
  class space    used 2351K, capacity 2505K, committed 2560K, reserved 1048576K
Event: 2,648 GC heap after
Heap after GC invocations=6 (full 0):
 PSYoungGen      total 132096K, used 8703K [0x00000000d6e00000, 0x00000000e0200000, 0x0000000100000000)
  eden space 123392K, 0% used [0x00000000d6e00000,0x00000000d6e00000,0x00000000de680000)
  from space 8704K, 99% used [0x00000000df280000,0x00000000dfafff48,0x00000000dfb00000)
  to   space 12288K, 0% used [0x00000000de680000,0x00000000de680000,0x00000000df280000)
 ParOldGen       total 84992K, used 12766K [0x0000000084a00000, 0x0000000089d00000, 0x00000000d6e00000)
  object space 84992K, 15% used [0x0000000084a00000,0x0000000085677a90,0x0000000089d00000)
 Metaspace       used 19660K, capacity 20238K, committed 20480K, reserved 1067008K
  class space    used 2351K, capacity 2505K, committed 2560K, reserved 1048576K
}
Event: 2,946 GC heap before
{Heap before GC invocations=7 (full 0):
 PSYoungGen      total 132096K, used 35562K [0x00000000d6e00000, 0x00000000e0200000, 0x0000000100000000)
  eden space 123392K, 21% used [0x00000000d6e00000,0x00000000d883a9a8,0x00000000de680000)
  from space 8704K, 99% used [0x00000000df280000,0x00000000dfafff48,0x00000000dfb00000)
  to   space 12288K, 0% used [0x00000000de680000,0x00000000de680000,0x00000000df280000)
 ParOldGen       total 84992K, used 12766K [0x0000000084a00000, 0x0000000089d00000, 0x00000000d6e00000)
  object space 84992K, 15% used [0x0000000084a00000,0x0000000085677a90,0x0000000089d00000)
 Metaspace       used 20583K, capacity 21070K, committed 21296K, reserved 1069056K
  class space    used 2423K, capacity 2569K, committed 2688K, reserved 1048576K

Deoptimization events (10 events):
Event: 2,532 Thread 0x00007f782800b800 Uncommon trap: reason=unstable_if action=reinterpret pc=0x00007f7818268e20 method=java.lang.CharacterDataLatin1.isWhitespace(I)Z @ 14
Event: 2,544 Thread 0x00007f782800b800 Uncommon trap: reason=unstable_if action=reinterpret pc=0x00007f781893c8dc method=java.lang.Integer.valueOf(I)Ljava/lang/Integer; @ 10
Event: 2,548 Thread 0x00007f782800b800 Uncommon trap: reason=unstable_if action=reinterpret pc=0x00007f7818a5dcd0 method=com.sun.tools.javac.parser.UnicodeReader.scanChar()V @ 37
Event: 2,572 Thread 0x00007f782800b800 Uncommon trap: reason=unstable_if action=reinterpret pc=0x00007f7818960744 method=java.util.jar.Attributes$Name.isDigit(C)Z @ 3
Event: 2,765 Thread 0x00007f782800b800 Uncommon trap: reason=unstable_if action=reinterpret pc=0x00007f7818a8006c method=com.sun.tools.javac.util.Name$Table.equals([BI[BII)Z @ 22
Event: 2,879 Thread 0x00007f782800b800 Uncommon trap: reason=unstable_if action=reinterpret pc=0x00007f7818c13dd0 method=com.sun.tools.javac.code.Scope.lookup(Lcom/sun/tools/javac/util/Name;Lcom/sun/tools/javac/util/Filter;)Lcom/sun/tools/javac/code/Scope$Entry; @ 19
Event: 2,939 Thread 0x00007f782800b800 Uncommon trap: reason=class_check action=maybe_recompile pc=0x00007f7818c7ed8c method=com.sun.tools.javac.code.Types$UnaryVisitor.visit(Lcom/sun/tools/javac/code/Type;)Ljava/lang/Object; @ 3
Event: 2,939 Thread 0x00007f782800b800 Uncommon trap: reason=class_check action=maybe_recompile pc=0x00007f7818c7ed8c method=com.sun.tools.javac.code.Types$UnaryVisitor.visit(Lcom/sun/tools/javac/code/Type;)Ljava/lang/Object; @ 3
Event: 2,939 Thread 0x00007f782800b800 Uncommon trap: reason=class_check action=maybe_recompile pc=0x00007f7818c7ed8c method=com.sun.tools.javac.code.Types$UnaryVisitor.visit(Lcom/sun/tools/javac/code/Type;)Ljava/lang/Object; @ 3
Event: 2,939 Thread 0x00007f782800b800 Uncommon trap: reason=class_check action=maybe_recompile pc=0x00007f7818c7ed8c method=com.sun.tools.javac.code.Types$UnaryVisitor.visit(Lcom/sun/tools/javac/code/Type;)Ljava/lang/Object; @ 3

Classes redefined (0 events):
No events

Internal exceptions (10 events):
Event: 0,999 Thread 0x00007f782800b800 Implicit null exception at 0x00007f781823516f to 0x00007f78182351d9
Event: 1,053 Thread 0x00007f782800b800 Implicit null exception at 0x00007f7818448646 to 0x00007f7818448969
Event: 1,298 Thread 0x00007f782800b800 Implicit null exception at 0x00007f78182edc98 to 0x00007f78182edd26
Event: 1,356 Thread 0x00007f782800b800 Exception <a 'java/lang/NoClassDefFoundError': org/slf4j/Logger> (0x00000000d75cd798) thrown at [/HUDSON/workspace/8-2-build-linux-amd64/jdk8u211/12973/hotspot/src/share/vm/oops/constantPool.cpp, line 245]
Event: 2,017 Thread 0x00007f782800b800 Exception <a 'java/lang/NoClassDefFoundError': org/slf4j/Logger> (0x00000000da3f7368) thrown at [/HUDSON/workspace/8-2-build-linux-amd64/jdk8u211/12973/hotspot/src/share/vm/oops/constantPool.cpp, line 245]
Event: 2,098 Thread 0x00007f782800b800 Exception <a 'java/lang/NoClassDefFoundError': org/slf4j/Logger> (0x00000000d6e34b80) thrown at [/HUDSON/workspace/8-2-build-linux-amd64/jdk8u211/12973/hotspot/src/share/vm/oops/constantPool.cpp, line 245]
Event: 2,243 Thread 0x00007f782800b800 Exception <a 'java/lang/NoClassDefFoundError': org/slf4j/Logger> (0x00000000d836abf0) thrown at [/HUDSON/workspace/8-2-build-linux-amd64/jdk8u211/12973/hotspot/src/share/vm/oops/constantPool.cpp, line 245]
Event: 2,294 Thread 0x00007f782800b800 Exception <a 'java/lang/ClassNotFoundException': com/sun/tools/javac/api/JavacTool> (0x00000000d86b7e50) thrown at [/HUDSON/workspace/8-2-build-linux-amd64/jdk8u211/12973/hotspot/src/share/vm/classfile/systemDictionary.cpp, line 210]
Event: 2,622 Thread 0x00007f782800b800 Exception <a 'java/io/FileNotFoundException'> (0x00000000da9964d8) thrown at [/HUDSON/workspace/8-2-build-linux-amd64/jdk8u211/12973/hotspot/src/share/vm/prims/jni.cpp, line 710]
Event: 2,624 Thread 0x00007f782800b800 Exception <a 'java/io/FileNotFoundException'> (0x00000000da9cbc40) thrown at [/HUDSON/workspace/8-2-build-linux-amd64/jdk8u211/12973/hotspot/src/share/vm/prims/jni.cpp, line 710]

Events (10 events):
Event: 2,940 loading class com/sun/tools/javac/comp/Resolve$MostSpecificCheck done
Event: 2,940 loading class com/sun/tools/javac/comp/Resolve$MostSpecificCheck$MostSpecificCheckContext
Event: 2,940 loading class com/sun/tools/javac/comp/Resolve$MostSpecificCheck$MostSpecificCheckContext done
Event: 2,943 loading class com/sun/tools/javac/code/Types$Rewriter
Event: 2,943 loading class com/sun/tools/javac/code/Types$Rewriter done
Event: 2,943 loading class com/sun/tools/javac/code/Types$Adapter
Event: 2,943 loading class com/sun/tools/javac/code/Types$Adapter done
Event: 2,945 loading class com/sun/tools/javac/comp/DeferredAttr$DeferredChecker
Event: 2,945 loading class com/sun/tools/javac/comp/DeferredAttr$DeferredChecker done
Event: 2,945 Executing VM operation: CollectForMetadataAllocation


Dynamic libraries:
00400000-00401000 r-xp 00000000 08:03 427407                             /usr/lib/jvm/jdk1.8.0_211/bin/java
00600000-00601000 r--p 00000000 08:03 427407                             /usr/lib/jvm/jdk1.8.0_211/bin/java
00601000-00602000 rw-p 00001000 08:03 427407                             /usr/lib/jvm/jdk1.8.0_211/bin/java
01ee7000-01f08000 rw-p 00000000 00:00 0                                  [heap]
84a00000-89d00000 rw-p 00000000 00:00 0 
89d00000-d6e00000 ---p 00000000 00:00 0 
d6e00000-e0200000 rw-p 00000000 00:00 0 
e7a00000-100000000 ---p 00000000 00:00 0 
100000000-1002a0000 rw-p 00000000 00:00 0 
1002a0000-140000000 ---p 00000000 00:00 0 
7f77b0000000-7f77b0021000 rw-p 00000000 00:00 0 
7f77b0021000-7f77b4000000 ---p 00000000 00:00 0 
7f77b8000000-7f77b8021000 rw-p 00000000 00:00 0 
7f77b8021000-7f77bc000000 ---p 00000000 00:00 0 
7f77bc000000-7f77bc021000 rw-p 00000000 00:00 0 
7f77bc021000-7f77c0000000 ---p 00000000 00:00 0 
7f77c0000000-7f77c1474000 rw-p 00000000 00:00 0 
7f77c1474000-7f77c4000000 ---p 00000000 00:00 0 
7f77c4000000-7f77c52e7000 rw-p 00000000 00:00 0 
7f77c52e7000-7f77c8000000 ---p 00000000 00:00 0 
7f77c8000000-7f77c9182000 rw-p 00000000 00:00 0 
7f77c9182000-7f77cc000000 ---p 00000000 00:00 0 
7f77cc000000-7f77cd836000 rw-p 00000000 00:00 0 
7f77cd836000-7f77d0000000 ---p 00000000 00:00 0 
7f77d0000000-7f77d0021000 rw-p 00000000 00:00 0 
7f77d0021000-7f77d4000000 ---p 00000000 00:00 0 
7f77d4000000-7f77d4021000 rw-p 00000000 00:00 0 
7f77d4021000-7f77d8000000 ---p 00000000 00:00 0 
7f77d8000000-7f77d829b000 rw-p 00000000 00:00 0 
7f77d829b000-7f77dc000000 ---p 00000000 00:00 0 
7f77dc000000-7f77dc021000 rw-p 00000000 00:00 0 
7f77dc021000-7f77e0000000 ---p 00000000 00:00 0 
7f77e0000000-7f77e0021000 rw-p 00000000 00:00 0 
7f77e0021000-7f77e4000000 ---p 00000000 00:00 0 
7f77e4000000-7f77e4021000 rw-p 00000000 00:00 0 
7f77e4021000-7f77e8000000 ---p 00000000 00:00 0 
7f77e8000000-7f77e8021000 rw-p 00000000 00:00 0 
7f77e8021000-7f77ec000000 ---p 00000000 00:00 0 
7f77f0000000-7f77f0021000 rw-p 00000000 00:00 0 
7f77f0021000-7f77f4000000 ---p 00000000 00:00 0 
7f77f8000000-7f77f8021000 rw-p 00000000 00:00 0 
7f77f8021000-7f77fc000000 ---p 00000000 00:00 0 
7f77fcfff000-7f7800000000 rw-p 00000000 00:00 0 
7f7800000000-7f7800021000 rw-p 00000000 00:00 0 
7f7800021000-7f7804000000 ---p 00000000 00:00 0 
7f7805e32000-7f7805e5e000 rw-p 00000000 00:00 0 
7f7805e5e000-7f7806032000 ---p 00000000 00:00 0 
7f7806032000-7f780603c000 r--s 0005c000 08:05 675083                     /home/giorgos/.m2/repository/javax/servlet/jstl/1.2/jstl-1.2.jar
7f780603c000-7f780603e000 r--s 0000b000 08:05 675082                     /home/giorgos/.m2/repository/javax/servlet/jsp/javax.servlet.jsp-api/2.3.1/javax.servlet.jsp-api-2.3.1.jar
7f780603e000-7f7806041000 r--s 00015000 08:05 675081                     /home/giorgos/.m2/repository/javax/servlet/javax.servlet-api/3.1.0/javax.servlet-api-3.1.0.jar
7f7806041000-7f7806042000 r--s 00009000 08:05 19724                      /home/giorgos/.m2/repository/org/slf4j/slf4j-api/1.7.20/slf4j-api-1.7.20.jar
7f7806042000-7f780604c000 r--s 00069000 08:05 591208                     /home/giorgos/.m2/repository/ch/qos/logback/logback-core/1.1.7/logback-core-1.1.7.jar
7f780604c000-7f7806053000 r--s 00044000 08:05 591205                     /home/giorgos/.m2/repository/ch/qos/logback/logback-classic/1.1.7/logback-classic-1.1.7.jar
7f7806053000-7f7806063000 r--s 0014c000 08:05 147439                     /home/giorgos/.m2/repository/com/google/protobuf/protobuf-java/3.6.1/protobuf-java-3.6.1.jar
7f7806063000-7f780607b000 r--s 00218000 08:05 674240                     /home/giorgos/.m2/repository/mysql/mysql-connector-java/8.0.16/mysql-connector-java-8.0.16.jar
7f780607b000-7f780607d000 r--s 0000d000 08:05 16260                      /home/giorgos/.m2/repository/com/fasterxml/classmate/1.0.0/classmate-1.0.0.jar
7f780607d000-7f780608b000 r--s 0008d000 08:05 405153                     /home/giorgos/.m2/repository/org/hibernate/hibernate-validator/5.1.3.Final/hibernate-validator-5.1.3.Final.jar
7f780608b000-7f780608f000 r--s 0000c000 08:05 404217                     /home/giorgos/.m2/repository/javax/validation/validation-api/1.1.0.Final/validation-api-1.1.0.Final.jar
7f780608f000-7f7806091000 r--s 00011000 08:05 274493                     /home/giorgos/.m2/repository/org/jboss/jandex/1.1.0.Final/jandex-1.1.0.Final.jar
7f7806091000-7f7806096000 r--s 00068000 08:05 15135                      /home/giorgos/.m2/repository/antlr/antlr/2.7.7/antlr-2.7.7.jar
7f7806096000-7f78060a0000 r--s 000a5000 08:05 143939                     /home/giorgos/.m2/repository/org/javassist/javassist/3.18.1-GA/javassist-3.18.1-GA.jar
7f78060a0000-7f78060a5000 r--s 00017000 08:05 143940                     /home/giorgos/.m2/repository/org/hibernate/javax/persistence/hibernate-jpa-2.1-api/1.0.0.Final/hibernate-jpa-2.1-api-1.0.0.Final.jar
7f78060a5000-7f78060a8000 r--s 00010000 08:05 405053                     /home/giorgos/.m2/repository/org/hibernate/common/hibernate-commons-annotations/4.0.5.Final/hibernate-commons-annotations-4.0.5.Final.jar
7f78060a8000-7f78060ad000 r--s 00048000 08:05 586286                     /home/giorgos/.m2/repository/dom4j/dom4j/1.6.1/dom4j-1.6.1.jar
7f78060ad000-7f78060ae000 r--s 00006000 08:05 403658                     /home/giorgos/.m2/repository/org/jboss/spec/javax/transaction/jboss-transaction-api_1.2_spec/1.0.0.Final/jboss-transaction-api_1.2_spec-1.0.0.Final.jar
7f78060ae000-7f78060af000 r--s 00002000 08:05 675301                     /home/giorgos/.m2/repository/org/jboss/logging/jboss-logging-annotations/1.2.0.Beta1/jboss-logging-annotations-1.2.0.Beta1.jar
7f78060af000-7f78060b1000 r--s 0000c000 08:05 675079                     /home/giorgos/.m2/repository/org/jboss/logging/jboss-logging/3.1.3.GA/jboss-logging-3.1.3.GA.jar
7f78060b1000-7f780610f000 r--s 004ac000 08:05 406999                     /home/giorgos/.m2/repository/org/hibernate/hibernate-core/4.3.11.Final/hibernate-core-4.3.11.Final.jar
7f780610f000-7f7806112000 r--s 00012000 08:05 667134                     /home/giorgos/.m2/repository/org/springframework/security/spring-security-acl/4.1.1.RELEASE/spring-security-acl-4.1.1.RELEASE.jar
7f7806112000-7f7806113000 r--s 00004000 08:05 667130                     /home/giorgos/.m2/repository/org/springframework/security/spring-security-taglibs/4.1.1.RELEASE/spring-security-taglibs-4.1.1.RELEASE.jar
7f7806113000-7f780611c000 r--s 0007a000 08:05 147073                     /home/giorgos/.m2/repository/org/springframework/security/spring-security-config/4.1.1.RELEASE/spring-security-config-4.1.1.RELEASE.jar
7f780611c000-7f7806127000 r--s 00051000 08:05 679157                     /home/giorgos/.m2/repository/org/springframework/security/spring-security-core/4.1.1.RELEASE/spring-security-core-4.1.1.RELEASE.jar
7f7806127000-7f7806129000 r--s 00000000 08:05 144242                     /home/giorgos/.m2/repository/aopalliance/aopalliance/1.0/aopalliance-1.0.jar
7f7806129000-7f7806133000 r--s 0004e000 08:05 679152                     /home/giorgos/.m2/repository/org/springframework/security/spring-security-web/4.1.1.RELEASE/spring-security-web-4.1.1.RELEASE.jar
7f7806133000-7f780613d000 r--s 00060000 08:05 9288                       /home/giorgos/.m2/repository/org/springframework/spring-jdbc/4.3.24.RELEASE/spring-jdbc-4.3.24.RELEASE.jar
7f780613d000-7f7806147000 r--s 0006b000 08:05 147346                     /home/giorgos/.m2/repository/org/springframework/spring-orm/4.3.24.RELEASE/spring-orm-4.3.24.RELEASE.jar
7f7806147000-7f780614f000 r--s 0003a000 08:05 9294                       /home/giorgos/.m2/repository/org/springframework/spring-tx/4.3.24.RELEASE/spring-tx-4.3.24.RELEASE.jar
7f780614f000-7f7806155000 r--s 0003e000 08:05 679451                     /home/giorgos/.m2/repository/org/springframework/spring-expression/4.3.24.RELEASE/spring-expression-4.3.24.RELEASE.jar
7f7806155000-7f7806167000 r--s 000d0000 08:05 277404                     /home/giorgos/.m2/repository/org/springframework/spring-webmvc/4.3.24.RELEASE/spring-webmvc-4.3.24.RELEASE.jar
7f7806167000-7f7806181000 r--s 000fe000 08:05 679450                     /home/giorgos/.m2/repository/org/springframework/spring-context/4.3.24.RELEASE/spring-context-4.3.24.RELEASE.jar
7f7806181000-7f780618f000 r--s 000ad000 08:05 147341                     /home/giorgos/.m2/repository/org/springframework/spring-beans/4.3.24.RELEASE/spring-beans-4.3.24.RELEASE.jar
7f780618f000-7f7806198000 r--s 00054000 08:05 147342                     /home/giorgos/.m2/repository/org/springframework/spring-aop/4.3.24.RELEASE/spring-aop-4.3.24.RELEASE.jar
7f7806198000-7f78061aa000 r--s 000b9000 08:05 147349                     /home/giorgos/.m2/repository/org/springframework/spring-web/4.3.24.RELEASE/spring-web-4.3.24.RELEASE.jar
7f78061aa000-7f78061ac000 r--s 0000e000 08:05 145033                     /home/giorgos/.m2/repository/commons-logging/commons-logging/1.2/commons-logging-1.2.jar
7f78061ac000-7f78061c3000 r--s 000fe000 08:05 147343                     /home/giorgos/.m2/repository/org/springframework/spring-core/4.3.24.RELEASE/spring-core-4.3.24.RELEASE.jar
7f78061c3000-7f78063c3000 rw-p 00000000 00:00 0 
7f78063c3000-7f78065c3000 rw-p 00000000 00:00 0 
7f78065c3000-7f780663d000 r--s 010fd000 08:03 427008                     /usr/lib/jvm/jdk1.8.0_211/lib/tools.jar
7f780663d000-7f7806640000 r--s 0001b000 08:05 274881                     /home/giorgos/.m2/repository/junit/junit/3.8.2/junit-3.8.2.jar
7f7806640000-7f780664e000 r--s 0008f000 08:05 15836                      /home/giorgos/.m2/repository/com/google/collections/google-collections/1.0/google-collections-1.0.jar
7f780664e000-7f780664f000 r--s 0000a000 08:05 144862                     /home/giorgos/.m2/repository/commons-logging/commons-logging-api/1.1/commons-logging-api-1.1.jar
7f780664f000-7f7806656000 r--s 00051000 08:05 404084                     /home/giorgos/.m2/repository/log4j/log4j/1.2.12/log4j-1.2.12.jar
7f7806656000-7f780665a000 r--s 0001d000 08:05 144861                     /home/giorgos/.m2/repository/org/apache/xbean/xbean-reflect/3.4/xbean-reflect-3.4.jar
7f780665a000-7f780665b000 r--s 00004000 08:05 274879                     /home/giorgos/.m2/repository/org/codehaus/plexus/plexus-compiler-javac/2.2/plexus-compiler-javac-2.2.jar
7f780665b000-7f780665d000 r--s 00000000 08:05 144859                     /home/giorgos/.m2/repository/org/codehaus/plexus/plexus-compiler-manager/2.2/plexus-compiler-manager-2.2.jar
7f780665d000-7f780665f000 r--s 00005000 08:05 15831                      /home/giorgos/.m2/repository/org/codehaus/plexus/plexus-compiler-api/2.2/plexus-compiler-api-2.2.jar
7f780665f000-7f7806661000 r--s 00002000 08:05 274877                     /home/giorgos/.m2/repository/org/apache/maven/shared/maven-shared-incremental/1.1/maven-shared-incremental-1.1.jar
7f7806661000-7f7806663000 r--s 00006000 08:05 15832                      /home/giorgos/.m2/repository/com/google/code/findbugs/jsr305/2.0.1/jsr305-2.0.1.jar
7f7806663000-7f7806666000 r--s 00023000 08:05 15830                      /home/giorgos/.m2/repository/org/apache/maven/shared/maven-shared-utils/0.1/maven-shared-utils-0.1.jar
7f7806666000-7f780666a000 r--s 00030000 08:05 584124                     /home/giorgos/.m2/repository/org/codehaus/plexus/plexus-utils/1.5.1/plexus-utils-1.5.1.jar
7f780666a000-7f780666c000 r--s 00009000 08:05 583649                     /home/giorgos/.m2/repository/org/apache/maven/plugins/maven-compiler-plugin/3.1/maven-compiler-plugin-3.1.jar
7f780666c000-7f780666e000 r--s 0000d000 08:05 678102                     /home/giorgos/.m2/repository/org/codehaus/plexus/plexus-interpolation/1.13/plexus-interpolation-1.13.jar
7f780666e000-7f780666f000 r--s 00001000 08:05 584111                     /home/giorgos/.m2/repository/org/sonatype/plexus/plexus-build-api/0.0.4/plexus-build-api-0.0.4.jar
7f780666f000-7f7806671000 r--s 00009000 08:05 274835                     /home/giorgos/.m2/repository/org/apache/maven/shared/maven-filtering/1.0/maven-filtering-1.0.jar
7f7806671000-7f7806672000 r--s 00001000 08:05 404060                     /home/giorgos/.m2/repository/org/apache/maven/doxia/doxia-sink-api/1.0-alpha-7/doxia-sink-api-1.0-alpha-7.jar
7f7806672000-7f7806673000 r--s 00002000 08:05 404059                     /home/giorgos/.m2/repository/org/apache/maven/reporting/maven-reporting-api/2.0.6/maven-reporting-api-2.0.6.jar
7f7806673000-7f7806675000 r--s 00005000 08:05 583640                     /home/giorgos/.m2/repository/org/apache/maven/plugins/maven-resources-plugin/2.5/maven-resources-plugin-2.5.jar
7f7806675000-7f7806683000 r--s 0007f000 08:05 15290                      /home/giorgos/.m2/repository/commons-collections/commons-collections/3.2.1/commons-collections-3.2.1.jar
7f7806683000-7f7806688000 r--s 00041000 08:05 144836                     /home/giorgos/.m2/repository/commons-lang/commons-lang/2.6/commons-lang-2.6.jar
7f7806688000-7f780668a000 r--s 00006000 08:05 15804                      /home/giorgos/.m2/repository/org/apache/maven/shared/maven-invoker/2.0.11/maven-invoker-2.0.11.jar
7f780668a000-7f780668c000 r--s 00006000 08:05 15802                      /home/giorgos/.m2/repository/org/apache/maven/shared/maven-common-artifact-filters/1.4/maven-common-artifact-filters-1.4.jar
7f780668c000-7f780668e000 r--s 0000c000 08:05 274828                     /home/giorgos/.m2/repository/org/apache/maven/shared/maven-dependency-tree/2.0/maven-dependency-tree-2.0.jar
7f780668e000-7f7806690000 r--s 00000000 08:05 583837                     /home/giorgos/.m2/repository/org/codehaus/plexus/plexus-component-annotations/1.5.5/plexus-component-annotations-1.5.5.jar
7f7806690000-7f7806691000 r--s 0000a000 08:05 15801                      /home/giorgos/.m2/repository/asm/asm/3.3.1/asm-3.3.1.jar
7f7806691000-7f7806693000 r--s 00005000 08:05 144834                     /home/giorgos/.m2/repository/org/apache/maven/shared/maven-dependency-analyzer/1.3/maven-dependency-analyzer-1.3.jar
7f7806693000-7f7806696000 r--s 0000c000 08:05 15797                      /home/giorgos/.m2/repository/org/codehaus/plexus/plexus-io/2.0.6/plexus-io-2.0.6.jar
7f7806696000-7f7806699000 r--s 0001b000 08:05 274826                     /home/giorgos/.m2/repository/junit/junit/3.8.1/junit-3.8.1.jar
7f7806699000-7f780669b000 r--s 00008000 08:05 144831                     /home/giorgos/.m2/repository/org/apache/maven/shared/maven-shared-io/1.1/maven-shared-io-1.1.jar
7f780669b000-7f780669d000 r--s 00008000 08:05 144830                     /home/giorgos/.m2/repository/org/apache/maven/shared/file-management/1.2.1/file-management-1.2.1.jar
7f780669d000-7f78066a1000 r--s 00035000 08:05 678092                     /home/giorgos/.m2/repository/org/codehaus/plexus/plexus-utils/3.0.9/plexus-utils-3.0.9.jar
7f78066a1000-7f78066a6000 r--s 00029000 08:05 15796                      /home/giorgos/.m2/repository/org/codehaus/plexus/plexus-archiver/2.2/plexus-archiver-2.2.jar
7f78066a6000-7f78066a8000 r--s 00004000 08:05 678090                     /home/giorgos/.m2/repository/org/apache/maven/doxia/doxia-module-xhtml/1.0/doxia-module-xhtml-1.0.jar
7f78066a8000-7f78066a9000 r--s 00006000 08:05 678087                     /home/giorgos/.m2/repository/org/apache/maven/doxia/doxia-module-xdoc/1.0/doxia-module-xdoc-1.0.jar
7f78066a9000-7f78066aa000 r--s 00004000 08:05 678085                     /home/giorgos/.m2/repository/org/apache/maven/doxia/doxia-module-fml/1.0/doxia-module-fml-1.0.jar
7f78066aa000-7f78066ac000 r--s 0000a000 08:05 678084                     /home/giorgos/.m2/repository/org/apache/maven/doxia/doxia-module-apt/1.0/doxia-module-apt-1.0.jar
7f78066ac000-7f78066ad000 r--s 0000b000 08:05 678083                     /home/giorgos/.m2/repository/org/apache/maven/doxia/doxia-decoration-model/1.0/doxia-decoration-model-1.0.jar
7f78066ad000-7f78066b5000 r--s 00058000 08:05 15795                      /home/giorgos/.m2/repository/org/apache/velocity/velocity/1.5/velocity-1.5.jar
7f78066b5000-7f78066b6000 r--s 00001000 08:05 15793                      /home/giorgos/.m2/repository/org/codehaus/plexus/plexus-velocity/1.1.7/plexus-velocity-1.1.7.jar
7f78066b6000-7f78066b7000 r--s 00002000 08:05 15791                      /home/giorgos/.m2/repository/org/codehaus/plexus/plexus-i18n/1.0-beta-7/plexus-i18n-1.0-beta-7.jar
7f78066b7000-7f78066b9000 r--s 0000a000 08:05 583948                     /home/giorgos/.m2/repository/org/apache/maven/doxia/doxia-site-renderer/1.0/doxia-site-renderer-1.0.jar
7f78066b9000-7f78066ba000 r--s 00002000 08:05 404040                     /home/giorgos/.m2/repository/org/apache/maven/doxia/doxia-sink-api/1.0/doxia-sink-api-1.0.jar
7f78066ba000-7f78066bf000 r--s 00016000 08:05 404039                     /home/giorgos/.m2/repository/xml-apis/xml-apis/1.0.b2/xml-apis-1.0.b2.jar
7f78066bf000-7f78066c1000 r--s 0000e000 08:05 274822                     /home/giorgos/.m2/repository/oro/oro/2.0.8/oro-2.0.8.jar
7f78066c1000-7f78066c3000 r--s 00008000 08:05 144827                     /home/giorgos/.m2/repository/commons-logging/commons-logging/1.0.4/commons-logging-1.0.4.jar
7f78066c3000-7f78066c8000 r--s 0002a000 08:05 274819                     /home/giorgos/.m2/repository/commons-beanutils/commons-beanutils/1.7.0/commons-beanutils-1.7.0.jar
7f78066c8000-7f78068c8000 rw-p 00000000 00:00 0 
7f78068c8000-7f78068d9000 r-xp 00000000 08:03 529055                     /usr/lib/jvm/jdk1.8.0_211/jre/lib/amd64/libnio.so
7f78068d9000-7f7806ad8000 ---p 00011000 08:03 529055                     /usr/lib/jvm/jdk1.8.0_211/jre/lib/amd64/libnio.so
7f7806ad8000-7f7806ad9000 r--p 00010000 08:03 529055                     /usr/lib/jvm/jdk1.8.0_211/jre/lib/amd64/libnio.so
7f7806ad9000-7f7806ada000 rw-p 00011000 08:03 529055                     /usr/lib/jvm/jdk1.8.0_211/jre/lib/amd64/libnio.so
7f7806ada000-7f7806af0000 r-xp 00000000 08:03 528935                     /usr/lib/jvm/jdk1.8.0_211/jre/lib/amd64/libnet.so
7f7806af0000-7f7806cef000 ---p 00016000 08:03 528935                     /usr/lib/jvm/jdk1.8.0_211/jre/lib/amd64/libnet.so
7f7806cef000-7f7806cf0000 r--p 00015000 08:03 528935                     /usr/lib/jvm/jdk1.8.0_211/jre/lib/amd64/libnet.so
7f7806cf0000-7f7806cf1000 rw-p 00016000 08:03 528935                     /usr/lib/jvm/jdk1.8.0_211/jre/lib/amd64/libnet.so
7f7806cf1000-7f7806cf4000 ---p 00000000 00:00 0 
7f7806cf4000-7f7806f2a000 rw-p 00000000 00:00 0 
7f7806f2a000-7f780712a000 rw-p 00000000 00:00 0 
7f780712a000-7f780712b000 ---p 00000000 00:00 0 
7f780712b000-7f780722b000 rw-p 00000000 00:00 0 
7f780722b000-7f780722e000 ---p 00000000 00:00 0 
7f780722e000-7f780732c000 rw-p 00000000 00:00 0 
7f780732c000-7f780732d000 ---p 00000000 00:00 0 
7f780732d000-7f7807330000 ---p 00000000 00:00 0 
7f7807330000-7f780742d000 rw-p 00000000 00:00 0 
7f780742d000-7f780742e000 ---p 00000000 00:00 0 
7f780742e000-7f7807431000 ---p 00000000 00:00 0 
7f7807431000-7f780752e000 rw-p 00000000 00:00 0 
7f780752e000-7f780752f000 ---p 00000000 00:00 0 
7f780752f000-7f7807532000 ---p 00000000 00:00 0 
7f7807532000-7f780762f000 rw-p 00000000 00:00 0 
7f780762f000-7f7808000000 r--p 00000000 08:03 7132                       /usr/lib/locale/locale-archive
7f7808000000-7f7808021000 rw-p 00000000 00:00 0 
7f7808021000-7f780c000000 ---p 00000000 00:00 0 
7f780c000000-7f780c004000 r--s 00026000 08:05 274820                     /home/giorgos/.m2/repository/commons-digester/commons-digester/1.6/commons-digester-1.6.jar
7f780c004000-7f780c007000 r--s 00014000 08:05 274817                     /home/giorgos/.m2/repository/commons-validator/commons-validator/1.2.0/commons-validator-1.2.0.jar
7f780c007000-7f780c00a000 r--s 00018000 08:05 144825                     /home/giorgos/.m2/repository/commons-io/commons-io/1.4/commons-io-1.4.jar
7f780c00a000-7f780c00c000 r--s 00009000 08:05 144824                     /home/giorgos/.m2/repository/org/apache/maven/shared/maven-doxia-tools/1.0.2/maven-doxia-tools-1.0.2.jar
7f780c00c000-7f780c00f000 r--s 0000b000 08:05 584084                     /home/giorgos/.m2/repository/org/apache/maven/doxia/doxia-core/1.0/doxia-core-1.0.jar
7f780c00f000-7f780c011000 r--s 00004000 08:05 546261                     /home/giorgos/.m2/repository/org/apache/maven/reporting/maven-reporting-impl/2.0.5/maven-reporting-impl-2.0.5.jar
7f780c011000-7f780c012000 r--s 00002000 08:05 404037                     /home/giorgos/.m2/repository/org/apache/maven/reporting/maven-reporting-api/3.0/maven-reporting-api-3.0.jar
7f780c012000-7f780c014000 r--s 00002000 08:05 15789                      /home/giorgos/.m2/repository/org/codehaus/plexus/plexus-interactivity-api/1.0-alpha-4/plexus-interactivity-api-1.0-alpha-4.jar
7f780c014000-7f780c016000 r--s 00006000 08:05 274816                     /home/giorgos/.m2/repository/commons-cli/commons-cli/1.0/commons-cli-1.0.jar
7f780c016000-7f780c019000 r--s 00021000 08:05 583656                     /home/giorgos/.m2/repository/org/apache/maven/plugins/maven-dependency-plugin/2.6/maven-dependency-plugin-2.6.jar
7f780c019000-7f780c01d000 r--s 00033000 08:05 583872                     /home/giorgos/.m2/repository/org/codehaus/plexus/plexus-utils/2.0.5/plexus-utils-2.0.5.jar
7f780c01d000-7f780c01e000 r--s 00005000 08:05 583253                     /home/giorgos/.m2/repository/org/apache/maven/plugins/maven-clean-plugin/2.4.1/maven-clean-plugin-2.4.1.jar
7f780c01e000-7f780c023000 r--s 000a3000 08:03 427823                     /usr/lib/jvm/jdk1.8.0_211/jre/lib/jsse.jar
7f780c023000-7f780c025000 r--s 0000d000 08:05 140336                     /home/giorgos/netbeans-8.2/java/maven-nblib/netbeans-eventspy.jar
7f780c025000-7f780c027000 r--s 00026000 08:05 140345                     /home/giorgos/netbeans-8.2/java/maven/lib/maven-model-3.0.5.jar
7f780c027000-7f780c029000 r--s 00006000 08:05 140300                     /home/giorgos/netbeans-8.2/java/maven/lib/aether-connector-wagon-1.13.1.jar
7f780c029000-7f780c02b000 r--s 0000b000 08:05 140319                     /home/giorgos/netbeans-8.2/java/maven/lib/wagon-provider-api-2.10.jar
7f780c02b000-7f780c02f000 r--s 00021000 08:05 140309                     /home/giorgos/netbeans-8.2/java/maven/lib/maven-model-builder-3.0.5.jar
7f780c02f000-7f780c04e000 r--s 00154000 08:05 140353                     /home/giorgos/netbeans-8.2/java/maven/lib/sisu-guava-0.9.9.jar
7f780c04e000-7f780c04f000 ---p 00000000 00:00 0 
7f780c04f000-7f780c052000 ---p 00000000 00:00 0 
7f780c052000-7f780c14f000 rw-p 00000000 00:00 0 
7f780c14f000-7f780c152000 ---p 00000000 00:00 0 
7f780c152000-7f7810000000 rw-p 00000000 00:00 0 
7f7810000000-7f7810021000 rw-p 00000000 00:00 0 
7f7810021000-7f7814000000 ---p 00000000 00:00 0 
7f7814000000-7f7814001000 r--p 00000000 00:00 0 
7f7814001000-7f7814002000 r--s 0000a000 08:05 140331                     /home/giorgos/netbeans-8.2/java/maven/lib/maven-embedder-3.0.5.jar
7f7814002000-7f7814004000 r--s 0000b000 08:05 140325                     /home/giorgos/netbeans-8.2/java/maven/lib/maven-plugin-api-3.0.5.jar
7f7814004000-7f7814006000 r--s 0000b000 08:05 140330                     /home/giorgos/netbeans-8.2/java/maven/lib/maven-artifact-3.0.5.jar
7f7814006000-7f7814008000 r--s 00009000 08:05 140356                     /home/giorgos/netbeans-8.2/java/maven/lib/commons-cli-1.2.jar
7f7814008000-7f781400a000 r--s 0000d000 08:05 140311                     /home/giorgos/netbeans-8.2/java/maven/lib/plexus-interpolation-1.14.jar
7f781400a000-7f781400e000 r--s 00013000 08:05 140347                     /home/giorgos/netbeans-8.2/java/maven/lib/aether-api-1.13.1.jar
7f781400e000-7f7814014000 r--s 0003f000 08:05 140343                     /home/giorgos/netbeans-8.2/java/maven/lib/maven-compat-3.0.5.jar
7f7814014000-7f7814015000 r--s 00003000 08:05 140348                     /home/giorgos/netbeans-8.2/java/maven/lib/aether-spi-1.13.1.jar
7f7814015000-7f781401c000 r--s 0003f000 08:05 140326                     /home/giorgos/netbeans-8.2/java/maven/lib/sisu-inject-bean-2.3.0.jar
7f781401c000-7f781404b000 r--s 001c8000 08:05 140324                     /home/giorgos/netbeans-8.2/java/maven/lib/wagon-http-2.10-shaded.jar
7f781404b000-7f781404e000 ---p 00000000 00:00 0 
7f781404e000-7f781414c000 rw-p 00000000 00:00 0 
7f781414c000-7f781414f000 ---p 00000000 00:00 0 
7f781414f000-7f781424d000 rw-p 00000000 00:00 0 
7f781424d000-7f781424e000 ---p 00000000 00:00 0 
7f781424e000-7f7815f71000 rw-p 00000000 00:00 0 
7f7815f71000-7f781614b000 r--s 03d6d000 08:03 427753                     /usr/lib/jvm/jdk1.8.0_211/jre/lib/rt.jar
7f781614b000-7f7816d26000 rw-p 00000000 00:00 0 
7f7816d26000-7f7816d27000 ---p 00000000 00:00 0 
7f7816d27000-7f7816e27000 rw-p 00000000 00:00 0 
7f7816e27000-7f7816e28000 ---p 00000000 00:00 0 
7f7816e28000-7f7816f28000 rw-p 00000000 00:00 0 
7f7816f28000-7f7816f29000 ---p 00000000 00:00 0 
7f7816f29000-7f7817029000 rw-p 00000000 00:00 0 
7f7817029000-7f781702a000 ---p 00000000 00:00 0 
7f781702a000-7f781712a000 rw-p 00000000 00:00 0 
7f781712a000-7f781712b000 ---p 00000000 00:00 0 
7f781712b000-7f781722b000 rw-p 00000000 00:00 0 
7f781722b000-7f781722c000 ---p 00000000 00:00 0 
7f781722c000-7f781732c000 rw-p 00000000 00:00 0 
7f781732c000-7f781732d000 ---p 00000000 00:00 0 
7f781732d000-7f781742d000 rw-p 00000000 00:00 0 
7f781742d000-7f781742e000 ---p 00000000 00:00 0 
7f781742e000-7f7817558000 rw-p 00000000 00:00 0 
7f7817558000-7f78177c0000 ---p 00000000 00:00 0 
7f78177c0000-7f78177ea000 rw-p 00000000 00:00 0 
7f78177ea000-7f7817a52000 ---p 00000000 00:00 0 
7f7817a52000-7f7817a9c000 rw-p 00000000 00:00 0 
7f7817a9c000-7f7817b9b000 ---p 00000000 00:00 0 
7f7817b9b000-7f7817bd1000 rw-p 00000000 00:00 0 
7f7817bd1000-7f7817f5c000 ---p 00000000 00:00 0 
7f7817f5c000-7f7818c9c000 rwxp 00000000 00:00 0 
7f7818c9c000-7f7826f5c000 ---p 00000000 00:00 0 
7f7826f5c000-7f7826f77000 r-xp 00000000 08:03 528981                     /usr/lib/jvm/jdk1.8.0_211/jre/lib/amd64/libzip.so
7f7826f77000-7f7827176000 ---p 0001b000 08:03 528981                     /usr/lib/jvm/jdk1.8.0_211/jre/lib/amd64/libzip.so
7f7827176000-7f7827177000 r--p 0001a000 08:03 528981                     /usr/lib/jvm/jdk1.8.0_211/jre/lib/amd64/libzip.so
7f7827177000-7f7827178000 rw-p 0001b000 08:03 528981                     /usr/lib/jvm/jdk1.8.0_211/jre/lib/amd64/libzip.so
7f7827178000-7f7827183000 r-xp 00000000 08:03 529911                     /lib/x86_64-linux-gnu/libnss_files-2.27.so
7f7827183000-7f7827382000 ---p 0000b000 08:03 529911                     /lib/x86_64-linux-gnu/libnss_files-2.27.so
7f7827382000-7f7827383000 r--p 0000a000 08:03 529911                     /lib/x86_64-linux-gnu/libnss_files-2.27.so
7f7827383000-7f7827384000 rw-p 0000b000 08:03 529911                     /lib/x86_64-linux-gnu/libnss_files-2.27.so
7f7827384000-7f782738a000 rw-p 00000000 00:00 0 
7f782738a000-7f78273a1000 r-xp 00000000 08:03 529905                     /lib/x86_64-linux-gnu/libnsl-2.27.so
7f78273a1000-7f78275a0000 ---p 00017000 08:03 529905                     /lib/x86_64-linux-gnu/libnsl-2.27.so
7f78275a0000-7f78275a1000 r--p 00016000 08:03 529905                     /lib/x86_64-linux-gnu/libnsl-2.27.so
7f78275a1000-7f78275a2000 rw-p 00017000 08:03 529905                     /lib/x86_64-linux-gnu/libnsl-2.27.so
7f78275a2000-7f78275a4000 rw-p 00000000 00:00 0 
7f78275a4000-7f78275af000 r-xp 00000000 08:03 529922                     /lib/x86_64-linux-gnu/libnss_nis-2.27.so
7f78275af000-7f78277ae000 ---p 0000b000 08:03 529922                     /lib/x86_64-linux-gnu/libnss_nis-2.27.so
7f78277ae000-7f78277af000 r--p 0000a000 08:03 529922                     /lib/x86_64-linux-gnu/libnss_nis-2.27.so
7f78277af000-7f78277b0000 rw-p 0000b000 08:03 529922                     /lib/x86_64-linux-gnu/libnss_nis-2.27.so
7f78277b0000-7f78277b8000 r-xp 00000000 08:03 529907                     /lib/x86_64-linux-gnu/libnss_compat-2.27.so
7f78277b8000-7f78279b8000 ---p 00008000 08:03 529907                     /lib/x86_64-linux-gnu/libnss_compat-2.27.so
7f78279b8000-7f78279b9000 r--p 00008000 08:03 529907                     /lib/x86_64-linux-gnu/libnss_compat-2.27.so
7f78279b9000-7f78279ba000 rw-p 00009000 08:03 529907                     /lib/x86_64-linux-gnu/libnss_compat-2.27.so
7f78279ba000-7f78279e6000 r-xp 00000000 08:03 528963                     /usr/lib/jvm/jdk1.8.0_211/jre/lib/amd64/libjava.so
7f78279e6000-7f7827be6000 ---p 0002c000 08:03 528963                     /usr/lib/jvm/jdk1.8.0_211/jre/lib/amd64/libjava.so
7f7827be6000-7f7827be7000 r--p 0002c000 08:03 528963                     /usr/lib/jvm/jdk1.8.0_211/jre/lib/amd64/libjava.so
7f7827be7000-7f7827be9000 rw-p 0002d000 08:03 528963                     /usr/lib/jvm/jdk1.8.0_211/jre/lib/amd64/libjava.so
7f7827be9000-7f7827bf6000 r-xp 00000000 08:03 528945                     /usr/lib/jvm/jdk1.8.0_211/jre/lib/amd64/libverify.so
7f7827bf6000-7f7827df5000 ---p 0000d000 08:03 528945                     /usr/lib/jvm/jdk1.8.0_211/jre/lib/amd64/libverify.so
7f7827df5000-7f7827df7000 r--p 0000c000 08:03 528945                     /usr/lib/jvm/jdk1.8.0_211/jre/lib/amd64/libverify.so
7f7827df7000-7f7827df8000 rw-p 0000e000 08:03 528945                     /usr/lib/jvm/jdk1.8.0_211/jre/lib/amd64/libverify.so
7f7827df8000-7f7827dff000 r-xp 00000000 08:03 529962                     /lib/x86_64-linux-gnu/librt-2.27.so
7f7827dff000-7f7827ffe000 ---p 00007000 08:03 529962                     /lib/x86_64-linux-gnu/librt-2.27.so
7f7827ffe000-7f7827fff000 r--p 00006000 08:03 529962                     /lib/x86_64-linux-gnu/librt-2.27.so
7f7827fff000-7f7828000000 rw-p 00007000 08:03 529962                     /lib/x86_64-linux-gnu/librt-2.27.so
7f7828000000-7f782913a000 rw-p 00000000 00:00 0 
7f782913a000-7f782c000000 ---p 00000000 00:00 0 
7f782c000000-7f782c002000 r--s 0000a000 08:05 140332                     /home/giorgos/netbeans-8.2/java/maven/lib/maven-settings-3.0.5.jar
7f782c002000-7f782c004000 r--s 00002000 08:05 140346                     /home/giorgos/netbeans-8.2/java/maven/lib/plexus-cipher-1.7.jar
7f782c004000-7f782c006000 r--s 00006000 08:05 140295                     /home/giorgos/netbeans-8.2/java/maven/lib/maven-repository-metadata-3.0.5.jar
7f782c006000-7f782c012000 r--s 0007d000 08:05 140352                     /home/giorgos/netbeans-8.2/java/maven/lib/maven-core-3.0.5.jar
7f782c012000-7f782c0d7000 rw-p 00000000 00:00 0 
7f782c0d7000-7f782c274000 r-xp 00000000 08:03 529884                     /lib/x86_64-linux-gnu/libm-2.27.so
7f782c274000-7f782c473000 ---p 0019d000 08:03 529884                     /lib/x86_64-linux-gnu/libm-2.27.so
7f782c473000-7f782c474000 r--p 0019c000 08:03 529884                     /lib/x86_64-linux-gnu/libm-2.27.so
7f782c474000-7f782c475000 rw-p 0019d000 08:03 529884                     /lib/x86_64-linux-gnu/libm-2.27.so
7f782c475000-7f782d15d000 r-xp 00000000 08:03 528977                     /usr/lib/jvm/jdk1.8.0_211/jre/lib/amd64/server/libjvm.so
7f782d15d000-7f782d35c000 ---p 00ce8000 08:03 528977                     /usr/lib/jvm/jdk1.8.0_211/jre/lib/amd64/server/libjvm.so
7f782d35c000-7f782d3f2000 r--p 00ce7000 08:03 528977                     /usr/lib/jvm/jdk1.8.0_211/jre/lib/amd64/server/libjvm.so
7f782d3f2000-7f782d423000 rw-p 00d7d000 08:03 528977                     /usr/lib/jvm/jdk1.8.0_211/jre/lib/amd64/server/libjvm.so
7f782d423000-7f782d45e000 rw-p 00000000 00:00 0 
7f782d45e000-7f782d645000 r-xp 00000000 08:03 529821                     /lib/x86_64-linux-gnu/libc-2.27.so
7f782d645000-7f782d845000 ---p 001e7000 08:03 529821                     /lib/x86_64-linux-gnu/libc-2.27.so
7f782d845000-7f782d849000 r--p 001e7000 08:03 529821                     /lib/x86_64-linux-gnu/libc-2.27.so
7f782d849000-7f782d84b000 rw-p 001eb000 08:03 529821                     /lib/x86_64-linux-gnu/libc-2.27.so
7f782d84b000-7f782d84f000 rw-p 00000000 00:00 0 
7f782d84f000-7f782d852000 r-xp 00000000 08:03 529844                     /lib/x86_64-linux-gnu/libdl-2.27.so
7f782d852000-7f782da51000 ---p 00003000 08:03 529844                     /lib/x86_64-linux-gnu/libdl-2.27.so
7f782da51000-7f782da52000 r--p 00002000 08:03 529844                     /lib/x86_64-linux-gnu/libdl-2.27.so
7f782da52000-7f782da53000 rw-p 00003000 08:03 529844                     /lib/x86_64-linux-gnu/libdl-2.27.so
7f782da53000-7f782da6a000 r-xp 00000000 08:03 427011                     /usr/lib/jvm/jdk1.8.0_211/lib/amd64/jli/libjli.so
7f782da6a000-7f782dc69000 ---p 00017000 08:03 427011                     /usr/lib/jvm/jdk1.8.0_211/lib/amd64/jli/libjli.so
7f782dc69000-7f782dc6a000 r--p 00016000 08:03 427011                     /usr/lib/jvm/jdk1.8.0_211/lib/amd64/jli/libjli.so
7f782dc6a000-7f782dc6b000 rw-p 00017000 08:03 427011                     /usr/lib/jvm/jdk1.8.0_211/lib/amd64/jli/libjli.so
7f782dc6b000-7f782dc85000 r-xp 00000000 08:03 529954                     /lib/x86_64-linux-gnu/libpthread-2.27.so
7f782dc85000-7f782de84000 ---p 0001a000 08:03 529954                     /lib/x86_64-linux-gnu/libpthread-2.27.so
7f782de84000-7f782de85000 r--p 00019000 08:03 529954                     /lib/x86_64-linux-gnu/libpthread-2.27.so
7f782de85000-7f782de86000 rw-p 0001a000 08:03 529954                     /lib/x86_64-linux-gnu/libpthread-2.27.so
7f782de86000-7f782de8a000 rw-p 00000000 00:00 0 
7f782de8a000-7f782deb1000 r-xp 00000000 08:03 529793                     /lib/x86_64-linux-gnu/ld-2.27.so
7f782deb1000-7f782deb2000 r--s 00002000 08:05 140327                     /home/giorgos/netbeans-8.2/java/maven/lib/wagon-http-shared-2.10.jar
7f782deb2000-7f782deb4000 r--s 0000c000 08:05 140303                     /home/giorgos/netbeans-8.2/java/maven/lib/maven-aether-provider-3.0.5.jar
7f782deb4000-7f782deb7000 r--s 0001d000 08:05 140340                     /home/giorgos/netbeans-8.2/java/maven/lib/aether-impl-1.13.1.jar
7f782deb7000-7f782deb8000 r--s 00006000 08:05 140310                     /home/giorgos/netbeans-8.2/java/maven/lib/plexus-sec-dispatcher-1.3.jar
7f782deb8000-7f782deba000 r--s 00000000 08:05 140292                     /home/giorgos/netbeans-8.2/java/maven/lib/plexus-component-annotations-1.5.5.jar
7f782deba000-7f782debb000 r--s 00002000 08:05 140354                     /home/giorgos/netbeans-8.2/java/maven/lib/wagon-file-2.10.jar
7f782debb000-7f782debf000 r--s 0001c000 08:05 140342                     /home/giorgos/netbeans-8.2/java/maven/lib/aether-util-1.13.1.jar
7f782debf000-7f782dec7000 r--s 00050000 08:05 140318                     /home/giorgos/netbeans-8.2/java/maven/lib/sisu-guice-3.1.0-no_aop.jar
7f782dec7000-7f782df92000 rw-p 00000000 00:00 0 
7f782df92000-7f782df93000 ---p 00000000 00:00 0 
7f782df93000-7f782df96000 ---p 00000000 00:00 0 
7f782df96000-7f782e095000 rw-p 00000000 00:00 0 
7f782e095000-7f782e09c000 r--s 0002b000 08:05 140316                     /home/giorgos/netbeans-8.2/java/maven/lib/sisu-inject-plexus-2.3.0.jar
7f782e09c000-7f782e09f000 r--s 00008000 08:05 140301                     /home/giorgos/netbeans-8.2/java/maven/lib/maven-settings-builder-3.0.5.jar
7f782e09f000-7f782e0a3000 r--s 00033000 08:05 140339                     /home/giorgos/netbeans-8.2/java/maven/lib/plexus-utils-2.0.6.jar
7f782e0a3000-7f782e0a5000 r--s 0000a000 08:05 140321                     /home/giorgos/netbeans-8.2/java/maven/boot/plexus-classworlds-2.4.jar
7f782e0a5000-7f782e0ad000 rw-s 00000000 08:03 9163                       /tmp/hsperfdata_giorgos/4603
7f782e0ad000-7f782e0ae000 rw-p 00000000 00:00 0 
7f782e0ae000-7f782e0af000 ---p 00000000 00:00 0 
7f782e0af000-7f782e0b1000 rw-p 00000000 00:00 0 
7f782e0b1000-7f782e0b2000 r--p 00027000 08:03 529793                     /lib/x86_64-linux-gnu/ld-2.27.so
7f782e0b2000-7f782e0b3000 rw-p 00028000 08:03 529793                     /lib/x86_64-linux-gnu/ld-2.27.so
7f782e0b3000-7f782e0b4000 rw-p 00000000 00:00 0 
7ffeada0b000-7ffeada2c000 rw-p 00000000 00:00 0                          [stack]
7ffeadb25000-7ffeadb28000 r--p 00000000 00:00 0                          [vvar]
7ffeadb28000-7ffeadb2a000 r-xp 00000000 00:00 0                          [vdso]
ffffffffff600000-ffffffffff601000 r-xp 00000000 00:00 0                  [vsyscall]

VM Arguments:
jvm_args: -Dclassworlds.conf=/home/giorgos/netbeans-8.2/java/maven/bin/m2.conf -Dmaven.home=/home/giorgos/netbeans-8.2/java/maven 
java_command: org.codehaus.plexus.classworlds.launcher.Launcher -Dmaven.ext.class.path=/home/giorgos/netbeans-8.2/java/maven-nblib/netbeans-eventspy.jar clean install
java_class_path (initial): /home/giorgos/netbeans-8.2/java/maven/boot/plexus-classworlds-2.4.jar
Launcher Type: SUN_STANDARD

Environment Variables:
JAVA_HOME=/usr/lib/jvm/jdk1.8.0_211
PATH=/home/giorgos/.local/bin:/usr/local/sbin:/usr/local/bin:/usr/sbin:/usr/bin:/sbin:/bin:/usr/games:/usr/local/games:/usr/lib/jvm/jdk1.8.0_211/bin:/usr/lib/jvm/jdk1.8.0_211/db/bin:/usr/lib/jvm/jdk1.8.0_211/jre/bin:/snap/bin
USERNAME=giorgos
LD_LIBRARY_PATH=/usr/lib/jvm/jdk1.8.0_211/jre/lib/amd64:/usr/lib/jvm/jdk1.8.0_211/jre/lib/i386:
SHELL=/bin/bash
DISPLAY=:0

Signal Handlers:
SIGSEGV: [libjvm.so+0xad3d90], sa_mask[0]=11111111011111111101111111111110, sa_flags=SA_RESTART|SA_SIGINFO
SIGBUS: [libjvm.so+0xad3d90], sa_mask[0]=11111111011111111101111111111110, sa_flags=SA_RESTART|SA_SIGINFO
SIGFPE: [libjvm.so+0x90b8b0], sa_mask[0]=11111111011111111101111111111110, sa_flags=SA_RESTART|SA_SIGINFO
SIGPIPE: [libjvm.so+0x90b8b0], sa_mask[0]=11111111011111111101111111111110, sa_flags=SA_RESTART|SA_SIGINFO
SIGXFSZ: [libjvm.so+0x90b8b0], sa_mask[0]=11111111011111111101111111111110, sa_flags=SA_RESTART|SA_SIGINFO
SIGILL: [libjvm.so+0x90b8b0], sa_mask[0]=11111111011111111101111111111110, sa_flags=SA_RESTART|SA_SIGINFO
SIGUSR1: SIG_DFL, sa_mask[0]=00000000000000000000000000000000, sa_flags=none
SIGUSR2: [libjvm.so+0x90b780], sa_mask[0]=00100000000000000000000000000000, sa_flags=SA_RESTART|SA_SIGINFO
SIGHUP: [libjvm.so+0x90bda0], sa_mask[0]=11111111011111111101111111111110, sa_flags=SA_RESTART|SA_SIGINFO
SIGINT: SIG_IGN, sa_mask[0]=00000000000000000000000000000000, sa_flags=none
SIGTERM: [libjvm.so+0x90bda0], sa_mask[0]=11111111011111111101111111111110, sa_flags=SA_RESTART|SA_SIGINFO
SIGQUIT: [libjvm.so+0x90bda0], sa_mask[0]=11111111011111111101111111111110, sa_flags=SA_RESTART|SA_SIGINFO


---------------  S Y S T E M  ---------------

OS:DISTRIB_ID=Ubuntu
DISTRIB_RELEASE=18.04
DISTRIB_CODENAME=bionic
DISTRIB_DESCRIPTION="Ubuntu 18.04.2 LTS"

uname:Linux 4.18.0-25-generic #26~18.04.1-Ubuntu SMP Thu Jun 27 07:28:31 UTC 2019 x86_64
libc:glibc 2.27 NPTL 2.27 
rlimit: STACK 8192k, CORE 0k, NPROC 31394, NOFILE 1048576, AS infinity
load average:0,58 0,68 0,92

/proc/meminfo:
MemTotal:        8082336 kB
MemFree:          126924 kB
MemAvailable:      52652 kB
Buffers:            7028 kB
Cached:           429300 kB
SwapCached:         4868 kB
Active:          6619292 kB
Inactive:         952684 kB
Active(anon):    6582356 kB
Inactive(anon):   912608 kB
Active(file):      36936 kB
Inactive(file):    40076 kB
Unevictable:          88 kB
Mlocked:              88 kB
SwapTotal:       1951740 kB
SwapFree:              0 kB
Dirty:              1356 kB
Writeback:             0 kB
AnonPages:       7133472 kB
Mapped:           185880 kB
Shmem:            357920 kB
Slab:             130376 kB
SReclaimable:      52164 kB
SUnreclaim:        78212 kB
KernelStack:       19584 kB
PageTables:       102072 kB
NFS_Unstable:          0 kB
Bounce:                0 kB
WritebackTmp:          0 kB
CommitLimit:     5992908 kB
Committed_AS:   17751856 kB
VmallocTotal:   34359738367 kB
VmallocUsed:           0 kB
VmallocChunk:          0 kB
HardwareCorrupted:     0 kB
AnonHugePages:         0 kB
ShmemHugePages:        0 kB
ShmemPmdMapped:        0 kB
CmaTotal:              0 kB
CmaFree:               0 kB
HugePages_Total:       0
HugePages_Free:        0
HugePages_Rsvd:        0
HugePages_Surp:        0
Hugepagesize:       2048 kB
Hugetlb:               0 kB
DirectMap4k:      389888 kB
DirectMap2M:     7913472 kB
DirectMap1G:     1048576 kB

container (cgroup) information:
container_type: cgroupv1
cpu_cpuset_cpus: 0-7
cpu_memory_nodes: 0
active_processor_count: 8
cpu_quota: -1
cpu_period: 100000
cpu_shares: -1
memory_limit_in_bytes: -1
memory_and_swap_limit_in_bytes: -2
memory_soft_limit_in_bytes: -1
memory_usage_in_bytes: 7753973760
memory_max_usage_in_bytes: 29609984


CPU:total 8 (initial active 8) (4 cores per cpu, 2 threads per core) family 6 model 60 stepping 3, cmov, cx8, fxsr, mmx, sse, sse2, sse3, ssse3, sse4.1, sse4.2, popcnt, avx, avx2, aes, clmul, erms, lzcnt, ht, tsc, tscinvbit, bmi1, bmi2

/proc/cpuinfo:
processor	: 0
vendor_id	: GenuineIntel
cpu family	: 6
model		: 60
model name	: Intel(R) Core(TM) i7-4710HQ CPU @ 2.50GHz
stepping	: 3
microcode	: 0x27
cpu MHz		: 3248.953
cache size	: 6144 KB
physical id	: 0
siblings	: 8
core id		: 0
cpu cores	: 4
apicid		: 0
initial apicid	: 0
fpu		: yes
fpu_exception	: yes
cpuid level	: 13
wp		: yes
flags		: fpu vme de pse tsc msr pae mce cx8 apic sep mtrr pge mca cmov pat pse36 clflush dts acpi mmx fxsr sse sse2 ss ht tm pbe syscall nx pdpe1gb rdtscp lm constant_tsc arch_perfmon pebs bts rep_good nopl xtopology nonstop_tsc cpuid aperfmperf pni pclmulqdq dtes64 monitor ds_cpl vmx est tm2 ssse3 sdbg fma cx16 xtpr pdcm pcid sse4_1 sse4_2 x2apic movbe popcnt tsc_deadline_timer aes xsave avx f16c rdrand lahf_lm abm cpuid_fault epb invpcid_single pti ssbd ibrs ibpb stibp tpr_shadow vnmi flexpriority ept vpid fsgsbase tsc_adjust bmi1 avx2 smep bmi2 erms invpcid xsaveopt dtherm ida arat pln pts md_clear flush_l1d
bugs		: cpu_meltdown spectre_v1 spectre_v2 spec_store_bypass l1tf mds
bogomips	: 4988.83
clflush size	: 64
cache_alignment	: 64
address sizes	: 39 bits physical, 48 bits virtual
power management:

processor	: 1
vendor_id	: GenuineIntel
cpu family	: 6
model		: 60
model name	: Intel(R) Core(TM) i7-4710HQ CPU @ 2.50GHz
stepping	: 3
microcode	: 0x27
cpu MHz		: 3250.416
cache size	: 6144 KB
physical id	: 0
siblings	: 8
core id		: 0
cpu cores	: 4
apicid		: 1
initial apicid	: 1
fpu		: yes
fpu_exception	: yes
cpuid level	: 13
wp		: yes
flags		: fpu vme de pse tsc msr pae mce cx8 apic sep mtrr pge mca cmov pat pse36 clflush dts acpi mmx fxsr sse sse2 ss ht tm pbe syscall nx pdpe1gb rdtscp lm constant_tsc arch_perfmon pebs bts rep_good nopl xtopology nonstop_tsc cpuid aperfmperf pni pclmulqdq dtes64 monitor ds_cpl vmx est tm2 ssse3 sdbg fma cx16 xtpr pdcm pcid sse4_1 sse4_2 x2apic movbe popcnt tsc_deadline_timer aes xsave avx f16c rdrand lahf_lm abm cpuid_fault epb invpcid_single pti ssbd ibrs ibpb stibp tpr_shadow vnmi flexpriority ept vpid fsgsbase tsc_adjust bmi1 avx2 smep bmi2 erms invpcid xsaveopt dtherm ida arat pln pts md_clear flush_l1d
bugs		: cpu_meltdown spectre_v1 spectre_v2 spec_store_bypass l1tf mds
bogomips	: 4988.83
clflush size	: 64
cache_alignment	: 64
address sizes	: 39 bits physical, 48 bits virtual
power management:

processor	: 2
vendor_id	: GenuineIntel
cpu family	: 6
model		: 60
model name	: Intel(R) Core(TM) i7-4710HQ CPU @ 2.50GHz
stepping	: 3
microcode	: 0x27
cpu MHz		: 3281.916
cache size	: 6144 KB
physical id	: 0
siblings	: 8
core id		: 1
cpu cores	: 4
apicid		: 2
initial apicid	: 2
fpu		: yes
fpu_exception	: yes
cpuid level	: 13
wp		: yes
flags		: fpu vme de pse tsc msr pae mce cx8 apic sep mtrr pge mca cmov pat pse36 clflush dts acpi mmx fxsr sse sse2 ss ht tm pbe syscall nx pdpe1gb rdtscp lm constant_tsc arch_perfmon pebs bts rep_good nopl xtopology nonstop_tsc cpuid aperfmperf pni pclmulqdq dtes64 monitor ds_cpl vmx est tm2 ssse3 sdbg fma cx16 xtpr pdcm pcid sse4_1 sse4_2 x2apic movbe popcnt tsc_deadline_timer aes xsave avx f16c rdrand lahf_lm abm cpuid_fault epb invpcid_single pti ssbd ibrs ibpb stibp tpr_shadow vnmi flexpriority ept vpid fsgsbase tsc_adjust bmi1 avx2 smep bmi2 erms invpcid xsaveopt dtherm ida arat pln pts md_clear flush_l1d
bugs		: cpu_meltdown spectre_v1 spectre_v2 spec_store_bypass l1tf mds
bogomips	: 4988.83
clflush size	: 64
cache_alignment	: 64
address sizes	: 39 bits physical, 48 bits virtual
power management:

processor	: 3
vendor_id	: GenuineIntel
cpu family	: 6
model		: 60
model name	: Intel(R) Core(TM) i7-4710HQ CPU @ 2.50GHz
stepping	: 3
microcode	: 0x27
cpu MHz		: 3223.999
cache size	: 6144 KB
physical id	: 0
siblings	: 8
core id		: 1
cpu cores	: 4
apicid		: 3
initial apicid	: 3
fpu		: yes
fpu_exception	: yes
cpuid level	: 13
wp		: yes
flags		: fpu vme de pse tsc msr pae mce cx8 apic sep mtrr pge mca cmov pat pse36 clflush dts acpi mmx fxsr sse sse2 ss ht tm pbe syscall nx pdpe1gb rdtscp lm constant_tsc arch_perfmon pebs bts rep_good nopl xtopology nonstop_tsc cpuid aperfmperf pni pclmulqdq dtes64 monitor ds_cpl vmx est tm2 ssse3 sdbg fma cx16 xtpr pdcm pcid sse4_1 sse4_2 x2apic movbe popcnt tsc_deadline_timer aes xsave avx f16c rdrand lahf_lm abm cpuid_fault epb invpcid_single pti ssbd ibrs ibpb stibp tpr_shadow vnmi flexpriority ept vpid fsgsbase tsc_adjust bmi1 avx2 smep bmi2 erms invpcid xsaveopt dtherm ida arat pln pts md_clear flush_l1d
bugs		: cpu_meltdown spectre_v1 spectre_v2 spec_store_bypass l1tf mds
bogomips	: 4988.83
clflush size	: 64
cache_alignment	: 64
address sizes	: 39 bits physical, 48 bits virtual
power management:

processor	: 4
vendor_id	: GenuineIntel
cpu family	: 6
model		: 60
model name	: Intel(R) Core(TM) i7-4710HQ CPU @ 2.50GHz
stepping	: 3
microcode	: 0x27
cpu MHz		: 3267.269
cache size	: 6144 KB
physical id	: 0
siblings	: 8
core id		: 2
cpu cores	: 4
apicid		: 4
initial apicid	: 4
fpu		: yes
fpu_exception	: yes
cpuid level	: 13
wp		: yes
flags		: fpu vme de pse tsc msr pae mce cx8 apic sep mtrr pge mca cmov pat pse36 clflush dts acpi mmx fxsr sse sse2 ss ht tm pbe syscall nx pdpe1gb rdtscp lm constant_tsc arch_perfmon pebs bts rep_good nopl xtopology nonstop_tsc cpuid aperfmperf pni pclmulqdq dtes64 monitor ds_cpl vmx est tm2 ssse3 sdbg fma cx16 xtpr pdcm pcid sse4_1 sse4_2 x2apic movbe popcnt tsc_deadline_timer aes xsave avx f16c rdrand lahf_lm abm cpuid_fault epb invpcid_single pti ssbd ibrs ibpb stibp tpr_shadow vnmi flexpriority ept vpid fsgsbase tsc_adjust bmi1 avx2 smep bmi2 erms invpcid xsaveopt dtherm ida arat pln pts md_clear flush_l1d
bugs		: cpu_meltdown spectre_v1 spectre_v2 spec_store_bypass l1tf mds
bogomips	: 4988.83
clflush size	: 64
cache_alignment	: 64
address sizes	: 39 bits physical, 48 bits virtual
power management:

processor	: 5
vendor_id	: GenuineIntel
cpu family	: 6
model		: 60
model name	: Intel(R) Core(TM) i7-4710HQ CPU @ 2.50GHz
stepping	: 3
microcode	: 0x27
cpu MHz		: 3262.464
cache size	: 6144 KB
physical id	: 0
siblings	: 8
core id		: 2
cpu cores	: 4
apicid		: 5
initial apicid	: 5
fpu		: yes
fpu_exception	: yes
cpuid level	: 13
wp		: yes
flags		: fpu vme de pse tsc msr pae mce cx8 apic sep mtrr pge mca cmov pat pse36 clflush dts acpi mmx fxsr sse sse2 ss ht tm pbe syscall nx pdpe1gb rdtscp lm constant_tsc arch_perfmon pebs bts rep_good nopl xtopology nonstop_tsc cpuid aperfmperf pni pclmulqdq dtes64 monitor ds_cpl vmx est tm2 ssse3 sdbg fma cx16 xtpr pdcm pcid sse4_1 sse4_2 x2apic movbe popcnt tsc_deadline_timer aes xsave avx f16c rdrand lahf_lm abm cpuid_fault epb invpcid_single pti ssbd ibrs ibpb stibp tpr_shadow vnmi flexpriority ept vpid fsgsbase tsc_adjust bmi1 avx2 smep bmi2 erms invpcid xsaveopt dtherm ida arat pln pts md_clear flush_l1d
bugs		: cpu_meltdown spectre_v1 spectre_v2 spec_store_bypass l1tf mds
bogomips	: 4988.83
clflush size	: 64
cache_alignment	: 64
address sizes	: 39 bits physical, 48 bits virtual
power management:

processor	: 6
vendor_id	: GenuineIntel
cpu family	: 6
model		: 60
model name	: Intel(R) Core(TM) i7-4710HQ CPU @ 2.50GHz
stepping	: 3
microcode	: 0x27
cpu MHz		: 3282.048
cache size	: 6144 KB
physical id	: 0
siblings	: 8
core id		: 3
cpu cores	: 4
apicid		: 6
initial apicid	: 6
fpu		: yes
fpu_exception	: yes
cpuid level	: 13
wp		: yes
flags		: fpu vme de pse tsc msr pae mce cx8 apic sep mtrr pge mca cmov pat pse36 clflush dts acpi mmx fxsr sse sse2 ss ht tm pbe syscall nx pdpe1gb rdtscp lm constant_tsc arch_perfmon pebs bts rep_good nopl xtopology nonstop_tsc cpuid aperfmperf pni pclmulqdq dtes64 monitor ds_cpl vmx est tm2 ssse3 sdbg fma cx16 xtpr pdcm pcid sse4_1 sse4_2 x2apic movbe popcnt tsc_deadline_timer aes xsave avx f16c rdrand lahf_lm abm cpuid_fault epb invpcid_single pti ssbd ibrs ibpb stibp tpr_shadow vnmi flexpriority ept vpid fsgsbase tsc_adjust bmi1 avx2 smep bmi2 erms invpcid xsaveopt dtherm ida arat pln pts md_clear flush_l1d
bugs		: cpu_meltdown spectre_v1 spectre_v2 spec_store_bypass l1tf mds
bogomips	: 4988.83
clflush size	: 64
cache_alignment	: 64
address sizes	: 39 bits physical, 48 bits virtual
power management:

processor	: 7
vendor_id	: GenuineIntel
cpu family	: 6
model		: 60
model name	: Intel(R) Core(TM) i7-4710HQ CPU @ 2.50GHz
stepping	: 3
microcode	: 0x27
cpu MHz		: 3276.543
cache size	: 6144 KB
physical id	: 0
siblings	: 8
core id		: 3
cpu cores	: 4
apicid		: 7
initial apicid	: 7
fpu		: yes
fpu_exception	: yes
cpuid level	: 13
wp		: yes
flags		: fpu vme de pse tsc msr pae mce cx8 apic sep mtrr pge mca cmov pat pse36 clflush dts acpi mmx fxsr sse sse2 ss ht tm pbe syscall nx pdpe1gb rdtscp lm constant_tsc arch_perfmon pebs bts rep_good nopl xtopology nonstop_tsc cpuid aperfmperf pni pclmulqdq dtes64 monitor ds_cpl vmx est tm2 ssse3 sdbg fma cx16 xtpr pdcm pcid sse4_1 sse4_2 x2apic movbe popcnt tsc_deadline_timer aes xsave avx f16c rdrand lahf_lm abm cpuid_fault epb invpcid_single pti ssbd ibrs ibpb stibp tpr_shadow vnmi flexpriority ept vpid fsgsbase tsc_adjust bmi1 avx2 smep bmi2 erms invpcid xsaveopt dtherm ida arat pln pts md_clear flush_l1d
bugs		: cpu_meltdown spectre_v1 spectre_v2 spec_store_bypass l1tf mds
bogomips	: 4988.83
clflush size	: 64
cache_alignment	: 64
address sizes	: 39 bits physical, 48 bits virtual
power management:



Memory: 4k page, physical 8082336k(136764k free), swap 1951740k(0k free)

vm_info: Java HotSpot(TM) 64-Bit Server VM (25.211-b12) for linux-amd64 JRE (1.8.0_211-b12), built on Apr  1 2019 20:39:34 by "java_re" with gcc 7.3.0

time: Thu Jul 25 01:11:24 2019
timezone: EEST
elapsed time: 2 seconds (0d 0h 0m 2s)

