#
# There is insufficient memory for the Java Runtime Environment to continue.
# Native memory allocation (mmap) failed to map 120586240 bytes for committing reserved memory.
# Possible reasons:
#   The system is out of physical RAM or swap space
#   The process is running with CompressedOops enabled, and the Java Heap may be blocking the growth of the native heap
# Possible solutions:
#   Reduce memory load on the system
#   Increase physical memory or swap space
#   Check if swap backing store is full
#   Decrease Java heap size (-Xmx/-Xms)
#   Decrease number of Java threads
#   Decrease Java thread stack sizes (-Xss)
#   Set larger code cache with -XX:ReservedCodeCacheSize=
#   JVM is running with Unscaled Compressed Oops mode in which the Java heap is
#     placed in the first 4GB address space. The Java Heap base address is the
#     maximum limit for the native heap growth. Please use -XX:HeapBaseMinAddress
#     to set the Java Heap base and to place the Java Heap above 4GB virtual address.
# This output file may be truncated or incomplete.
#
#  Out of Memory Error (os_linux.cpp:2749), pid=1550, tid=0x00007f58d42a9700
#
# JRE version: Java(TM) SE Runtime Environment (8.0_211-b12) (build 1.8.0_211-b12)
# Java VM: Java HotSpot(TM) 64-Bit Server VM (25.211-b12 mixed mode linux-amd64 compressed oops)
# Failed to write core dump. Core dumps have been disabled. To enable core dumping, try "ulimit -c unlimited" before starting Java again
#

---------------  T H R E A D  ---------------

Current thread (0x00007f58e8081800):  VMThread [stack: 0x00007f58d41aa000,0x00007f58d42aa000] [id=1563]

Stack: [0x00007f58d41aa000,0x00007f58d42aa000],  sp=0x00007f58d42a83c0,  free space=1016k
Native frames: (J=compiled Java code, j=interpreted, Vv=VM code, C=native code)
V  [libjvm.so+0xad3455]  VMError::report_and_die()+0x2e5
V  [libjvm.so+0x4e0537]  report_vm_out_of_memory(char const*, int, unsigned long, VMErrorType, char const*)+0x67
V  [libjvm.so+0x910320]  os::pd_commit_memory(char*, unsigned long, unsigned long, bool)+0x100
V  [libjvm.so+0x90794f]  os::commit_memory(char*, unsigned long, unsigned long, bool)+0x1f
V  [libjvm.so+0x98c736]  PSVirtualSpace::expand_by(unsigned long)+0x56
V  [libjvm.so+0x98d9c8]  PSYoungGen::resize(unsigned long, unsigned long)+0xd8
V  [libjvm.so+0x98a166]  PSScavenge::invoke_no_policy()+0x1376
V  [libjvm.so+0x982b89]  PSParallelCompact::invoke(bool)+0x49
V  [libjvm.so+0x45cc53]  CollectedHeap::collect_as_vm_thread(GCCause::Cause)+0x153
V  [libjvm.so+0xad44e1]  VM_CollectForMetadataAllocation::doit()+0x161
V  [libjvm.so+0xada1c6]  VM_Operation::evaluate()+0x46
V  [libjvm.so+0xad84fd]  VMThread::evaluate_operation(VM_Operation*) [clone .constprop.44]+0xcd
V  [libjvm.so+0xad8ae3]  VMThread::loop()+0x3a3
V  [libjvm.so+0xad8eb8]  VMThread::run()+0x78
V  [libjvm.so+0x90d952]  java_start(Thread*)+0x102

VM_Operation (0x00007f58edfe4a60): CollectForMetadataAllocation, mode: safepoint, requested by thread 0x00007f58e800b800


---------------  P R O C E S S  ---------------

Java Threads: ( => current thread )
  0x00007f58e869e800 JavaThread "process reaper" daemon [_thread_blocked, id=1574, stack(0x00007f58cc015000,0x00007f58cc04e000)]
  0x00007f58e80d5800 JavaThread "Service Thread" daemon [_thread_blocked, id=1571, stack(0x00007f58c712a000,0x00007f58c722b000)]
  0x00007f58e80ca800 JavaThread "C1 CompilerThread3" daemon [_thread_blocked, id=1570, stack(0x00007f58c722c000,0x00007f58c732c000)]
  0x00007f58e80c8000 JavaThread "C2 CompilerThread2" daemon [_thread_blocked, id=1569, stack(0x00007f58c732d000,0x00007f58c742d000)]
  0x00007f58e80c6800 JavaThread "C2 CompilerThread1" daemon [_thread_in_native, id=1568, stack(0x00007f58c742e000,0x00007f58c752e000)]
  0x00007f58e80c3800 JavaThread "C2 CompilerThread0" daemon [_thread_blocked, id=1567, stack(0x00007f58c752f000,0x00007f58c762f000)]
  0x00007f58e80c2000 JavaThread "Signal Dispatcher" daemon [_thread_blocked, id=1566, stack(0x00007f58cc04e000,0x00007f58cc14f000)]
  0x00007f58e808e000 JavaThread "Finalizer" daemon [_thread_blocked, id=1565, stack(0x00007f58cc14f000,0x00007f58cc250000)]
  0x00007f58e808b800 JavaThread "Reference Handler" daemon [_thread_blocked, id=1564, stack(0x00007f58d40a8000,0x00007f58d41a9000)]
  0x00007f58e800b800 JavaThread "main" [_thread_blocked, id=1554, stack(0x00007f58edee8000,0x00007f58edfe8000)]

Other Threads:
=>0x00007f58e8081800 VMThread [stack: 0x00007f58d41aa000,0x00007f58d42aa000] [id=1563]
  0x00007f58e80d8000 WatcherThread [stack: 0x00007f58c702a000,0x00007f58c712a000] [id=1572]

VM state:at safepoint (normal execution)

VM Mutex/Monitor currently owned by a thread:  ([mutex/lock_event])
[0x00007f58e8007db0] Threads_lock - owner thread: 0x00007f58e8081800
[0x00007f58e80082b0] Heap_lock - owner thread: 0x00007f58e800b800
[0x00007f58e8008830] MethodData_lock - owner thread: 0x00007f58e800b800

heap address: 0x0000000084a00000, size: 1974 MB, Compressed Oops mode: 32-bit
Narrow klass base: 0x0000000000000000, Narrow klass shift: 3
Compressed class space size: 1073741824 Address: 0x0000000100000000

Heap:
 PSYoungGen      total 136192K, used 9010K [0x00000000d6e00000, 0x00000000e0500000, 0x0000000100000000)
  eden space 122368K, 0% used [0x00000000d6e00000,0x00000000d6e00000,0x00000000de580000)
  from space 13824K, 65% used [0x00000000de580000,0x00000000dee4ca38,0x00000000df300000)
  to   space 9216K, 0% used [0x00000000df300000,0x00000000df300000,0x00000000dfc00000)
 ParOldGen       total 84992K, used 18240K [0x0000000084a00000, 0x0000000089d00000, 0x00000000d6e00000)
  object space 84992K, 21% used [0x0000000084a00000,0x0000000085bd0120,0x0000000089d00000)
 Metaspace       used 20672K, capacity 21078K, committed 21296K, reserved 1069056K
  class space    used 2432K, capacity 2593K, committed 2688K, reserved 1048576K

Card table byte_map: [0x00007f58d77c0000,0x00007f58d7b9c000] byte_map_base: 0x00007f58d739b000

Marking Bits: (ParMarkBitMap*) 0x00007f58ed395d80
 Begin Bits: [0x00007f58cc250000, 0x00007f58ce128000)
 End Bits:   [0x00007f58ce128000, 0x00007f58d0000000)

Polling page: 0x00007f58ee003000

CodeCache: size=245760Kb used=13733Kb max_used=13733Kb free=232026Kb
 bounds [0x00007f58d7f5c000, 0x00007f58d8cdc000, 0x00007f58e6f5c000]
 total_blobs=4146 nmethods=3771 adapters=286
 compilation: enabled

Compilation events (10 events):
Event: 2,837 Thread 0x00007f58e80ca800 nmethod 3791 0x00007f58d8ccba10 code [0x00007f58d8ccbe60, 0x00007f58d8cce978]
Event: 2,837 Thread 0x00007f58e80ca800 3794       1       java.util.HashMap::afterNodeRemoval (1 bytes)
Event: 2,837 Thread 0x00007f58e80ca800 nmethod 3794 0x00007f58d8cbf090 code [0x00007f58d8cbf1e0, 0x00007f58d8cbf2f0]
Event: 2,837 Thread 0x00007f58e80ca800 3795       3       com.sun.tools.javac.code.Scope$CompoundScope$CompoundScopeIterator::update (58 bytes)
Event: 2,837 Thread 0x00007f58e80ca800 nmethod 3795 0x00007f58d8cc8350 code [0x00007f58d8cc8500, 0x00007f58d8cc8b38]
Event: 2,837 Thread 0x00007f58e80ca800 3789       3       com.sun.tools.javac.util.ByteBuffer::appendByte (34 bytes)
Event: 2,837 Thread 0x00007f58e80ca800 nmethod 3789 0x00007f58d8cc7a50 code [0x00007f58d8cc7be0, 0x00007f58d8cc80a8]
Event: 2,837 Thread 0x00007f58e80ca800 3792       3       com.sun.tools.javac.code.Scope$CompoundScope$2$1::nextIterator (24 bytes)
Event: 2,838 Thread 0x00007f58e80ca800 nmethod 3792 0x00007f58d8cd0290 code [0x00007f58d8cd0420, 0x00007f58d8cd0718]
Event: 2,838 Thread 0x00007f58e80ca800 3767       3       com.sun.tools.javac.code.Symbol$MethodSymbol::isInheritedIn (72 bytes)

GC Heap History (10 events):
Event: 1,038 GC heap after
Heap after GC invocations=2 (full 0):
 PSYoungGen      total 36864K, used 5115K [0x00000000d6e00000, 0x00000000d9700000, 0x0000000100000000)
  eden space 31744K, 0% used [0x00000000d6e00000,0x00000000d6e00000,0x00000000d8d00000)
  from space 5120K, 99% used [0x00000000d9200000,0x00000000d96feed0,0x00000000d9700000)
  to   space 5120K, 0% used [0x00000000d8d00000,0x00000000d8d00000,0x00000000d9200000)
 ParOldGen       total 84992K, used 2506K [0x0000000084a00000, 0x0000000089d00000, 0x00000000d6e00000)
  object space 84992K, 2% used [0x0000000084a00000,0x0000000084c72bd0,0x0000000089d00000)
 Metaspace       used 13070K, capacity 13400K, committed 13568K, reserved 1060864K
  class space    used 1603K, capacity 1722K, committed 1792K, reserved 1048576K
}
Event: 1,311 GC heap before
{Heap before GC invocations=3 (full 0):
 PSYoungGen      total 36864K, used 36859K [0x00000000d6e00000, 0x00000000d9700000, 0x0000000100000000)
  eden space 31744K, 100% used [0x00000000d6e00000,0x00000000d8d00000,0x00000000d8d00000)
  from space 5120K, 99% used [0x00000000d9200000,0x00000000d96feed0,0x00000000d9700000)
  to   space 5120K, 0% used [0x00000000d8d00000,0x00000000d8d00000,0x00000000d9200000)
 ParOldGen       total 84992K, used 2506K [0x0000000084a00000, 0x0000000089d00000, 0x00000000d6e00000)
  object space 84992K, 2% used [0x0000000084a00000,0x0000000084c72bd0,0x0000000089d00000)
 Metaspace       used 13472K, capacity 13788K, committed 14080K, reserved 1060864K
  class space    used 1628K, capacity 1760K, committed 1792K, reserved 1048576K
Event: 1,315 GC heap after
Heap after GC invocations=3 (full 0):
 PSYoungGen      total 36864K, used 5088K [0x00000000d6e00000, 0x00000000db600000, 0x0000000100000000)
  eden space 31744K, 0% used [0x00000000d6e00000,0x00000000d6e00000,0x00000000d8d00000)
  from space 5120K, 99% used [0x00000000d8d00000,0x00000000d91f8020,0x00000000d9200000)
  to   space 5120K, 0% used [0x00000000db100000,0x00000000db100000,0x00000000db600000)
 ParOldGen       total 84992K, used 3535K [0x0000000084a00000, 0x0000000089d00000, 0x00000000d6e00000)
  object space 84992K, 4% used [0x0000000084a00000,0x0000000084d73d98,0x0000000089d00000)
 Metaspace       used 13472K, capacity 13788K, committed 14080K, reserved 1060864K
  class space    used 1628K, capacity 1760K, committed 1792K, reserved 1048576K
}
Event: 1,548 GC heap before
{Heap before GC invocations=4 (full 0):
 PSYoungGen      total 36864K, used 36832K [0x00000000d6e00000, 0x00000000db600000, 0x0000000100000000)
  eden space 31744K, 100% used [0x00000000d6e00000,0x00000000d8d00000,0x00000000d8d00000)
  from space 5120K, 99% used [0x00000000d8d00000,0x00000000d91f8020,0x00000000d9200000)
  to   space 5120K, 0% used [0x00000000db100000,0x00000000db100000,0x00000000db600000)
 ParOldGen       total 84992K, used 3535K [0x0000000084a00000, 0x0000000089d00000, 0x00000000d6e00000)
  object space 84992K, 4% used [0x0000000084a00000,0x0000000084d73d98,0x0000000089d00000)
 Metaspace       used 13834K, capacity 14108K, committed 14336K, reserved 1062912K
  class space    used 1644K, capacity 1760K, committed 1792K, reserved 1048576K
Event: 1,554 GC heap after
Heap after GC invocations=4 (full 0):
 PSYoungGen      total 68608K, used 5088K [0x00000000d6e00000, 0x00000000db600000, 0x0000000100000000)
  eden space 63488K, 0% used [0x00000000d6e00000,0x00000000d6e00000,0x00000000dac00000)
  from space 5120K, 99% used [0x00000000db100000,0x00000000db5f8020,0x00000000db600000)
  to   space 5120K, 0% used [0x00000000dac00000,0x00000000dac00000,0x00000000db100000)
 ParOldGen       total 84992K, used 4929K [0x0000000084a00000, 0x0000000089d00000, 0x00000000d6e00000)
  object space 84992K, 5% used [0x0000000084a00000,0x0000000084ed04f0,0x0000000089d00000)
 Metaspace       used 13834K, capacity 14108K, committed 14336K, reserved 1062912K
  class space    used 1644K, capacity 1760K, committed 1792K, reserved 1048576K
}
Event: 2,027 GC heap before
{Heap before GC invocations=5 (full 0):
 PSYoungGen      total 68608K, used 68576K [0x00000000d6e00000, 0x00000000db600000, 0x0000000100000000)
  eden space 63488K, 100% used [0x00000000d6e00000,0x00000000dac00000,0x00000000dac00000)
  from space 5120K, 99% used [0x00000000db100000,0x00000000db5f8020,0x00000000db600000)
  to   space 5120K, 0% used [0x00000000dac00000,0x00000000dac00000,0x00000000db100000)
 ParOldGen       total 84992K, used 4929K [0x0000000084a00000, 0x0000000089d00000, 0x00000000d6e00000)
  object space 84992K, 5% used [0x0000000084a00000,0x0000000084ed04f0,0x0000000089d00000)
 Metaspace       used 15051K, capacity 15378K, committed 15488K, reserved 1062912K
  class space    used 1768K, capacity 1905K, committed 1920K, reserved 1048576K
Event: 2,035 GC heap after
Heap after GC invocations=5 (full 0):
 PSYoungGen      total 68608K, used 5088K [0x00000000d6e00000, 0x00000000dfc00000, 0x0000000100000000)
  eden space 63488K, 0% used [0x00000000d6e00000,0x00000000d6e00000,0x00000000dac00000)
  from space 5120K, 99% used [0x00000000dac00000,0x00000000db0f8020,0x00000000db100000)
  to   space 9216K, 0% used [0x00000000df300000,0x00000000df300000,0x00000000dfc00000)
 ParOldGen       total 84992K, used 8585K [0x0000000084a00000, 0x0000000089d00000, 0x00000000d6e00000)
  object space 84992K, 10% used [0x0000000084a00000,0x0000000085262678,0x0000000089d00000)
 Metaspace       used 15051K, capacity 15378K, committed 15488K, reserved 1062912K
  class space    used 1768K, capacity 1905K, committed 1920K, reserved 1048576K
}
Event: 2,551 GC heap before
{Heap before GC invocations=6 (full 0):
 PSYoungGen      total 68608K, used 68576K [0x00000000d6e00000, 0x00000000dfc00000, 0x0000000100000000)
  eden space 63488K, 100% used [0x00000000d6e00000,0x00000000dac00000,0x00000000dac00000)
  from space 5120K, 99% used [0x00000000dac00000,0x00000000db0f8020,0x00000000db100000)
  to   space 9216K, 0% used [0x00000000df300000,0x00000000df300000,0x00000000dfc00000)
 ParOldGen       total 84992K, used 8585K [0x0000000084a00000, 0x0000000089d00000, 0x00000000d6e00000)
  object space 84992K, 10% used [0x0000000084a00000,0x0000000085262678,0x0000000089d00000)
 Metaspace       used 19550K, capacity 19958K, committed 20224K, reserved 1067008K
  class space    used 2334K, capacity 2497K, committed 2560K, reserved 1048576K
Event: 2,572 GC heap after
Heap after GC invocations=6 (full 0):
 PSYoungGen      total 131584K, used 9188K [0x00000000d6e00000, 0x00000000e0500000, 0x0000000100000000)
  eden space 122368K, 0% used [0x00000000d6e00000,0x00000000d6e00000,0x00000000de580000)
  from space 9216K, 99% used [0x00000000df300000,0x00000000dfbf9010,0x00000000dfc00000)
  to   space 13824K, 0% used [0x00000000de580000,0x00000000de580000,0x00000000df300000)
 ParOldGen       total 84992K, used 15302K [0x0000000084a00000, 0x0000000089d00000, 0x00000000d6e00000)
  object space 84992K, 18% used [0x0000000084a00000,0x00000000858f18a0,0x0000000089d00000)
 Metaspace       used 19550K, capacity 19958K, committed 20224K, reserved 1067008K
  class space    used 2334K, capacity 2497K, committed 2560K, reserved 1048576K
}
Event: 2,839 GC heap before
{Heap before GC invocations=7 (full 0):
 PSYoungGen      total 131584K, used 31047K [0x00000000d6e00000, 0x00000000e0500000, 0x0000000100000000)
  eden space 122368K, 17% used [0x00000000d6e00000,0x00000000d8358e60,0x00000000de580000)
  from space 9216K, 99% used [0x00000000df300000,0x00000000dfbf9010,0x00000000dfc00000)
  to   space 13824K, 0% used [0x00000000de580000,0x00000000de580000,0x00000000df300000)
 ParOldGen       total 84992K, used 15302K [0x0000000084a00000, 0x0000000089d00000, 0x00000000d6e00000)
  object space 84992K, 18% used [0x0000000084a00000,0x00000000858f18a0,0x0000000089d00000)
 Metaspace       used 20672K, capacity 21078K, committed 21296K, reserved 1069056K
  class space    used 2432K, capacity 2593K, committed 2688K, reserved 1048576K

Deoptimization events (10 events):
Event: 2,377 Thread 0x00007f58e800b800 Uncommon trap: reason=unstable_if action=reinterpret pc=0x00007f58d8141b40 method=sun.misc.URLClassPath$JarLoader.getResource(Ljava/lang/String;Z)Lsun/misc/Resource; @ 62
Event: 2,378 Thread 0x00007f58e800b800 Uncommon trap: reason=unstable_if action=reinterpret pc=0x00007f58d812a680 method=java.util.HashMap.putVal(ILjava/lang/Object;Ljava/lang/Object;ZZ)Ljava/lang/Object; @ 193
Event: 2,382 Thread 0x00007f58e800b800 Uncommon trap: reason=unstable_if action=reinterpret pc=0x00007f58d851f3a8 method=java.nio.charset.CharsetDecoder.decode(Ljava/nio/ByteBuffer;Ljava/nio/CharBuffer;Z)Ljava/nio/charset/CoderResult; @ 1
Event: 2,386 Thread 0x00007f58e800b800 Uncommon trap: reason=unstable_if action=reinterpret pc=0x00007f58d86c41c4 method=java.util.regex.Pattern.clazz(Z)Ljava/util/regex/Pattern$CharProperty; @ 361
Event: 2,409 Thread 0x00007f58e800b800 Uncommon trap: reason=unstable_if action=reinterpret pc=0x00007f58d8276f20 method=java.lang.CharacterDataLatin1.isWhitespace(I)Z @ 14
Event: 2,431 Thread 0x00007f58e800b800 Uncommon trap: reason=unstable_if action=reinterpret pc=0x00007f58d8a6b29c method=com.sun.tools.javac.parser.UnicodeReader.scanChar()V @ 37
Event: 2,432 Thread 0x00007f58e800b800 Uncommon trap: reason=unstable_if action=reinterpret pc=0x00007f58d8a41bd0 method=com.sun.tools.javac.parser.UnicodeReader.scanChar()V @ 37
Event: 2,464 Thread 0x00007f58e800b800 Uncommon trap: reason=unstable_if action=reinterpret pc=0x00007f58d89dcd44 method=java.util.jar.Attributes$Name.isDigit(C)Z @ 3
Event: 2,791 Thread 0x00007f58e800b800 Uncommon trap: reason=unstable_if action=reinterpret pc=0x00007f58d8c31e68 method=com.sun.tools.javac.code.Scope.lookup(Lcom/sun/tools/javac/util/Name;Lcom/sun/tools/javac/util/Filter;)Lcom/sun/tools/javac/code/Scope$Entry; @ 54
Event: 2,823 Thread 0x00007f58e800b800 Uncommon trap: reason=bimorphic action=maybe_recompile pc=0x00007f58d82e0bf8 method=java.util.HashMap.putVal(ILjava/lang/Object;Ljava/lang/Object;ZZ)Ljava/lang/Object; @ 203

Classes redefined (0 events):
No events

Internal exceptions (10 events):
Event: 1,042 Thread 0x00007f58e800b800 Implicit null exception at 0x00007f58d8306775 to 0x00007f58d830697d
Event: 1,042 Thread 0x00007f58e800b800 Implicit null exception at 0x00007f58d8244caf to 0x00007f58d8244d19
Event: 1,089 Thread 0x00007f58e800b800 Implicit null exception at 0x00007f58d84ad886 to 0x00007f58d84adba9
Event: 1,322 Thread 0x00007f58e800b800 Implicit null exception at 0x00007f58d846e218 to 0x00007f58d846e2a6
Event: 1,911 Thread 0x00007f58e800b800 Exception <a 'java/lang/NoClassDefFoundError': org/slf4j/Logger> (0x00000000d9e4e1f0) thrown at [/HUDSON/workspace/8-2-build-linux-amd64/jdk8u211/12973/hotspot/src/share/vm/oops/constantPool.cpp, line 245]
Event: 1,991 Thread 0x00007f58e800b800 Exception <a 'java/lang/NoClassDefFoundError': org/slf4j/Logger> (0x00000000da813320) thrown at [/HUDSON/workspace/8-2-build-linux-amd64/jdk8u211/12973/hotspot/src/share/vm/oops/constantPool.cpp, line 245]
Event: 2,103 Thread 0x00007f58e800b800 Exception <a 'java/lang/NoClassDefFoundError': org/slf4j/Logger> (0x00000000d7e08cb8) thrown at [/HUDSON/workspace/8-2-build-linux-amd64/jdk8u211/12973/hotspot/src/share/vm/oops/constantPool.cpp, line 245]
Event: 2,143 Thread 0x00007f58e800b800 Exception <a 'java/lang/ClassNotFoundException': com/sun/tools/javac/api/JavacTool> (0x00000000d815a0f0) thrown at [/HUDSON/workspace/8-2-build-linux-amd64/jdk8u211/12973/hotspot/src/share/vm/classfile/systemDictionary.cpp, line 210]
Event: 2,516 Thread 0x00007f58e800b800 Exception <a 'java/io/FileNotFoundException'> (0x00000000da41efe8) thrown at [/HUDSON/workspace/8-2-build-linux-amd64/jdk8u211/12973/hotspot/src/share/vm/prims/jni.cpp, line 710]
Event: 2,519 Thread 0x00007f58e800b800 Exception <a 'java/io/FileNotFoundException'> (0x00000000da454750) thrown at [/HUDSON/workspace/8-2-build-linux-amd64/jdk8u211/12973/hotspot/src/share/vm/prims/jni.cpp, line 710]

Events (10 events):
Event: 2,819 loading class com/sun/tools/javac/code/Kinds$1
Event: 2,819 loading class com/sun/tools/javac/code/Kinds$1 done
Event: 2,820 loading class com/sun/tools/javac/code/Kinds$KindName
Event: 2,820 loading class com/sun/tools/javac/code/Kinds$KindName done
Event: 2,823 Thread 0x00007f58e800b800 Uncommon trap: trap_request=0xffffffc6 fr.pc=0x00007f58d82e0bf8
Event: 2,823 Thread 0x00007f58e800b800 DEOPT PACKING pc=0x00007f58d82e0bf8 sp=0x00007f58edfe4d40
Event: 2,823 Thread 0x00007f58e800b800 DEOPT UNPACKING pc=0x00007f58d7fa173a sp=0x00007f58edfe4cd8 mode 2
Event: 2,824 loading class com/sun/tools/javac/jvm/ClassFile$NameAndType
Event: 2,824 loading class com/sun/tools/javac/jvm/ClassFile$NameAndType done
Event: 2,838 Executing VM operation: CollectForMetadataAllocation


Dynamic libraries:
00400000-00401000 r-xp 00000000 08:03 427407                             /usr/lib/jvm/jdk1.8.0_211/bin/java
00600000-00601000 r--p 00000000 08:03 427407                             /usr/lib/jvm/jdk1.8.0_211/bin/java
00601000-00602000 rw-p 00001000 08:03 427407                             /usr/lib/jvm/jdk1.8.0_211/bin/java
01a48000-01a69000 rw-p 00000000 00:00 0                                  [heap]
84a00000-89d00000 rw-p 00000000 00:00 0 
89d00000-d6e00000 ---p 00000000 00:00 0 
d6e00000-e0500000 rw-p 00000000 00:00 0 
e7800000-100000000 ---p 00000000 00:00 0 
100000000-1002a0000 rw-p 00000000 00:00 0 
1002a0000-140000000 ---p 00000000 00:00 0 
7f5870000000-7f5870021000 rw-p 00000000 00:00 0 
7f5870021000-7f5874000000 ---p 00000000 00:00 0 
7f5878000000-7f5878021000 rw-p 00000000 00:00 0 
7f5878021000-7f587c000000 ---p 00000000 00:00 0 
7f587c000000-7f587c021000 rw-p 00000000 00:00 0 
7f587c021000-7f5880000000 ---p 00000000 00:00 0 
7f5880000000-7f5881aaf000 rw-p 00000000 00:00 0 
7f5881aaf000-7f5884000000 ---p 00000000 00:00 0 
7f5884000000-7f5885022000 rw-p 00000000 00:00 0 
7f5885022000-7f5888000000 ---p 00000000 00:00 0 
7f5888000000-7f588990b000 rw-p 00000000 00:00 0 
7f588990b000-7f588c000000 ---p 00000000 00:00 0 
7f588c000000-7f588d33f000 rw-p 00000000 00:00 0 
7f588d33f000-7f5890000000 ---p 00000000 00:00 0 
7f5890000000-7f5890021000 rw-p 00000000 00:00 0 
7f5890021000-7f5894000000 ---p 00000000 00:00 0 
7f5894000000-7f5894021000 rw-p 00000000 00:00 0 
7f5894021000-7f5898000000 ---p 00000000 00:00 0 
7f5898000000-7f589829b000 rw-p 00000000 00:00 0 
7f589829b000-7f589c000000 ---p 00000000 00:00 0 
7f589c000000-7f589c021000 rw-p 00000000 00:00 0 
7f589c021000-7f58a0000000 ---p 00000000 00:00 0 
7f58a0000000-7f58a0021000 rw-p 00000000 00:00 0 
7f58a0021000-7f58a4000000 ---p 00000000 00:00 0 
7f58a4000000-7f58a4021000 rw-p 00000000 00:00 0 
7f58a4021000-7f58a8000000 ---p 00000000 00:00 0 
7f58a8000000-7f58a8021000 rw-p 00000000 00:00 0 
7f58a8021000-7f58ac000000 ---p 00000000 00:00 0 
7f58b0000000-7f58b0021000 rw-p 00000000 00:00 0 
7f58b0021000-7f58b4000000 ---p 00000000 00:00 0 
7f58b8000000-7f58b8021000 rw-p 00000000 00:00 0 
7f58b8021000-7f58bc000000 ---p 00000000 00:00 0 
7f58bcfff000-7f58c0000000 rw-p 00000000 00:00 0 
7f58c0000000-7f58c0021000 rw-p 00000000 00:00 0 
7f58c0021000-7f58c4000000 ---p 00000000 00:00 0 
7f58c5d68000-7f58c5d72000 r--s 0005c000 08:05 675083                     /home/giorgos/.m2/repository/javax/servlet/jstl/1.2/jstl-1.2.jar
7f58c5d72000-7f58c5d74000 r--s 0000b000 08:05 675082                     /home/giorgos/.m2/repository/javax/servlet/jsp/javax.servlet.jsp-api/2.3.1/javax.servlet.jsp-api-2.3.1.jar
7f58c5d74000-7f58c5d77000 r--s 00015000 08:05 675081                     /home/giorgos/.m2/repository/javax/servlet/javax.servlet-api/3.1.0/javax.servlet-api-3.1.0.jar
7f58c5d77000-7f58c5d78000 r--s 00009000 08:05 19724                      /home/giorgos/.m2/repository/org/slf4j/slf4j-api/1.7.20/slf4j-api-1.7.20.jar
7f58c5d78000-7f58c5d82000 r--s 00069000 08:05 591208                     /home/giorgos/.m2/repository/ch/qos/logback/logback-core/1.1.7/logback-core-1.1.7.jar
7f58c5d82000-7f58c5d89000 r--s 00044000 08:05 591205                     /home/giorgos/.m2/repository/ch/qos/logback/logback-classic/1.1.7/logback-classic-1.1.7.jar
7f58c5d89000-7f58c5d99000 r--s 0014c000 08:05 147439                     /home/giorgos/.m2/repository/com/google/protobuf/protobuf-java/3.6.1/protobuf-java-3.6.1.jar
7f58c5d99000-7f58c5db1000 r--s 00218000 08:05 674240                     /home/giorgos/.m2/repository/mysql/mysql-connector-java/8.0.16/mysql-connector-java-8.0.16.jar
7f58c5db1000-7f58c5db3000 r--s 0000d000 08:05 16260                      /home/giorgos/.m2/repository/com/fasterxml/classmate/1.0.0/classmate-1.0.0.jar
7f58c5db3000-7f58c5dc1000 r--s 0008d000 08:05 405153                     /home/giorgos/.m2/repository/org/hibernate/hibernate-validator/5.1.3.Final/hibernate-validator-5.1.3.Final.jar
7f58c5dc1000-7f58c5dc5000 r--s 0000c000 08:05 404217                     /home/giorgos/.m2/repository/javax/validation/validation-api/1.1.0.Final/validation-api-1.1.0.Final.jar
7f58c5dc5000-7f58c5dc7000 r--s 00011000 08:05 274493                     /home/giorgos/.m2/repository/org/jboss/jandex/1.1.0.Final/jandex-1.1.0.Final.jar
7f58c5dc7000-7f58c5dcc000 r--s 00068000 08:05 15135                      /home/giorgos/.m2/repository/antlr/antlr/2.7.7/antlr-2.7.7.jar
7f58c5dcc000-7f58c5dd6000 r--s 000a5000 08:05 143939                     /home/giorgos/.m2/repository/org/javassist/javassist/3.18.1-GA/javassist-3.18.1-GA.jar
7f58c5dd6000-7f58c5ddb000 r--s 00017000 08:05 143940                     /home/giorgos/.m2/repository/org/hibernate/javax/persistence/hibernate-jpa-2.1-api/1.0.0.Final/hibernate-jpa-2.1-api-1.0.0.Final.jar
7f58c5ddb000-7f58c5dde000 r--s 00010000 08:05 405053                     /home/giorgos/.m2/repository/org/hibernate/common/hibernate-commons-annotations/4.0.5.Final/hibernate-commons-annotations-4.0.5.Final.jar
7f58c5dde000-7f58c5de3000 r--s 00048000 08:05 586286                     /home/giorgos/.m2/repository/dom4j/dom4j/1.6.1/dom4j-1.6.1.jar
7f58c5de3000-7f58c5de4000 r--s 00006000 08:05 403658                     /home/giorgos/.m2/repository/org/jboss/spec/javax/transaction/jboss-transaction-api_1.2_spec/1.0.0.Final/jboss-transaction-api_1.2_spec-1.0.0.Final.jar
7f58c5de4000-7f58c5de5000 r--s 00002000 08:05 675301                     /home/giorgos/.m2/repository/org/jboss/logging/jboss-logging-annotations/1.2.0.Beta1/jboss-logging-annotations-1.2.0.Beta1.jar
7f58c5de5000-7f58c5de7000 r--s 0000c000 08:05 675079                     /home/giorgos/.m2/repository/org/jboss/logging/jboss-logging/3.1.3.GA/jboss-logging-3.1.3.GA.jar
7f58c5de7000-7f58c5e45000 r--s 004ac000 08:05 406999                     /home/giorgos/.m2/repository/org/hibernate/hibernate-core/4.3.11.Final/hibernate-core-4.3.11.Final.jar
7f58c5e45000-7f58c5e48000 r--s 00012000 08:05 667134                     /home/giorgos/.m2/repository/org/springframework/security/spring-security-acl/4.1.1.RELEASE/spring-security-acl-4.1.1.RELEASE.jar
7f58c5e48000-7f58c5e49000 r--s 00004000 08:05 667130                     /home/giorgos/.m2/repository/org/springframework/security/spring-security-taglibs/4.1.1.RELEASE/spring-security-taglibs-4.1.1.RELEASE.jar
7f58c5e49000-7f58c5e52000 r--s 0007a000 08:05 147073                     /home/giorgos/.m2/repository/org/springframework/security/spring-security-config/4.1.1.RELEASE/spring-security-config-4.1.1.RELEASE.jar
7f58c5e52000-7f58c5e5d000 r--s 00051000 08:05 679157                     /home/giorgos/.m2/repository/org/springframework/security/spring-security-core/4.1.1.RELEASE/spring-security-core-4.1.1.RELEASE.jar
7f58c5e5d000-7f58c5e5f000 r--s 00000000 08:05 144242                     /home/giorgos/.m2/repository/aopalliance/aopalliance/1.0/aopalliance-1.0.jar
7f58c5e5f000-7f58c5e69000 r--s 0004e000 08:05 679152                     /home/giorgos/.m2/repository/org/springframework/security/spring-security-web/4.1.1.RELEASE/spring-security-web-4.1.1.RELEASE.jar
7f58c5e69000-7f58c5e73000 r--s 00060000 08:05 9288                       /home/giorgos/.m2/repository/org/springframework/spring-jdbc/4.3.24.RELEASE/spring-jdbc-4.3.24.RELEASE.jar
7f58c5e73000-7f58c5e7d000 r--s 0006b000 08:05 147346                     /home/giorgos/.m2/repository/org/springframework/spring-orm/4.3.24.RELEASE/spring-orm-4.3.24.RELEASE.jar
7f58c5e7d000-7f58c5e85000 r--s 0003a000 08:05 9294                       /home/giorgos/.m2/repository/org/springframework/spring-tx/4.3.24.RELEASE/spring-tx-4.3.24.RELEASE.jar
7f58c5e85000-7f58c5e8b000 r--s 0003e000 08:05 679451                     /home/giorgos/.m2/repository/org/springframework/spring-expression/4.3.24.RELEASE/spring-expression-4.3.24.RELEASE.jar
7f58c5e8b000-7f58c5e9d000 r--s 000d0000 08:05 277404                     /home/giorgos/.m2/repository/org/springframework/spring-webmvc/4.3.24.RELEASE/spring-webmvc-4.3.24.RELEASE.jar
7f58c5e9d000-7f58c5eb7000 r--s 000fe000 08:05 679450                     /home/giorgos/.m2/repository/org/springframework/spring-context/4.3.24.RELEASE/spring-context-4.3.24.RELEASE.jar
7f58c5eb7000-7f58c5ec5000 r--s 000ad000 08:05 147341                     /home/giorgos/.m2/repository/org/springframework/spring-beans/4.3.24.RELEASE/spring-beans-4.3.24.RELEASE.jar
7f58c5ec5000-7f58c5ece000 r--s 00054000 08:05 147342                     /home/giorgos/.m2/repository/org/springframework/spring-aop/4.3.24.RELEASE/spring-aop-4.3.24.RELEASE.jar
7f58c5ece000-7f58c5ee0000 r--s 000b9000 08:05 147349                     /home/giorgos/.m2/repository/org/springframework/spring-web/4.3.24.RELEASE/spring-web-4.3.24.RELEASE.jar
7f58c5ee0000-7f58c5ee2000 r--s 0000e000 08:05 145033                     /home/giorgos/.m2/repository/commons-logging/commons-logging/1.2/commons-logging-1.2.jar
7f58c5ee2000-7f58c5ef9000 r--s 000fe000 08:05 147343                     /home/giorgos/.m2/repository/org/springframework/spring-core/4.3.24.RELEASE/spring-core-4.3.24.RELEASE.jar
7f58c5f19000-7f58c5f45000 rw-p 00000000 00:00 0 
7f58c5f45000-7f58c6119000 ---p 00000000 00:00 0 
7f58c6119000-7f58c6319000 rw-p 00000000 00:00 0 
7f58c6319000-7f58c6519000 rw-p 00000000 00:00 0 
7f58c6519000-7f58c6593000 r--s 010fd000 08:03 427008                     /usr/lib/jvm/jdk1.8.0_211/lib/tools.jar
7f58c6593000-7f58c6596000 r--s 0001b000 08:05 274881                     /home/giorgos/.m2/repository/junit/junit/3.8.2/junit-3.8.2.jar
7f58c6596000-7f58c65a4000 r--s 0008f000 08:05 15836                      /home/giorgos/.m2/repository/com/google/collections/google-collections/1.0/google-collections-1.0.jar
7f58c65a4000-7f58c65a5000 r--s 0000a000 08:05 144862                     /home/giorgos/.m2/repository/commons-logging/commons-logging-api/1.1/commons-logging-api-1.1.jar
7f58c65a5000-7f58c65ac000 r--s 00051000 08:05 404084                     /home/giorgos/.m2/repository/log4j/log4j/1.2.12/log4j-1.2.12.jar
7f58c65ac000-7f58c65b0000 r--s 0001d000 08:05 144861                     /home/giorgos/.m2/repository/org/apache/xbean/xbean-reflect/3.4/xbean-reflect-3.4.jar
7f58c65b0000-7f58c65b1000 r--s 00004000 08:05 274879                     /home/giorgos/.m2/repository/org/codehaus/plexus/plexus-compiler-javac/2.2/plexus-compiler-javac-2.2.jar
7f58c65b1000-7f58c65b3000 r--s 00000000 08:05 144859                     /home/giorgos/.m2/repository/org/codehaus/plexus/plexus-compiler-manager/2.2/plexus-compiler-manager-2.2.jar
7f58c65b3000-7f58c65b5000 r--s 00005000 08:05 15831                      /home/giorgos/.m2/repository/org/codehaus/plexus/plexus-compiler-api/2.2/plexus-compiler-api-2.2.jar
7f58c65b5000-7f58c65b7000 r--s 00002000 08:05 274877                     /home/giorgos/.m2/repository/org/apache/maven/shared/maven-shared-incremental/1.1/maven-shared-incremental-1.1.jar
7f58c65b7000-7f58c65b9000 r--s 00006000 08:05 15832                      /home/giorgos/.m2/repository/com/google/code/findbugs/jsr305/2.0.1/jsr305-2.0.1.jar
7f58c65b9000-7f58c65bc000 r--s 00023000 08:05 15830                      /home/giorgos/.m2/repository/org/apache/maven/shared/maven-shared-utils/0.1/maven-shared-utils-0.1.jar
7f58c65bc000-7f58c65c0000 r--s 00030000 08:05 584124                     /home/giorgos/.m2/repository/org/codehaus/plexus/plexus-utils/1.5.1/plexus-utils-1.5.1.jar
7f58c65c0000-7f58c65c2000 r--s 00009000 08:05 583649                     /home/giorgos/.m2/repository/org/apache/maven/plugins/maven-compiler-plugin/3.1/maven-compiler-plugin-3.1.jar
7f58c65c2000-7f58c65c4000 r--s 0000d000 08:05 678102                     /home/giorgos/.m2/repository/org/codehaus/plexus/plexus-interpolation/1.13/plexus-interpolation-1.13.jar
7f58c65c4000-7f58c65c5000 r--s 00001000 08:05 584111                     /home/giorgos/.m2/repository/org/sonatype/plexus/plexus-build-api/0.0.4/plexus-build-api-0.0.4.jar
7f58c65c5000-7f58c65c7000 r--s 00009000 08:05 274835                     /home/giorgos/.m2/repository/org/apache/maven/shared/maven-filtering/1.0/maven-filtering-1.0.jar
7f58c65c7000-7f58c65cb000 r--s 00033000 08:05 583872                     /home/giorgos/.m2/repository/org/codehaus/plexus/plexus-utils/2.0.5/plexus-utils-2.0.5.jar
7f58c65cb000-7f58c65cc000 r--s 00001000 08:05 404060                     /home/giorgos/.m2/repository/org/apache/maven/doxia/doxia-sink-api/1.0-alpha-7/doxia-sink-api-1.0-alpha-7.jar
7f58c65cc000-7f58c65cd000 r--s 00002000 08:05 404059                     /home/giorgos/.m2/repository/org/apache/maven/reporting/maven-reporting-api/2.0.6/maven-reporting-api-2.0.6.jar
7f58c65cd000-7f58c65cf000 r--s 00005000 08:05 583640                     /home/giorgos/.m2/repository/org/apache/maven/plugins/maven-resources-plugin/2.5/maven-resources-plugin-2.5.jar
7f58c65cf000-7f58c65dd000 r--s 0007f000 08:05 15290                      /home/giorgos/.m2/repository/commons-collections/commons-collections/3.2.1/commons-collections-3.2.1.jar
7f58c65dd000-7f58c65e2000 r--s 00041000 08:05 144836                     /home/giorgos/.m2/repository/commons-lang/commons-lang/2.6/commons-lang-2.6.jar
7f58c65e2000-7f58c65e4000 r--s 00006000 08:05 15804                      /home/giorgos/.m2/repository/org/apache/maven/shared/maven-invoker/2.0.11/maven-invoker-2.0.11.jar
7f58c65e4000-7f58c65e6000 r--s 00006000 08:05 15802                      /home/giorgos/.m2/repository/org/apache/maven/shared/maven-common-artifact-filters/1.4/maven-common-artifact-filters-1.4.jar
7f58c65e6000-7f58c65e8000 r--s 0000c000 08:05 274828                     /home/giorgos/.m2/repository/org/apache/maven/shared/maven-dependency-tree/2.0/maven-dependency-tree-2.0.jar
7f58c65e8000-7f58c65ea000 r--s 00000000 08:05 583837                     /home/giorgos/.m2/repository/org/codehaus/plexus/plexus-component-annotations/1.5.5/plexus-component-annotations-1.5.5.jar
7f58c65ea000-7f58c65eb000 r--s 0000a000 08:05 15801                      /home/giorgos/.m2/repository/asm/asm/3.3.1/asm-3.3.1.jar
7f58c65eb000-7f58c65ed000 r--s 00005000 08:05 144834                     /home/giorgos/.m2/repository/org/apache/maven/shared/maven-dependency-analyzer/1.3/maven-dependency-analyzer-1.3.jar
7f58c65ed000-7f58c65f0000 r--s 0000c000 08:05 15797                      /home/giorgos/.m2/repository/org/codehaus/plexus/plexus-io/2.0.6/plexus-io-2.0.6.jar
7f58c65f0000-7f58c65f3000 r--s 0001b000 08:05 274826                     /home/giorgos/.m2/repository/junit/junit/3.8.1/junit-3.8.1.jar
7f58c65f3000-7f58c65f5000 r--s 00008000 08:05 144831                     /home/giorgos/.m2/repository/org/apache/maven/shared/maven-shared-io/1.1/maven-shared-io-1.1.jar
7f58c65f5000-7f58c65f7000 r--s 00008000 08:05 144830                     /home/giorgos/.m2/repository/org/apache/maven/shared/file-management/1.2.1/file-management-1.2.1.jar
7f58c65f7000-7f58c65fb000 r--s 00035000 08:05 678092                     /home/giorgos/.m2/repository/org/codehaus/plexus/plexus-utils/3.0.9/plexus-utils-3.0.9.jar
7f58c65fb000-7f58c6600000 r--s 00029000 08:05 15796                      /home/giorgos/.m2/repository/org/codehaus/plexus/plexus-archiver/2.2/plexus-archiver-2.2.jar
7f58c6600000-7f58c6800000 rw-p 00000000 00:00 0 
7f58c6800000-7f58c6811000 r-xp 00000000 08:03 529055                     /usr/lib/jvm/jdk1.8.0_211/jre/lib/amd64/libnio.so
7f58c6811000-7f58c6a10000 ---p 00011000 08:03 529055                     /usr/lib/jvm/jdk1.8.0_211/jre/lib/amd64/libnio.so
7f58c6a10000-7f58c6a11000 r--p 00010000 08:03 529055                     /usr/lib/jvm/jdk1.8.0_211/jre/lib/amd64/libnio.so
7f58c6a11000-7f58c6a12000 rw-p 00011000 08:03 529055                     /usr/lib/jvm/jdk1.8.0_211/jre/lib/amd64/libnio.so
7f58c6a12000-7f58c6a28000 r-xp 00000000 08:03 528935                     /usr/lib/jvm/jdk1.8.0_211/jre/lib/amd64/libnet.so
7f58c6a28000-7f58c6c27000 ---p 00016000 08:03 528935                     /usr/lib/jvm/jdk1.8.0_211/jre/lib/amd64/libnet.so
7f58c6c27000-7f58c6c28000 r--p 00015000 08:03 528935                     /usr/lib/jvm/jdk1.8.0_211/jre/lib/amd64/libnet.so
7f58c6c28000-7f58c6c29000 rw-p 00016000 08:03 528935                     /usr/lib/jvm/jdk1.8.0_211/jre/lib/amd64/libnet.so
7f58c6c29000-7f58c6e29000 rw-p 00000000 00:00 0 
7f58c6e29000-7f58c7029000 rw-p 00000000 00:00 0 
7f58c7029000-7f58c702a000 ---p 00000000 00:00 0 
7f58c702a000-7f58c712a000 rw-p 00000000 00:00 0 
7f58c712a000-7f58c712d000 ---p 00000000 00:00 0 
7f58c712d000-7f58c722b000 rw-p 00000000 00:00 0 
7f58c722b000-7f58c722c000 ---p 00000000 00:00 0 
7f58c722c000-7f58c722f000 ---p 00000000 00:00 0 
7f58c722f000-7f58c732c000 rw-p 00000000 00:00 0 
7f58c732c000-7f58c732d000 ---p 00000000 00:00 0 
7f58c732d000-7f58c7330000 ---p 00000000 00:00 0 
7f58c7330000-7f58c742d000 rw-p 00000000 00:00 0 
7f58c742d000-7f58c742e000 ---p 00000000 00:00 0 
7f58c742e000-7f58c7431000 ---p 00000000 00:00 0 
7f58c7431000-7f58c752e000 rw-p 00000000 00:00 0 
7f58c752e000-7f58c752f000 ---p 00000000 00:00 0 
7f58c752f000-7f58c7532000 ---p 00000000 00:00 0 
7f58c7532000-7f58c762f000 rw-p 00000000 00:00 0 
7f58c762f000-7f58c8000000 r--p 00000000 08:03 7132                       /usr/lib/locale/locale-archive
7f58c8000000-7f58c8021000 rw-p 00000000 00:00 0 
7f58c8021000-7f58cc000000 ---p 00000000 00:00 0 
7f58cc000000-7f58cc002000 r--s 00004000 08:05 678090                     /home/giorgos/.m2/repository/org/apache/maven/doxia/doxia-module-xhtml/1.0/doxia-module-xhtml-1.0.jar
7f58cc002000-7f58cc003000 r--s 00006000 08:05 678087                     /home/giorgos/.m2/repository/org/apache/maven/doxia/doxia-module-xdoc/1.0/doxia-module-xdoc-1.0.jar
7f58cc003000-7f58cc004000 r--s 00004000 08:05 678085                     /home/giorgos/.m2/repository/org/apache/maven/doxia/doxia-module-fml/1.0/doxia-module-fml-1.0.jar
7f58cc004000-7f58cc006000 r--s 0000a000 08:05 678084                     /home/giorgos/.m2/repository/org/apache/maven/doxia/doxia-module-apt/1.0/doxia-module-apt-1.0.jar
7f58cc006000-7f58cc007000 r--s 0000b000 08:05 678083                     /home/giorgos/.m2/repository/org/apache/maven/doxia/doxia-decoration-model/1.0/doxia-decoration-model-1.0.jar
7f58cc007000-7f58cc00f000 r--s 00058000 08:05 15795                      /home/giorgos/.m2/repository/org/apache/velocity/velocity/1.5/velocity-1.5.jar
7f58cc00f000-7f58cc010000 r--s 00001000 08:05 15793                      /home/giorgos/.m2/repository/org/codehaus/plexus/plexus-velocity/1.1.7/plexus-velocity-1.1.7.jar
7f58cc010000-7f58cc015000 r--s 00016000 08:05 404039                     /home/giorgos/.m2/repository/xml-apis/xml-apis/1.0.b2/xml-apis-1.0.b2.jar
7f58cc015000-7f58cc018000 ---p 00000000 00:00 0 
7f58cc018000-7f58cc04e000 rw-p 00000000 00:00 0 
7f58cc04e000-7f58cc051000 ---p 00000000 00:00 0 
7f58cc051000-7f58cc14f000 rw-p 00000000 00:00 0 
7f58cc14f000-7f58cc152000 ---p 00000000 00:00 0 
7f58cc152000-7f58d0000000 rw-p 00000000 00:00 0 
7f58d0000000-7f58d0021000 rw-p 00000000 00:00 0 
7f58d0021000-7f58d4000000 ---p 00000000 00:00 0 
7f58d4000000-7f58d4001000 r--s 00002000 08:05 15791                      /home/giorgos/.m2/repository/org/codehaus/plexus/plexus-i18n/1.0-beta-7/plexus-i18n-1.0-beta-7.jar
7f58d4001000-7f58d4003000 r--s 0000a000 08:05 583948                     /home/giorgos/.m2/repository/org/apache/maven/doxia/doxia-site-renderer/1.0/doxia-site-renderer-1.0.jar
7f58d4003000-7f58d4004000 r--s 00002000 08:05 404040                     /home/giorgos/.m2/repository/org/apache/maven/doxia/doxia-sink-api/1.0/doxia-sink-api-1.0.jar
7f58d4004000-7f58d4006000 r--s 0000e000 08:05 274822                     /home/giorgos/.m2/repository/oro/oro/2.0.8/oro-2.0.8.jar
7f58d4006000-7f58d4008000 r--s 00008000 08:05 144827                     /home/giorgos/.m2/repository/commons-logging/commons-logging/1.0.4/commons-logging-1.0.4.jar
7f58d4008000-7f58d400c000 r--s 00026000 08:05 274820                     /home/giorgos/.m2/repository/commons-digester/commons-digester/1.6/commons-digester-1.6.jar
7f58d400c000-7f58d4011000 r--s 0002a000 08:05 274819                     /home/giorgos/.m2/repository/commons-beanutils/commons-beanutils/1.7.0/commons-beanutils-1.7.0.jar
7f58d4011000-7f58d4014000 r--s 00014000 08:05 274817                     /home/giorgos/.m2/repository/commons-validator/commons-validator/1.2.0/commons-validator-1.2.0.jar
7f58d4014000-7f58d4017000 r--s 00018000 08:05 144825                     /home/giorgos/.m2/repository/commons-io/commons-io/1.4/commons-io-1.4.jar
7f58d4017000-7f58d4019000 r--s 00009000 08:05 144824                     /home/giorgos/.m2/repository/org/apache/maven/shared/maven-doxia-tools/1.0.2/maven-doxia-tools-1.0.2.jar
7f58d4019000-7f58d401c000 r--s 0000b000 08:05 584084                     /home/giorgos/.m2/repository/org/apache/maven/doxia/doxia-core/1.0/doxia-core-1.0.jar
7f58d401c000-7f58d401e000 r--s 00004000 08:05 546261                     /home/giorgos/.m2/repository/org/apache/maven/reporting/maven-reporting-impl/2.0.5/maven-reporting-impl-2.0.5.jar
7f58d401e000-7f58d401f000 r--s 00002000 08:05 404037                     /home/giorgos/.m2/repository/org/apache/maven/reporting/maven-reporting-api/3.0/maven-reporting-api-3.0.jar
7f58d401f000-7f58d4021000 r--s 00002000 08:05 15789                      /home/giorgos/.m2/repository/org/codehaus/plexus/plexus-interactivity-api/1.0-alpha-4/plexus-interactivity-api-1.0-alpha-4.jar
7f58d4021000-7f58d4023000 r--s 00006000 08:05 274816                     /home/giorgos/.m2/repository/commons-cli/commons-cli/1.0/commons-cli-1.0.jar
7f58d4023000-7f58d4026000 r--s 00021000 08:05 583656                     /home/giorgos/.m2/repository/org/apache/maven/plugins/maven-dependency-plugin/2.6/maven-dependency-plugin-2.6.jar
7f58d4026000-7f58d4027000 r--p 00000000 00:00 0 
7f58d4027000-7f58d402c000 r--s 000a3000 08:03 427823                     /usr/lib/jvm/jdk1.8.0_211/jre/lib/jsse.jar
7f58d402c000-7f58d402e000 r--s 0000d000 08:05 140336                     /home/giorgos/netbeans-8.2/java/maven-nblib/netbeans-eventspy.jar
7f58d402e000-7f58d4030000 r--s 00026000 08:05 140345                     /home/giorgos/netbeans-8.2/java/maven/lib/maven-model-3.0.5.jar
7f58d4030000-7f58d4032000 r--s 00006000 08:05 140300                     /home/giorgos/netbeans-8.2/java/maven/lib/aether-connector-wagon-1.13.1.jar
7f58d4032000-7f58d4034000 r--s 0000b000 08:05 140319                     /home/giorgos/netbeans-8.2/java/maven/lib/wagon-provider-api-2.10.jar
7f58d4034000-7f58d4035000 r--s 0000a000 08:05 140331                     /home/giorgos/netbeans-8.2/java/maven/lib/maven-embedder-3.0.5.jar
7f58d4035000-7f58d4039000 r--s 00021000 08:05 140309                     /home/giorgos/netbeans-8.2/java/maven/lib/maven-model-builder-3.0.5.jar
7f58d4039000-7f58d403b000 r--s 0000b000 08:05 140325                     /home/giorgos/netbeans-8.2/java/maven/lib/maven-plugin-api-3.0.5.jar
7f58d403b000-7f58d403d000 r--s 0000b000 08:05 140330                     /home/giorgos/netbeans-8.2/java/maven/lib/maven-artifact-3.0.5.jar
7f58d403d000-7f58d403f000 r--s 00009000 08:05 140356                     /home/giorgos/netbeans-8.2/java/maven/lib/commons-cli-1.2.jar
7f58d403f000-7f58d4041000 r--s 0000d000 08:05 140311                     /home/giorgos/netbeans-8.2/java/maven/lib/plexus-interpolation-1.14.jar
7f58d4041000-7f58d4045000 r--s 00013000 08:05 140347                     /home/giorgos/netbeans-8.2/java/maven/lib/aether-api-1.13.1.jar
7f58d4045000-7f58d404b000 r--s 0003f000 08:05 140343                     /home/giorgos/netbeans-8.2/java/maven/lib/maven-compat-3.0.5.jar
7f58d404b000-7f58d404c000 r--s 00003000 08:05 140348                     /home/giorgos/netbeans-8.2/java/maven/lib/aether-spi-1.13.1.jar
7f58d404c000-7f58d406b000 r--s 00154000 08:05 140353                     /home/giorgos/netbeans-8.2/java/maven/lib/sisu-guava-0.9.9.jar
7f58d406b000-7f58d406d000 r--s 0000a000 08:05 140332                     /home/giorgos/netbeans-8.2/java/maven/lib/maven-settings-3.0.5.jar
7f58d406d000-7f58d4079000 r--s 0007d000 08:05 140352                     /home/giorgos/netbeans-8.2/java/maven/lib/maven-core-3.0.5.jar
7f58d4079000-7f58d40a8000 r--s 001c8000 08:05 140324                     /home/giorgos/netbeans-8.2/java/maven/lib/wagon-http-2.10-shaded.jar
7f58d40a8000-7f58d40ab000 ---p 00000000 00:00 0 
7f58d40ab000-7f58d41a9000 rw-p 00000000 00:00 0 
7f58d41a9000-7f58d41aa000 ---p 00000000 00:00 0 
7f58d41aa000-7f58d5efb000 rw-p 00000000 00:00 0 
7f58d5efb000-7f58d60d5000 r--s 03d6d000 08:03 427753                     /usr/lib/jvm/jdk1.8.0_211/jre/lib/rt.jar
7f58d60d5000-7f58d6d26000 rw-p 00000000 00:00 0 
7f58d6d26000-7f58d6d27000 ---p 00000000 00:00 0 
7f58d6d27000-7f58d6e27000 rw-p 00000000 00:00 0 
7f58d6e27000-7f58d6e28000 ---p 00000000 00:00 0 
7f58d6e28000-7f58d6f28000 rw-p 00000000 00:00 0 
7f58d6f28000-7f58d6f29000 ---p 00000000 00:00 0 
7f58d6f29000-7f58d7029000 rw-p 00000000 00:00 0 
7f58d7029000-7f58d702a000 ---p 00000000 00:00 0 
7f58d702a000-7f58d712a000 rw-p 00000000 00:00 0 
7f58d712a000-7f58d712b000 ---p 00000000 00:00 0 
7f58d712b000-7f58d722b000 rw-p 00000000 00:00 0 
7f58d722b000-7f58d722c000 ---p 00000000 00:00 0 
7f58d722c000-7f58d732c000 rw-p 00000000 00:00 0 
7f58d732c000-7f58d732d000 ---p 00000000 00:00 0 
7f58d732d000-7f58d742d000 rw-p 00000000 00:00 0 
7f58d742d000-7f58d742e000 ---p 00000000 00:00 0 
7f58d742e000-7f58d7558000 rw-p 00000000 00:00 0 
7f58d7558000-7f58d77c0000 ---p 00000000 00:00 0 
7f58d77c0000-7f58d77ea000 rw-p 00000000 00:00 0 
7f58d77ea000-7f58d7a52000 ---p 00000000 00:00 0 
7f58d7a52000-7f58d7a9e000 rw-p 00000000 00:00 0 
7f58d7a9e000-7f58d7b9b000 ---p 00000000 00:00 0 
7f58d7b9b000-7f58d7bd2000 rw-p 00000000 00:00 0 
7f58d7bd2000-7f58d7f5c000 ---p 00000000 00:00 0 
7f58d7f5c000-7f58d8cdc000 rwxp 00000000 00:00 0 
7f58d8cdc000-7f58e6f5c000 ---p 00000000 00:00 0 
7f58e6f5c000-7f58e6f77000 r-xp 00000000 08:03 528981                     /usr/lib/jvm/jdk1.8.0_211/jre/lib/amd64/libzip.so
7f58e6f77000-7f58e7176000 ---p 0001b000 08:03 528981                     /usr/lib/jvm/jdk1.8.0_211/jre/lib/amd64/libzip.so
7f58e7176000-7f58e7177000 r--p 0001a000 08:03 528981                     /usr/lib/jvm/jdk1.8.0_211/jre/lib/amd64/libzip.so
7f58e7177000-7f58e7178000 rw-p 0001b000 08:03 528981                     /usr/lib/jvm/jdk1.8.0_211/jre/lib/amd64/libzip.so
7f58e7178000-7f58e7183000 r-xp 00000000 08:03 529911                     /lib/x86_64-linux-gnu/libnss_files-2.27.so
7f58e7183000-7f58e7382000 ---p 0000b000 08:03 529911                     /lib/x86_64-linux-gnu/libnss_files-2.27.so
7f58e7382000-7f58e7383000 r--p 0000a000 08:03 529911                     /lib/x86_64-linux-gnu/libnss_files-2.27.so
7f58e7383000-7f58e7384000 rw-p 0000b000 08:03 529911                     /lib/x86_64-linux-gnu/libnss_files-2.27.so
7f58e7384000-7f58e738a000 rw-p 00000000 00:00 0 
7f58e738a000-7f58e73a1000 r-xp 00000000 08:03 529905                     /lib/x86_64-linux-gnu/libnsl-2.27.so
7f58e73a1000-7f58e75a0000 ---p 00017000 08:03 529905                     /lib/x86_64-linux-gnu/libnsl-2.27.so
7f58e75a0000-7f58e75a1000 r--p 00016000 08:03 529905                     /lib/x86_64-linux-gnu/libnsl-2.27.so
7f58e75a1000-7f58e75a2000 rw-p 00017000 08:03 529905                     /lib/x86_64-linux-gnu/libnsl-2.27.so
7f58e75a2000-7f58e75a4000 rw-p 00000000 00:00 0 
7f58e75a4000-7f58e75af000 r-xp 00000000 08:03 529922                     /lib/x86_64-linux-gnu/libnss_nis-2.27.so
7f58e75af000-7f58e77ae000 ---p 0000b000 08:03 529922                     /lib/x86_64-linux-gnu/libnss_nis-2.27.so
7f58e77ae000-7f58e77af000 r--p 0000a000 08:03 529922                     /lib/x86_64-linux-gnu/libnss_nis-2.27.so
7f58e77af000-7f58e77b0000 rw-p 0000b000 08:03 529922                     /lib/x86_64-linux-gnu/libnss_nis-2.27.so
7f58e77b0000-7f58e77b8000 r-xp 00000000 08:03 529907                     /lib/x86_64-linux-gnu/libnss_compat-2.27.so
7f58e77b8000-7f58e79b8000 ---p 00008000 08:03 529907                     /lib/x86_64-linux-gnu/libnss_compat-2.27.so
7f58e79b8000-7f58e79b9000 r--p 00008000 08:03 529907                     /lib/x86_64-linux-gnu/libnss_compat-2.27.so
7f58e79b9000-7f58e79ba000 rw-p 00009000 08:03 529907                     /lib/x86_64-linux-gnu/libnss_compat-2.27.so
7f58e79ba000-7f58e79e6000 r-xp 00000000 08:03 528963                     /usr/lib/jvm/jdk1.8.0_211/jre/lib/amd64/libjava.so
7f58e79e6000-7f58e7be6000 ---p 0002c000 08:03 528963                     /usr/lib/jvm/jdk1.8.0_211/jre/lib/amd64/libjava.so
7f58e7be6000-7f58e7be7000 r--p 0002c000 08:03 528963                     /usr/lib/jvm/jdk1.8.0_211/jre/lib/amd64/libjava.so
7f58e7be7000-7f58e7be9000 rw-p 0002d000 08:03 528963                     /usr/lib/jvm/jdk1.8.0_211/jre/lib/amd64/libjava.so
7f58e7be9000-7f58e7bf6000 r-xp 00000000 08:03 528945                     /usr/lib/jvm/jdk1.8.0_211/jre/lib/amd64/libverify.so
7f58e7bf6000-7f58e7df5000 ---p 0000d000 08:03 528945                     /usr/lib/jvm/jdk1.8.0_211/jre/lib/amd64/libverify.so
7f58e7df5000-7f58e7df7000 r--p 0000c000 08:03 528945                     /usr/lib/jvm/jdk1.8.0_211/jre/lib/amd64/libverify.so
7f58e7df7000-7f58e7df8000 rw-p 0000e000 08:03 528945                     /usr/lib/jvm/jdk1.8.0_211/jre/lib/amd64/libverify.so
7f58e7df8000-7f58e7dff000 r-xp 00000000 08:03 529962                     /lib/x86_64-linux-gnu/librt-2.27.so
7f58e7dff000-7f58e7ffe000 ---p 00007000 08:03 529962                     /lib/x86_64-linux-gnu/librt-2.27.so
7f58e7ffe000-7f58e7fff000 r--p 00006000 08:03 529962                     /lib/x86_64-linux-gnu/librt-2.27.so
7f58e7fff000-7f58e8000000 rw-p 00007000 08:03 529962                     /lib/x86_64-linux-gnu/librt-2.27.so
7f58e8000000-7f58e9208000 rw-p 00000000 00:00 0 
7f58e9208000-7f58ec000000 ---p 00000000 00:00 0 
7f58ec000000-7f58ec002000 r--s 00002000 08:05 140346                     /home/giorgos/netbeans-8.2/java/maven/lib/plexus-cipher-1.7.jar
7f58ec002000-7f58ec004000 r--s 00006000 08:05 140295                     /home/giorgos/netbeans-8.2/java/maven/lib/maven-repository-metadata-3.0.5.jar
7f58ec004000-7f58ec00b000 r--s 0003f000 08:05 140326                     /home/giorgos/netbeans-8.2/java/maven/lib/sisu-inject-bean-2.3.0.jar
7f58ec00b000-7f58ec02c000 rw-p 00000000 00:00 0 
7f58ec02c000-7f58ec1c9000 r-xp 00000000 08:03 529884                     /lib/x86_64-linux-gnu/libm-2.27.so
7f58ec1c9000-7f58ec3c8000 ---p 0019d000 08:03 529884                     /lib/x86_64-linux-gnu/libm-2.27.so
7f58ec3c8000-7f58ec3c9000 r--p 0019c000 08:03 529884                     /lib/x86_64-linux-gnu/libm-2.27.so
7f58ec3c9000-7f58ec3ca000 rw-p 0019d000 08:03 529884                     /lib/x86_64-linux-gnu/libm-2.27.so
7f58ec3ca000-7f58ed0b2000 r-xp 00000000 08:03 528977                     /usr/lib/jvm/jdk1.8.0_211/jre/lib/amd64/server/libjvm.so
7f58ed0b2000-7f58ed2b1000 ---p 00ce8000 08:03 528977                     /usr/lib/jvm/jdk1.8.0_211/jre/lib/amd64/server/libjvm.so
7f58ed2b1000-7f58ed347000 r--p 00ce7000 08:03 528977                     /usr/lib/jvm/jdk1.8.0_211/jre/lib/amd64/server/libjvm.so
7f58ed347000-7f58ed378000 rw-p 00d7d000 08:03 528977                     /usr/lib/jvm/jdk1.8.0_211/jre/lib/amd64/server/libjvm.so
7f58ed378000-7f58ed3b3000 rw-p 00000000 00:00 0 
7f58ed3b3000-7f58ed59a000 r-xp 00000000 08:03 529821                     /lib/x86_64-linux-gnu/libc-2.27.so
7f58ed59a000-7f58ed79a000 ---p 001e7000 08:03 529821                     /lib/x86_64-linux-gnu/libc-2.27.so
7f58ed79a000-7f58ed79e000 r--p 001e7000 08:03 529821                     /lib/x86_64-linux-gnu/libc-2.27.so
7f58ed79e000-7f58ed7a0000 rw-p 001eb000 08:03 529821                     /lib/x86_64-linux-gnu/libc-2.27.so
7f58ed7a0000-7f58ed7a4000 rw-p 00000000 00:00 0 
7f58ed7a4000-7f58ed7a7000 r-xp 00000000 08:03 529844                     /lib/x86_64-linux-gnu/libdl-2.27.so
7f58ed7a7000-7f58ed9a6000 ---p 00003000 08:03 529844                     /lib/x86_64-linux-gnu/libdl-2.27.so
7f58ed9a6000-7f58ed9a7000 r--p 00002000 08:03 529844                     /lib/x86_64-linux-gnu/libdl-2.27.so
7f58ed9a7000-7f58ed9a8000 rw-p 00003000 08:03 529844                     /lib/x86_64-linux-gnu/libdl-2.27.so
7f58ed9a8000-7f58ed9bf000 r-xp 00000000 08:03 427011                     /usr/lib/jvm/jdk1.8.0_211/lib/amd64/jli/libjli.so
7f58ed9bf000-7f58edbbe000 ---p 00017000 08:03 427011                     /usr/lib/jvm/jdk1.8.0_211/lib/amd64/jli/libjli.so
7f58edbbe000-7f58edbbf000 r--p 00016000 08:03 427011                     /usr/lib/jvm/jdk1.8.0_211/lib/amd64/jli/libjli.so
7f58edbbf000-7f58edbc0000 rw-p 00017000 08:03 427011                     /usr/lib/jvm/jdk1.8.0_211/lib/amd64/jli/libjli.so
7f58edbc0000-7f58edbda000 r-xp 00000000 08:03 529954                     /lib/x86_64-linux-gnu/libpthread-2.27.so
7f58edbda000-7f58eddd9000 ---p 0001a000 08:03 529954                     /lib/x86_64-linux-gnu/libpthread-2.27.so
7f58eddd9000-7f58eddda000 r--p 00019000 08:03 529954                     /lib/x86_64-linux-gnu/libpthread-2.27.so
7f58eddda000-7f58edddb000 rw-p 0001a000 08:03 529954                     /lib/x86_64-linux-gnu/libpthread-2.27.so
7f58edddb000-7f58edddf000 rw-p 00000000 00:00 0 
7f58edddf000-7f58ede06000 r-xp 00000000 08:03 529793                     /lib/x86_64-linux-gnu/ld-2.27.so
7f58ede06000-7f58ede07000 r--s 00002000 08:05 140327                     /home/giorgos/netbeans-8.2/java/maven/lib/wagon-http-shared-2.10.jar
7f58ede07000-7f58ede09000 r--s 0000c000 08:05 140303                     /home/giorgos/netbeans-8.2/java/maven/lib/maven-aether-provider-3.0.5.jar
7f58ede09000-7f58ede0c000 r--s 0001d000 08:05 140340                     /home/giorgos/netbeans-8.2/java/maven/lib/aether-impl-1.13.1.jar
7f58ede0c000-7f58ede0d000 r--s 00006000 08:05 140310                     /home/giorgos/netbeans-8.2/java/maven/lib/plexus-sec-dispatcher-1.3.jar
7f58ede0d000-7f58ede0f000 r--s 00000000 08:05 140292                     /home/giorgos/netbeans-8.2/java/maven/lib/plexus-component-annotations-1.5.5.jar
7f58ede0f000-7f58ede10000 r--s 00002000 08:05 140354                     /home/giorgos/netbeans-8.2/java/maven/lib/wagon-file-2.10.jar
7f58ede10000-7f58ede14000 r--s 0001c000 08:05 140342                     /home/giorgos/netbeans-8.2/java/maven/lib/aether-util-1.13.1.jar
7f58ede14000-7f58ede1c000 r--s 00050000 08:05 140318                     /home/giorgos/netbeans-8.2/java/maven/lib/sisu-guice-3.1.0-no_aop.jar
7f58ede1c000-7f58edee7000 rw-p 00000000 00:00 0 
7f58edee7000-7f58edee8000 ---p 00000000 00:00 0 
7f58edee8000-7f58edeeb000 ---p 00000000 00:00 0 
7f58edeeb000-7f58edfea000 rw-p 00000000 00:00 0 
7f58edfea000-7f58edff1000 r--s 0002b000 08:05 140316                     /home/giorgos/netbeans-8.2/java/maven/lib/sisu-inject-plexus-2.3.0.jar
7f58edff1000-7f58edff4000 r--s 00008000 08:05 140301                     /home/giorgos/netbeans-8.2/java/maven/lib/maven-settings-builder-3.0.5.jar
7f58edff4000-7f58edff8000 r--s 00033000 08:05 140339                     /home/giorgos/netbeans-8.2/java/maven/lib/plexus-utils-2.0.6.jar
7f58edff8000-7f58edffa000 r--s 0000a000 08:05 140321                     /home/giorgos/netbeans-8.2/java/maven/boot/plexus-classworlds-2.4.jar
7f58edffa000-7f58ee002000 rw-s 00000000 08:03 9149                       /tmp/hsperfdata_giorgos/1550
7f58ee002000-7f58ee003000 rw-p 00000000 00:00 0 
7f58ee003000-7f58ee004000 ---p 00000000 00:00 0 
7f58ee004000-7f58ee006000 rw-p 00000000 00:00 0 
7f58ee006000-7f58ee007000 r--p 00027000 08:03 529793                     /lib/x86_64-linux-gnu/ld-2.27.so
7f58ee007000-7f58ee008000 rw-p 00028000 08:03 529793                     /lib/x86_64-linux-gnu/ld-2.27.so
7f58ee008000-7f58ee009000 rw-p 00000000 00:00 0 
7fff25a51000-7fff25a72000 rw-p 00000000 00:00 0                          [stack]
7fff25b11000-7fff25b14000 r--p 00000000 00:00 0                          [vvar]
7fff25b14000-7fff25b16000 r-xp 00000000 00:00 0                          [vdso]
ffffffffff600000-ffffffffff601000 r-xp 00000000 00:00 0                  [vsyscall]

VM Arguments:
jvm_args: -Dclassworlds.conf=/home/giorgos/netbeans-8.2/java/maven/bin/m2.conf -Dmaven.home=/home/giorgos/netbeans-8.2/java/maven 
java_command: org.codehaus.plexus.classworlds.launcher.Launcher -Dnetbeans.deploy=true -Dmaven.ext.class.path=/home/giorgos/netbeans-8.2/java/maven-nblib/netbeans-eventspy.jar package
java_class_path (initial): /home/giorgos/netbeans-8.2/java/maven/boot/plexus-classworlds-2.4.jar
Launcher Type: SUN_STANDARD

Environment Variables:
JAVA_HOME=/usr/lib/jvm/jdk1.8.0_211
PATH=/home/giorgos/.local/bin:/usr/local/sbin:/usr/local/bin:/usr/sbin:/usr/bin:/sbin:/bin:/usr/games:/usr/local/games:/usr/lib/jvm/jdk1.8.0_211/bin:/usr/lib/jvm/jdk1.8.0_211/db/bin:/usr/lib/jvm/jdk1.8.0_211/jre/bin:/snap/bin
USERNAME=giorgos
LD_LIBRARY_PATH=/usr/lib/jvm/jdk1.8.0_211/jre/lib/amd64:/usr/lib/jvm/jdk1.8.0_211/jre/lib/i386:
SHELL=/bin/bash
DISPLAY=:0

Signal Handlers:
SIGSEGV: [libjvm.so+0xad3d90], sa_mask[0]=11111111011111111101111111111110, sa_flags=SA_RESTART|SA_SIGINFO
SIGBUS: [libjvm.so+0xad3d90], sa_mask[0]=11111111011111111101111111111110, sa_flags=SA_RESTART|SA_SIGINFO
SIGFPE: [libjvm.so+0x90b8b0], sa_mask[0]=11111111011111111101111111111110, sa_flags=SA_RESTART|SA_SIGINFO
SIGPIPE: [libjvm.so+0x90b8b0], sa_mask[0]=11111111011111111101111111111110, sa_flags=SA_RESTART|SA_SIGINFO
SIGXFSZ: [libjvm.so+0x90b8b0], sa_mask[0]=11111111011111111101111111111110, sa_flags=SA_RESTART|SA_SIGINFO
SIGILL: [libjvm.so+0x90b8b0], sa_mask[0]=11111111011111111101111111111110, sa_flags=SA_RESTART|SA_SIGINFO
SIGUSR1: SIG_DFL, sa_mask[0]=00000000000000000000000000000000, sa_flags=none
SIGUSR2: [libjvm.so+0x90b780], sa_mask[0]=00100000000000000000000000000000, sa_flags=SA_RESTART|SA_SIGINFO
SIGHUP: [libjvm.so+0x90bda0], sa_mask[0]=11111111011111111101111111111110, sa_flags=SA_RESTART|SA_SIGINFO
SIGINT: SIG_IGN, sa_mask[0]=00000000000000000000000000000000, sa_flags=none
SIGTERM: [libjvm.so+0x90bda0], sa_mask[0]=11111111011111111101111111111110, sa_flags=SA_RESTART|SA_SIGINFO
SIGQUIT: [libjvm.so+0x90bda0], sa_mask[0]=11111111011111111101111111111110, sa_flags=SA_RESTART|SA_SIGINFO


---------------  S Y S T E M  ---------------

OS:DISTRIB_ID=Ubuntu
DISTRIB_RELEASE=18.04
DISTRIB_CODENAME=bionic
DISTRIB_DESCRIPTION="Ubuntu 18.04.2 LTS"

uname:Linux 4.18.0-25-generic #26~18.04.1-Ubuntu SMP Thu Jun 27 07:28:31 UTC 2019 x86_64
libc:glibc 2.27 NPTL 2.27 
rlimit: STACK 8192k, CORE 0k, NPROC 31394, NOFILE 1048576, AS infinity
load average:0,66 0,60 0,66

/proc/meminfo:
MemTotal:        8082336 kB
MemFree:          136320 kB
MemAvailable:      36888 kB
Buffers:            4676 kB
Cached:           400388 kB
SwapCached:        15964 kB
Active:          6667548 kB
Inactive:         890840 kB
Active(anon):    6656556 kB
Inactive(anon):   874960 kB
Active(file):      10992 kB
Inactive(file):    15880 kB
Unevictable:          88 kB
Mlocked:              88 kB
SwapTotal:       1951740 kB
SwapFree:              0 kB
Dirty:               128 kB
Writeback:           912 kB
AnonPages:       7139476 kB
Mapped:           167168 kB
Shmem:            377348 kB
Slab:             130624 kB
SReclaimable:      51988 kB
SUnreclaim:        78636 kB
KernelStack:       20016 kB
PageTables:       105744 kB
NFS_Unstable:          0 kB
Bounce:                0 kB
WritebackTmp:          0 kB
CommitLimit:     5992908 kB
Committed_AS:   18457360 kB
VmallocTotal:   34359738367 kB
VmallocUsed:           0 kB
VmallocChunk:          0 kB
HardwareCorrupted:     0 kB
AnonHugePages:         0 kB
ShmemHugePages:        0 kB
ShmemPmdMapped:        0 kB
CmaTotal:              0 kB
CmaFree:               0 kB
HugePages_Total:       0
HugePages_Free:        0
HugePages_Rsvd:        0
HugePages_Surp:        0
Hugepagesize:       2048 kB
Hugetlb:               0 kB
DirectMap4k:      389888 kB
DirectMap2M:     7913472 kB
DirectMap1G:     1048576 kB

container (cgroup) information:
container_type: cgroupv1
cpu_cpuset_cpus: 0-7
cpu_memory_nodes: 0
active_processor_count: 8
cpu_quota: -1
cpu_period: 100000
cpu_shares: -1
memory_limit_in_bytes: -1
memory_and_swap_limit_in_bytes: -2
memory_soft_limit_in_bytes: -1
memory_usage_in_bytes: 7730270208
memory_max_usage_in_bytes: 29609984


CPU:total 8 (initial active 8) (4 cores per cpu, 2 threads per core) family 6 model 60 stepping 3, cmov, cx8, fxsr, mmx, sse, sse2, sse3, ssse3, sse4.1, sse4.2, popcnt, avx, avx2, aes, clmul, erms, lzcnt, ht, tsc, tscinvbit, bmi1, bmi2

/proc/cpuinfo:
processor	: 0
vendor_id	: GenuineIntel
cpu family	: 6
model		: 60
model name	: Intel(R) Core(TM) i7-4710HQ CPU @ 2.50GHz
stepping	: 3
microcode	: 0x27
cpu MHz		: 3216.294
cache size	: 6144 KB
physical id	: 0
siblings	: 8
core id		: 0
cpu cores	: 4
apicid		: 0
initial apicid	: 0
fpu		: yes
fpu_exception	: yes
cpuid level	: 13
wp		: yes
flags		: fpu vme de pse tsc msr pae mce cx8 apic sep mtrr pge mca cmov pat pse36 clflush dts acpi mmx fxsr sse sse2 ss ht tm pbe syscall nx pdpe1gb rdtscp lm constant_tsc arch_perfmon pebs bts rep_good nopl xtopology nonstop_tsc cpuid aperfmperf pni pclmulqdq dtes64 monitor ds_cpl vmx est tm2 ssse3 sdbg fma cx16 xtpr pdcm pcid sse4_1 sse4_2 x2apic movbe popcnt tsc_deadline_timer aes xsave avx f16c rdrand lahf_lm abm cpuid_fault epb invpcid_single pti ssbd ibrs ibpb stibp tpr_shadow vnmi flexpriority ept vpid fsgsbase tsc_adjust bmi1 avx2 smep bmi2 erms invpcid xsaveopt dtherm ida arat pln pts md_clear flush_l1d
bugs		: cpu_meltdown spectre_v1 spectre_v2 spec_store_bypass l1tf mds
bogomips	: 4988.83
clflush size	: 64
cache_alignment	: 64
address sizes	: 39 bits physical, 48 bits virtual
power management:

processor	: 1
vendor_id	: GenuineIntel
cpu family	: 6
model		: 60
model name	: Intel(R) Core(TM) i7-4710HQ CPU @ 2.50GHz
stepping	: 3
microcode	: 0x27
cpu MHz		: 3276.780
cache size	: 6144 KB
physical id	: 0
siblings	: 8
core id		: 0
cpu cores	: 4
apicid		: 1
initial apicid	: 1
fpu		: yes
fpu_exception	: yes
cpuid level	: 13
wp		: yes
flags		: fpu vme de pse tsc msr pae mce cx8 apic sep mtrr pge mca cmov pat pse36 clflush dts acpi mmx fxsr sse sse2 ss ht tm pbe syscall nx pdpe1gb rdtscp lm constant_tsc arch_perfmon pebs bts rep_good nopl xtopology nonstop_tsc cpuid aperfmperf pni pclmulqdq dtes64 monitor ds_cpl vmx est tm2 ssse3 sdbg fma cx16 xtpr pdcm pcid sse4_1 sse4_2 x2apic movbe popcnt tsc_deadline_timer aes xsave avx f16c rdrand lahf_lm abm cpuid_fault epb invpcid_single pti ssbd ibrs ibpb stibp tpr_shadow vnmi flexpriority ept vpid fsgsbase tsc_adjust bmi1 avx2 smep bmi2 erms invpcid xsaveopt dtherm ida arat pln pts md_clear flush_l1d
bugs		: cpu_meltdown spectre_v1 spectre_v2 spec_store_bypass l1tf mds
bogomips	: 4988.83
clflush size	: 64
cache_alignment	: 64
address sizes	: 39 bits physical, 48 bits virtual
power management:

processor	: 2
vendor_id	: GenuineIntel
cpu family	: 6
model		: 60
model name	: Intel(R) Core(TM) i7-4710HQ CPU @ 2.50GHz
stepping	: 3
microcode	: 0x27
cpu MHz		: 2926.472
cache size	: 6144 KB
physical id	: 0
siblings	: 8
core id		: 1
cpu cores	: 4
apicid		: 2
initial apicid	: 2
fpu		: yes
fpu_exception	: yes
cpuid level	: 13
wp		: yes
flags		: fpu vme de pse tsc msr pae mce cx8 apic sep mtrr pge mca cmov pat pse36 clflush dts acpi mmx fxsr sse sse2 ss ht tm pbe syscall nx pdpe1gb rdtscp lm constant_tsc arch_perfmon pebs bts rep_good nopl xtopology nonstop_tsc cpuid aperfmperf pni pclmulqdq dtes64 monitor ds_cpl vmx est tm2 ssse3 sdbg fma cx16 xtpr pdcm pcid sse4_1 sse4_2 x2apic movbe popcnt tsc_deadline_timer aes xsave avx f16c rdrand lahf_lm abm cpuid_fault epb invpcid_single pti ssbd ibrs ibpb stibp tpr_shadow vnmi flexpriority ept vpid fsgsbase tsc_adjust bmi1 avx2 smep bmi2 erms invpcid xsaveopt dtherm ida arat pln pts md_clear flush_l1d
bugs		: cpu_meltdown spectre_v1 spectre_v2 spec_store_bypass l1tf mds
bogomips	: 4988.83
clflush size	: 64
cache_alignment	: 64
address sizes	: 39 bits physical, 48 bits virtual
power management:

processor	: 3
vendor_id	: GenuineIntel
cpu family	: 6
model		: 60
model name	: Intel(R) Core(TM) i7-4710HQ CPU @ 2.50GHz
stepping	: 3
microcode	: 0x27
cpu MHz		: 3247.480
cache size	: 6144 KB
physical id	: 0
siblings	: 8
core id		: 1
cpu cores	: 4
apicid		: 3
initial apicid	: 3
fpu		: yes
fpu_exception	: yes
cpuid level	: 13
wp		: yes
flags		: fpu vme de pse tsc msr pae mce cx8 apic sep mtrr pge mca cmov pat pse36 clflush dts acpi mmx fxsr sse sse2 ss ht tm pbe syscall nx pdpe1gb rdtscp lm constant_tsc arch_perfmon pebs bts rep_good nopl xtopology nonstop_tsc cpuid aperfmperf pni pclmulqdq dtes64 monitor ds_cpl vmx est tm2 ssse3 sdbg fma cx16 xtpr pdcm pcid sse4_1 sse4_2 x2apic movbe popcnt tsc_deadline_timer aes xsave avx f16c rdrand lahf_lm abm cpuid_fault epb invpcid_single pti ssbd ibrs ibpb stibp tpr_shadow vnmi flexpriority ept vpid fsgsbase tsc_adjust bmi1 avx2 smep bmi2 erms invpcid xsaveopt dtherm ida arat pln pts md_clear flush_l1d
bugs		: cpu_meltdown spectre_v1 spectre_v2 spec_store_bypass l1tf mds
bogomips	: 4988.83
clflush size	: 64
cache_alignment	: 64
address sizes	: 39 bits physical, 48 bits virtual
power management:

processor	: 4
vendor_id	: GenuineIntel
cpu family	: 6
model		: 60
model name	: Intel(R) Core(TM) i7-4710HQ CPU @ 2.50GHz
stepping	: 3
microcode	: 0x27
cpu MHz		: 2975.769
cache size	: 6144 KB
physical id	: 0
siblings	: 8
core id		: 2
cpu cores	: 4
apicid		: 4
initial apicid	: 4
fpu		: yes
fpu_exception	: yes
cpuid level	: 13
wp		: yes
flags		: fpu vme de pse tsc msr pae mce cx8 apic sep mtrr pge mca cmov pat pse36 clflush dts acpi mmx fxsr sse sse2 ss ht tm pbe syscall nx pdpe1gb rdtscp lm constant_tsc arch_perfmon pebs bts rep_good nopl xtopology nonstop_tsc cpuid aperfmperf pni pclmulqdq dtes64 monitor ds_cpl vmx est tm2 ssse3 sdbg fma cx16 xtpr pdcm pcid sse4_1 sse4_2 x2apic movbe popcnt tsc_deadline_timer aes xsave avx f16c rdrand lahf_lm abm cpuid_fault epb invpcid_single pti ssbd ibrs ibpb stibp tpr_shadow vnmi flexpriority ept vpid fsgsbase tsc_adjust bmi1 avx2 smep bmi2 erms invpcid xsaveopt dtherm ida arat pln pts md_clear flush_l1d
bugs		: cpu_meltdown spectre_v1 spectre_v2 spec_store_bypass l1tf mds
bogomips	: 4988.83
clflush size	: 64
cache_alignment	: 64
address sizes	: 39 bits physical, 48 bits virtual
power management:

processor	: 5
vendor_id	: GenuineIntel
cpu family	: 6
model		: 60
model name	: Intel(R) Core(TM) i7-4710HQ CPU @ 2.50GHz
stepping	: 3
microcode	: 0x27
cpu MHz		: 3015.120
cache size	: 6144 KB
physical id	: 0
siblings	: 8
core id		: 2
cpu cores	: 4
apicid		: 5
initial apicid	: 5
fpu		: yes
fpu_exception	: yes
cpuid level	: 13
wp		: yes
flags		: fpu vme de pse tsc msr pae mce cx8 apic sep mtrr pge mca cmov pat pse36 clflush dts acpi mmx fxsr sse sse2 ss ht tm pbe syscall nx pdpe1gb rdtscp lm constant_tsc arch_perfmon pebs bts rep_good nopl xtopology nonstop_tsc cpuid aperfmperf pni pclmulqdq dtes64 monitor ds_cpl vmx est tm2 ssse3 sdbg fma cx16 xtpr pdcm pcid sse4_1 sse4_2 x2apic movbe popcnt tsc_deadline_timer aes xsave avx f16c rdrand lahf_lm abm cpuid_fault epb invpcid_single pti ssbd ibrs ibpb stibp tpr_shadow vnmi flexpriority ept vpid fsgsbase tsc_adjust bmi1 avx2 smep bmi2 erms invpcid xsaveopt dtherm ida arat pln pts md_clear flush_l1d
bugs		: cpu_meltdown spectre_v1 spectre_v2 spec_store_bypass l1tf mds
bogomips	: 4988.83
clflush size	: 64
cache_alignment	: 64
address sizes	: 39 bits physical, 48 bits virtual
power management:

processor	: 6
vendor_id	: GenuineIntel
cpu family	: 6
model		: 60
model name	: Intel(R) Core(TM) i7-4710HQ CPU @ 2.50GHz
stepping	: 3
microcode	: 0x27
cpu MHz		: 3229.189
cache size	: 6144 KB
physical id	: 0
siblings	: 8
core id		: 3
cpu cores	: 4
apicid		: 6
initial apicid	: 6
fpu		: yes
fpu_exception	: yes
cpuid level	: 13
wp		: yes
flags		: fpu vme de pse tsc msr pae mce cx8 apic sep mtrr pge mca cmov pat pse36 clflush dts acpi mmx fxsr sse sse2 ss ht tm pbe syscall nx pdpe1gb rdtscp lm constant_tsc arch_perfmon pebs bts rep_good nopl xtopology nonstop_tsc cpuid aperfmperf pni pclmulqdq dtes64 monitor ds_cpl vmx est tm2 ssse3 sdbg fma cx16 xtpr pdcm pcid sse4_1 sse4_2 x2apic movbe popcnt tsc_deadline_timer aes xsave avx f16c rdrand lahf_lm abm cpuid_fault epb invpcid_single pti ssbd ibrs ibpb stibp tpr_shadow vnmi flexpriority ept vpid fsgsbase tsc_adjust bmi1 avx2 smep bmi2 erms invpcid xsaveopt dtherm ida arat pln pts md_clear flush_l1d
bugs		: cpu_meltdown spectre_v1 spectre_v2 spec_store_bypass l1tf mds
bogomips	: 4988.83
clflush size	: 64
cache_alignment	: 64
address sizes	: 39 bits physical, 48 bits virtual
power management:

processor	: 7
vendor_id	: GenuineIntel
cpu family	: 6
model		: 60
model name	: Intel(R) Core(TM) i7-4710HQ CPU @ 2.50GHz
stepping	: 3
microcode	: 0x27
cpu MHz		: 3262.460
cache size	: 6144 KB
physical id	: 0
siblings	: 8
core id		: 3
cpu cores	: 4
apicid		: 7
initial apicid	: 7
fpu		: yes
fpu_exception	: yes
cpuid level	: 13
wp		: yes
flags		: fpu vme de pse tsc msr pae mce cx8 apic sep mtrr pge mca cmov pat pse36 clflush dts acpi mmx fxsr sse sse2 ss ht tm pbe syscall nx pdpe1gb rdtscp lm constant_tsc arch_perfmon pebs bts rep_good nopl xtopology nonstop_tsc cpuid aperfmperf pni pclmulqdq dtes64 monitor ds_cpl vmx est tm2 ssse3 sdbg fma cx16 xtpr pdcm pcid sse4_1 sse4_2 x2apic movbe popcnt tsc_deadline_timer aes xsave avx f16c rdrand lahf_lm abm cpuid_fault epb invpcid_single pti ssbd ibrs ibpb stibp tpr_shadow vnmi flexpriority ept vpid fsgsbase tsc_adjust bmi1 avx2 smep bmi2 erms invpcid xsaveopt dtherm ida arat pln pts md_clear flush_l1d
bugs		: cpu_meltdown spectre_v1 spectre_v2 spec_store_bypass l1tf mds
bogomips	: 4988.83
clflush size	: 64
cache_alignment	: 64
address sizes	: 39 bits physical, 48 bits virtual
power management:



Memory: 4k page, physical 8082336k(132288k free), swap 1951740k(0k free)

vm_info: Java HotSpot(TM) 64-Bit Server VM (25.211-b12) for linux-amd64 JRE (1.8.0_211-b12), built on Apr  1 2019 20:39:34 by "java_re" with gcc 7.3.0

time: Thu Jul 25 00:44:04 2019
timezone: EEST
elapsed time: 2 seconds (0d 0h 0m 2s)

