#
# There is insufficient memory for the Java Runtime Environment to continue.
# Native memory allocation (mmap) failed to map 74448896 bytes for committing reserved memory.
# Possible reasons:
#   The system is out of physical RAM or swap space
#   The process is running with CompressedOops enabled, and the Java Heap may be blocking the growth of the native heap
# Possible solutions:
#   Reduce memory load on the system
#   Increase physical memory or swap space
#   Check if swap backing store is full
#   Decrease Java heap size (-Xmx/-Xms)
#   Decrease number of Java threads
#   Decrease Java thread stack sizes (-Xss)
#   Set larger code cache with -XX:ReservedCodeCacheSize=
#   JVM is running with Unscaled Compressed Oops mode in which the Java heap is
#     placed in the first 4GB address space. The Java Heap base address is the
#     maximum limit for the native heap growth. Please use -XX:HeapBaseMinAddress
#     to set the Java Heap base and to place the Java Heap above 4GB virtual address.
# This output file may be truncated or incomplete.
#
#  Out of Memory Error (os_linux.cpp:2749), pid=2174, tid=0x00007fb0574f4700
#
# JRE version: Java(TM) SE Runtime Environment (8.0_211-b12) (build 1.8.0_211-b12)
# Java VM: Java HotSpot(TM) 64-Bit Server VM (25.211-b12 mixed mode linux-amd64 compressed oops)
# Failed to write core dump. Core dumps have been disabled. To enable core dumping, try "ulimit -c unlimited" before starting Java again
#

---------------  T H R E A D  ---------------

Current thread (0x00007fb074081800):  VMThread [stack: 0x00007fb0573f5000,0x00007fb0574f5000] [id=2185]

Stack: [0x00007fb0573f5000,0x00007fb0574f5000],  sp=0x00007fb0574f33f0,  free space=1016k
Native frames: (J=compiled Java code, j=interpreted, Vv=VM code, C=native code)
V  [libjvm.so+0xad3455]  VMError::report_and_die()+0x2e5
V  [libjvm.so+0x4e0537]  report_vm_out_of_memory(char const*, int, unsigned long, VMErrorType, char const*)+0x67
V  [libjvm.so+0x910320]  os::pd_commit_memory(char*, unsigned long, unsigned long, bool)+0x100
V  [libjvm.so+0x90794f]  os::commit_memory(char*, unsigned long, unsigned long, bool)+0x1f
V  [libjvm.so+0x98c736]  PSVirtualSpace::expand_by(unsigned long)+0x56
V  [libjvm.so+0x98d9c8]  PSYoungGen::resize(unsigned long, unsigned long)+0xd8
V  [libjvm.so+0x98a166]  PSScavenge::invoke_no_policy()+0x1376
V  [libjvm.so+0x98a4fc]  PSScavenge::invoke()+0x4c
V  [libjvm.so+0x93a248]  ParallelScavengeHeap::failed_mem_allocate(unsigned long)+0x68
V  [libjvm.so+0xad4fa3]  VM_ParallelGCFailedAllocation::doit()+0x93
V  [libjvm.so+0xada1c6]  VM_Operation::evaluate()+0x46
V  [libjvm.so+0xad84fd]  VMThread::evaluate_operation(VM_Operation*) [clone .constprop.44]+0xcd
V  [libjvm.so+0xad8ae3]  VMThread::loop()+0x3a3
V  [libjvm.so+0xad8eb8]  VMThread::run()+0x78
V  [libjvm.so+0x90d952]  java_start(Thread*)+0x102

VM_Operation (0x00007fb07d01b160): ParallelGCFailedAllocation, mode: safepoint, requested by thread 0x00007fb07400b800


---------------  P R O C E S S  ---------------

Java Threads: ( => current thread )
  0x00007fb074735800 JavaThread "process reaper" daemon [_thread_blocked, id=2196, stack(0x00007fb055c9b000,0x00007fb055cd4000)]
  0x00007fb0740dd800 JavaThread "Service Thread" daemon [_thread_blocked, id=2193, stack(0x00007fb05621b000,0x00007fb05631c000)]
  0x00007fb0740ca800 JavaThread "C1 CompilerThread3" daemon [_thread_blocked, id=2192, stack(0x00007fb05631d000,0x00007fb05641d000)]
  0x00007fb0740c8000 JavaThread "C2 CompilerThread2" daemon [_thread_blocked, id=2191, stack(0x00007fb05641e000,0x00007fb05651e000)]
  0x00007fb0740c6800 JavaThread "C2 CompilerThread1" daemon [_thread_blocked, id=2190, stack(0x00007fb05651f000,0x00007fb05661f000)]
  0x00007fb0740c3800 JavaThread "C2 CompilerThread0" daemon [_thread_blocked, id=2189, stack(0x00007fb056620000,0x00007fb056720000)]
  0x00007fb0740c2000 JavaThread "Signal Dispatcher" daemon [_thread_blocked, id=2188, stack(0x00007fb056720000,0x00007fb056821000)]
  0x00007fb07408e000 JavaThread "Finalizer" daemon [_thread_blocked, id=2187, stack(0x00007fb0571f2000,0x00007fb0572f3000)]
  0x00007fb07408b800 JavaThread "Reference Handler" daemon [_thread_blocked, id=2186, stack(0x00007fb0572f3000,0x00007fb0573f4000)]
  0x00007fb07400b800 JavaThread "main" [_thread_blocked, id=2176, stack(0x00007fb07cf1f000,0x00007fb07d01f000)]

Other Threads:
=>0x00007fb074081800 VMThread [stack: 0x00007fb0573f5000,0x00007fb0574f5000] [id=2185]
  0x00007fb0740e0000 WatcherThread [stack: 0x00007fb05611b000,0x00007fb05621b000] [id=2194]

VM state:at safepoint (normal execution)

VM Mutex/Monitor currently owned by a thread:  ([mutex/lock_event])
[0x00007fb074007db0] Threads_lock - owner thread: 0x00007fb074081800
[0x00007fb0740082b0] Heap_lock - owner thread: 0x00007fb07400b800

heap address: 0x0000000084a00000, size: 1974 MB, Compressed Oops mode: 32-bit
Narrow klass base: 0x0000000000000000, Narrow klass shift: 3
Compressed class space size: 1073741824 Address: 0x0000000100000000

Heap:
 PSYoungGen      total 68608K, used 5104K [0x00000000d6e00000, 0x00000000db600000, 0x0000000100000000)
  eden space 63488K, 0% used [0x00000000d6e00000,0x00000000d6e00000,0x00000000dac00000)
  from space 5120K, 99% used [0x00000000dac00000,0x00000000db0fc010,0x00000000db100000)
  to   space 5120K, 0% used [0x00000000db100000,0x00000000db100000,0x00000000db600000)
 ParOldGen       total 84992K, used 8870K [0x0000000084a00000, 0x0000000089d00000, 0x00000000d6e00000)
  object space 84992K, 10% used [0x0000000084a00000,0x00000000852a9868,0x0000000089d00000)
 Metaspace       used 15045K, capacity 15378K, committed 15488K, reserved 1062912K
  class space    used 1769K, capacity 1905K, committed 1920K, reserved 1048576K

Card table byte_map: [0x00007fb079823000,0x00007fb079bff000] byte_map_base: 0x00007fb0793fe000

Marking Bits: (ParMarkBitMap*) 0x00007fb07c3ccd80
 Begin Bits: [0x00007fb05c250000, 0x00007fb05e128000)
 End Bits:   [0x00007fb05e128000, 0x00007fb060000000)

Polling page: 0x00007fb07d03a000

CodeCache: size=245760Kb used=10656Kb max_used=10659Kb free=235103Kb
 bounds [0x00007fb065000000, 0x00007fb065a80000, 0x00007fb074000000]
 total_blobs=3256 nmethods=2913 adapters=256
 compilation: enabled

Compilation events (10 events):
Event: 2,936 Thread 0x00007fb0740ca800 2911       3       org.sonatype.aether.impl.internal.DataPool::toKey (15 bytes)
Event: 2,936 Thread 0x00007fb0740ca800 nmethod 2911 0x00007fb065a5a410 code [0x00007fb065a5a580, 0x00007fb065a5a788]
Event: 2,936 Thread 0x00007fb0740ca800 2912       3       org.sonatype.aether.impl.internal.DataPool$GraphKey::<init> (104 bytes)
Event: 2,937 Thread 0x00007fb0740ca800 nmethod 2912 0x00007fb065a6be90 code [0x00007fb065a6c060, 0x00007fb065a6c6c8]
Event: 2,937 Thread 0x00007fb0740ca800 2913       3       org.sonatype.aether.util.graph.manager.ClassicDependencyManager::hashCode (54 bytes)
Event: 2,937 Thread 0x00007fb0740ca800 nmethod 2913 0x00007fb065a6b7d0 code [0x00007fb065a6b960, 0x00007fb065a6bd48]
Event: 2,937 Thread 0x00007fb0740ca800 2914       3       org.sonatype.aether.util.graph.traverser.FatArtifactTraverser::hashCode (8 bytes)
Event: 2,937 Thread 0x00007fb0740ca800 nmethod 2914 0x00007fb065a59f10 code [0x00007fb065a5a080, 0x00007fb065a5a328]
Event: 2,942 Thread 0x00007fb0740c8000 2916       4       org.codehaus.plexus.interpolation.reflection.ReflectionValueExtractor::getClassMap (39 bytes)
Event: 2,951 Thread 0x00007fb0740ca800 2919   !   3       org.codehaus.plexus.util.xml.pull.MXParser::parsePI (718 bytes)

GC Heap History (9 events):
Event: 0,680 GC heap before
{Heap before GC invocations=1 (full 0):
 PSYoungGen      total 36864K, used 31744K [0x00000000d6e00000, 0x00000000d9700000, 0x0000000100000000)
  eden space 31744K, 100% used [0x00000000d6e00000,0x00000000d8d00000,0x00000000d8d00000)
  from space 5120K, 0% used [0x00000000d9200000,0x00000000d9200000,0x00000000d9700000)
  to   space 5120K, 0% used [0x00000000d8d00000,0x00000000d8d00000,0x00000000d9200000)
 ParOldGen       total 84992K, used 0K [0x0000000084a00000, 0x0000000089d00000, 0x00000000d6e00000)
  object space 84992K, 0% used [0x0000000084a00000,0x0000000084a00000,0x0000000089d00000)
 Metaspace       used 8085K, capacity 8230K, committed 8320K, reserved 1056768K
  class space    used 1033K, capacity 1084K, committed 1152K, reserved 1048576K
Event: 0,685 GC heap after
Heap after GC invocations=1 (full 0):
 PSYoungGen      total 36864K, used 5100K [0x00000000d6e00000, 0x00000000d9700000, 0x0000000100000000)
  eden space 31744K, 0% used [0x00000000d6e00000,0x00000000d6e00000,0x00000000d8d00000)
  from space 5120K, 99% used [0x00000000d8d00000,0x00000000d91fb128,0x00000000d9200000)
  to   space 5120K, 0% used [0x00000000d9200000,0x00000000d9200000,0x00000000d9700000)
 ParOldGen       total 84992K, used 16K [0x0000000084a00000, 0x0000000089d00000, 0x00000000d6e00000)
  object space 84992K, 0% used [0x0000000084a00000,0x0000000084a04000,0x0000000089d00000)
 Metaspace       used 8085K, capacity 8230K, committed 8320K, reserved 1056768K
  class space    used 1033K, capacity 1084K, committed 1152K, reserved 1048576K
}
Event: 1,179 GC heap before
{Heap before GC invocations=2 (full 0):
 PSYoungGen      total 36864K, used 36844K [0x00000000d6e00000, 0x00000000d9700000, 0x0000000100000000)
  eden space 31744K, 100% used [0x00000000d6e00000,0x00000000d8d00000,0x00000000d8d00000)
  from space 5120K, 99% used [0x00000000d8d00000,0x00000000d91fb128,0x00000000d9200000)
  to   space 5120K, 0% used [0x00000000d9200000,0x00000000d9200000,0x00000000d9700000)
 ParOldGen       total 84992K, used 16K [0x0000000084a00000, 0x0000000089d00000, 0x00000000d6e00000)
  object space 84992K, 0% used [0x0000000084a00000,0x0000000084a04000,0x0000000089d00000)
 Metaspace       used 13023K, capacity 13336K, committed 13568K, reserved 1060864K
  class space    used 1600K, capacity 1722K, committed 1792K, reserved 1048576K
Event: 1,204 GC heap after
Heap after GC invocations=2 (full 0):
 PSYoungGen      total 36864K, used 5104K [0x00000000d6e00000, 0x00000000db600000, 0x0000000100000000)
  eden space 31744K, 0% used [0x00000000d6e00000,0x00000000d6e00000,0x00000000d8d00000)
  from space 5120K, 99% used [0x00000000d9200000,0x00000000d96fc010,0x00000000d9700000)
  to   space 5120K, 0% used [0x00000000d8d00000,0x00000000d8d00000,0x00000000d9200000)
 ParOldGen       total 84992K, used 3025K [0x0000000084a00000, 0x0000000089d00000, 0x00000000d6e00000)
  object space 84992K, 3% used [0x0000000084a00000,0x0000000084cf4690,0x0000000089d00000)
 Metaspace       used 13023K, capacity 13336K, committed 13568K, reserved 1060864K
  class space    used 1600K, capacity 1722K, committed 1792K, reserved 1048576K
}
Event: 1,588 GC heap before
{Heap before GC invocations=3 (full 0):
 PSYoungGen      total 36864K, used 36848K [0x00000000d6e00000, 0x00000000db600000, 0x0000000100000000)
  eden space 31744K, 100% used [0x00000000d6e00000,0x00000000d8d00000,0x00000000d8d00000)
  from space 5120K, 99% used [0x00000000d9200000,0x00000000d96fc010,0x00000000d9700000)
  to   space 5120K, 0% used [0x00000000d8d00000,0x00000000d8d00000,0x00000000d9200000)
 ParOldGen       total 84992K, used 3025K [0x0000000084a00000, 0x0000000089d00000, 0x00000000d6e00000)
  object space 84992K, 3% used [0x0000000084a00000,0x0000000084cf4690,0x0000000089d00000)
 Metaspace       used 13461K, capacity 13788K, committed 14080K, reserved 1060864K
  class space    used 1628K, capacity 1760K, committed 1792K, reserved 1048576K
Event: 1,594 GC heap after
Heap after GC invocations=3 (full 0):
 PSYoungGen      total 36864K, used 5120K [0x00000000d6e00000, 0x00000000db600000, 0x0000000100000000)
  eden space 31744K, 0% used [0x00000000d6e00000,0x00000000d6e00000,0x00000000d8d00000)
  from space 5120K, 100% used [0x00000000d8d00000,0x00000000d9200000,0x00000000d9200000)
  to   space 5120K, 0% used [0x00000000db100000,0x00000000db100000,0x00000000db600000)
 ParOldGen       total 84992K, used 3771K [0x0000000084a00000, 0x0000000089d00000, 0x00000000d6e00000)
  object space 84992K, 4% used [0x0000000084a00000,0x0000000084daef68,0x0000000089d00000)
 Metaspace       used 13461K, capacity 13788K, committed 14080K, reserved 1060864K
  class space    used 1628K, capacity 1760K, committed 1792K, reserved 1048576K
}
Event: 1,883 GC heap before
{Heap before GC invocations=4 (full 0):
 PSYoungGen      total 36864K, used 36864K [0x00000000d6e00000, 0x00000000db600000, 0x0000000100000000)
  eden space 31744K, 100% used [0x00000000d6e00000,0x00000000d8d00000,0x00000000d8d00000)
  from space 5120K, 100% used [0x00000000d8d00000,0x00000000d9200000,0x00000000d9200000)
  to   space 5120K, 0% used [0x00000000db100000,0x00000000db100000,0x00000000db600000)
 ParOldGen       total 84992K, used 3771K [0x0000000084a00000, 0x0000000089d00000, 0x00000000d6e00000)
  object space 84992K, 4% used [0x0000000084a00000,0x0000000084daef68,0x0000000089d00000)
 Metaspace       used 13817K, capacity 14108K, committed 14336K, reserved 1062912K
  class space    used 1644K, capacity 1760K, committed 1792K, reserved 1048576K
Event: 1,890 GC heap after
Heap after GC invocations=4 (full 0):
 PSYoungGen      total 68608K, used 5104K [0x00000000d6e00000, 0x00000000db600000, 0x0000000100000000)
  eden space 63488K, 0% used [0x00000000d6e00000,0x00000000d6e00000,0x00000000dac00000)
  from space 5120K, 99% used [0x00000000db100000,0x00000000db5fc010,0x00000000db600000)
  to   space 5120K, 0% used [0x00000000dac00000,0x00000000dac00000,0x00000000db100000)
 ParOldGen       total 84992K, used 5053K [0x0000000084a00000, 0x0000000089d00000, 0x00000000d6e00000)
  object space 84992K, 5% used [0x0000000084a00000,0x0000000084eef6c0,0x0000000089d00000)
 Metaspace       used 13817K, capacity 14108K, committed 14336K, reserved 1062912K
  class space    used 1644K, capacity 1760K, committed 1792K, reserved 1048576K
}
Event: 2,954 GC heap before
{Heap before GC invocations=5 (full 0):
 PSYoungGen      total 68608K, used 68592K [0x00000000d6e00000, 0x00000000db600000, 0x0000000100000000)
  eden space 63488K, 100% used [0x00000000d6e00000,0x00000000dac00000,0x00000000dac00000)
  from space 5120K, 99% used [0x00000000db100000,0x00000000db5fc010,0x00000000db600000)
  to   space 5120K, 0% used [0x00000000dac00000,0x00000000dac00000,0x00000000db100000)
 ParOldGen       total 84992K, used 5053K [0x0000000084a00000, 0x0000000089d00000, 0x00000000d6e00000)
  object space 84992K, 5% used [0x0000000084a00000,0x0000000084eef6c0,0x0000000089d00000)
 Metaspace       used 15045K, capacity 15378K, committed 15488K, reserved 1062912K
  class space    used 1769K, capacity 1905K, committed 1920K, reserved 1048576K

Deoptimization events (10 events):
Event: 2,411 Thread 0x00007fb07400b800 Uncommon trap: reason=unstable_if action=reinterpret pc=0x00007fb0656d946c method=java.util.IdentityHashMap.nextKeyIndex(II)I @ 4
Event: 2,413 Thread 0x00007fb07400b800 Uncommon trap: reason=unstable_if action=reinterpret pc=0x00007fb06570b13c method=java.util.IdentityHashMap.nextKeyIndex(II)I @ 4
Event: 2,668 Thread 0x00007fb07400b800 Uncommon trap: reason=unstable_if action=reinterpret pc=0x00007fb065842e74 method=org.sonatype.guice.bean.locators.RankedBindings$Itr.hasNext()Z @ 60
Event: 2,705 Thread 0x00007fb07400b800 Uncommon trap: reason=unstable_if action=reinterpret pc=0x00007fb065924a84 method=java.util.ArrayList.remove(Ljava/lang/Object;)Z @ 46
Event: 2,750 Thread 0x00007fb07400b800 Uncommon trap: reason=bimorphic action=maybe_recompile pc=0x00007fb0657a85b4 method=java.util.AbstractSet.equals(Ljava/lang/Object;)Z @ 22
Event: 2,757 Thread 0x00007fb07400b800 Uncommon trap: reason=bimorphic action=maybe_recompile pc=0x00007fb0657a85b4 method=java.util.AbstractSet.equals(Ljava/lang/Object;)Z @ 22
Event: 2,818 Thread 0x00007fb07400b800 Uncommon trap: reason=unstable_if action=reinterpret pc=0x00007fb06594840c method=org.sonatype.aether.util.graph.transformer.NearestVersionConflictResolver.selectVersion(Lorg/sonatype/aether/graph/DependencyNode;Lorg/sonatype/aether/graph/DependencyNode;I
Event: 2,872 Thread 0x00007fb07400b800 Uncommon trap: reason=bimorphic action=maybe_recompile pc=0x00007fb06537efb8 method=java.util.HashMap.putVal(ILjava/lang/Object;Ljava/lang/Object;ZZ)Ljava/lang/Object; @ 203
Event: 2,878 Thread 0x00007fb07400b800 Uncommon trap: reason=unstable_if action=reinterpret pc=0x00007fb0657d45bc method=org.sonatype.guice.bean.locators.RankedBindings$Itr.hasNext()Z @ 60
Event: 2,930 Thread 0x00007fb07400b800 Uncommon trap: reason=bimorphic action=maybe_recompile pc=0x00007fb0657a85b4 method=java.util.AbstractSet.equals(Ljava/lang/Object;)Z @ 22

Classes redefined (0 events):
No events

Internal exceptions (10 events):
Event: 0,661 Thread 0x00007fb07400b800 Exception <a 'java/lang/NoClassDefFoundError': org/slf4j/LoggerFactory> (0x00000000d8bef7b0) thrown at [/HUDSON/workspace/8-2-build-linux-amd64/jdk8u211/12973/hotspot/src/share/vm/classfile/systemDictionary.cpp, line 199]
Event: 0,661 Thread 0x00007fb07400b800 Exception <a 'java/lang/NoClassDefFoundError'> (0x00000000d8bef7b0) thrown at [/HUDSON/workspace/8-2-build-linux-amd64/jdk8u211/12973/hotspot/src/share/vm/oops/instanceKlass.cpp, line 959]
Event: 0,953 Thread 0x00007fb07400b800 Exception <a 'java/lang/NoSuchFieldError': method resolution failed> (0x00000000d81504c0) thrown at [/HUDSON/workspace/8-2-build-linux-amd64/jdk8u211/12973/hotspot/src/share/vm/prims/methodHandles.cpp, line 1167]
Event: 0,955 Thread 0x00007fb07400b800 Exception <a 'java/lang/NoSuchFieldError': method resolution failed> (0x00000000d815db80) thrown at [/HUDSON/workspace/8-2-build-linux-amd64/jdk8u211/12973/hotspot/src/share/vm/prims/methodHandles.cpp, line 1167]
Event: 1,217 Thread 0x00007fb07400b800 Implicit null exception at 0x00007fb0653aa775 to 0x00007fb0653aa97d
Event: 1,217 Thread 0x00007fb07400b800 Implicit null exception at 0x00007fb0652ef5ef to 0x00007fb0652ef659
Event: 1,273 Thread 0x00007fb07400b800 Implicit null exception at 0x00007fb06554ae46 to 0x00007fb06554b169
Event: 1,606 Thread 0x00007fb07400b800 Implicit null exception at 0x00007fb06539d5d8 to 0x00007fb06539d666
Event: 2,651 Thread 0x00007fb07400b800 Exception <a 'java/lang/NoClassDefFoundError': org/slf4j/Logger> (0x00000000d9e3fdd0) thrown at [/HUDSON/workspace/8-2-build-linux-amd64/jdk8u211/12973/hotspot/src/share/vm/oops/constantPool.cpp, line 245]
Event: 2,872 Thread 0x00007fb07400b800 Exception <a 'java/lang/NoClassDefFoundError': org/slf4j/Logger> (0x00000000da7ffc10) thrown at [/HUDSON/workspace/8-2-build-linux-amd64/jdk8u211/12973/hotspot/src/share/vm/oops/constantPool.cpp, line 245]

Events (10 events):
Event: 2,913 loading class org/sonatype/plexus/build/incremental/EmptyScanner
Event: 2,913 loading class org/sonatype/plexus/build/incremental/EmptyScanner done
Event: 2,914 loading class org/apache/maven/artifact/resolver/filter/CumulativeScopeArtifactFilter
Event: 2,914 loading class org/apache/maven/artifact/resolver/filter/CumulativeScopeArtifactFilter done
Event: 2,915 loading class org/apache/maven/artifact/resolver/filter/AbstractScopeArtifactFilter
Event: 2,915 loading class org/apache/maven/artifact/resolver/filter/AbstractScopeArtifactFilter done
Event: 2,930 Thread 0x00007fb07400b800 Uncommon trap: trap_request=0xffffffc6 fr.pc=0x00007fb0657a85b4
Event: 2,930 Thread 0x00007fb07400b800 DEOPT PACKING pc=0x00007fb0657a85b4 sp=0x00007fb07d01bf30
Event: 2,930 Thread 0x00007fb07400b800 DEOPT UNPACKING pc=0x00007fb06504573a sp=0x00007fb07d01bef8 mode 2
Event: 2,951 Executing VM operation: ParallelGCFailedAllocation


Dynamic libraries:
00400000-00401000 r-xp 00000000 08:03 427407                             /usr/lib/jvm/jdk1.8.0_211/bin/java
00600000-00601000 r--p 00000000 08:03 427407                             /usr/lib/jvm/jdk1.8.0_211/bin/java
00601000-00602000 rw-p 00001000 08:03 427407                             /usr/lib/jvm/jdk1.8.0_211/bin/java
02036000-02057000 rw-p 00000000 00:00 0                                  [heap]
84a00000-89d00000 rw-p 00000000 00:00 0 
89d00000-d6e00000 ---p 00000000 00:00 0 
d6e00000-db600000 rw-p 00000000 00:00 0 
dfd00000-100000000 ---p 00000000 00:00 0 
100000000-1001e0000 rw-p 00000000 00:00 0 
1001e0000-140000000 ---p 00000000 00:00 0 
7fb000000000-7fb000021000 rw-p 00000000 00:00 0 
7fb000021000-7fb004000000 ---p 00000000 00:00 0 
7fb008000000-7fb008021000 rw-p 00000000 00:00 0 
7fb008021000-7fb00c000000 ---p 00000000 00:00 0 
7fb00c000000-7fb00c021000 rw-p 00000000 00:00 0 
7fb00c021000-7fb010000000 ---p 00000000 00:00 0 
7fb010000000-7fb010b27000 rw-p 00000000 00:00 0 
7fb010b27000-7fb014000000 ---p 00000000 00:00 0 
7fb014000000-7fb014ddf000 rw-p 00000000 00:00 0 
7fb014ddf000-7fb018000000 ---p 00000000 00:00 0 
7fb018000000-7fb018e41000 rw-p 00000000 00:00 0 
7fb018e41000-7fb01c000000 ---p 00000000 00:00 0 
7fb01c000000-7fb01d09a000 rw-p 00000000 00:00 0 
7fb01d09a000-7fb020000000 ---p 00000000 00:00 0 
7fb020000000-7fb020021000 rw-p 00000000 00:00 0 
7fb020021000-7fb024000000 ---p 00000000 00:00 0 
7fb024000000-7fb024021000 rw-p 00000000 00:00 0 
7fb024021000-7fb028000000 ---p 00000000 00:00 0 
7fb028000000-7fb02829d000 rw-p 00000000 00:00 0 
7fb02829d000-7fb02c000000 ---p 00000000 00:00 0 
7fb02c000000-7fb02c021000 rw-p 00000000 00:00 0 
7fb02c021000-7fb030000000 ---p 00000000 00:00 0 
7fb030000000-7fb030021000 rw-p 00000000 00:00 0 
7fb030021000-7fb034000000 ---p 00000000 00:00 0 
7fb034000000-7fb034021000 rw-p 00000000 00:00 0 
7fb034021000-7fb038000000 ---p 00000000 00:00 0 
7fb038000000-7fb038021000 rw-p 00000000 00:00 0 
7fb038021000-7fb03c000000 ---p 00000000 00:00 0 
7fb040000000-7fb040021000 rw-p 00000000 00:00 0 
7fb040021000-7fb044000000 ---p 00000000 00:00 0 
7fb048000000-7fb048021000 rw-p 00000000 00:00 0 
7fb048021000-7fb04c000000 ---p 00000000 00:00 0 
7fb04cfff000-7fb050000000 rw-p 00000000 00:00 0 
7fb050000000-7fb050021000 rw-p 00000000 00:00 0 
7fb050021000-7fb054000000 ---p 00000000 00:00 0 
7fb0555f9000-7fb0555fb000 r--s 0000d000 08:05 678102                     /home/giorgos/.m2/repository/org/codehaus/plexus/plexus-interpolation/1.13/plexus-interpolation-1.13.jar
7fb0555fb000-7fb0555fc000 r--s 00001000 08:05 584111                     /home/giorgos/.m2/repository/org/sonatype/plexus/plexus-build-api/0.0.4/plexus-build-api-0.0.4.jar
7fb0555fc000-7fb0555fe000 r--s 00009000 08:05 274835                     /home/giorgos/.m2/repository/org/apache/maven/shared/maven-filtering/1.0/maven-filtering-1.0.jar
7fb0555fe000-7fb055602000 r--s 00033000 08:05 583872                     /home/giorgos/.m2/repository/org/codehaus/plexus/plexus-utils/2.0.5/plexus-utils-2.0.5.jar
7fb055602000-7fb055603000 r--s 00001000 08:05 404060                     /home/giorgos/.m2/repository/org/apache/maven/doxia/doxia-sink-api/1.0-alpha-7/doxia-sink-api-1.0-alpha-7.jar
7fb055603000-7fb055604000 r--s 00002000 08:05 404059                     /home/giorgos/.m2/repository/org/apache/maven/reporting/maven-reporting-api/2.0.6/maven-reporting-api-2.0.6.jar
7fb055604000-7fb055606000 r--s 00005000 08:05 583640                     /home/giorgos/.m2/repository/org/apache/maven/plugins/maven-resources-plugin/2.5/maven-resources-plugin-2.5.jar
7fb055606000-7fb055614000 r--s 0007f000 08:05 15290                      /home/giorgos/.m2/repository/commons-collections/commons-collections/3.2.1/commons-collections-3.2.1.jar
7fb055614000-7fb055619000 r--s 00041000 08:05 144836                     /home/giorgos/.m2/repository/commons-lang/commons-lang/2.6/commons-lang-2.6.jar
7fb055619000-7fb05561b000 r--s 00006000 08:05 15804                      /home/giorgos/.m2/repository/org/apache/maven/shared/maven-invoker/2.0.11/maven-invoker-2.0.11.jar
7fb05561b000-7fb05561d000 r--s 00006000 08:05 15802                      /home/giorgos/.m2/repository/org/apache/maven/shared/maven-common-artifact-filters/1.4/maven-common-artifact-filters-1.4.jar
7fb05561d000-7fb05561f000 r--s 0000c000 08:05 274828                     /home/giorgos/.m2/repository/org/apache/maven/shared/maven-dependency-tree/2.0/maven-dependency-tree-2.0.jar
7fb05561f000-7fb055621000 r--s 00000000 08:05 583837                     /home/giorgos/.m2/repository/org/codehaus/plexus/plexus-component-annotations/1.5.5/plexus-component-annotations-1.5.5.jar
7fb055621000-7fb055622000 r--s 0000a000 08:05 15801                      /home/giorgos/.m2/repository/asm/asm/3.3.1/asm-3.3.1.jar
7fb055622000-7fb055624000 r--s 00005000 08:05 144834                     /home/giorgos/.m2/repository/org/apache/maven/shared/maven-dependency-analyzer/1.3/maven-dependency-analyzer-1.3.jar
7fb055624000-7fb055627000 r--s 0000c000 08:05 15797                      /home/giorgos/.m2/repository/org/codehaus/plexus/plexus-io/2.0.6/plexus-io-2.0.6.jar
7fb055627000-7fb05562a000 r--s 0001b000 08:05 274826                     /home/giorgos/.m2/repository/junit/junit/3.8.1/junit-3.8.1.jar
7fb05562a000-7fb05562c000 r--s 00008000 08:05 144831                     /home/giorgos/.m2/repository/org/apache/maven/shared/maven-shared-io/1.1/maven-shared-io-1.1.jar
7fb05562c000-7fb05562e000 r--s 00008000 08:05 144830                     /home/giorgos/.m2/repository/org/apache/maven/shared/file-management/1.2.1/file-management-1.2.1.jar
7fb05562e000-7fb055632000 r--s 00035000 08:05 678092                     /home/giorgos/.m2/repository/org/codehaus/plexus/plexus-utils/3.0.9/plexus-utils-3.0.9.jar
7fb055632000-7fb055637000 r--s 00029000 08:05 15796                      /home/giorgos/.m2/repository/org/codehaus/plexus/plexus-archiver/2.2/plexus-archiver-2.2.jar
7fb055637000-7fb055639000 r--s 00004000 08:05 678090                     /home/giorgos/.m2/repository/org/apache/maven/doxia/doxia-module-xhtml/1.0/doxia-module-xhtml-1.0.jar
7fb055639000-7fb05563a000 r--s 00006000 08:05 678087                     /home/giorgos/.m2/repository/org/apache/maven/doxia/doxia-module-xdoc/1.0/doxia-module-xdoc-1.0.jar
7fb05563a000-7fb05563b000 r--s 00004000 08:05 678085                     /home/giorgos/.m2/repository/org/apache/maven/doxia/doxia-module-fml/1.0/doxia-module-fml-1.0.jar
7fb05563b000-7fb05563d000 r--s 0000a000 08:05 678084                     /home/giorgos/.m2/repository/org/apache/maven/doxia/doxia-module-apt/1.0/doxia-module-apt-1.0.jar
7fb05563d000-7fb05563e000 r--s 0000b000 08:05 678083                     /home/giorgos/.m2/repository/org/apache/maven/doxia/doxia-decoration-model/1.0/doxia-decoration-model-1.0.jar
7fb05563e000-7fb055646000 r--s 00058000 08:05 15795                      /home/giorgos/.m2/repository/org/apache/velocity/velocity/1.5/velocity-1.5.jar
7fb055646000-7fb055647000 r--s 00001000 08:05 15793                      /home/giorgos/.m2/repository/org/codehaus/plexus/plexus-velocity/1.1.7/plexus-velocity-1.1.7.jar
7fb055647000-7fb055648000 r--s 00002000 08:05 15791                      /home/giorgos/.m2/repository/org/codehaus/plexus/plexus-i18n/1.0-beta-7/plexus-i18n-1.0-beta-7.jar
7fb055648000-7fb05564a000 r--s 0000a000 08:05 583948                     /home/giorgos/.m2/repository/org/apache/maven/doxia/doxia-site-renderer/1.0/doxia-site-renderer-1.0.jar
7fb05564a000-7fb05564b000 r--s 00002000 08:05 404040                     /home/giorgos/.m2/repository/org/apache/maven/doxia/doxia-sink-api/1.0/doxia-sink-api-1.0.jar
7fb05564b000-7fb055650000 r--s 00016000 08:05 404039                     /home/giorgos/.m2/repository/xml-apis/xml-apis/1.0.b2/xml-apis-1.0.b2.jar
7fb055650000-7fb055652000 r--s 0000e000 08:05 274822                     /home/giorgos/.m2/repository/oro/oro/2.0.8/oro-2.0.8.jar
7fb055652000-7fb055654000 r--s 00008000 08:05 144827                     /home/giorgos/.m2/repository/commons-logging/commons-logging/1.0.4/commons-logging-1.0.4.jar
7fb055654000-7fb055658000 r--s 00026000 08:05 274820                     /home/giorgos/.m2/repository/commons-digester/commons-digester/1.6/commons-digester-1.6.jar
7fb055658000-7fb05565d000 r--s 0002a000 08:05 274819                     /home/giorgos/.m2/repository/commons-beanutils/commons-beanutils/1.7.0/commons-beanutils-1.7.0.jar
7fb05565d000-7fb055660000 r--s 00014000 08:05 274817                     /home/giorgos/.m2/repository/commons-validator/commons-validator/1.2.0/commons-validator-1.2.0.jar
7fb055660000-7fb055663000 r--s 00018000 08:05 144825                     /home/giorgos/.m2/repository/commons-io/commons-io/1.4/commons-io-1.4.jar
7fb055663000-7fb055665000 r--s 00009000 08:05 144824                     /home/giorgos/.m2/repository/org/apache/maven/shared/maven-doxia-tools/1.0.2/maven-doxia-tools-1.0.2.jar
7fb055665000-7fb055668000 r--s 0000b000 08:05 584084                     /home/giorgos/.m2/repository/org/apache/maven/doxia/doxia-core/1.0/doxia-core-1.0.jar
7fb055668000-7fb05566a000 r--s 00004000 08:05 546261                     /home/giorgos/.m2/repository/org/apache/maven/reporting/maven-reporting-impl/2.0.5/maven-reporting-impl-2.0.5.jar
7fb05566a000-7fb05566b000 r--s 00002000 08:05 404037                     /home/giorgos/.m2/repository/org/apache/maven/reporting/maven-reporting-api/3.0/maven-reporting-api-3.0.jar
7fb05566b000-7fb05566d000 r--s 00002000 08:05 15789                      /home/giorgos/.m2/repository/org/codehaus/plexus/plexus-interactivity-api/1.0-alpha-4/plexus-interactivity-api-1.0-alpha-4.jar
7fb05566d000-7fb05566f000 r--s 00006000 08:05 274816                     /home/giorgos/.m2/repository/commons-cli/commons-cli/1.0/commons-cli-1.0.jar
7fb05566f000-7fb055672000 r--s 00021000 08:05 583656                     /home/giorgos/.m2/repository/org/apache/maven/plugins/maven-dependency-plugin/2.6/maven-dependency-plugin-2.6.jar
7fb055672000-7fb0557b2000 rw-p 00000000 00:00 0 
7fb0557b2000-7fb055872000 ---p 00000000 00:00 0 
7fb055872000-7fb055883000 r-xp 00000000 08:03 529055                     /usr/lib/jvm/jdk1.8.0_211/jre/lib/amd64/libnio.so
7fb055883000-7fb055a82000 ---p 00011000 08:03 529055                     /usr/lib/jvm/jdk1.8.0_211/jre/lib/amd64/libnio.so
7fb055a82000-7fb055a83000 r--p 00010000 08:03 529055                     /usr/lib/jvm/jdk1.8.0_211/jre/lib/amd64/libnio.so
7fb055a83000-7fb055a84000 rw-p 00011000 08:03 529055                     /usr/lib/jvm/jdk1.8.0_211/jre/lib/amd64/libnio.so
7fb055a84000-7fb055a9a000 r-xp 00000000 08:03 528935                     /usr/lib/jvm/jdk1.8.0_211/jre/lib/amd64/libnet.so
7fb055a9a000-7fb055c99000 ---p 00016000 08:03 528935                     /usr/lib/jvm/jdk1.8.0_211/jre/lib/amd64/libnet.so
7fb055c99000-7fb055c9a000 r--p 00015000 08:03 528935                     /usr/lib/jvm/jdk1.8.0_211/jre/lib/amd64/libnet.so
7fb055c9a000-7fb055c9b000 rw-p 00016000 08:03 528935                     /usr/lib/jvm/jdk1.8.0_211/jre/lib/amd64/libnet.so
7fb055c9b000-7fb055c9e000 ---p 00000000 00:00 0 
7fb055c9e000-7fb055cd4000 rw-p 00000000 00:00 0 
7fb055cd4000-7fb055cd5000 r--p 00000000 00:00 0 
7fb055cd5000-7fb055ed5000 rw-p 00000000 00:00 0 
7fb055ed5000-7fb055eda000 r--s 000a3000 08:03 427823                     /usr/lib/jvm/jdk1.8.0_211/jre/lib/jsse.jar
7fb055eda000-7fb0560da000 rw-p 00000000 00:00 0 
7fb0560da000-7fb0560dc000 r--s 0000d000 08:05 140336                     /home/giorgos/netbeans-8.2/java/maven-nblib/netbeans-eventspy.jar
7fb0560dc000-7fb0560de000 r--s 00026000 08:05 140345                     /home/giorgos/netbeans-8.2/java/maven/lib/maven-model-3.0.5.jar
7fb0560de000-7fb0560e0000 r--s 00006000 08:05 140300                     /home/giorgos/netbeans-8.2/java/maven/lib/aether-connector-wagon-1.13.1.jar
7fb0560e0000-7fb0560e2000 r--s 0000b000 08:05 140319                     /home/giorgos/netbeans-8.2/java/maven/lib/wagon-provider-api-2.10.jar
7fb0560e2000-7fb0560e3000 r--s 0000a000 08:05 140331                     /home/giorgos/netbeans-8.2/java/maven/lib/maven-embedder-3.0.5.jar
7fb0560e3000-7fb0560e7000 r--s 00021000 08:05 140309                     /home/giorgos/netbeans-8.2/java/maven/lib/maven-model-builder-3.0.5.jar
7fb0560e7000-7fb0560e9000 r--s 0000b000 08:05 140325                     /home/giorgos/netbeans-8.2/java/maven/lib/maven-plugin-api-3.0.5.jar
7fb0560e9000-7fb0560eb000 r--s 0000b000 08:05 140330                     /home/giorgos/netbeans-8.2/java/maven/lib/maven-artifact-3.0.5.jar
7fb0560eb000-7fb05611a000 r--s 001c8000 08:05 140324                     /home/giorgos/netbeans-8.2/java/maven/lib/wagon-http-2.10-shaded.jar
7fb05611a000-7fb05611b000 ---p 00000000 00:00 0 
7fb05611b000-7fb05621b000 rw-p 00000000 00:00 0 
7fb05621b000-7fb05621e000 ---p 00000000 00:00 0 
7fb05621e000-7fb05631c000 rw-p 00000000 00:00 0 
7fb05631c000-7fb05631d000 ---p 00000000 00:00 0 
7fb05631d000-7fb056320000 ---p 00000000 00:00 0 
7fb056320000-7fb05641d000 rw-p 00000000 00:00 0 
7fb05641d000-7fb05641e000 ---p 00000000 00:00 0 
7fb05641e000-7fb056421000 ---p 00000000 00:00 0 
7fb056421000-7fb05651e000 rw-p 00000000 00:00 0 
7fb05651e000-7fb05651f000 ---p 00000000 00:00 0 
7fb05651f000-7fb056522000 ---p 00000000 00:00 0 
7fb056522000-7fb05661f000 rw-p 00000000 00:00 0 
7fb05661f000-7fb056620000 ---p 00000000 00:00 0 
7fb056620000-7fb056623000 ---p 00000000 00:00 0 
7fb056623000-7fb056720000 rw-p 00000000 00:00 0 
7fb056720000-7fb056723000 ---p 00000000 00:00 0 
7fb056723000-7fb056821000 rw-p 00000000 00:00 0 
7fb056821000-7fb0571f2000 r--p 00000000 08:03 7132                       /usr/lib/locale/locale-archive
7fb0571f2000-7fb0571f5000 ---p 00000000 00:00 0 
7fb0571f5000-7fb0572f3000 rw-p 00000000 00:00 0 
7fb0572f3000-7fb0572f6000 ---p 00000000 00:00 0 
7fb0572f6000-7fb0573f4000 rw-p 00000000 00:00 0 
7fb0573f4000-7fb0573f5000 ---p 00000000 00:00 0 
7fb0573f5000-7fb058000000 rw-p 00000000 00:00 0 
7fb058000000-7fb058021000 rw-p 00000000 00:00 0 
7fb058021000-7fb05c000000 ---p 00000000 00:00 0 
7fb05c000000-7fb05c002000 r--s 00009000 08:05 140356                     /home/giorgos/netbeans-8.2/java/maven/lib/commons-cli-1.2.jar
7fb05c002000-7fb05c004000 r--s 0000d000 08:05 140311                     /home/giorgos/netbeans-8.2/java/maven/lib/plexus-interpolation-1.14.jar
7fb05c004000-7fb05c008000 r--s 00013000 08:05 140347                     /home/giorgos/netbeans-8.2/java/maven/lib/aether-api-1.13.1.jar
7fb05c008000-7fb05c00e000 r--s 0003f000 08:05 140343                     /home/giorgos/netbeans-8.2/java/maven/lib/maven-compat-3.0.5.jar
7fb05c00e000-7fb05c02d000 r--s 00154000 08:05 140353                     /home/giorgos/netbeans-8.2/java/maven/lib/sisu-guava-0.9.9.jar
7fb05c02d000-7fb060000000 rw-p 00000000 00:00 0 
7fb060000000-7fb060021000 rw-p 00000000 00:00 0 
7fb060021000-7fb064000000 ---p 00000000 00:00 0 
7fb064000000-7fb064001000 r--s 00003000 08:05 140348                     /home/giorgos/netbeans-8.2/java/maven/lib/aether-spi-1.13.1.jar
7fb064001000-7fb064003000 r--s 0000a000 08:05 140332                     /home/giorgos/netbeans-8.2/java/maven/lib/maven-settings-3.0.5.jar
7fb064003000-7fb064005000 r--s 00002000 08:05 140346                     /home/giorgos/netbeans-8.2/java/maven/lib/plexus-cipher-1.7.jar
7fb064005000-7fb06400c000 r--s 0003f000 08:05 140326                     /home/giorgos/netbeans-8.2/java/maven/lib/sisu-inject-bean-2.3.0.jar
7fb06400c000-7fb064018000 r--s 0007d000 08:05 140352                     /home/giorgos/netbeans-8.2/java/maven/lib/maven-core-3.0.5.jar
7fb064018000-7fb064e26000 rw-p 00000000 00:00 0 
7fb064e26000-7fb065000000 r--s 03d6d000 08:03 427753                     /usr/lib/jvm/jdk1.8.0_211/jre/lib/rt.jar
7fb065000000-7fb065a80000 rwxp 00000000 00:00 0 
7fb065a80000-7fb074000000 ---p 00000000 00:00 0 
7fb074000000-7fb074cb3000 rw-p 00000000 00:00 0 
7fb074cb3000-7fb078000000 ---p 00000000 00:00 0 
7fb078000000-7fb078002000 r--s 00006000 08:05 140295                     /home/giorgos/netbeans-8.2/java/maven/lib/maven-repository-metadata-3.0.5.jar
7fb078002000-7fb078d89000 rw-p 00000000 00:00 0 
7fb078d89000-7fb078d8a000 ---p 00000000 00:00 0 
7fb078d8a000-7fb078e8a000 rw-p 00000000 00:00 0 
7fb078e8a000-7fb078e8b000 ---p 00000000 00:00 0 
7fb078e8b000-7fb078f8b000 rw-p 00000000 00:00 0 
7fb078f8b000-7fb078f8c000 ---p 00000000 00:00 0 
7fb078f8c000-7fb07908c000 rw-p 00000000 00:00 0 
7fb07908c000-7fb07908d000 ---p 00000000 00:00 0 
7fb07908d000-7fb07918d000 rw-p 00000000 00:00 0 
7fb07918d000-7fb07918e000 ---p 00000000 00:00 0 
7fb07918e000-7fb07928e000 rw-p 00000000 00:00 0 
7fb07928e000-7fb07928f000 ---p 00000000 00:00 0 
7fb07928f000-7fb07938f000 rw-p 00000000 00:00 0 
7fb07938f000-7fb079390000 ---p 00000000 00:00 0 
7fb079390000-7fb079490000 rw-p 00000000 00:00 0 
7fb079490000-7fb079491000 ---p 00000000 00:00 0 
7fb079491000-7fb0795bb000 rw-p 00000000 00:00 0 
7fb0795bb000-7fb079823000 ---p 00000000 00:00 0 
7fb079823000-7fb07984d000 rw-p 00000000 00:00 0 
7fb07984d000-7fb079ab5000 ---p 00000000 00:00 0 
7fb079ab5000-7fb079ad9000 rw-p 00000000 00:00 0 
7fb079ad9000-7fb079bfe000 ---p 00000000 00:00 0 
7fb079bfe000-7fb079c29000 rw-p 00000000 00:00 0 
7fb079c29000-7fb079fbf000 ---p 00000000 00:00 0 
7fb079fbf000-7fb079fda000 r-xp 00000000 08:03 528981                     /usr/lib/jvm/jdk1.8.0_211/jre/lib/amd64/libzip.so
7fb079fda000-7fb07a1d9000 ---p 0001b000 08:03 528981                     /usr/lib/jvm/jdk1.8.0_211/jre/lib/amd64/libzip.so
7fb07a1d9000-7fb07a1da000 r--p 0001a000 08:03 528981                     /usr/lib/jvm/jdk1.8.0_211/jre/lib/amd64/libzip.so
7fb07a1da000-7fb07a1db000 rw-p 0001b000 08:03 528981                     /usr/lib/jvm/jdk1.8.0_211/jre/lib/amd64/libzip.so
7fb07a1db000-7fb07a1e6000 r-xp 00000000 08:03 529911                     /lib/x86_64-linux-gnu/libnss_files-2.27.so
7fb07a1e6000-7fb07a3e5000 ---p 0000b000 08:03 529911                     /lib/x86_64-linux-gnu/libnss_files-2.27.so
7fb07a3e5000-7fb07a3e6000 r--p 0000a000 08:03 529911                     /lib/x86_64-linux-gnu/libnss_files-2.27.so
7fb07a3e6000-7fb07a3e7000 rw-p 0000b000 08:03 529911                     /lib/x86_64-linux-gnu/libnss_files-2.27.so
7fb07a3e7000-7fb07a3ed000 rw-p 00000000 00:00 0 
7fb07a3ed000-7fb07a404000 r-xp 00000000 08:03 529905                     /lib/x86_64-linux-gnu/libnsl-2.27.so
7fb07a404000-7fb07a603000 ---p 00017000 08:03 529905                     /lib/x86_64-linux-gnu/libnsl-2.27.so
7fb07a603000-7fb07a604000 r--p 00016000 08:03 529905                     /lib/x86_64-linux-gnu/libnsl-2.27.so
7fb07a604000-7fb07a605000 rw-p 00017000 08:03 529905                     /lib/x86_64-linux-gnu/libnsl-2.27.so
7fb07a605000-7fb07a607000 rw-p 00000000 00:00 0 
7fb07a607000-7fb07a612000 r-xp 00000000 08:03 529922                     /lib/x86_64-linux-gnu/libnss_nis-2.27.so
7fb07a612000-7fb07a811000 ---p 0000b000 08:03 529922                     /lib/x86_64-linux-gnu/libnss_nis-2.27.so
7fb07a811000-7fb07a812000 r--p 0000a000 08:03 529922                     /lib/x86_64-linux-gnu/libnss_nis-2.27.so
7fb07a812000-7fb07a813000 rw-p 0000b000 08:03 529922                     /lib/x86_64-linux-gnu/libnss_nis-2.27.so
7fb07a813000-7fb07a81b000 r-xp 00000000 08:03 529907                     /lib/x86_64-linux-gnu/libnss_compat-2.27.so
7fb07a81b000-7fb07aa1b000 ---p 00008000 08:03 529907                     /lib/x86_64-linux-gnu/libnss_compat-2.27.so
7fb07aa1b000-7fb07aa1c000 r--p 00008000 08:03 529907                     /lib/x86_64-linux-gnu/libnss_compat-2.27.so
7fb07aa1c000-7fb07aa1d000 rw-p 00009000 08:03 529907                     /lib/x86_64-linux-gnu/libnss_compat-2.27.so
7fb07aa1d000-7fb07aa49000 r-xp 00000000 08:03 528963                     /usr/lib/jvm/jdk1.8.0_211/jre/lib/amd64/libjava.so
7fb07aa49000-7fb07ac49000 ---p 0002c000 08:03 528963                     /usr/lib/jvm/jdk1.8.0_211/jre/lib/amd64/libjava.so
7fb07ac49000-7fb07ac4a000 r--p 0002c000 08:03 528963                     /usr/lib/jvm/jdk1.8.0_211/jre/lib/amd64/libjava.so
7fb07ac4a000-7fb07ac4c000 rw-p 0002d000 08:03 528963                     /usr/lib/jvm/jdk1.8.0_211/jre/lib/amd64/libjava.so
7fb07ac4c000-7fb07ac59000 r-xp 00000000 08:03 528945                     /usr/lib/jvm/jdk1.8.0_211/jre/lib/amd64/libverify.so
7fb07ac59000-7fb07ae58000 ---p 0000d000 08:03 528945                     /usr/lib/jvm/jdk1.8.0_211/jre/lib/amd64/libverify.so
7fb07ae58000-7fb07ae5a000 r--p 0000c000 08:03 528945                     /usr/lib/jvm/jdk1.8.0_211/jre/lib/amd64/libverify.so
7fb07ae5a000-7fb07ae5b000 rw-p 0000e000 08:03 528945                     /usr/lib/jvm/jdk1.8.0_211/jre/lib/amd64/libverify.so
7fb07ae5b000-7fb07ae62000 r-xp 00000000 08:03 529962                     /lib/x86_64-linux-gnu/librt-2.27.so
7fb07ae62000-7fb07b061000 ---p 00007000 08:03 529962                     /lib/x86_64-linux-gnu/librt-2.27.so
7fb07b061000-7fb07b062000 r--p 00006000 08:03 529962                     /lib/x86_64-linux-gnu/librt-2.27.so
7fb07b062000-7fb07b063000 rw-p 00007000 08:03 529962                     /lib/x86_64-linux-gnu/librt-2.27.so
7fb07b063000-7fb07b200000 r-xp 00000000 08:03 529884                     /lib/x86_64-linux-gnu/libm-2.27.so
7fb07b200000-7fb07b3ff000 ---p 0019d000 08:03 529884                     /lib/x86_64-linux-gnu/libm-2.27.so
7fb07b3ff000-7fb07b400000 r--p 0019c000 08:03 529884                     /lib/x86_64-linux-gnu/libm-2.27.so
7fb07b400000-7fb07b401000 rw-p 0019d000 08:03 529884                     /lib/x86_64-linux-gnu/libm-2.27.so
7fb07b401000-7fb07c0e9000 r-xp 00000000 08:03 528977                     /usr/lib/jvm/jdk1.8.0_211/jre/lib/amd64/server/libjvm.so
7fb07c0e9000-7fb07c2e8000 ---p 00ce8000 08:03 528977                     /usr/lib/jvm/jdk1.8.0_211/jre/lib/amd64/server/libjvm.so
7fb07c2e8000-7fb07c37e000 r--p 00ce7000 08:03 528977                     /usr/lib/jvm/jdk1.8.0_211/jre/lib/amd64/server/libjvm.so
7fb07c37e000-7fb07c3af000 rw-p 00d7d000 08:03 528977                     /usr/lib/jvm/jdk1.8.0_211/jre/lib/amd64/server/libjvm.so
7fb07c3af000-7fb07c3ea000 rw-p 00000000 00:00 0 
7fb07c3ea000-7fb07c5d1000 r-xp 00000000 08:03 529821                     /lib/x86_64-linux-gnu/libc-2.27.so
7fb07c5d1000-7fb07c7d1000 ---p 001e7000 08:03 529821                     /lib/x86_64-linux-gnu/libc-2.27.so
7fb07c7d1000-7fb07c7d5000 r--p 001e7000 08:03 529821                     /lib/x86_64-linux-gnu/libc-2.27.so
7fb07c7d5000-7fb07c7d7000 rw-p 001eb000 08:03 529821                     /lib/x86_64-linux-gnu/libc-2.27.so
7fb07c7d7000-7fb07c7db000 rw-p 00000000 00:00 0 
7fb07c7db000-7fb07c7de000 r-xp 00000000 08:03 529844                     /lib/x86_64-linux-gnu/libdl-2.27.so
7fb07c7de000-7fb07c9dd000 ---p 00003000 08:03 529844                     /lib/x86_64-linux-gnu/libdl-2.27.so
7fb07c9dd000-7fb07c9de000 r--p 00002000 08:03 529844                     /lib/x86_64-linux-gnu/libdl-2.27.so
7fb07c9de000-7fb07c9df000 rw-p 00003000 08:03 529844                     /lib/x86_64-linux-gnu/libdl-2.27.so
7fb07c9df000-7fb07c9f6000 r-xp 00000000 08:03 427011                     /usr/lib/jvm/jdk1.8.0_211/lib/amd64/jli/libjli.so
7fb07c9f6000-7fb07cbf5000 ---p 00017000 08:03 427011                     /usr/lib/jvm/jdk1.8.0_211/lib/amd64/jli/libjli.so
7fb07cbf5000-7fb07cbf6000 r--p 00016000 08:03 427011                     /usr/lib/jvm/jdk1.8.0_211/lib/amd64/jli/libjli.so
7fb07cbf6000-7fb07cbf7000 rw-p 00017000 08:03 427011                     /usr/lib/jvm/jdk1.8.0_211/lib/amd64/jli/libjli.so
7fb07cbf7000-7fb07cc11000 r-xp 00000000 08:03 529954                     /lib/x86_64-linux-gnu/libpthread-2.27.so
7fb07cc11000-7fb07ce10000 ---p 0001a000 08:03 529954                     /lib/x86_64-linux-gnu/libpthread-2.27.so
7fb07ce10000-7fb07ce11000 r--p 00019000 08:03 529954                     /lib/x86_64-linux-gnu/libpthread-2.27.so
7fb07ce11000-7fb07ce12000 rw-p 0001a000 08:03 529954                     /lib/x86_64-linux-gnu/libpthread-2.27.so
7fb07ce12000-7fb07ce16000 rw-p 00000000 00:00 0 
7fb07ce16000-7fb07ce3d000 r-xp 00000000 08:03 529793                     /lib/x86_64-linux-gnu/ld-2.27.so
7fb07ce3d000-7fb07ce3e000 r--s 00002000 08:05 140327                     /home/giorgos/netbeans-8.2/java/maven/lib/wagon-http-shared-2.10.jar
7fb07ce3e000-7fb07ce40000 r--s 0000c000 08:05 140303                     /home/giorgos/netbeans-8.2/java/maven/lib/maven-aether-provider-3.0.5.jar
7fb07ce40000-7fb07ce43000 r--s 0001d000 08:05 140340                     /home/giorgos/netbeans-8.2/java/maven/lib/aether-impl-1.13.1.jar
7fb07ce43000-7fb07ce44000 r--s 00006000 08:05 140310                     /home/giorgos/netbeans-8.2/java/maven/lib/plexus-sec-dispatcher-1.3.jar
7fb07ce44000-7fb07ce46000 r--s 00000000 08:05 140292                     /home/giorgos/netbeans-8.2/java/maven/lib/plexus-component-annotations-1.5.5.jar
7fb07ce46000-7fb07ce47000 r--s 00002000 08:05 140354                     /home/giorgos/netbeans-8.2/java/maven/lib/wagon-file-2.10.jar
7fb07ce47000-7fb07ce4b000 r--s 0001c000 08:05 140342                     /home/giorgos/netbeans-8.2/java/maven/lib/aether-util-1.13.1.jar
7fb07ce4b000-7fb07ce53000 r--s 00050000 08:05 140318                     /home/giorgos/netbeans-8.2/java/maven/lib/sisu-guice-3.1.0-no_aop.jar
7fb07ce53000-7fb07cf1e000 rw-p 00000000 00:00 0 
7fb07cf1e000-7fb07cf1f000 ---p 00000000 00:00 0 
7fb07cf1f000-7fb07cf22000 ---p 00000000 00:00 0 
7fb07cf22000-7fb07d021000 rw-p 00000000 00:00 0 
7fb07d021000-7fb07d028000 r--s 0002b000 08:05 140316                     /home/giorgos/netbeans-8.2/java/maven/lib/sisu-inject-plexus-2.3.0.jar
7fb07d028000-7fb07d02b000 r--s 00008000 08:05 140301                     /home/giorgos/netbeans-8.2/java/maven/lib/maven-settings-builder-3.0.5.jar
7fb07d02b000-7fb07d02f000 r--s 00033000 08:05 140339                     /home/giorgos/netbeans-8.2/java/maven/lib/plexus-utils-2.0.6.jar
7fb07d02f000-7fb07d031000 r--s 0000a000 08:05 140321                     /home/giorgos/netbeans-8.2/java/maven/boot/plexus-classworlds-2.4.jar
7fb07d031000-7fb07d039000 rw-s 00000000 08:03 9151                       /tmp/hsperfdata_giorgos/2174
7fb07d039000-7fb07d03a000 rw-p 00000000 00:00 0 
7fb07d03a000-7fb07d03b000 ---p 00000000 00:00 0 
7fb07d03b000-7fb07d03d000 rw-p 00000000 00:00 0 
7fb07d03d000-7fb07d03e000 r--p 00027000 08:03 529793                     /lib/x86_64-linux-gnu/ld-2.27.so
7fb07d03e000-7fb07d03f000 rw-p 00028000 08:03 529793                     /lib/x86_64-linux-gnu/ld-2.27.so
7fb07d03f000-7fb07d040000 rw-p 00000000 00:00 0 
7ffe9d533000-7ffe9d554000 rw-p 00000000 00:00 0                          [stack]
7ffe9d5a0000-7ffe9d5a3000 r--p 00000000 00:00 0                          [vvar]
7ffe9d5a3000-7ffe9d5a5000 r-xp 00000000 00:00 0                          [vdso]
ffffffffff600000-ffffffffff601000 r-xp 00000000 00:00 0                  [vsyscall]

VM Arguments:
jvm_args: -Dclassworlds.conf=/home/giorgos/netbeans-8.2/java/maven/bin/m2.conf -Dmaven.home=/home/giorgos/netbeans-8.2/java/maven 
java_command: org.codehaus.plexus.classworlds.launcher.Launcher -Dnetbeans.deploy=true -Dmaven.ext.class.path=/home/giorgos/netbeans-8.2/java/maven-nblib/netbeans-eventspy.jar package
java_class_path (initial): /home/giorgos/netbeans-8.2/java/maven/boot/plexus-classworlds-2.4.jar
Launcher Type: SUN_STANDARD

Environment Variables:
JAVA_HOME=/usr/lib/jvm/jdk1.8.0_211
PATH=/home/giorgos/.local/bin:/usr/local/sbin:/usr/local/bin:/usr/sbin:/usr/bin:/sbin:/bin:/usr/games:/usr/local/games:/usr/lib/jvm/jdk1.8.0_211/bin:/usr/lib/jvm/jdk1.8.0_211/db/bin:/usr/lib/jvm/jdk1.8.0_211/jre/bin:/snap/bin
USERNAME=giorgos
LD_LIBRARY_PATH=/usr/lib/jvm/jdk1.8.0_211/jre/lib/amd64:/usr/lib/jvm/jdk1.8.0_211/jre/lib/i386:
SHELL=/bin/bash
DISPLAY=:0

Signal Handlers:
SIGSEGV: [libjvm.so+0xad3d90], sa_mask[0]=11111111011111111101111111111110, sa_flags=SA_RESTART|SA_SIGINFO
SIGBUS: [libjvm.so+0xad3d90], sa_mask[0]=11111111011111111101111111111110, sa_flags=SA_RESTART|SA_SIGINFO
SIGFPE: [libjvm.so+0x90b8b0], sa_mask[0]=11111111011111111101111111111110, sa_flags=SA_RESTART|SA_SIGINFO
SIGPIPE: [libjvm.so+0x90b8b0], sa_mask[0]=11111111011111111101111111111110, sa_flags=SA_RESTART|SA_SIGINFO
SIGXFSZ: [libjvm.so+0x90b8b0], sa_mask[0]=11111111011111111101111111111110, sa_flags=SA_RESTART|SA_SIGINFO
SIGILL: [libjvm.so+0x90b8b0], sa_mask[0]=11111111011111111101111111111110, sa_flags=SA_RESTART|SA_SIGINFO
SIGUSR1: SIG_DFL, sa_mask[0]=00000000000000000000000000000000, sa_flags=none
SIGUSR2: [libjvm.so+0x90b780], sa_mask[0]=00100000000000000000000000000000, sa_flags=SA_RESTART|SA_SIGINFO
SIGHUP: [libjvm.so+0x90bda0], sa_mask[0]=11111111011111111101111111111110, sa_flags=SA_RESTART|SA_SIGINFO
SIGINT: SIG_IGN, sa_mask[0]=00000000000000000000000000000000, sa_flags=none
SIGTERM: [libjvm.so+0x90bda0], sa_mask[0]=11111111011111111101111111111110, sa_flags=SA_RESTART|SA_SIGINFO
SIGQUIT: [libjvm.so+0x90bda0], sa_mask[0]=11111111011111111101111111111110, sa_flags=SA_RESTART|SA_SIGINFO


---------------  S Y S T E M  ---------------

OS:DISTRIB_ID=Ubuntu
DISTRIB_RELEASE=18.04
DISTRIB_CODENAME=bionic
DISTRIB_DESCRIPTION="Ubuntu 18.04.2 LTS"

uname:Linux 4.18.0-25-generic #26~18.04.1-Ubuntu SMP Thu Jun 27 07:28:31 UTC 2019 x86_64
libc:glibc 2.27 NPTL 2.27 
rlimit: STACK 8192k, CORE 0k, NPROC 31394, NOFILE 1048576, AS infinity
load average:5,97 2,36 1,27

/proc/meminfo:
MemTotal:        8082336 kB
MemFree:          126568 kB
MemAvailable:      25176 kB
Buffers:            2424 kB
Cached:           424092 kB
SwapCached:         5052 kB
Active:          6719076 kB
Inactive:         850044 kB
Active(anon):    6706992 kB
Inactive(anon):   838268 kB
Active(file):      12084 kB
Inactive(file):    11776 kB
Unevictable:          88 kB
Mlocked:              88 kB
SwapTotal:       1951740 kB
SwapFree:              0 kB
Dirty:               224 kB
Writeback:             4 kB
AnonPages:       7140576 kB
Mapped:           183052 kB
Shmem:            401232 kB
Slab:             129384 kB
SReclaimable:      51084 kB
SUnreclaim:        78300 kB
KernelStack:       20464 kB
PageTables:       105540 kB
NFS_Unstable:          0 kB
Bounce:                0 kB
WritebackTmp:          0 kB
CommitLimit:     5992908 kB
Committed_AS:   18461564 kB
VmallocTotal:   34359738367 kB
VmallocUsed:           0 kB
VmallocChunk:          0 kB
HardwareCorrupted:     0 kB
AnonHugePages:         0 kB
ShmemHugePages:        0 kB
ShmemPmdMapped:        0 kB
CmaTotal:              0 kB
CmaFree:               0 kB
HugePages_Total:       0
HugePages_Free:        0
HugePages_Rsvd:        0
HugePages_Surp:        0
Hugepagesize:       2048 kB
Hugetlb:               0 kB
DirectMap4k:      389888 kB
DirectMap2M:     7913472 kB
DirectMap1G:     1048576 kB

container (cgroup) information:
container_type: cgroupv1
cpu_cpuset_cpus: 0-7
cpu_memory_nodes: 0
active_processor_count: 8
cpu_quota: -1
cpu_period: 100000
cpu_shares: -1
memory_limit_in_bytes: -1
memory_and_swap_limit_in_bytes: -2
memory_soft_limit_in_bytes: -1
memory_usage_in_bytes: 7751135232
memory_max_usage_in_bytes: 29609984


CPU:total 8 (initial active 8) (4 cores per cpu, 2 threads per core) family 6 model 60 stepping 3, cmov, cx8, fxsr, mmx, sse, sse2, sse3, ssse3, sse4.1, sse4.2, popcnt, avx, avx2, aes, clmul, erms, lzcnt, ht, tsc, tscinvbit, bmi1, bmi2

/proc/cpuinfo:
processor	: 0
vendor_id	: GenuineIntel
cpu family	: 6
model		: 60
model name	: Intel(R) Core(TM) i7-4710HQ CPU @ 2.50GHz
stepping	: 3
microcode	: 0x27
cpu MHz		: 3273.329
cache size	: 6144 KB
physical id	: 0
siblings	: 8
core id		: 0
cpu cores	: 4
apicid		: 0
initial apicid	: 0
fpu		: yes
fpu_exception	: yes
cpuid level	: 13
wp		: yes
flags		: fpu vme de pse tsc msr pae mce cx8 apic sep mtrr pge mca cmov pat pse36 clflush dts acpi mmx fxsr sse sse2 ss ht tm pbe syscall nx pdpe1gb rdtscp lm constant_tsc arch_perfmon pebs bts rep_good nopl xtopology nonstop_tsc cpuid aperfmperf pni pclmulqdq dtes64 monitor ds_cpl vmx est tm2 ssse3 sdbg fma cx16 xtpr pdcm pcid sse4_1 sse4_2 x2apic movbe popcnt tsc_deadline_timer aes xsave avx f16c rdrand lahf_lm abm cpuid_fault epb invpcid_single pti ssbd ibrs ibpb stibp tpr_shadow vnmi flexpriority ept vpid fsgsbase tsc_adjust bmi1 avx2 smep bmi2 erms invpcid xsaveopt dtherm ida arat pln pts md_clear flush_l1d
bugs		: cpu_meltdown spectre_v1 spectre_v2 spec_store_bypass l1tf mds
bogomips	: 4988.83
clflush size	: 64
cache_alignment	: 64
address sizes	: 39 bits physical, 48 bits virtual
power management:

processor	: 1
vendor_id	: GenuineIntel
cpu family	: 6
model		: 60
model name	: Intel(R) Core(TM) i7-4710HQ CPU @ 2.50GHz
stepping	: 3
microcode	: 0x27
cpu MHz		: 3273.504
cache size	: 6144 KB
physical id	: 0
siblings	: 8
core id		: 0
cpu cores	: 4
apicid		: 1
initial apicid	: 1
fpu		: yes
fpu_exception	: yes
cpuid level	: 13
wp		: yes
flags		: fpu vme de pse tsc msr pae mce cx8 apic sep mtrr pge mca cmov pat pse36 clflush dts acpi mmx fxsr sse sse2 ss ht tm pbe syscall nx pdpe1gb rdtscp lm constant_tsc arch_perfmon pebs bts rep_good nopl xtopology nonstop_tsc cpuid aperfmperf pni pclmulqdq dtes64 monitor ds_cpl vmx est tm2 ssse3 sdbg fma cx16 xtpr pdcm pcid sse4_1 sse4_2 x2apic movbe popcnt tsc_deadline_timer aes xsave avx f16c rdrand lahf_lm abm cpuid_fault epb invpcid_single pti ssbd ibrs ibpb stibp tpr_shadow vnmi flexpriority ept vpid fsgsbase tsc_adjust bmi1 avx2 smep bmi2 erms invpcid xsaveopt dtherm ida arat pln pts md_clear flush_l1d
bugs		: cpu_meltdown spectre_v1 spectre_v2 spec_store_bypass l1tf mds
bogomips	: 4988.83
clflush size	: 64
cache_alignment	: 64
address sizes	: 39 bits physical, 48 bits virtual
power management:

processor	: 2
vendor_id	: GenuineIntel
cpu family	: 6
model		: 60
model name	: Intel(R) Core(TM) i7-4710HQ CPU @ 2.50GHz
stepping	: 3
microcode	: 0x27
cpu MHz		: 3284.880
cache size	: 6144 KB
physical id	: 0
siblings	: 8
core id		: 1
cpu cores	: 4
apicid		: 2
initial apicid	: 2
fpu		: yes
fpu_exception	: yes
cpuid level	: 13
wp		: yes
flags		: fpu vme de pse tsc msr pae mce cx8 apic sep mtrr pge mca cmov pat pse36 clflush dts acpi mmx fxsr sse sse2 ss ht tm pbe syscall nx pdpe1gb rdtscp lm constant_tsc arch_perfmon pebs bts rep_good nopl xtopology nonstop_tsc cpuid aperfmperf pni pclmulqdq dtes64 monitor ds_cpl vmx est tm2 ssse3 sdbg fma cx16 xtpr pdcm pcid sse4_1 sse4_2 x2apic movbe popcnt tsc_deadline_timer aes xsave avx f16c rdrand lahf_lm abm cpuid_fault epb invpcid_single pti ssbd ibrs ibpb stibp tpr_shadow vnmi flexpriority ept vpid fsgsbase tsc_adjust bmi1 avx2 smep bmi2 erms invpcid xsaveopt dtherm ida arat pln pts md_clear flush_l1d
bugs		: cpu_meltdown spectre_v1 spectre_v2 spec_store_bypass l1tf mds
bogomips	: 4988.83
clflush size	: 64
cache_alignment	: 64
address sizes	: 39 bits physical, 48 bits virtual
power management:

processor	: 3
vendor_id	: GenuineIntel
cpu family	: 6
model		: 60
model name	: Intel(R) Core(TM) i7-4710HQ CPU @ 2.50GHz
stepping	: 3
microcode	: 0x27
cpu MHz		: 3281.309
cache size	: 6144 KB
physical id	: 0
siblings	: 8
core id		: 1
cpu cores	: 4
apicid		: 3
initial apicid	: 3
fpu		: yes
fpu_exception	: yes
cpuid level	: 13
wp		: yes
flags		: fpu vme de pse tsc msr pae mce cx8 apic sep mtrr pge mca cmov pat pse36 clflush dts acpi mmx fxsr sse sse2 ss ht tm pbe syscall nx pdpe1gb rdtscp lm constant_tsc arch_perfmon pebs bts rep_good nopl xtopology nonstop_tsc cpuid aperfmperf pni pclmulqdq dtes64 monitor ds_cpl vmx est tm2 ssse3 sdbg fma cx16 xtpr pdcm pcid sse4_1 sse4_2 x2apic movbe popcnt tsc_deadline_timer aes xsave avx f16c rdrand lahf_lm abm cpuid_fault epb invpcid_single pti ssbd ibrs ibpb stibp tpr_shadow vnmi flexpriority ept vpid fsgsbase tsc_adjust bmi1 avx2 smep bmi2 erms invpcid xsaveopt dtherm ida arat pln pts md_clear flush_l1d
bugs		: cpu_meltdown spectre_v1 spectre_v2 spec_store_bypass l1tf mds
bogomips	: 4988.83
clflush size	: 64
cache_alignment	: 64
address sizes	: 39 bits physical, 48 bits virtual
power management:

processor	: 4
vendor_id	: GenuineIntel
cpu family	: 6
model		: 60
model name	: Intel(R) Core(TM) i7-4710HQ CPU @ 2.50GHz
stepping	: 3
microcode	: 0x27
cpu MHz		: 3273.074
cache size	: 6144 KB
physical id	: 0
siblings	: 8
core id		: 2
cpu cores	: 4
apicid		: 4
initial apicid	: 4
fpu		: yes
fpu_exception	: yes
cpuid level	: 13
wp		: yes
flags		: fpu vme de pse tsc msr pae mce cx8 apic sep mtrr pge mca cmov pat pse36 clflush dts acpi mmx fxsr sse sse2 ss ht tm pbe syscall nx pdpe1gb rdtscp lm constant_tsc arch_perfmon pebs bts rep_good nopl xtopology nonstop_tsc cpuid aperfmperf pni pclmulqdq dtes64 monitor ds_cpl vmx est tm2 ssse3 sdbg fma cx16 xtpr pdcm pcid sse4_1 sse4_2 x2apic movbe popcnt tsc_deadline_timer aes xsave avx f16c rdrand lahf_lm abm cpuid_fault epb invpcid_single pti ssbd ibrs ibpb stibp tpr_shadow vnmi flexpriority ept vpid fsgsbase tsc_adjust bmi1 avx2 smep bmi2 erms invpcid xsaveopt dtherm ida arat pln pts md_clear flush_l1d
bugs		: cpu_meltdown spectre_v1 spectre_v2 spec_store_bypass l1tf mds
bogomips	: 4988.83
clflush size	: 64
cache_alignment	: 64
address sizes	: 39 bits physical, 48 bits virtual
power management:

processor	: 5
vendor_id	: GenuineIntel
cpu family	: 6
model		: 60
model name	: Intel(R) Core(TM) i7-4710HQ CPU @ 2.50GHz
stepping	: 3
microcode	: 0x27
cpu MHz		: 3267.606
cache size	: 6144 KB
physical id	: 0
siblings	: 8
core id		: 2
cpu cores	: 4
apicid		: 5
initial apicid	: 5
fpu		: yes
fpu_exception	: yes
cpuid level	: 13
wp		: yes
flags		: fpu vme de pse tsc msr pae mce cx8 apic sep mtrr pge mca cmov pat pse36 clflush dts acpi mmx fxsr sse sse2 ss ht tm pbe syscall nx pdpe1gb rdtscp lm constant_tsc arch_perfmon pebs bts rep_good nopl xtopology nonstop_tsc cpuid aperfmperf pni pclmulqdq dtes64 monitor ds_cpl vmx est tm2 ssse3 sdbg fma cx16 xtpr pdcm pcid sse4_1 sse4_2 x2apic movbe popcnt tsc_deadline_timer aes xsave avx f16c rdrand lahf_lm abm cpuid_fault epb invpcid_single pti ssbd ibrs ibpb stibp tpr_shadow vnmi flexpriority ept vpid fsgsbase tsc_adjust bmi1 avx2 smep bmi2 erms invpcid xsaveopt dtherm ida arat pln pts md_clear flush_l1d
bugs		: cpu_meltdown spectre_v1 spectre_v2 spec_store_bypass l1tf mds
bogomips	: 4988.83
clflush size	: 64
cache_alignment	: 64
address sizes	: 39 bits physical, 48 bits virtual
power management:

processor	: 6
vendor_id	: GenuineIntel
cpu family	: 6
model		: 60
model name	: Intel(R) Core(TM) i7-4710HQ CPU @ 2.50GHz
stepping	: 3
microcode	: 0x27
cpu MHz		: 3269.879
cache size	: 6144 KB
physical id	: 0
siblings	: 8
core id		: 3
cpu cores	: 4
apicid		: 6
initial apicid	: 6
fpu		: yes
fpu_exception	: yes
cpuid level	: 13
wp		: yes
flags		: fpu vme de pse tsc msr pae mce cx8 apic sep mtrr pge mca cmov pat pse36 clflush dts acpi mmx fxsr sse sse2 ss ht tm pbe syscall nx pdpe1gb rdtscp lm constant_tsc arch_perfmon pebs bts rep_good nopl xtopology nonstop_tsc cpuid aperfmperf pni pclmulqdq dtes64 monitor ds_cpl vmx est tm2 ssse3 sdbg fma cx16 xtpr pdcm pcid sse4_1 sse4_2 x2apic movbe popcnt tsc_deadline_timer aes xsave avx f16c rdrand lahf_lm abm cpuid_fault epb invpcid_single pti ssbd ibrs ibpb stibp tpr_shadow vnmi flexpriority ept vpid fsgsbase tsc_adjust bmi1 avx2 smep bmi2 erms invpcid xsaveopt dtherm ida arat pln pts md_clear flush_l1d
bugs		: cpu_meltdown spectre_v1 spectre_v2 spec_store_bypass l1tf mds
bogomips	: 4988.83
clflush size	: 64
cache_alignment	: 64
address sizes	: 39 bits physical, 48 bits virtual
power management:

processor	: 7
vendor_id	: GenuineIntel
cpu family	: 6
model		: 60
model name	: Intel(R) Core(TM) i7-4710HQ CPU @ 2.50GHz
stepping	: 3
microcode	: 0x27
cpu MHz		: 3291.206
cache size	: 6144 KB
physical id	: 0
siblings	: 8
core id		: 3
cpu cores	: 4
apicid		: 7
initial apicid	: 7
fpu		: yes
fpu_exception	: yes
cpuid level	: 13
wp		: yes
flags		: fpu vme de pse tsc msr pae mce cx8 apic sep mtrr pge mca cmov pat pse36 clflush dts acpi mmx fxsr sse sse2 ss ht tm pbe syscall nx pdpe1gb rdtscp lm constant_tsc arch_perfmon pebs bts rep_good nopl xtopology nonstop_tsc cpuid aperfmperf pni pclmulqdq dtes64 monitor ds_cpl vmx est tm2 ssse3 sdbg fma cx16 xtpr pdcm pcid sse4_1 sse4_2 x2apic movbe popcnt tsc_deadline_timer aes xsave avx f16c rdrand lahf_lm abm cpuid_fault epb invpcid_single pti ssbd ibrs ibpb stibp tpr_shadow vnmi flexpriority ept vpid fsgsbase tsc_adjust bmi1 avx2 smep bmi2 erms invpcid xsaveopt dtherm ida arat pln pts md_clear flush_l1d
bugs		: cpu_meltdown spectre_v1 spectre_v2 spec_store_bypass l1tf mds
bogomips	: 4988.83
clflush size	: 64
cache_alignment	: 64
address sizes	: 39 bits physical, 48 bits virtual
power management:



Memory: 4k page, physical 8082336k(119080k free), swap 1951740k(0k free)

vm_info: Java HotSpot(TM) 64-Bit Server VM (25.211-b12) for linux-amd64 JRE (1.8.0_211-b12), built on Apr  1 2019 20:39:34 by "java_re" with gcc 7.3.0

time: Thu Jul 25 00:46:39 2019
timezone: EEST
elapsed time: 3 seconds (0d 0h 0m 3s)

