#
# There is insufficient memory for the Java Runtime Environment to continue.
# Native memory allocation (mmap) failed to map 123731968 bytes for committing reserved memory.
# Possible reasons:
#   The system is out of physical RAM or swap space
#   The process is running with CompressedOops enabled, and the Java Heap may be blocking the growth of the native heap
# Possible solutions:
#   Reduce memory load on the system
#   Increase physical memory or swap space
#   Check if swap backing store is full
#   Decrease Java heap size (-Xmx/-Xms)
#   Decrease number of Java threads
#   Decrease Java thread stack sizes (-Xss)
#   Set larger code cache with -XX:ReservedCodeCacheSize=
#   JVM is running with Unscaled Compressed Oops mode in which the Java heap is
#     placed in the first 4GB address space. The Java Heap base address is the
#     maximum limit for the native heap growth. Please use -XX:HeapBaseMinAddress
#     to set the Java Heap base and to place the Java Heap above 4GB virtual address.
# This output file may be truncated or incomplete.
#
#  Out of Memory Error (os_linux.cpp:2749), pid=2081, tid=0x00007f27b9041700
#
# JRE version: Java(TM) SE Runtime Environment (8.0_211-b12) (build 1.8.0_211-b12)
# Java VM: Java HotSpot(TM) 64-Bit Server VM (25.211-b12 mixed mode linux-amd64 compressed oops)
# Failed to write core dump. Core dumps have been disabled. To enable core dumping, try "ulimit -c unlimited" before starting Java again
#

---------------  T H R E A D  ---------------

Current thread (0x00007f27cc081800):  VMThread [stack: 0x00007f27b8f42000,0x00007f27b9042000] [id=2100]

Stack: [0x00007f27b8f42000,0x00007f27b9042000],  sp=0x00007f27b90403c0,  free space=1016k
Native frames: (J=compiled Java code, j=interpreted, Vv=VM code, C=native code)
V  [libjvm.so+0xad3455]  VMError::report_and_die()+0x2e5
V  [libjvm.so+0x4e0537]  report_vm_out_of_memory(char const*, int, unsigned long, VMErrorType, char const*)+0x67
V  [libjvm.so+0x910320]  os::pd_commit_memory(char*, unsigned long, unsigned long, bool)+0x100
V  [libjvm.so+0x90794f]  os::commit_memory(char*, unsigned long, unsigned long, bool)+0x1f
V  [libjvm.so+0x98c736]  PSVirtualSpace::expand_by(unsigned long)+0x56
V  [libjvm.so+0x98d9c8]  PSYoungGen::resize(unsigned long, unsigned long)+0xd8
V  [libjvm.so+0x98a166]  PSScavenge::invoke_no_policy()+0x1376
V  [libjvm.so+0x982b89]  PSParallelCompact::invoke(bool)+0x49
V  [libjvm.so+0x45cc53]  CollectedHeap::collect_as_vm_thread(GCCause::Cause)+0x153
V  [libjvm.so+0xad44e1]  VM_CollectForMetadataAllocation::doit()+0x161
V  [libjvm.so+0xada1c6]  VM_Operation::evaluate()+0x46
V  [libjvm.so+0xad84fd]  VMThread::evaluate_operation(VM_Operation*) [clone .constprop.44]+0xcd
V  [libjvm.so+0xad8ae3]  VMThread::loop()+0x3a3
V  [libjvm.so+0xad8eb8]  VMThread::run()+0x78
V  [libjvm.so+0x90d952]  java_start(Thread*)+0x102

VM_Operation (0x00007f27d2d76490): CollectForMetadataAllocation, mode: safepoint, requested by thread 0x00007f27cc00b800


---------------  P R O C E S S  ---------------

Java Threads: ( => current thread )
  0x00007f27cc73e000 JavaThread "process reaper" daemon [_thread_blocked, id=2113, stack(0x00007f27ab9c5000,0x00007f27ab9fe000)]
  0x00007f27cc0d5800 JavaThread "Service Thread" daemon [_thread_blocked, id=2109, stack(0x00007f27abeff000,0x00007f27ac000000)]
  0x00007f27cc0ca800 JavaThread "C1 CompilerThread3" daemon [_thread_blocked, id=2108, stack(0x00007f27b004f000,0x00007f27b014f000)]
  0x00007f27cc0c8000 JavaThread "C2 CompilerThread2" daemon [_thread_blocked, id=2107, stack(0x00007f27b0150000,0x00007f27b0250000)]
  0x00007f27cc0c6800 JavaThread "C2 CompilerThread1" daemon [_thread_blocked, id=2106, stack(0x00007f27b806c000,0x00007f27b816c000)]
  0x00007f27cc0c3800 JavaThread "C2 CompilerThread0" daemon [_thread_blocked, id=2105, stack(0x00007f27b816d000,0x00007f27b826d000)]
  0x00007f27cc0c2000 JavaThread "Signal Dispatcher" daemon [_thread_blocked, id=2104, stack(0x00007f27b826d000,0x00007f27b836e000)]
  0x00007f27cc08e000 JavaThread "Finalizer" daemon [_thread_blocked, id=2103, stack(0x00007f27b8d3f000,0x00007f27b8e40000)]
  0x00007f27cc08b800 JavaThread "Reference Handler" daemon [_thread_blocked, id=2101, stack(0x00007f27b8e40000,0x00007f27b8f41000)]
  0x00007f27cc00b800 JavaThread "main" [_thread_blocked, id=2084, stack(0x00007f27d2c7c000,0x00007f27d2d7c000)]

Other Threads:
=>0x00007f27cc081800 VMThread [stack: 0x00007f27b8f42000,0x00007f27b9042000] [id=2100]
  0x00007f27cc0d8000 WatcherThread [stack: 0x00007f27abdff000,0x00007f27abeff000] [id=2110]

VM state:at safepoint (normal execution)

VM Mutex/Monitor currently owned by a thread:  ([mutex/lock_event])
[0x00007f27cc007d90] Threads_lock - owner thread: 0x00007f27cc081800
[0x00007f27cc008290] Heap_lock - owner thread: 0x00007f27cc00b800

heap address: 0x0000000084a00000, size: 1974 MB, Compressed Oops mode: 32-bit
Narrow klass base: 0x0000000000000000, Narrow klass shift: 3
Compressed class space size: 1073741824 Address: 0x0000000100000000

Heap:
 PSYoungGen      total 135680K, used 10801K [0x00000000d6e00000, 0x00000000e0300000, 0x0000000100000000)
  eden space 122880K, 0% used [0x00000000d6e00000,0x00000000d6e00000,0x00000000de600000)
  from space 12800K, 84% used [0x00000000de600000,0x00000000df08c530,0x00000000df280000)
  to   space 8704K, 0% used [0x00000000df280000,0x00000000df280000,0x00000000dfb00000)
 ParOldGen       total 84992K, used 16355K [0x0000000084a00000, 0x0000000089d00000, 0x00000000d6e00000)
  object space 84992K, 19% used [0x0000000084a00000,0x00000000859f8ed0,0x0000000089d00000)
 Metaspace       used 20721K, capacity 21198K, committed 21296K, reserved 1069056K
  class space    used 2429K, capacity 2569K, committed 2608K, reserved 1048576K

Card table byte_map: [0x00007f27bc436000,0x00007f27bc812000] byte_map_base: 0x00007f27bc011000

Marking Bits: (ParMarkBitMap*) 0x00007f27d2129d80
 Begin Bits: [0x00007f27b0250000, 0x00007f27b2128000)
 End Bits:   [0x00007f27b2128000, 0x00007f27b4000000)

Polling page: 0x00007f27d2d97000

CodeCache: size=245760Kb used=13763Kb max_used=13788Kb free=231996Kb
 bounds [0x00007f27bcbd2000, 0x00007f27bd962000, 0x00007f27cbbd2000]
 total_blobs=4192 nmethods=3817 adapters=288
 compilation: enabled

Compilation events (10 events):
Event: 16,817 Thread 0x00007f27cc0ca800 3837       3       com.sun.tools.javac.comp.Lower::make_at (14 bytes)
Event: 16,817 Thread 0x00007f27cc0ca800 nmethod 3837 0x00007f27bd94a850 code [0x00007f27bd94a9e0, 0x00007f27bd94ad08]
Event: 16,817 Thread 0x00007f27cc0ca800 3839       3       com.sun.tools.javac.tree.JCTree::getStartPosition (5 bytes)
Event: 16,817 Thread 0x00007f27cc0ca800 nmethod 3839 0x00007f27bd94ae50 code [0x00007f27bd94afc0, 0x00007f27bd94b148]
Event: 16,817 Thread 0x00007f27cc0ca800 3838       3       com.sun.tools.javac.tree.TreeMaker::at (20 bytes)
Event: 16,817 Thread 0x00007f27cc0ca800 nmethod 3838 0x00007f27bd94b1d0 code [0x00007f27bd94b340, 0x00007f27bd94b5c8]
Event: 16,834 Thread 0x00007f27cc0c8000 nmethod 3826 0x00007f27bd911fd0 code [0x00007f27bd912120, 0x00007f27bd912198]
Event: 16,834 Thread 0x00007f27cc0c6800 nmethod 3777 0x00007f27bd950a10 code [0x00007f27bd950b60, 0x00007f27bd950c58]
Event: 16,834 Thread 0x00007f27cc0c8000 3827       4       com.sun.tools.javac.util.ListBuffer::next (56 bytes)
Event: 16,834 Thread 0x00007f27cc0c3800 nmethod 3778 0x00007f27bd94e4d0 code [0x00007f27bd94e660, 0x00007f27bd94ead8]

GC Heap History (10 events):
Event: 1,044 GC heap after
Heap after GC invocations=2 (full 0):
 PSYoungGen      total 36864K, used 5090K [0x00000000d6e00000, 0x00000000d9700000, 0x0000000100000000)
  eden space 31744K, 0% used [0x00000000d6e00000,0x00000000d6e00000,0x00000000d8d00000)
  from space 5120K, 99% used [0x00000000d9200000,0x00000000d96f88b0,0x00000000d9700000)
  to   space 5120K, 0% used [0x00000000d8d00000,0x00000000d8d00000,0x00000000d9200000)
 ParOldGen       total 84992K, used 2253K [0x0000000084a00000, 0x0000000089d00000, 0x00000000d6e00000)
  object space 84992K, 2% used [0x0000000084a00000,0x0000000084c33768,0x0000000089d00000)
 Metaspace       used 13074K, capacity 13406K, committed 13568K, reserved 1060864K
  class space    used 1605K, capacity 1723K, committed 1792K, reserved 1048576K
}
Event: 1,310 GC heap before
{Heap before GC invocations=3 (full 0):
 PSYoungGen      total 36864K, used 36834K [0x00000000d6e00000, 0x00000000d9700000, 0x0000000100000000)
  eden space 31744K, 100% used [0x00000000d6e00000,0x00000000d8d00000,0x00000000d8d00000)
  from space 5120K, 99% used [0x00000000d9200000,0x00000000d96f88b0,0x00000000d9700000)
  to   space 5120K, 0% used [0x00000000d8d00000,0x00000000d8d00000,0x00000000d9200000)
 ParOldGen       total 84992K, used 2253K [0x0000000084a00000, 0x0000000089d00000, 0x00000000d6e00000)
  object space 84992K, 2% used [0x0000000084a00000,0x0000000084c33768,0x0000000089d00000)
 Metaspace       used 13464K, capacity 13788K, committed 14080K, reserved 1060864K
  class space    used 1627K, capacity 1760K, committed 1792K, reserved 1048576K
Event: 1,315 GC heap after
Heap after GC invocations=3 (full 0):
 PSYoungGen      total 36864K, used 5088K [0x00000000d6e00000, 0x00000000db600000, 0x0000000100000000)
  eden space 31744K, 0% used [0x00000000d6e00000,0x00000000d6e00000,0x00000000d8d00000)
  from space 5120K, 99% used [0x00000000d8d00000,0x00000000d91f8020,0x00000000d9200000)
  to   space 5120K, 0% used [0x00000000db100000,0x00000000db100000,0x00000000db600000)
 ParOldGen       total 84992K, used 3449K [0x0000000084a00000, 0x0000000089d00000, 0x00000000d6e00000)
  object space 84992K, 4% used [0x0000000084a00000,0x0000000084d5e530,0x0000000089d00000)
 Metaspace       used 13464K, capacity 13788K, committed 14080K, reserved 1060864K
  class space    used 1627K, capacity 1760K, committed 1792K, reserved 1048576K
}
Event: 1,589 GC heap before
{Heap before GC invocations=4 (full 0):
 PSYoungGen      total 36864K, used 36832K [0x00000000d6e00000, 0x00000000db600000, 0x0000000100000000)
  eden space 31744K, 100% used [0x00000000d6e00000,0x00000000d8d00000,0x00000000d8d00000)
  from space 5120K, 99% used [0x00000000d8d00000,0x00000000d91f8020,0x00000000d9200000)
  to   space 5120K, 0% used [0x00000000db100000,0x00000000db100000,0x00000000db600000)
 ParOldGen       total 84992K, used 3449K [0x0000000084a00000, 0x0000000089d00000, 0x00000000d6e00000)
  object space 84992K, 4% used [0x0000000084a00000,0x0000000084d5e530,0x0000000089d00000)
 Metaspace       used 14102K, capacity 14484K, committed 14720K, reserved 1062912K
  class space    used 1697K, capacity 1800K, committed 1920K, reserved 1048576K
Event: 1,595 GC heap after
Heap after GC invocations=4 (full 0):
 PSYoungGen      total 68608K, used 5104K [0x00000000d6e00000, 0x00000000db600000, 0x0000000100000000)
  eden space 63488K, 0% used [0x00000000d6e00000,0x00000000d6e00000,0x00000000dac00000)
  from space 5120K, 99% used [0x00000000db100000,0x00000000db5fc010,0x00000000db600000)
  to   space 5120K, 0% used [0x00000000dac00000,0x00000000dac00000,0x00000000db100000)
 ParOldGen       total 84992K, used 5170K [0x0000000084a00000, 0x0000000089d00000, 0x00000000d6e00000)
  object space 84992K, 6% used [0x0000000084a00000,0x0000000084f0ca78,0x0000000089d00000)
 Metaspace       used 14102K, capacity 14484K, committed 14720K, reserved 1062912K
  class space    used 1697K, capacity 1800K, committed 1920K, reserved 1048576K
}
Event: 2,110 GC heap before
{Heap before GC invocations=5 (full 0):
 PSYoungGen      total 68608K, used 68592K [0x00000000d6e00000, 0x00000000db600000, 0x0000000100000000)
  eden space 63488K, 100% used [0x00000000d6e00000,0x00000000dac00000,0x00000000dac00000)
  from space 5120K, 99% used [0x00000000db100000,0x00000000db5fc010,0x00000000db600000)
  to   space 5120K, 0% used [0x00000000dac00000,0x00000000dac00000,0x00000000db100000)
 ParOldGen       total 84992K, used 5170K [0x0000000084a00000, 0x0000000089d00000, 0x00000000d6e00000)
  object space 84992K, 6% used [0x0000000084a00000,0x0000000084f0ca78,0x0000000089d00000)
 Metaspace       used 15098K, capacity 15530K, committed 15744K, reserved 1062912K
  class space    used 1778K, capacity 1913K, committed 1920K, reserved 1048576K
Event: 2,125 GC heap after
Heap after GC invocations=5 (full 0):
 PSYoungGen      total 68608K, used 5104K [0x00000000d6e00000, 0x00000000dfb00000, 0x0000000100000000)
  eden space 63488K, 0% used [0x00000000d6e00000,0x00000000d6e00000,0x00000000dac00000)
  from space 5120K, 99% used [0x00000000dac00000,0x00000000db0fc010,0x00000000db100000)
  to   space 8704K, 0% used [0x00000000df280000,0x00000000df280000,0x00000000dfb00000)
 ParOldGen       total 84992K, used 8478K [0x0000000084a00000, 0x0000000089d00000, 0x00000000d6e00000)
  object space 84992K, 9% used [0x0000000084a00000,0x0000000085247a68,0x0000000089d00000)
 Metaspace       used 15098K, capacity 15530K, committed 15744K, reserved 1062912K
  class space    used 1778K, capacity 1913K, committed 1920K, reserved 1048576K
}
Event: 3,769 GC heap before
{Heap before GC invocations=6 (full 0):
 PSYoungGen      total 68608K, used 68592K [0x00000000d6e00000, 0x00000000dfb00000, 0x0000000100000000)
  eden space 63488K, 100% used [0x00000000d6e00000,0x00000000dac00000,0x00000000dac00000)
  from space 5120K, 99% used [0x00000000dac00000,0x00000000db0fc010,0x00000000db100000)
  to   space 8704K, 0% used [0x00000000df280000,0x00000000df280000,0x00000000dfb00000)
 ParOldGen       total 84992K, used 8478K [0x0000000084a00000, 0x0000000089d00000, 0x00000000d6e00000)
  object space 84992K, 9% used [0x0000000084a00000,0x0000000085247a68,0x0000000089d00000)
 Metaspace       used 19696K, capacity 20238K, committed 20480K, reserved 1067008K
  class space    used 2350K, capacity 2505K, committed 2560K, reserved 1048576K
Event: 3,786 GC heap after
Heap after GC invocations=6 (full 0):
 PSYoungGen      total 131584K, used 8699K [0x00000000d6e00000, 0x00000000e0300000, 0x0000000100000000)
  eden space 122880K, 0% used [0x00000000d6e00000,0x00000000d6e00000,0x00000000de600000)
  from space 8704K, 99% used [0x00000000df280000,0x00000000dfafee68,0x00000000dfb00000)
  to   space 12800K, 0% used [0x00000000de600000,0x00000000de600000,0x00000000df280000)
 ParOldGen       total 84992K, used 14197K [0x0000000084a00000, 0x0000000089d00000, 0x00000000d6e00000)
  object space 84992K, 16% used [0x0000000084a00000,0x00000000857dd640,0x0000000089d00000)
 Metaspace       used 19696K, capacity 20238K, committed 20480K, reserved 1067008K
  class space    used 2350K, capacity 2505K, committed 2560K, reserved 1048576K
}
Event: 16,842 GC heap before
{Heap before GC invocations=7 (full 0):
 PSYoungGen      total 131584K, used 33592K [0x00000000d6e00000, 0x00000000e0300000, 0x0000000100000000)
  eden space 122880K, 20% used [0x00000000d6e00000,0x00000000d864f518,0x00000000de600000)
  from space 8704K, 99% used [0x00000000df280000,0x00000000dfafee68,0x00000000dfb00000)
  to   space 12800K, 0% used [0x00000000de600000,0x00000000de600000,0x00000000df280000)
 ParOldGen       total 84992K, used 14197K [0x0000000084a00000, 0x0000000089d00000, 0x00000000d6e00000)
  object space 84992K, 16% used [0x0000000084a00000,0x00000000857dd640,0x0000000089d00000)
 Metaspace       used 20721K, capacity 21198K, committed 21296K, reserved 1069056K
  class space    used 2429K, capacity 2569K, committed 2608K, reserved 1048576K

Deoptimization events (10 events):
Event: 4,016 Thread 0x00007f27cc00b800 Uncommon trap: reason=unstable_if action=reinterpret pc=0x00007f27bd7247ac method=com.sun.tools.javac.util.Name$Table.equals([BI[BII)Z @ 22
Event: 4,021 Thread 0x00007f27cc00b800 Uncommon trap: reason=unstable_if action=reinterpret pc=0x00007f27bd818d78 method=com.sun.tools.javac.code.Scope.getIndex(Lcom/sun/tools/javac/util/Name;)I @ 60
Event: 4,039 Thread 0x00007f27cc00b800 Uncommon trap: reason=unstable_if action=reinterpret pc=0x00007f27bd780228 method=com.sun.tools.javac.util.Name$Table.equals([BI[BII)Z @ 22
Event: 4,075 Thread 0x00007f27cc00b800 Uncommon trap: reason=unstable_if action=reinterpret pc=0x00007f27bd85aa94 method=com.sun.tools.javac.util.Name$Table.equals([BI[BII)Z @ 22
Event: 4,084 Thread 0x00007f27cc00b800 Uncommon trap: reason=class_check action=maybe_recompile pc=0x00007f27bd7f91d0 method=com.sun.tools.javac.util.List.prependList(Lcom/sun/tools/javac/util/List;)Lcom/sun/tools/javac/util/List; @ 1
Event: 4,088 Thread 0x00007f27cc00b800 Uncommon trap: reason=class_check action=maybe_recompile pc=0x00007f27bd7f91d0 method=com.sun.tools.javac.util.List.prependList(Lcom/sun/tools/javac/util/List;)Lcom/sun/tools/javac/util/List; @ 1
Event: 4,092 Thread 0x00007f27cc00b800 Uncommon trap: reason=class_check action=maybe_recompile pc=0x00007f27bd7f91d0 method=com.sun.tools.javac.util.List.prependList(Lcom/sun/tools/javac/util/List;)Lcom/sun/tools/javac/util/List; @ 1
Event: 4,132 Thread 0x00007f27cc00b800 Uncommon trap: reason=unstable_if action=reinterpret pc=0x00007f27bd88b344 method=com.sun.tools.javac.jvm.ClassReader.classSigToType()Lcom/sun/tools/javac/code/Type; @ 148
Event: 4,264 Thread 0x00007f27cc00b800 Uncommon trap: reason=unstable_if action=reinterpret pc=0x00007f27bd8cba8c method=com.sun.tools.javac.jvm.ClassReader.sigToType()Lcom/sun/tools/javac/code/Type; @ 288
Event: 9,285 Thread 0x00007f27cc00b800 Uncommon trap: reason=unstable_if action=reinterpret pc=0x00007f27bd87b310 method=com.sun.tools.javac.code.Scope.lookup(Lcom/sun/tools/javac/util/Name;Lcom/sun/tools/javac/util/Filter;)Lcom/sun/tools/javac/code/Scope$Entry; @ 19

Classes redefined (0 events):
No events

Internal exceptions (10 events):
Event: 1,012 Thread 0x00007f27cc00b800 Implicit null exception at 0x00007f27bcf087af to 0x00007f27bcf08819
Event: 1,059 Thread 0x00007f27cc00b800 Implicit null exception at 0x00007f27bd0db086 to 0x00007f27bd0db3a9
Event: 1,339 Thread 0x00007f27cc00b800 Implicit null exception at 0x00007f27bcf6ee58 to 0x00007f27bcf6eee6
Event: 1,392 Thread 0x00007f27cc00b800 Exception <a 'java/lang/NoClassDefFoundError': org/slf4j/Logger> (0x00000000d7504bc0) thrown at [/HUDSON/workspace/8-2-build-linux-amd64/jdk8u211/12973/hotspot/src/share/vm/oops/constantPool.cpp, line 245]
Event: 1,985 Thread 0x00007f27cc00b800 Exception <a 'java/lang/NoClassDefFoundError': org/slf4j/Logger> (0x00000000da2a3638) thrown at [/HUDSON/workspace/8-2-build-linux-amd64/jdk8u211/12973/hotspot/src/share/vm/oops/constantPool.cpp, line 245]
Event: 2,082 Thread 0x00007f27cc00b800 Exception <a 'java/lang/NoClassDefFoundError': org/slf4j/Logger> (0x00000000daadfe50) thrown at [/HUDSON/workspace/8-2-build-linux-amd64/jdk8u211/12973/hotspot/src/share/vm/oops/constantPool.cpp, line 245]
Event: 2,276 Thread 0x00007f27cc00b800 Exception <a 'java/lang/NoClassDefFoundError': org/slf4j/Logger> (0x00000000d80ede50) thrown at [/HUDSON/workspace/8-2-build-linux-amd64/jdk8u211/12973/hotspot/src/share/vm/oops/constantPool.cpp, line 245]
Event: 2,376 Thread 0x00007f27cc00b800 Exception <a 'java/lang/ClassNotFoundException': com/sun/tools/javac/api/JavacTool> (0x00000000d843b078) thrown at [/HUDSON/workspace/8-2-build-linux-amd64/jdk8u211/12973/hotspot/src/share/vm/classfile/systemDictionary.cpp, line 210]
Event: 3,698 Thread 0x00007f27cc00b800 Exception <a 'java/io/FileNotFoundException'> (0x00000000da709898) thrown at [/HUDSON/workspace/8-2-build-linux-amd64/jdk8u211/12973/hotspot/src/share/vm/prims/jni.cpp, line 710]
Event: 3,722 Thread 0x00007f27cc00b800 Exception <a 'java/io/FileNotFoundException'> (0x00000000da73f000) thrown at [/HUDSON/workspace/8-2-build-linux-amd64/jdk8u211/12973/hotspot/src/share/vm/prims/jni.cpp, line 710]

Events (10 events):
Event: 16,791 loading class com/sun/tools/javac/comp/DeferredAttr$ArgumentExpressionKind done
Event: 16,802 loading class com/sun/tools/javac/comp/Flow$2
Event: 16,802 loading class com/sun/tools/javac/comp/Flow$2 done
Event: 16,810 loading class com/sun/tools/javac/comp/Lower$7
Event: 16,810 loading class com/sun/tools/javac/comp/Lower$7 done
Event: 16,817 loading class com/sun/tools/javac/jvm/Code$State
Event: 16,817 loading class com/sun/tools/javac/jvm/Code$State done
Event: 16,825 loading class com/sun/tools/javac/jvm/Code$LocalVar
Event: 16,825 loading class com/sun/tools/javac/jvm/Code$LocalVar done
Event: 16,836 Executing VM operation: CollectForMetadataAllocation


Dynamic libraries:
00400000-00401000 r-xp 00000000 08:03 427407                             /usr/lib/jvm/jdk1.8.0_211/bin/java
00600000-00601000 r--p 00000000 08:03 427407                             /usr/lib/jvm/jdk1.8.0_211/bin/java
00601000-00602000 rw-p 00001000 08:03 427407                             /usr/lib/jvm/jdk1.8.0_211/bin/java
0205c000-0207d000 rw-p 00000000 00:00 0                                  [heap]
84a00000-89d00000 rw-p 00000000 00:00 0 
89d00000-d6e00000 ---p 00000000 00:00 0 
d6e00000-e0300000 rw-p 00000000 00:00 0 
e7900000-100000000 ---p 00000000 00:00 0 
100000000-10028c000 rw-p 00000000 00:00 0 
10028c000-140000000 ---p 00000000 00:00 0 
7f2754000000-7f2754021000 rw-p 00000000 00:00 0 
7f2754021000-7f2758000000 ---p 00000000 00:00 0 
7f275c000000-7f275c021000 rw-p 00000000 00:00 0 
7f275c021000-7f2760000000 ---p 00000000 00:00 0 
7f2760000000-7f2760021000 rw-p 00000000 00:00 0 
7f2760021000-7f2764000000 ---p 00000000 00:00 0 
7f2764000000-7f27654fe000 rw-p 00000000 00:00 0 
7f27654fe000-7f2768000000 ---p 00000000 00:00 0 
7f2768000000-7f2768b3d000 rw-p 00000000 00:00 0 
7f2768b3d000-7f276c000000 ---p 00000000 00:00 0 
7f276c000000-7f276d5ac000 rw-p 00000000 00:00 0 
7f276d5ac000-7f2770000000 ---p 00000000 00:00 0 
7f2770000000-7f2771043000 rw-p 00000000 00:00 0 
7f2771043000-7f2774000000 ---p 00000000 00:00 0 
7f2774000000-7f2774021000 rw-p 00000000 00:00 0 
7f2774021000-7f2778000000 ---p 00000000 00:00 0 
7f2778000000-7f2778021000 rw-p 00000000 00:00 0 
7f2778021000-7f277c000000 ---p 00000000 00:00 0 
7f277c000000-7f277c29b000 rw-p 00000000 00:00 0 
7f277c29b000-7f2780000000 ---p 00000000 00:00 0 
7f2780000000-7f2780021000 rw-p 00000000 00:00 0 
7f2780021000-7f2784000000 ---p 00000000 00:00 0 
7f2784000000-7f2784021000 rw-p 00000000 00:00 0 
7f2784021000-7f2788000000 ---p 00000000 00:00 0 
7f2788000000-7f2788021000 rw-p 00000000 00:00 0 
7f2788021000-7f278c000000 ---p 00000000 00:00 0 
7f278c000000-7f278c021000 rw-p 00000000 00:00 0 
7f278c021000-7f2790000000 ---p 00000000 00:00 0 
7f2794000000-7f2794021000 rw-p 00000000 00:00 0 
7f2794021000-7f2798000000 ---p 00000000 00:00 0 
7f279c000000-7f279c021000 rw-p 00000000 00:00 0 
7f279c021000-7f27a0000000 ---p 00000000 00:00 0 
7f27a3b1a000-7f27a3b5a000 rw-p 00000000 00:00 0 
7f27a3b5a000-7f27a3d1a000 ---p 00000000 00:00 0 
7f27a3d1a000-7f27a3d24000 r--s 0005c000 08:05 675083                     /home/giorgos/.m2/repository/javax/servlet/jstl/1.2/jstl-1.2.jar
7f27a3d24000-7f27a3d26000 r--s 0000b000 08:05 675082                     /home/giorgos/.m2/repository/javax/servlet/jsp/javax.servlet.jsp-api/2.3.1/javax.servlet.jsp-api-2.3.1.jar
7f27a3d26000-7f27a3d29000 r--s 00015000 08:05 675081                     /home/giorgos/.m2/repository/javax/servlet/javax.servlet-api/3.1.0/javax.servlet-api-3.1.0.jar
7f27a3d29000-7f27a3d2a000 r--s 00009000 08:05 19724                      /home/giorgos/.m2/repository/org/slf4j/slf4j-api/1.7.20/slf4j-api-1.7.20.jar
7f27a3d2a000-7f27a3d34000 r--s 00069000 08:05 591208                     /home/giorgos/.m2/repository/ch/qos/logback/logback-core/1.1.7/logback-core-1.1.7.jar
7f27a3d34000-7f27a3d3b000 r--s 00044000 08:05 591205                     /home/giorgos/.m2/repository/ch/qos/logback/logback-classic/1.1.7/logback-classic-1.1.7.jar
7f27a3d3b000-7f27a3d4b000 r--s 0014c000 08:05 147439                     /home/giorgos/.m2/repository/com/google/protobuf/protobuf-java/3.6.1/protobuf-java-3.6.1.jar
7f27a3d4b000-7f27a3d63000 r--s 00218000 08:05 674240                     /home/giorgos/.m2/repository/mysql/mysql-connector-java/8.0.16/mysql-connector-java-8.0.16.jar
7f27a3d63000-7f27a3d65000 r--s 0000d000 08:05 16260                      /home/giorgos/.m2/repository/com/fasterxml/classmate/1.0.0/classmate-1.0.0.jar
7f27a3d65000-7f27a3d73000 r--s 0008d000 08:05 405153                     /home/giorgos/.m2/repository/org/hibernate/hibernate-validator/5.1.3.Final/hibernate-validator-5.1.3.Final.jar
7f27a3d73000-7f27a3d77000 r--s 0000c000 08:05 404217                     /home/giorgos/.m2/repository/javax/validation/validation-api/1.1.0.Final/validation-api-1.1.0.Final.jar
7f27a3d77000-7f27a3d79000 r--s 00011000 08:05 274493                     /home/giorgos/.m2/repository/org/jboss/jandex/1.1.0.Final/jandex-1.1.0.Final.jar
7f27a3d79000-7f27a3d7e000 r--s 00068000 08:05 15135                      /home/giorgos/.m2/repository/antlr/antlr/2.7.7/antlr-2.7.7.jar
7f27a3d7e000-7f27a3d88000 r--s 000a5000 08:05 143939                     /home/giorgos/.m2/repository/org/javassist/javassist/3.18.1-GA/javassist-3.18.1-GA.jar
7f27a3d88000-7f27a3d8d000 r--s 00017000 08:05 143940                     /home/giorgos/.m2/repository/org/hibernate/javax/persistence/hibernate-jpa-2.1-api/1.0.0.Final/hibernate-jpa-2.1-api-1.0.0.Final.jar
7f27a3d8d000-7f27a3d90000 r--s 00010000 08:05 405053                     /home/giorgos/.m2/repository/org/hibernate/common/hibernate-commons-annotations/4.0.5.Final/hibernate-commons-annotations-4.0.5.Final.jar
7f27a3d90000-7f27a3d95000 r--s 00048000 08:05 586286                     /home/giorgos/.m2/repository/dom4j/dom4j/1.6.1/dom4j-1.6.1.jar
7f27a3d95000-7f27a3d96000 r--s 00006000 08:05 403658                     /home/giorgos/.m2/repository/org/jboss/spec/javax/transaction/jboss-transaction-api_1.2_spec/1.0.0.Final/jboss-transaction-api_1.2_spec-1.0.0.Final.jar
7f27a3d96000-7f27a3d97000 r--s 00002000 08:05 675301                     /home/giorgos/.m2/repository/org/jboss/logging/jboss-logging-annotations/1.2.0.Beta1/jboss-logging-annotations-1.2.0.Beta1.jar
7f27a3d97000-7f27a3d99000 r--s 0000c000 08:05 675079                     /home/giorgos/.m2/repository/org/jboss/logging/jboss-logging/3.1.3.GA/jboss-logging-3.1.3.GA.jar
7f27a3d99000-7f27a3df7000 r--s 004ac000 08:05 406999                     /home/giorgos/.m2/repository/org/hibernate/hibernate-core/4.3.11.Final/hibernate-core-4.3.11.Final.jar
7f27a3df7000-7f27a3e00000 r--s 0007a000 08:05 147073                     /home/giorgos/.m2/repository/org/springframework/security/spring-security-config/4.1.1.RELEASE/spring-security-config-4.1.1.RELEASE.jar
7f27a3e00000-7f27a4000000 rw-p 00000000 00:00 0 
7f27a4000000-7f27a4021000 rw-p 00000000 00:00 0 
7f27a4021000-7f27a8000000 ---p 00000000 00:00 0 
7f27a8000000-7f27a8003000 r--s 00012000 08:05 667134                     /home/giorgos/.m2/repository/org/springframework/security/spring-security-acl/4.1.1.RELEASE/spring-security-acl-4.1.1.RELEASE.jar
7f27a8003000-7f27a8004000 r--s 00004000 08:05 667130                     /home/giorgos/.m2/repository/org/springframework/security/spring-security-taglibs/4.1.1.RELEASE/spring-security-taglibs-4.1.1.RELEASE.jar
7f27a8004000-7f27a800f000 r--s 00051000 08:05 679157                     /home/giorgos/.m2/repository/org/springframework/security/spring-security-core/4.1.1.RELEASE/spring-security-core-4.1.1.RELEASE.jar
7f27a800f000-7f27a8011000 r--s 00000000 08:05 144242                     /home/giorgos/.m2/repository/aopalliance/aopalliance/1.0/aopalliance-1.0.jar
7f27a8011000-7f27a801b000 r--s 0004e000 08:05 679152                     /home/giorgos/.m2/repository/org/springframework/security/spring-security-web/4.1.1.RELEASE/spring-security-web-4.1.1.RELEASE.jar
7f27a801b000-7f27a8025000 r--s 00060000 08:05 9288                       /home/giorgos/.m2/repository/org/springframework/spring-jdbc/4.3.24.RELEASE/spring-jdbc-4.3.24.RELEASE.jar
7f27a8025000-7f27a802f000 r--s 0006b000 08:05 147346                     /home/giorgos/.m2/repository/org/springframework/spring-orm/4.3.24.RELEASE/spring-orm-4.3.24.RELEASE.jar
7f27a802f000-7f27a8037000 r--s 0003a000 08:05 9294                       /home/giorgos/.m2/repository/org/springframework/spring-tx/4.3.24.RELEASE/spring-tx-4.3.24.RELEASE.jar
7f27a8037000-7f27a803d000 r--s 0003e000 08:05 679451                     /home/giorgos/.m2/repository/org/springframework/spring-expression/4.3.24.RELEASE/spring-expression-4.3.24.RELEASE.jar
7f27a803d000-7f27a804f000 r--s 000d0000 08:05 277404                     /home/giorgos/.m2/repository/org/springframework/spring-webmvc/4.3.24.RELEASE/spring-webmvc-4.3.24.RELEASE.jar
7f27a804f000-7f27a8069000 r--s 000fe000 08:05 679450                     /home/giorgos/.m2/repository/org/springframework/spring-context/4.3.24.RELEASE/spring-context-4.3.24.RELEASE.jar
7f27a8069000-7f27a8077000 r--s 000ad000 08:05 147341                     /home/giorgos/.m2/repository/org/springframework/spring-beans/4.3.24.RELEASE/spring-beans-4.3.24.RELEASE.jar
7f27a8077000-7f27a8080000 r--s 00054000 08:05 147342                     /home/giorgos/.m2/repository/org/springframework/spring-aop/4.3.24.RELEASE/spring-aop-4.3.24.RELEASE.jar
7f27a8080000-7f27a8092000 r--s 000b9000 08:05 147349                     /home/giorgos/.m2/repository/org/springframework/spring-web/4.3.24.RELEASE/spring-web-4.3.24.RELEASE.jar
7f27a8092000-7f27a8094000 r--s 0000e000 08:05 145033                     /home/giorgos/.m2/repository/commons-logging/commons-logging/1.2/commons-logging-1.2.jar
7f27a8094000-7f27a80ab000 r--s 000fe000 08:05 147343                     /home/giorgos/.m2/repository/org/springframework/spring-core/4.3.24.RELEASE/spring-core-4.3.24.RELEASE.jar
7f27a80ab000-7f27a82ab000 rw-p 00000000 00:00 0 
7f27a82ab000-7f27a8325000 r--s 010fd000 08:03 427008                     /usr/lib/jvm/jdk1.8.0_211/lib/tools.jar
7f27a8325000-7f27a8328000 r--s 0001b000 08:05 274881                     /home/giorgos/.m2/repository/junit/junit/3.8.2/junit-3.8.2.jar
7f27a8328000-7f27a8336000 r--s 0008f000 08:05 15836                      /home/giorgos/.m2/repository/com/google/collections/google-collections/1.0/google-collections-1.0.jar
7f27a8336000-7f27a8337000 r--s 0000a000 08:05 144862                     /home/giorgos/.m2/repository/commons-logging/commons-logging-api/1.1/commons-logging-api-1.1.jar
7f27a8337000-7f27a833e000 r--s 00051000 08:05 404084                     /home/giorgos/.m2/repository/log4j/log4j/1.2.12/log4j-1.2.12.jar
7f27a833e000-7f27a8342000 r--s 0001d000 08:05 144861                     /home/giorgos/.m2/repository/org/apache/xbean/xbean-reflect/3.4/xbean-reflect-3.4.jar
7f27a8342000-7f27a8343000 r--s 00004000 08:05 274879                     /home/giorgos/.m2/repository/org/codehaus/plexus/plexus-compiler-javac/2.2/plexus-compiler-javac-2.2.jar
7f27a8343000-7f27a8345000 r--s 00000000 08:05 144859                     /home/giorgos/.m2/repository/org/codehaus/plexus/plexus-compiler-manager/2.2/plexus-compiler-manager-2.2.jar
7f27a8345000-7f27a8347000 r--s 00005000 08:05 15831                      /home/giorgos/.m2/repository/org/codehaus/plexus/plexus-compiler-api/2.2/plexus-compiler-api-2.2.jar
7f27a8347000-7f27a8349000 r--s 00002000 08:05 274877                     /home/giorgos/.m2/repository/org/apache/maven/shared/maven-shared-incremental/1.1/maven-shared-incremental-1.1.jar
7f27a8349000-7f27a834b000 r--s 00006000 08:05 15832                      /home/giorgos/.m2/repository/com/google/code/findbugs/jsr305/2.0.1/jsr305-2.0.1.jar
7f27a834b000-7f27a834e000 r--s 00023000 08:05 15830                      /home/giorgos/.m2/repository/org/apache/maven/shared/maven-shared-utils/0.1/maven-shared-utils-0.1.jar
7f27a834e000-7f27a8352000 r--s 00030000 08:05 584124                     /home/giorgos/.m2/repository/org/codehaus/plexus/plexus-utils/1.5.1/plexus-utils-1.5.1.jar
7f27a8352000-7f27a8354000 r--s 00009000 08:05 583649                     /home/giorgos/.m2/repository/org/apache/maven/plugins/maven-compiler-plugin/3.1/maven-compiler-plugin-3.1.jar
7f27a8354000-7f27a8356000 r--s 0000d000 08:05 678102                     /home/giorgos/.m2/repository/org/codehaus/plexus/plexus-interpolation/1.13/plexus-interpolation-1.13.jar
7f27a8356000-7f27a8357000 r--s 00001000 08:05 584111                     /home/giorgos/.m2/repository/org/sonatype/plexus/plexus-build-api/0.0.4/plexus-build-api-0.0.4.jar
7f27a8357000-7f27a8359000 r--s 00009000 08:05 274835                     /home/giorgos/.m2/repository/org/apache/maven/shared/maven-filtering/1.0/maven-filtering-1.0.jar
7f27a8359000-7f27a835a000 r--s 00001000 08:05 404060                     /home/giorgos/.m2/repository/org/apache/maven/doxia/doxia-sink-api/1.0-alpha-7/doxia-sink-api-1.0-alpha-7.jar
7f27a835a000-7f27a835b000 r--s 00002000 08:05 404059                     /home/giorgos/.m2/repository/org/apache/maven/reporting/maven-reporting-api/2.0.6/maven-reporting-api-2.0.6.jar
7f27a835b000-7f27a835d000 r--s 00005000 08:05 583640                     /home/giorgos/.m2/repository/org/apache/maven/plugins/maven-resources-plugin/2.5/maven-resources-plugin-2.5.jar
7f27a835d000-7f27a836b000 r--s 0007f000 08:05 15290                      /home/giorgos/.m2/repository/commons-collections/commons-collections/3.2.1/commons-collections-3.2.1.jar
7f27a836b000-7f27a8370000 r--s 00041000 08:05 144836                     /home/giorgos/.m2/repository/commons-lang/commons-lang/2.6/commons-lang-2.6.jar
7f27a8370000-7f27a8372000 r--s 00006000 08:05 15804                      /home/giorgos/.m2/repository/org/apache/maven/shared/maven-invoker/2.0.11/maven-invoker-2.0.11.jar
7f27a8372000-7f27a8374000 r--s 00006000 08:05 15802                      /home/giorgos/.m2/repository/org/apache/maven/shared/maven-common-artifact-filters/1.4/maven-common-artifact-filters-1.4.jar
7f27a8374000-7f27a8376000 r--s 0000c000 08:05 274828                     /home/giorgos/.m2/repository/org/apache/maven/shared/maven-dependency-tree/2.0/maven-dependency-tree-2.0.jar
7f27a8376000-7f27a8378000 r--s 00000000 08:05 583837                     /home/giorgos/.m2/repository/org/codehaus/plexus/plexus-component-annotations/1.5.5/plexus-component-annotations-1.5.5.jar
7f27a8378000-7f27a8379000 r--s 0000a000 08:05 15801                      /home/giorgos/.m2/repository/asm/asm/3.3.1/asm-3.3.1.jar
7f27a8379000-7f27a837b000 r--s 00005000 08:05 144834                     /home/giorgos/.m2/repository/org/apache/maven/shared/maven-dependency-analyzer/1.3/maven-dependency-analyzer-1.3.jar
7f27a837b000-7f27a837e000 r--s 0000c000 08:05 15797                      /home/giorgos/.m2/repository/org/codehaus/plexus/plexus-io/2.0.6/plexus-io-2.0.6.jar
7f27a837e000-7f27a8381000 r--s 0001b000 08:05 274826                     /home/giorgos/.m2/repository/junit/junit/3.8.1/junit-3.8.1.jar
7f27a8381000-7f27a8383000 r--s 00008000 08:05 144831                     /home/giorgos/.m2/repository/org/apache/maven/shared/maven-shared-io/1.1/maven-shared-io-1.1.jar
7f27a8383000-7f27a8385000 r--s 00008000 08:05 144830                     /home/giorgos/.m2/repository/org/apache/maven/shared/file-management/1.2.1/file-management-1.2.1.jar
7f27a8385000-7f27a8389000 r--s 00035000 08:05 678092                     /home/giorgos/.m2/repository/org/codehaus/plexus/plexus-utils/3.0.9/plexus-utils-3.0.9.jar
7f27a8389000-7f27a838e000 r--s 00029000 08:05 15796                      /home/giorgos/.m2/repository/org/codehaus/plexus/plexus-archiver/2.2/plexus-archiver-2.2.jar
7f27a838e000-7f27a8390000 r--s 00004000 08:05 678090                     /home/giorgos/.m2/repository/org/apache/maven/doxia/doxia-module-xhtml/1.0/doxia-module-xhtml-1.0.jar
7f27a8390000-7f27a8391000 r--s 00006000 08:05 678087                     /home/giorgos/.m2/repository/org/apache/maven/doxia/doxia-module-xdoc/1.0/doxia-module-xdoc-1.0.jar
7f27a8391000-7f27a8393000 r--s 0000a000 08:05 678084                     /home/giorgos/.m2/repository/org/apache/maven/doxia/doxia-module-apt/1.0/doxia-module-apt-1.0.jar
7f27a8393000-7f27a839b000 r--s 00058000 08:05 15795                      /home/giorgos/.m2/repository/org/apache/velocity/velocity/1.5/velocity-1.5.jar
7f27a839b000-7f27a859b000 rw-p 00000000 00:00 0 
7f27a859b000-7f27a85ac000 r-xp 00000000 08:03 529055                     /usr/lib/jvm/jdk1.8.0_211/jre/lib/amd64/libnio.so
7f27a85ac000-7f27a87ab000 ---p 00011000 08:03 529055                     /usr/lib/jvm/jdk1.8.0_211/jre/lib/amd64/libnio.so
7f27a87ab000-7f27a87ac000 r--p 00010000 08:03 529055                     /usr/lib/jvm/jdk1.8.0_211/jre/lib/amd64/libnio.so
7f27a87ac000-7f27a87ad000 rw-p 00011000 08:03 529055                     /usr/lib/jvm/jdk1.8.0_211/jre/lib/amd64/libnio.so
7f27a87ad000-7f27ab7ae000 rw-p 00000000 00:00 0 
7f27ab7ae000-7f27ab7c4000 r-xp 00000000 08:03 528935                     /usr/lib/jvm/jdk1.8.0_211/jre/lib/amd64/libnet.so
7f27ab7c4000-7f27ab9c3000 ---p 00016000 08:03 528935                     /usr/lib/jvm/jdk1.8.0_211/jre/lib/amd64/libnet.so
7f27ab9c3000-7f27ab9c4000 r--p 00015000 08:03 528935                     /usr/lib/jvm/jdk1.8.0_211/jre/lib/amd64/libnet.so
7f27ab9c4000-7f27ab9c5000 rw-p 00016000 08:03 528935                     /usr/lib/jvm/jdk1.8.0_211/jre/lib/amd64/libnet.so
7f27ab9c5000-7f27ab9c8000 ---p 00000000 00:00 0 
7f27ab9c8000-7f27abbfe000 rw-p 00000000 00:00 0 
7f27abbfe000-7f27abdfe000 rw-p 00000000 00:00 0 
7f27abdfe000-7f27abdff000 ---p 00000000 00:00 0 
7f27abdff000-7f27abeff000 rw-p 00000000 00:00 0 
7f27abeff000-7f27abf02000 ---p 00000000 00:00 0 
7f27abf02000-7f27ac000000 rw-p 00000000 00:00 0 
7f27ac000000-7f27ac021000 rw-p 00000000 00:00 0 
7f27ac021000-7f27b0000000 ---p 00000000 00:00 0 
7f27b0000000-7f27b0001000 r--s 00004000 08:05 678085                     /home/giorgos/.m2/repository/org/apache/maven/doxia/doxia-module-fml/1.0/doxia-module-fml-1.0.jar
7f27b0001000-7f27b0002000 r--s 0000b000 08:05 678083                     /home/giorgos/.m2/repository/org/apache/maven/doxia/doxia-decoration-model/1.0/doxia-decoration-model-1.0.jar
7f27b0002000-7f27b0003000 r--s 00001000 08:05 15793                      /home/giorgos/.m2/repository/org/codehaus/plexus/plexus-velocity/1.1.7/plexus-velocity-1.1.7.jar
7f27b0003000-7f27b0004000 r--s 00002000 08:05 15791                      /home/giorgos/.m2/repository/org/codehaus/plexus/plexus-i18n/1.0-beta-7/plexus-i18n-1.0-beta-7.jar
7f27b0004000-7f27b0006000 r--s 0000a000 08:05 583948                     /home/giorgos/.m2/repository/org/apache/maven/doxia/doxia-site-renderer/1.0/doxia-site-renderer-1.0.jar
7f27b0006000-7f27b0007000 r--s 00002000 08:05 404040                     /home/giorgos/.m2/repository/org/apache/maven/doxia/doxia-sink-api/1.0/doxia-sink-api-1.0.jar
7f27b0007000-7f27b000c000 r--s 00016000 08:05 404039                     /home/giorgos/.m2/repository/xml-apis/xml-apis/1.0.b2/xml-apis-1.0.b2.jar
7f27b000c000-7f27b000e000 r--s 0000e000 08:05 274822                     /home/giorgos/.m2/repository/oro/oro/2.0.8/oro-2.0.8.jar
7f27b000e000-7f27b0010000 r--s 00008000 08:05 144827                     /home/giorgos/.m2/repository/commons-logging/commons-logging/1.0.4/commons-logging-1.0.4.jar
7f27b0010000-7f27b0014000 r--s 00026000 08:05 274820                     /home/giorgos/.m2/repository/commons-digester/commons-digester/1.6/commons-digester-1.6.jar
7f27b0014000-7f27b0019000 r--s 0002a000 08:05 274819                     /home/giorgos/.m2/repository/commons-beanutils/commons-beanutils/1.7.0/commons-beanutils-1.7.0.jar
7f27b0019000-7f27b001c000 r--s 00014000 08:05 274817                     /home/giorgos/.m2/repository/commons-validator/commons-validator/1.2.0/commons-validator-1.2.0.jar
7f27b001c000-7f27b001f000 r--s 00018000 08:05 144825                     /home/giorgos/.m2/repository/commons-io/commons-io/1.4/commons-io-1.4.jar
7f27b001f000-7f27b0021000 r--s 00009000 08:05 144824                     /home/giorgos/.m2/repository/org/apache/maven/shared/maven-doxia-tools/1.0.2/maven-doxia-tools-1.0.2.jar
7f27b0021000-7f27b0024000 r--s 0000b000 08:05 584084                     /home/giorgos/.m2/repository/org/apache/maven/doxia/doxia-core/1.0/doxia-core-1.0.jar
7f27b0024000-7f27b0026000 r--s 00004000 08:05 546261                     /home/giorgos/.m2/repository/org/apache/maven/reporting/maven-reporting-impl/2.0.5/maven-reporting-impl-2.0.5.jar
7f27b0026000-7f27b0027000 r--s 00002000 08:05 404037                     /home/giorgos/.m2/repository/org/apache/maven/reporting/maven-reporting-api/3.0/maven-reporting-api-3.0.jar
7f27b0027000-7f27b0029000 r--s 00002000 08:05 15789                      /home/giorgos/.m2/repository/org/codehaus/plexus/plexus-interactivity-api/1.0-alpha-4/plexus-interactivity-api-1.0-alpha-4.jar
7f27b0029000-7f27b002b000 r--s 00006000 08:05 274816                     /home/giorgos/.m2/repository/commons-cli/commons-cli/1.0/commons-cli-1.0.jar
7f27b002b000-7f27b002e000 r--s 00021000 08:05 583656                     /home/giorgos/.m2/repository/org/apache/maven/plugins/maven-dependency-plugin/2.6/maven-dependency-plugin-2.6.jar
7f27b002e000-7f27b0032000 r--s 00033000 08:05 583872                     /home/giorgos/.m2/repository/org/codehaus/plexus/plexus-utils/2.0.5/plexus-utils-2.0.5.jar
7f27b0032000-7f27b0033000 r--s 00005000 08:05 583253                     /home/giorgos/.m2/repository/org/apache/maven/plugins/maven-clean-plugin/2.4.1/maven-clean-plugin-2.4.1.jar
7f27b0033000-7f27b0034000 r--p 00000000 00:00 0 
7f27b0034000-7f27b0039000 r--s 000a3000 08:03 427823                     /usr/lib/jvm/jdk1.8.0_211/jre/lib/jsse.jar
7f27b0039000-7f27b003b000 r--s 0000d000 08:05 140336                     /home/giorgos/netbeans-8.2/java/maven-nblib/netbeans-eventspy.jar
7f27b003b000-7f27b003d000 r--s 00026000 08:05 140345                     /home/giorgos/netbeans-8.2/java/maven/lib/maven-model-3.0.5.jar
7f27b003d000-7f27b003f000 r--s 00006000 08:05 140300                     /home/giorgos/netbeans-8.2/java/maven/lib/aether-connector-wagon-1.13.1.jar
7f27b003f000-7f27b0041000 r--s 0000b000 08:05 140319                     /home/giorgos/netbeans-8.2/java/maven/lib/wagon-provider-api-2.10.jar
7f27b0041000-7f27b0042000 r--s 0000a000 08:05 140331                     /home/giorgos/netbeans-8.2/java/maven/lib/maven-embedder-3.0.5.jar
7f27b0042000-7f27b0046000 r--s 00021000 08:05 140309                     /home/giorgos/netbeans-8.2/java/maven/lib/maven-model-builder-3.0.5.jar
7f27b0046000-7f27b0048000 r--s 0000b000 08:05 140325                     /home/giorgos/netbeans-8.2/java/maven/lib/maven-plugin-api-3.0.5.jar
7f27b0048000-7f27b004a000 r--s 0000b000 08:05 140330                     /home/giorgos/netbeans-8.2/java/maven/lib/maven-artifact-3.0.5.jar
7f27b004a000-7f27b004c000 r--s 00009000 08:05 140356                     /home/giorgos/netbeans-8.2/java/maven/lib/commons-cli-1.2.jar
7f27b004c000-7f27b004e000 r--s 0000d000 08:05 140311                     /home/giorgos/netbeans-8.2/java/maven/lib/plexus-interpolation-1.14.jar
7f27b004e000-7f27b004f000 ---p 00000000 00:00 0 
7f27b004f000-7f27b0052000 ---p 00000000 00:00 0 
7f27b0052000-7f27b014f000 rw-p 00000000 00:00 0 
7f27b014f000-7f27b0150000 ---p 00000000 00:00 0 
7f27b0150000-7f27b0153000 ---p 00000000 00:00 0 
7f27b0153000-7f27b4000000 rw-p 00000000 00:00 0 
7f27b4000000-7f27b4021000 rw-p 00000000 00:00 0 
7f27b4021000-7f27b8000000 ---p 00000000 00:00 0 
7f27b8000000-7f27b8004000 r--s 00013000 08:05 140347                     /home/giorgos/netbeans-8.2/java/maven/lib/aether-api-1.13.1.jar
7f27b8004000-7f27b800a000 r--s 0003f000 08:05 140343                     /home/giorgos/netbeans-8.2/java/maven/lib/maven-compat-3.0.5.jar
7f27b800a000-7f27b800b000 r--s 00003000 08:05 140348                     /home/giorgos/netbeans-8.2/java/maven/lib/aether-spi-1.13.1.jar
7f27b800b000-7f27b802a000 r--s 00154000 08:05 140353                     /home/giorgos/netbeans-8.2/java/maven/lib/sisu-guava-0.9.9.jar
7f27b802a000-7f27b802c000 r--s 0000a000 08:05 140332                     /home/giorgos/netbeans-8.2/java/maven/lib/maven-settings-3.0.5.jar
7f27b802c000-7f27b802e000 r--s 00002000 08:05 140346                     /home/giorgos/netbeans-8.2/java/maven/lib/plexus-cipher-1.7.jar
7f27b802e000-7f27b8030000 r--s 00006000 08:05 140295                     /home/giorgos/netbeans-8.2/java/maven/lib/maven-repository-metadata-3.0.5.jar
7f27b8030000-7f27b803c000 r--s 0007d000 08:05 140352                     /home/giorgos/netbeans-8.2/java/maven/lib/maven-core-3.0.5.jar
7f27b803c000-7f27b806b000 r--s 001c8000 08:05 140324                     /home/giorgos/netbeans-8.2/java/maven/lib/wagon-http-2.10-shaded.jar
7f27b806b000-7f27b806c000 ---p 00000000 00:00 0 
7f27b806c000-7f27b806f000 ---p 00000000 00:00 0 
7f27b806f000-7f27b816c000 rw-p 00000000 00:00 0 
7f27b816c000-7f27b816d000 ---p 00000000 00:00 0 
7f27b816d000-7f27b8170000 ---p 00000000 00:00 0 
7f27b8170000-7f27b826d000 rw-p 00000000 00:00 0 
7f27b826d000-7f27b8270000 ---p 00000000 00:00 0 
7f27b8270000-7f27b836e000 rw-p 00000000 00:00 0 
7f27b836e000-7f27b8d3f000 r--p 00000000 08:03 7132                       /usr/lib/locale/locale-archive
7f27b8d3f000-7f27b8d42000 ---p 00000000 00:00 0 
7f27b8d42000-7f27b8e40000 rw-p 00000000 00:00 0 
7f27b8e40000-7f27b8e43000 ---p 00000000 00:00 0 
7f27b8e43000-7f27b8f41000 rw-p 00000000 00:00 0 
7f27b8f41000-7f27b8f42000 ---p 00000000 00:00 0 
7f27b8f42000-7f27bac72000 rw-p 00000000 00:00 0 
7f27bac72000-7f27bae4c000 r--s 03d6d000 08:03 427753                     /usr/lib/jvm/jdk1.8.0_211/jre/lib/rt.jar
7f27bae4c000-7f27bba9d000 rw-p 00000000 00:00 0 
7f27bba9d000-7f27bba9e000 ---p 00000000 00:00 0 
7f27bba9e000-7f27bbb9e000 rw-p 00000000 00:00 0 
7f27bbb9e000-7f27bbb9f000 ---p 00000000 00:00 0 
7f27bbb9f000-7f27bbc9f000 rw-p 00000000 00:00 0 
7f27bbc9f000-7f27bbca0000 ---p 00000000 00:00 0 
7f27bbca0000-7f27bbda0000 rw-p 00000000 00:00 0 
7f27bbda0000-7f27bbda1000 ---p 00000000 00:00 0 
7f27bbda1000-7f27bbea1000 rw-p 00000000 00:00 0 
7f27bbea1000-7f27bbea2000 ---p 00000000 00:00 0 
7f27bbea2000-7f27bbfa2000 rw-p 00000000 00:00 0 
7f27bbfa2000-7f27bbfa3000 ---p 00000000 00:00 0 
7f27bbfa3000-7f27bc0a3000 rw-p 00000000 00:00 0 
7f27bc0a3000-7f27bc0a4000 ---p 00000000 00:00 0 
7f27bc0a4000-7f27bc1ce000 rw-p 00000000 00:00 0 
7f27bc1ce000-7f27bc436000 ---p 00000000 00:00 0 
7f27bc436000-7f27bc460000 rw-p 00000000 00:00 0 
7f27bc460000-7f27bc6c8000 ---p 00000000 00:00 0 
7f27bc6c8000-7f27bc713000 rw-p 00000000 00:00 0 
7f27bc713000-7f27bc811000 ---p 00000000 00:00 0 
7f27bc811000-7f27bc849000 rw-p 00000000 00:00 0 
7f27bc849000-7f27bcbd2000 ---p 00000000 00:00 0 
7f27bcbd2000-7f27bd962000 rwxp 00000000 00:00 0 
7f27bd962000-7f27cbbd2000 ---p 00000000 00:00 0 
7f27cbbd2000-7f27cbbed000 r-xp 00000000 08:03 528981                     /usr/lib/jvm/jdk1.8.0_211/jre/lib/amd64/libzip.so
7f27cbbed000-7f27cbdec000 ---p 0001b000 08:03 528981                     /usr/lib/jvm/jdk1.8.0_211/jre/lib/amd64/libzip.so
7f27cbdec000-7f27cbded000 r--p 0001a000 08:03 528981                     /usr/lib/jvm/jdk1.8.0_211/jre/lib/amd64/libzip.so
7f27cbded000-7f27cbdee000 rw-p 0001b000 08:03 528981                     /usr/lib/jvm/jdk1.8.0_211/jre/lib/amd64/libzip.so
7f27cbdee000-7f27cbdf9000 r-xp 00000000 08:03 529911                     /lib/x86_64-linux-gnu/libnss_files-2.27.so
7f27cbdf9000-7f27cbff8000 ---p 0000b000 08:03 529911                     /lib/x86_64-linux-gnu/libnss_files-2.27.so
7f27cbff8000-7f27cbff9000 r--p 0000a000 08:03 529911                     /lib/x86_64-linux-gnu/libnss_files-2.27.so
7f27cbff9000-7f27cbffa000 rw-p 0000b000 08:03 529911                     /lib/x86_64-linux-gnu/libnss_files-2.27.so
7f27cbffa000-7f27cc000000 rw-p 00000000 00:00 0 
7f27cc000000-7f27cd30b000 rw-p 00000000 00:00 0 
7f27cd30b000-7f27d0000000 ---p 00000000 00:00 0 
7f27d0000000-7f27d0007000 r--s 0003f000 08:05 140326                     /home/giorgos/netbeans-8.2/java/maven/lib/sisu-inject-bean-2.3.0.jar
7f27d0007000-7f27d0049000 rw-p 00000000 00:00 0 
7f27d0049000-7f27d004a000 ---p 00000000 00:00 0 
7f27d004a000-7f27d014a000 rw-p 00000000 00:00 0 
7f27d014a000-7f27d0161000 r-xp 00000000 08:03 529905                     /lib/x86_64-linux-gnu/libnsl-2.27.so
7f27d0161000-7f27d0360000 ---p 00017000 08:03 529905                     /lib/x86_64-linux-gnu/libnsl-2.27.so
7f27d0360000-7f27d0361000 r--p 00016000 08:03 529905                     /lib/x86_64-linux-gnu/libnsl-2.27.so
7f27d0361000-7f27d0362000 rw-p 00017000 08:03 529905                     /lib/x86_64-linux-gnu/libnsl-2.27.so
7f27d0362000-7f27d0364000 rw-p 00000000 00:00 0 
7f27d0364000-7f27d036f000 r-xp 00000000 08:03 529922                     /lib/x86_64-linux-gnu/libnss_nis-2.27.so
7f27d036f000-7f27d056e000 ---p 0000b000 08:03 529922                     /lib/x86_64-linux-gnu/libnss_nis-2.27.so
7f27d056e000-7f27d056f000 r--p 0000a000 08:03 529922                     /lib/x86_64-linux-gnu/libnss_nis-2.27.so
7f27d056f000-7f27d0570000 rw-p 0000b000 08:03 529922                     /lib/x86_64-linux-gnu/libnss_nis-2.27.so
7f27d0570000-7f27d0578000 r-xp 00000000 08:03 529907                     /lib/x86_64-linux-gnu/libnss_compat-2.27.so
7f27d0578000-7f27d0778000 ---p 00008000 08:03 529907                     /lib/x86_64-linux-gnu/libnss_compat-2.27.so
7f27d0778000-7f27d0779000 r--p 00008000 08:03 529907                     /lib/x86_64-linux-gnu/libnss_compat-2.27.so
7f27d0779000-7f27d077a000 rw-p 00009000 08:03 529907                     /lib/x86_64-linux-gnu/libnss_compat-2.27.so
7f27d077a000-7f27d07a6000 r-xp 00000000 08:03 528963                     /usr/lib/jvm/jdk1.8.0_211/jre/lib/amd64/libjava.so
7f27d07a6000-7f27d09a6000 ---p 0002c000 08:03 528963                     /usr/lib/jvm/jdk1.8.0_211/jre/lib/amd64/libjava.so
7f27d09a6000-7f27d09a7000 r--p 0002c000 08:03 528963                     /usr/lib/jvm/jdk1.8.0_211/jre/lib/amd64/libjava.so
7f27d09a7000-7f27d09a9000 rw-p 0002d000 08:03 528963                     /usr/lib/jvm/jdk1.8.0_211/jre/lib/amd64/libjava.so
7f27d09a9000-7f27d09b6000 r-xp 00000000 08:03 528945                     /usr/lib/jvm/jdk1.8.0_211/jre/lib/amd64/libverify.so
7f27d09b6000-7f27d0bb5000 ---p 0000d000 08:03 528945                     /usr/lib/jvm/jdk1.8.0_211/jre/lib/amd64/libverify.so
7f27d0bb5000-7f27d0bb7000 r--p 0000c000 08:03 528945                     /usr/lib/jvm/jdk1.8.0_211/jre/lib/amd64/libverify.so
7f27d0bb7000-7f27d0bb8000 rw-p 0000e000 08:03 528945                     /usr/lib/jvm/jdk1.8.0_211/jre/lib/amd64/libverify.so
7f27d0bb8000-7f27d0bbf000 r-xp 00000000 08:03 529962                     /lib/x86_64-linux-gnu/librt-2.27.so
7f27d0bbf000-7f27d0dbe000 ---p 00007000 08:03 529962                     /lib/x86_64-linux-gnu/librt-2.27.so
7f27d0dbe000-7f27d0dbf000 r--p 00006000 08:03 529962                     /lib/x86_64-linux-gnu/librt-2.27.so
7f27d0dbf000-7f27d0dc0000 rw-p 00007000 08:03 529962                     /lib/x86_64-linux-gnu/librt-2.27.so
7f27d0dc0000-7f27d0f5d000 r-xp 00000000 08:03 529884                     /lib/x86_64-linux-gnu/libm-2.27.so
7f27d0f5d000-7f27d115c000 ---p 0019d000 08:03 529884                     /lib/x86_64-linux-gnu/libm-2.27.so
7f27d115c000-7f27d115d000 r--p 0019c000 08:03 529884                     /lib/x86_64-linux-gnu/libm-2.27.so
7f27d115d000-7f27d115e000 rw-p 0019d000 08:03 529884                     /lib/x86_64-linux-gnu/libm-2.27.so
7f27d115e000-7f27d1e46000 r-xp 00000000 08:03 528977                     /usr/lib/jvm/jdk1.8.0_211/jre/lib/amd64/server/libjvm.so
7f27d1e46000-7f27d2045000 ---p 00ce8000 08:03 528977                     /usr/lib/jvm/jdk1.8.0_211/jre/lib/amd64/server/libjvm.so
7f27d2045000-7f27d20db000 r--p 00ce7000 08:03 528977                     /usr/lib/jvm/jdk1.8.0_211/jre/lib/amd64/server/libjvm.so
7f27d20db000-7f27d210c000 rw-p 00d7d000 08:03 528977                     /usr/lib/jvm/jdk1.8.0_211/jre/lib/amd64/server/libjvm.so
7f27d210c000-7f27d2147000 rw-p 00000000 00:00 0 
7f27d2147000-7f27d232e000 r-xp 00000000 08:03 529821                     /lib/x86_64-linux-gnu/libc-2.27.so
7f27d232e000-7f27d252e000 ---p 001e7000 08:03 529821                     /lib/x86_64-linux-gnu/libc-2.27.so
7f27d252e000-7f27d2532000 r--p 001e7000 08:03 529821                     /lib/x86_64-linux-gnu/libc-2.27.so
7f27d2532000-7f27d2534000 rw-p 001eb000 08:03 529821                     /lib/x86_64-linux-gnu/libc-2.27.so
7f27d2534000-7f27d2538000 rw-p 00000000 00:00 0 
7f27d2538000-7f27d253b000 r-xp 00000000 08:03 529844                     /lib/x86_64-linux-gnu/libdl-2.27.so
7f27d253b000-7f27d273a000 ---p 00003000 08:03 529844                     /lib/x86_64-linux-gnu/libdl-2.27.so
7f27d273a000-7f27d273b000 r--p 00002000 08:03 529844                     /lib/x86_64-linux-gnu/libdl-2.27.so
7f27d273b000-7f27d273c000 rw-p 00003000 08:03 529844                     /lib/x86_64-linux-gnu/libdl-2.27.so
7f27d273c000-7f27d2753000 r-xp 00000000 08:03 427011                     /usr/lib/jvm/jdk1.8.0_211/lib/amd64/jli/libjli.so
7f27d2753000-7f27d2952000 ---p 00017000 08:03 427011                     /usr/lib/jvm/jdk1.8.0_211/lib/amd64/jli/libjli.so
7f27d2952000-7f27d2953000 r--p 00016000 08:03 427011                     /usr/lib/jvm/jdk1.8.0_211/lib/amd64/jli/libjli.so
7f27d2953000-7f27d2954000 rw-p 00017000 08:03 427011                     /usr/lib/jvm/jdk1.8.0_211/lib/amd64/jli/libjli.so
7f27d2954000-7f27d296e000 r-xp 00000000 08:03 529954                     /lib/x86_64-linux-gnu/libpthread-2.27.so
7f27d296e000-7f27d2b6d000 ---p 0001a000 08:03 529954                     /lib/x86_64-linux-gnu/libpthread-2.27.so
7f27d2b6d000-7f27d2b6e000 r--p 00019000 08:03 529954                     /lib/x86_64-linux-gnu/libpthread-2.27.so
7f27d2b6e000-7f27d2b6f000 rw-p 0001a000 08:03 529954                     /lib/x86_64-linux-gnu/libpthread-2.27.so
7f27d2b6f000-7f27d2b73000 rw-p 00000000 00:00 0 
7f27d2b73000-7f27d2b9a000 r-xp 00000000 08:03 529793                     /lib/x86_64-linux-gnu/ld-2.27.so
7f27d2b9a000-7f27d2b9b000 r--s 00002000 08:05 140327                     /home/giorgos/netbeans-8.2/java/maven/lib/wagon-http-shared-2.10.jar
7f27d2b9b000-7f27d2b9d000 r--s 0000c000 08:05 140303                     /home/giorgos/netbeans-8.2/java/maven/lib/maven-aether-provider-3.0.5.jar
7f27d2b9d000-7f27d2ba0000 r--s 0001d000 08:05 140340                     /home/giorgos/netbeans-8.2/java/maven/lib/aether-impl-1.13.1.jar
7f27d2ba0000-7f27d2ba1000 r--s 00006000 08:05 140310                     /home/giorgos/netbeans-8.2/java/maven/lib/plexus-sec-dispatcher-1.3.jar
7f27d2ba1000-7f27d2ba3000 r--s 00000000 08:05 140292                     /home/giorgos/netbeans-8.2/java/maven/lib/plexus-component-annotations-1.5.5.jar
7f27d2ba3000-7f27d2ba4000 r--s 00002000 08:05 140354                     /home/giorgos/netbeans-8.2/java/maven/lib/wagon-file-2.10.jar
7f27d2ba4000-7f27d2ba8000 r--s 0001c000 08:05 140342                     /home/giorgos/netbeans-8.2/java/maven/lib/aether-util-1.13.1.jar
7f27d2ba8000-7f27d2bb0000 r--s 00050000 08:05 140318                     /home/giorgos/netbeans-8.2/java/maven/lib/sisu-guice-3.1.0-no_aop.jar
7f27d2bb0000-7f27d2c7b000 rw-p 00000000 00:00 0 
7f27d2c7b000-7f27d2c7c000 ---p 00000000 00:00 0 
7f27d2c7c000-7f27d2c7f000 ---p 00000000 00:00 0 
7f27d2c7f000-7f27d2d7e000 rw-p 00000000 00:00 0 
7f27d2d7e000-7f27d2d85000 r--s 0002b000 08:05 140316                     /home/giorgos/netbeans-8.2/java/maven/lib/sisu-inject-plexus-2.3.0.jar
7f27d2d85000-7f27d2d88000 r--s 00008000 08:05 140301                     /home/giorgos/netbeans-8.2/java/maven/lib/maven-settings-builder-3.0.5.jar
7f27d2d88000-7f27d2d8c000 r--s 00033000 08:05 140339                     /home/giorgos/netbeans-8.2/java/maven/lib/plexus-utils-2.0.6.jar
7f27d2d8c000-7f27d2d8e000 r--s 0000a000 08:05 140321                     /home/giorgos/netbeans-8.2/java/maven/boot/plexus-classworlds-2.4.jar
7f27d2d8e000-7f27d2d96000 rw-s 00000000 08:03 9151                       /tmp/hsperfdata_giorgos/2081
7f27d2d96000-7f27d2d97000 rw-p 00000000 00:00 0 
7f27d2d97000-7f27d2d98000 ---p 00000000 00:00 0 
7f27d2d98000-7f27d2d9a000 rw-p 00000000 00:00 0 
7f27d2d9a000-7f27d2d9b000 r--p 00027000 08:03 529793                     /lib/x86_64-linux-gnu/ld-2.27.so
7f27d2d9b000-7f27d2d9c000 rw-p 00028000 08:03 529793                     /lib/x86_64-linux-gnu/ld-2.27.so
7f27d2d9c000-7f27d2d9d000 rw-p 00000000 00:00 0 
7fff2d8b2000-7fff2d8d3000 rw-p 00000000 00:00 0                          [stack]
7fff2d9b8000-7fff2d9bb000 r--p 00000000 00:00 0                          [vvar]
7fff2d9bb000-7fff2d9bd000 r-xp 00000000 00:00 0                          [vdso]
ffffffffff600000-ffffffffff601000 r-xp 00000000 00:00 0                  [vsyscall]

VM Arguments:
jvm_args: -Dclassworlds.conf=/home/giorgos/netbeans-8.2/java/maven/bin/m2.conf -Dmaven.home=/home/giorgos/netbeans-8.2/java/maven 
java_command: org.codehaus.plexus.classworlds.launcher.Launcher -Dmaven.ext.class.path=/home/giorgos/netbeans-8.2/java/maven-nblib/netbeans-eventspy.jar clean install
java_class_path (initial): /home/giorgos/netbeans-8.2/java/maven/boot/plexus-classworlds-2.4.jar
Launcher Type: SUN_STANDARD

Environment Variables:
JAVA_HOME=/usr/lib/jvm/jdk1.8.0_211
PATH=/home/giorgos/.local/bin:/usr/local/sbin:/usr/local/bin:/usr/sbin:/usr/bin:/sbin:/bin:/usr/games:/usr/local/games:/usr/lib/jvm/jdk1.8.0_211/bin:/usr/lib/jvm/jdk1.8.0_211/db/bin:/usr/lib/jvm/jdk1.8.0_211/jre/bin:/snap/bin
USERNAME=giorgos
LD_LIBRARY_PATH=/usr/lib/jvm/jdk1.8.0_211/jre/lib/amd64:/usr/lib/jvm/jdk1.8.0_211/jre/lib/i386:
SHELL=/bin/bash
DISPLAY=:0

Signal Handlers:
SIGSEGV: [libjvm.so+0xad3d90], sa_mask[0]=11111111011111111101111111111110, sa_flags=SA_RESTART|SA_SIGINFO
SIGBUS: [libjvm.so+0xad3d90], sa_mask[0]=11111111011111111101111111111110, sa_flags=SA_RESTART|SA_SIGINFO
SIGFPE: [libjvm.so+0x90b8b0], sa_mask[0]=11111111011111111101111111111110, sa_flags=SA_RESTART|SA_SIGINFO
SIGPIPE: [libjvm.so+0x90b8b0], sa_mask[0]=11111111011111111101111111111110, sa_flags=SA_RESTART|SA_SIGINFO
SIGXFSZ: [libjvm.so+0x90b8b0], sa_mask[0]=11111111011111111101111111111110, sa_flags=SA_RESTART|SA_SIGINFO
SIGILL: [libjvm.so+0x90b8b0], sa_mask[0]=11111111011111111101111111111110, sa_flags=SA_RESTART|SA_SIGINFO
SIGUSR1: SIG_DFL, sa_mask[0]=00000000000000000000000000000000, sa_flags=none
SIGUSR2: [libjvm.so+0x90b780], sa_mask[0]=00100000000000000000000000000000, sa_flags=SA_RESTART|SA_SIGINFO
SIGHUP: [libjvm.so+0x90bda0], sa_mask[0]=11111111011111111101111111111110, sa_flags=SA_RESTART|SA_SIGINFO
SIGINT: SIG_IGN, sa_mask[0]=00000000000000000000000000000000, sa_flags=none
SIGTERM: [libjvm.so+0x90bda0], sa_mask[0]=11111111011111111101111111111110, sa_flags=SA_RESTART|SA_SIGINFO
SIGQUIT: [libjvm.so+0x90bda0], sa_mask[0]=11111111011111111101111111111110, sa_flags=SA_RESTART|SA_SIGINFO


---------------  S Y S T E M  ---------------

OS:DISTRIB_ID=Ubuntu
DISTRIB_RELEASE=18.04
DISTRIB_CODENAME=bionic
DISTRIB_DESCRIPTION="Ubuntu 18.04.2 LTS"

uname:Linux 4.18.0-25-generic #26~18.04.1-Ubuntu SMP Thu Jun 27 07:28:31 UTC 2019 x86_64
libc:glibc 2.27 NPTL 2.27 
rlimit: STACK 8192k, CORE 0k, NPROC 31394, NOFILE 1048576, AS infinity
load average:8,23 2,35 1,23

/proc/meminfo:
MemTotal:        8082336 kB
MemFree:          107280 kB
MemAvailable:       4304 kB
Buffers:             840 kB
Cached:           400888 kB
SwapCached:         4828 kB
Active:          6731088 kB
Inactive:         852424 kB
Active(anon):    6722736 kB
Inactive(anon):   840444 kB
Active(file):       8352 kB
Inactive(file):    11980 kB
Unevictable:          88 kB
Mlocked:              88 kB
SwapTotal:       1951740 kB
SwapFree:              0 kB
Dirty:               128 kB
Writeback:            20 kB
AnonPages:       7178732 kB
Mapped:           167444 kB
Shmem:            380988 kB
Slab:             129772 kB
SReclaimable:      51436 kB
SUnreclaim:        78336 kB
KernelStack:       20032 kB
PageTables:       105868 kB
NFS_Unstable:          0 kB
Bounce:                0 kB
WritebackTmp:          0 kB
CommitLimit:     5992908 kB
Committed_AS:   18495252 kB
VmallocTotal:   34359738367 kB
VmallocUsed:           0 kB
VmallocChunk:          0 kB
HardwareCorrupted:     0 kB
AnonHugePages:         0 kB
ShmemHugePages:        0 kB
ShmemPmdMapped:        0 kB
CmaTotal:              0 kB
CmaFree:               0 kB
HugePages_Total:       0
HugePages_Free:        0
HugePages_Rsvd:        0
HugePages_Surp:        0
Hugepagesize:       2048 kB
Hugetlb:               0 kB
DirectMap4k:      389888 kB
DirectMap2M:     7913472 kB
DirectMap1G:     1048576 kB

container (cgroup) information:
container_type: cgroupv1
cpu_cpuset_cpus: 0-7
cpu_memory_nodes: 0
active_processor_count: 8
cpu_quota: -1
cpu_period: 100000
cpu_shares: -1
memory_limit_in_bytes: -1
memory_and_swap_limit_in_bytes: -2
memory_soft_limit_in_bytes: -1
memory_usage_in_bytes: 7764135936
memory_max_usage_in_bytes: 29609984


CPU:total 8 (initial active 8) (4 cores per cpu, 2 threads per core) family 6 model 60 stepping 3, cmov, cx8, fxsr, mmx, sse, sse2, sse3, ssse3, sse4.1, sse4.2, popcnt, avx, avx2, aes, clmul, erms, lzcnt, ht, tsc, tscinvbit, bmi1, bmi2

/proc/cpuinfo:
processor	: 0
vendor_id	: GenuineIntel
cpu family	: 6
model		: 60
model name	: Intel(R) Core(TM) i7-4710HQ CPU @ 2.50GHz
stepping	: 3
microcode	: 0x27
cpu MHz		: 3282.352
cache size	: 6144 KB
physical id	: 0
siblings	: 8
core id		: 0
cpu cores	: 4
apicid		: 0
initial apicid	: 0
fpu		: yes
fpu_exception	: yes
cpuid level	: 13
wp		: yes
flags		: fpu vme de pse tsc msr pae mce cx8 apic sep mtrr pge mca cmov pat pse36 clflush dts acpi mmx fxsr sse sse2 ss ht tm pbe syscall nx pdpe1gb rdtscp lm constant_tsc arch_perfmon pebs bts rep_good nopl xtopology nonstop_tsc cpuid aperfmperf pni pclmulqdq dtes64 monitor ds_cpl vmx est tm2 ssse3 sdbg fma cx16 xtpr pdcm pcid sse4_1 sse4_2 x2apic movbe popcnt tsc_deadline_timer aes xsave avx f16c rdrand lahf_lm abm cpuid_fault epb invpcid_single pti ssbd ibrs ibpb stibp tpr_shadow vnmi flexpriority ept vpid fsgsbase tsc_adjust bmi1 avx2 smep bmi2 erms invpcid xsaveopt dtherm ida arat pln pts md_clear flush_l1d
bugs		: cpu_meltdown spectre_v1 spectre_v2 spec_store_bypass l1tf mds
bogomips	: 4988.83
clflush size	: 64
cache_alignment	: 64
address sizes	: 39 bits physical, 48 bits virtual
power management:

processor	: 1
vendor_id	: GenuineIntel
cpu family	: 6
model		: 60
model name	: Intel(R) Core(TM) i7-4710HQ CPU @ 2.50GHz
stepping	: 3
microcode	: 0x27
cpu MHz		: 3249.382
cache size	: 6144 KB
physical id	: 0
siblings	: 8
core id		: 0
cpu cores	: 4
apicid		: 1
initial apicid	: 1
fpu		: yes
fpu_exception	: yes
cpuid level	: 13
wp		: yes
flags		: fpu vme de pse tsc msr pae mce cx8 apic sep mtrr pge mca cmov pat pse36 clflush dts acpi mmx fxsr sse sse2 ss ht tm pbe syscall nx pdpe1gb rdtscp lm constant_tsc arch_perfmon pebs bts rep_good nopl xtopology nonstop_tsc cpuid aperfmperf pni pclmulqdq dtes64 monitor ds_cpl vmx est tm2 ssse3 sdbg fma cx16 xtpr pdcm pcid sse4_1 sse4_2 x2apic movbe popcnt tsc_deadline_timer aes xsave avx f16c rdrand lahf_lm abm cpuid_fault epb invpcid_single pti ssbd ibrs ibpb stibp tpr_shadow vnmi flexpriority ept vpid fsgsbase tsc_adjust bmi1 avx2 smep bmi2 erms invpcid xsaveopt dtherm ida arat pln pts md_clear flush_l1d
bugs		: cpu_meltdown spectre_v1 spectre_v2 spec_store_bypass l1tf mds
bogomips	: 4988.83
clflush size	: 64
cache_alignment	: 64
address sizes	: 39 bits physical, 48 bits virtual
power management:

processor	: 2
vendor_id	: GenuineIntel
cpu family	: 6
model		: 60
model name	: Intel(R) Core(TM) i7-4710HQ CPU @ 2.50GHz
stepping	: 3
microcode	: 0x27
cpu MHz		: 3285.342
cache size	: 6144 KB
physical id	: 0
siblings	: 8
core id		: 1
cpu cores	: 4
apicid		: 2
initial apicid	: 2
fpu		: yes
fpu_exception	: yes
cpuid level	: 13
wp		: yes
flags		: fpu vme de pse tsc msr pae mce cx8 apic sep mtrr pge mca cmov pat pse36 clflush dts acpi mmx fxsr sse sse2 ss ht tm pbe syscall nx pdpe1gb rdtscp lm constant_tsc arch_perfmon pebs bts rep_good nopl xtopology nonstop_tsc cpuid aperfmperf pni pclmulqdq dtes64 monitor ds_cpl vmx est tm2 ssse3 sdbg fma cx16 xtpr pdcm pcid sse4_1 sse4_2 x2apic movbe popcnt tsc_deadline_timer aes xsave avx f16c rdrand lahf_lm abm cpuid_fault epb invpcid_single pti ssbd ibrs ibpb stibp tpr_shadow vnmi flexpriority ept vpid fsgsbase tsc_adjust bmi1 avx2 smep bmi2 erms invpcid xsaveopt dtherm ida arat pln pts md_clear flush_l1d
bugs		: cpu_meltdown spectre_v1 spectre_v2 spec_store_bypass l1tf mds
bogomips	: 4988.83
clflush size	: 64
cache_alignment	: 64
address sizes	: 39 bits physical, 48 bits virtual
power management:

processor	: 3
vendor_id	: GenuineIntel
cpu family	: 6
model		: 60
model name	: Intel(R) Core(TM) i7-4710HQ CPU @ 2.50GHz
stepping	: 3
microcode	: 0x27
cpu MHz		: 3258.342
cache size	: 6144 KB
physical id	: 0
siblings	: 8
core id		: 1
cpu cores	: 4
apicid		: 3
initial apicid	: 3
fpu		: yes
fpu_exception	: yes
cpuid level	: 13
wp		: yes
flags		: fpu vme de pse tsc msr pae mce cx8 apic sep mtrr pge mca cmov pat pse36 clflush dts acpi mmx fxsr sse sse2 ss ht tm pbe syscall nx pdpe1gb rdtscp lm constant_tsc arch_perfmon pebs bts rep_good nopl xtopology nonstop_tsc cpuid aperfmperf pni pclmulqdq dtes64 monitor ds_cpl vmx est tm2 ssse3 sdbg fma cx16 xtpr pdcm pcid sse4_1 sse4_2 x2apic movbe popcnt tsc_deadline_timer aes xsave avx f16c rdrand lahf_lm abm cpuid_fault epb invpcid_single pti ssbd ibrs ibpb stibp tpr_shadow vnmi flexpriority ept vpid fsgsbase tsc_adjust bmi1 avx2 smep bmi2 erms invpcid xsaveopt dtherm ida arat pln pts md_clear flush_l1d
bugs		: cpu_meltdown spectre_v1 spectre_v2 spec_store_bypass l1tf mds
bogomips	: 4988.83
clflush size	: 64
cache_alignment	: 64
address sizes	: 39 bits physical, 48 bits virtual
power management:

processor	: 4
vendor_id	: GenuineIntel
cpu family	: 6
model		: 60
model name	: Intel(R) Core(TM) i7-4710HQ CPU @ 2.50GHz
stepping	: 3
microcode	: 0x27
cpu MHz		: 3245.093
cache size	: 6144 KB
physical id	: 0
siblings	: 8
core id		: 2
cpu cores	: 4
apicid		: 4
initial apicid	: 4
fpu		: yes
fpu_exception	: yes
cpuid level	: 13
wp		: yes
flags		: fpu vme de pse tsc msr pae mce cx8 apic sep mtrr pge mca cmov pat pse36 clflush dts acpi mmx fxsr sse sse2 ss ht tm pbe syscall nx pdpe1gb rdtscp lm constant_tsc arch_perfmon pebs bts rep_good nopl xtopology nonstop_tsc cpuid aperfmperf pni pclmulqdq dtes64 monitor ds_cpl vmx est tm2 ssse3 sdbg fma cx16 xtpr pdcm pcid sse4_1 sse4_2 x2apic movbe popcnt tsc_deadline_timer aes xsave avx f16c rdrand lahf_lm abm cpuid_fault epb invpcid_single pti ssbd ibrs ibpb stibp tpr_shadow vnmi flexpriority ept vpid fsgsbase tsc_adjust bmi1 avx2 smep bmi2 erms invpcid xsaveopt dtherm ida arat pln pts md_clear flush_l1d
bugs		: cpu_meltdown spectre_v1 spectre_v2 spec_store_bypass l1tf mds
bogomips	: 4988.83
clflush size	: 64
cache_alignment	: 64
address sizes	: 39 bits physical, 48 bits virtual
power management:

processor	: 5
vendor_id	: GenuineIntel
cpu family	: 6
model		: 60
model name	: Intel(R) Core(TM) i7-4710HQ CPU @ 2.50GHz
stepping	: 3
microcode	: 0x27
cpu MHz		: 3237.575
cache size	: 6144 KB
physical id	: 0
siblings	: 8
core id		: 2
cpu cores	: 4
apicid		: 5
initial apicid	: 5
fpu		: yes
fpu_exception	: yes
cpuid level	: 13
wp		: yes
flags		: fpu vme de pse tsc msr pae mce cx8 apic sep mtrr pge mca cmov pat pse36 clflush dts acpi mmx fxsr sse sse2 ss ht tm pbe syscall nx pdpe1gb rdtscp lm constant_tsc arch_perfmon pebs bts rep_good nopl xtopology nonstop_tsc cpuid aperfmperf pni pclmulqdq dtes64 monitor ds_cpl vmx est tm2 ssse3 sdbg fma cx16 xtpr pdcm pcid sse4_1 sse4_2 x2apic movbe popcnt tsc_deadline_timer aes xsave avx f16c rdrand lahf_lm abm cpuid_fault epb invpcid_single pti ssbd ibrs ibpb stibp tpr_shadow vnmi flexpriority ept vpid fsgsbase tsc_adjust bmi1 avx2 smep bmi2 erms invpcid xsaveopt dtherm ida arat pln pts md_clear flush_l1d
bugs		: cpu_meltdown spectre_v1 spectre_v2 spec_store_bypass l1tf mds
bogomips	: 4988.83
clflush size	: 64
cache_alignment	: 64
address sizes	: 39 bits physical, 48 bits virtual
power management:

processor	: 6
vendor_id	: GenuineIntel
cpu family	: 6
model		: 60
model name	: Intel(R) Core(TM) i7-4710HQ CPU @ 2.50GHz
stepping	: 3
microcode	: 0x27
cpu MHz		: 3243.296
cache size	: 6144 KB
physical id	: 0
siblings	: 8
core id		: 3
cpu cores	: 4
apicid		: 6
initial apicid	: 6
fpu		: yes
fpu_exception	: yes
cpuid level	: 13
wp		: yes
flags		: fpu vme de pse tsc msr pae mce cx8 apic sep mtrr pge mca cmov pat pse36 clflush dts acpi mmx fxsr sse sse2 ss ht tm pbe syscall nx pdpe1gb rdtscp lm constant_tsc arch_perfmon pebs bts rep_good nopl xtopology nonstop_tsc cpuid aperfmperf pni pclmulqdq dtes64 monitor ds_cpl vmx est tm2 ssse3 sdbg fma cx16 xtpr pdcm pcid sse4_1 sse4_2 x2apic movbe popcnt tsc_deadline_timer aes xsave avx f16c rdrand lahf_lm abm cpuid_fault epb invpcid_single pti ssbd ibrs ibpb stibp tpr_shadow vnmi flexpriority ept vpid fsgsbase tsc_adjust bmi1 avx2 smep bmi2 erms invpcid xsaveopt dtherm ida arat pln pts md_clear flush_l1d
bugs		: cpu_meltdown spectre_v1 spectre_v2 spec_store_bypass l1tf mds
bogomips	: 4988.83
clflush size	: 64
cache_alignment	: 64
address sizes	: 39 bits physical, 48 bits virtual
power management:

processor	: 7
vendor_id	: GenuineIntel
cpu family	: 6
model		: 60
model name	: Intel(R) Core(TM) i7-4710HQ CPU @ 2.50GHz
stepping	: 3
microcode	: 0x27
cpu MHz		: 3014.557
cache size	: 6144 KB
physical id	: 0
siblings	: 8
core id		: 3
cpu cores	: 4
apicid		: 7
initial apicid	: 7
fpu		: yes
fpu_exception	: yes
cpuid level	: 13
wp		: yes
flags		: fpu vme de pse tsc msr pae mce cx8 apic sep mtrr pge mca cmov pat pse36 clflush dts acpi mmx fxsr sse sse2 ss ht tm pbe syscall nx pdpe1gb rdtscp lm constant_tsc arch_perfmon pebs bts rep_good nopl xtopology nonstop_tsc cpuid aperfmperf pni pclmulqdq dtes64 monitor ds_cpl vmx est tm2 ssse3 sdbg fma cx16 xtpr pdcm pcid sse4_1 sse4_2 x2apic movbe popcnt tsc_deadline_timer aes xsave avx f16c rdrand lahf_lm abm cpuid_fault epb invpcid_single pti ssbd ibrs ibpb stibp tpr_shadow vnmi flexpriority ept vpid fsgsbase tsc_adjust bmi1 avx2 smep bmi2 erms invpcid xsaveopt dtherm ida arat pln pts md_clear flush_l1d
bugs		: cpu_meltdown spectre_v1 spectre_v2 spec_store_bypass l1tf mds
bogomips	: 4988.83
clflush size	: 64
cache_alignment	: 64
address sizes	: 39 bits physical, 48 bits virtual
power management:



Memory: 4k page, physical 8082336k(110708k free), swap 1951740k(0k free)

vm_info: Java HotSpot(TM) 64-Bit Server VM (25.211-b12) for linux-amd64 JRE (1.8.0_211-b12), built on Apr  1 2019 20:39:34 by "java_re" with gcc 7.3.0

time: Thu Jul 25 00:46:13 2019
timezone: EEST
elapsed time: 23 seconds (0d 0h 0m 23s)

